#
# A fatal error has been detected by the Java Runtime Environment:
#
#  SIGSEGV (0xb) at pc=0x00000001363ee197, pid=82905, tid=0x0000000000000307
#
# JRE version: Java(TM) SE Runtime Environment (8.0_144-b01) (build 1.8.0_144-b01)
# Java VM: Java HotSpot(TM) 64-Bit Server VM (25.144-b01 mixed mode bsd-amd64 compressed oops)
# Problematic frame:
# C  [libopplibs.jnilib+0x180197]  omnetpp::eventlog::SequenceChartFacade::getEventForNonLinearTimelineCoordinate(double, bool&)+0x107
#
# Failed to write core dump. Core dumps have been disabled. To enable core dumping, try "ulimit -c unlimited" before starting Java again
#
# If you would like to submit a bug report, please visit:
#   http://bugreport.java.com/bugreport/crash.jsp
# The crash happened outside the Java Virtual Machine in native code.
# See problematic frame for where to report the bug.
#

---------------  T H R E A D  ---------------

Current thread (0x00007ff07480c000):  JavaThread "main" [_thread_in_native, id=775, stack(0x00007fff544c1000,0x00007fff54cc1000)]

siginfo: si_signo: 11 (SIGSEGV), si_code: 1 (SEGV_MAPERR), si_addr: 0x000000000000f597

Registers:
RAX=0x000000000000f507, RBX=0x00007ff07e518f01, RCX=0x00000000000b6a25, RDX=0x000000001082af40
RSP=0x00007fff54cbe110, RBP=0x00007fff54cbe140, RSI=0x00007fff54cbe050, RDI=0x00007ff07d748ea0
R8 =0x00000001365aeac0, R9 =0x00007ff07e522e10, R10=0x00000000000b6a01, R11=0x0000000000000246
R12=0x00007ff07d2e1701, R13=0x00007ff07d748ea0, R14=0x00007fff54cbe15f, R15=0x00007ff07e518f70
RIP=0x00000001363ee197, EFLAGS=0x0000000000010202, ERR=0x0000000000000004
  TRAPNO=0x000000000000000e

Top of Stack: (sp=0x00007fff54cbe110)
0x00007fff54cbe110:   4019e4110c894a11 00007ff07e518f70
0x00007fff54cbe120:   0000000000000000 00007fff54cbe228
0x00007fff54cbe130:   00007fff54cbe200 00007ff07480c000
0x00007fff54cbe140:   00007fff54cbe190 00000001363ee758
0x00007fff54cbe150:   4019e4110c894a11 0100000000000001
0x00007fff54cbe160:   00007ff07480c1f8 00007fff54cbe1e0
0x00007fff54cbe170:   00007ff07480c1f8 0000000000000000
0x00007fff54cbe180:   00007fff54cbe200 00007ff07480c000
0x00007fff54cbe190:   00007fff54cbe1c0 00000001362ceb75
0x00007fff54cbe1a0:   0000000135812768 0000000135812768
0x00007fff54cbe1b0:   00007fff54cbe200 00007ff07480c000
0x00007fff54cbe1c0:   00007fff54cbe210 0000000116bf7f59
0x00007fff54cbe1d0:   00007ff07d2e1720 0000000777e2f728
0x00007fff54cbe1e0:   00007ff072f29b90 00000007716f02f8
0x00007fff54cbe1f0:   00007fff54cbe308 0000000113f6dbb1
0x00007fff54cbe200:   00000006c14a7808 00000001362d236c
0x00007fff54cbe210:   00007fff54cbe290 0000000112f60dd0
0x00007fff54cbe220:   0000000112f60dd0 4019e4110c894a11
0x00007fff54cbe230:   00007fff54cbe280 0000000777e2f728
0x00007fff54cbe240:   00007ff07e518f70 0000000777e2f4f0
0x00007fff54cbe250:   00007fff54cbe250 00000001357911b6
0x00007fff54cbe260:   00007fff54cbe2c0 0000000135836a18
0x00007fff54cbe270:   000000013d69c2e8 0000000135791200
0x00007fff54cbe280:   00007fff54cbe228 00007fff54cbe2b0
0x00007fff54cbe290:   00007fff54cbe308 0000000112f61040
0x00007fff54cbe2a0:   0000000000000000 0000000000000000
0x00007fff54cbe2b0:   4019e4110c894a11 0000000112f61040
0x00007fff54cbe2c0:   0000000777e2f728 00007fff54cbe2c8
0x00007fff54cbe2d0:   00000001357af14e 00007fff54cbe368
0x00007fff54cbe2e0:   00000001358a3c28 000000013890f7a8
0x00007fff54cbe2f0:   00000001357af1f0 00007fff54cbe2b0
0x00007fff54cbe300:   00007fff54cbe370 00007fff54cbe570 

Instructions: (pc=0x00000001363ee197)
0x00000001363ee177:   0f b6 c1 83 f8 01 75 75 90 49 8b 7f 08 48 8b 07
0x00000001363ee187:   ff 50 20 41 80 3e 00 49 8b 45 00 4c 89 ef 74 09
0x00000001363ee197:   ff 90 90 00 00 00 eb 07 90 ff 90 88 00 00 00 49
0x00000001363ee1a7:   89 c5 4d 85 ed b8 00 00 00 00 74 44 41 8a 1e 4c 

Register to memory mapping:

RAX=0x000000000000f507 is an unknown value
RBX=0x00007ff07e518f01 is an unknown value
RCX=0x00000000000b6a25 is an unknown value
RDX=0x000000001082af40 is an unknown value
RSP=0x00007fff54cbe110 is pointing into the stack for thread: 0x00007ff07480c000
RBP=0x00007fff54cbe140 is pointing into the stack for thread: 0x00007ff07480c000
RSI=0x00007fff54cbe050 is pointing into the stack for thread: 0x00007ff07480c000
RDI=0x00007ff07d748ea0 is an unknown value
R8 =0x00000001365aeac0: sqlite3_data_directory+0x11f0 in /Volumes/LocalDataHD/m/ma/ma777/Desktop/omnetpp-5.2.1-hpc/omnetpp-5.2.1/ide/omnetpp.app/Contents/Eclipse/plugins/org.omnetpp.ide.nativelibs.macosx_5.2.1.171211-da8f6bc/libopplibs.jnilib at 0x000000013626e000
R9 =0x00007ff07e522e10 is an unknown value
R10=0x00000000000b6a01 is an unknown value
R11=0x0000000000000246 is an unknown value
R12=0x00007ff07d2e1701 is an unknown value
R13=0x00007ff07d748ea0 is an unknown value
R14=0x00007fff54cbe15f is pointing into the stack for thread: 0x00007ff07480c000
R15=0x00007ff07e518f70 is an unknown value


Stack: [0x00007fff544c1000,0x00007fff54cc1000],  sp=0x00007fff54cbe110,  free space=8180k
Native frames: (J=compiled Java code, j=interpreted, Vv=VM code, C=native code)
C  [libopplibs.jnilib+0x180197]  omnetpp::eventlog::SequenceChartFacade::getEventForNonLinearTimelineCoordinate(double, bool&)+0x107
C  [libopplibs.jnilib+0x180758]  omnetpp::eventlog::SequenceChartFacade::getFirstEventNotBeforeTimelineCoordinate(double)+0x88
C  [libopplibs.jnilib+0x60b75]  Java_org_omnetpp_eventlog_engine_EventLogEngineJNI_SequenceChartFacade_1getFirstEventNotBeforeTimelineCoordinate+0x15
J 21498  org.omnetpp.eventlog.engine.EventLogEngineJNI.SequenceChartFacade_getFirstEventNotBeforeTimelineCoordinate(JLorg/omnetpp/eventlog/engine/SequenceChartFacade;D)J (0 bytes) @ 0x0000000116bf7f59 [0x0000000116bf7e80+0xd9]
j  org.omnetpp.eventlog.engine.SequenceChartFacade.getFirstEventNotBeforeTimelineCoordinate(D)Lorg/omnetpp/eventlog/engine/IEvent;+6
j  org.omnetpp.sequencechart.widgets.SequenceChart.getFirstLastEventPtrForViewportRange(JJ)[J+78
J 21956 C1 org.omnetpp.sequencechart.widgets.SequenceChart.configureHorizontalScrollBar(Lorg/eclipse/swt/widgets/ScrollBar;JJI)I (193 bytes) @ 0x0000000116da0c04 [0x0000000116da0820+0x3e4]
J 21955 C1 org.omnetpp.common.canvas.LargeScrollableCanvas.configureScrollBars()V (49 bytes) @ 0x0000000116da2f24 [0x0000000116da2bc0+0x364]
j  org.omnetpp.sequencechart.widgets.SequenceChart.eventLogChanged()V+62
j  org.omnetpp.sequencechart.widgets.SequenceChart.access$12(Lorg/omnetpp/sequencechart/widgets/SequenceChart;)V+1
j  org.omnetpp.sequencechart.widgets.SequenceChart$13.run()V+4
J 22349 C2 org.eclipse.swt.widgets.Display.readAndDispatch()Z (249 bytes) @ 0x0000000116aebb98 [0x0000000116aea500+0x1698]
j  org.eclipse.e4.ui.internal.workbench.swt.PartRenderingEngine$5.run()V+564
j  org.eclipse.core.databinding.observable.Realm.runWithDefault(Lorg/eclipse/core/databinding/observable/Realm;Ljava/lang/Runnable;)V+12
j  org.eclipse.e4.ui.internal.workbench.swt.PartRenderingEngine.run(Lorg/eclipse/e4/ui/model/application/MApplicationElement;Lorg/eclipse/e4/core/contexts/IEclipseContext;)Ljava/lang/Object;+57
j  org.eclipse.e4.ui.internal.workbench.E4Workbench.createAndRunUI(Lorg/eclipse/e4/ui/model/application/MApplicationElement;)V+20
j  org.eclipse.ui.internal.Workbench.lambda$3(Lorg/eclipse/swt/widgets/Display;Lorg/eclipse/ui/application/WorkbenchAdvisor;[I)V+451
j  org.eclipse.ui.internal.Workbench$$Lambda$66.run()V+12
j  org.eclipse.core.databinding.observable.Realm.runWithDefault(Lorg/eclipse/core/databinding/observable/Realm;Ljava/lang/Runnable;)V+12
j  org.eclipse.ui.internal.Workbench.createAndRunWorkbench(Lorg/eclipse/swt/widgets/Display;Lorg/eclipse/ui/application/WorkbenchAdvisor;)I+16
j  org.eclipse.ui.PlatformUI.createAndRunWorkbench(Lorg/eclipse/swt/widgets/Display;Lorg/eclipse/ui/application/WorkbenchAdvisor;)I+2
j  org.eclipse.ui.internal.ide.application.IDEApplication.start(Lorg/eclipse/equinox/app/IApplicationContext;)Ljava/lang/Object;+113
j  org.eclipse.equinox.internal.app.EclipseAppHandle.run(Ljava/lang/Object;)Ljava/lang/Object;+135
j  org.eclipse.core.runtime.internal.adaptor.EclipseAppLauncher.runApplication(Ljava/lang/Object;)Ljava/lang/Object;+85
j  org.eclipse.core.runtime.internal.adaptor.EclipseAppLauncher.start(Ljava/lang/Object;)Ljava/lang/Object;+82
j  org.eclipse.core.runtime.adaptor.EclipseStarter.run(Ljava/lang/Object;)Ljava/lang/Object;+105
j  org.eclipse.core.runtime.adaptor.EclipseStarter.run([Ljava/lang/String;Ljava/lang/Runnable;)Ljava/lang/Object;+132
v  ~StubRoutines::call_stub
V  [libjvm.dylib+0x2ee70a]  JavaCalls::call_helper(JavaValue*, methodHandle*, JavaCallArguments*, Thread*)+0x6ae
V  [libjvm.dylib+0x4d3c0c]  Reflection::invoke(instanceKlassHandle, methodHandle, Handle, bool, objArrayHandle, BasicType, objArrayHandle, bool, Thread*)+0xe12
V  [libjvm.dylib+0x4d4140]  Reflection::invoke_method(oopDesc*, Handle, objArrayHandle, Thread*)+0x16c
V  [libjvm.dylib+0x346b0c]  JVM_InvokeMethod+0x166
j  sun.reflect.NativeMethodAccessorImpl.invoke0(Ljava/lang/reflect/Method;Ljava/lang/Object;[Ljava/lang/Object;)Ljava/lang/Object;+0
j  sun.reflect.NativeMethodAccessorImpl.invoke(Ljava/lang/Object;[Ljava/lang/Object;)Ljava/lang/Object;+100
j  sun.reflect.DelegatingMethodAccessorImpl.invoke(Ljava/lang/Object;[Ljava/lang/Object;)Ljava/lang/Object;+6
j  java.lang.reflect.Method.invoke(Ljava/lang/Object;[Ljava/lang/Object;)Ljava/lang/Object;+56
j  org.eclipse.equinox.launcher.Main.invokeFramework([Ljava/lang/String;[Ljava/net/URL;)V+205
j  org.eclipse.equinox.launcher.Main.basicRun([Ljava/lang/String;)V+160
j  org.eclipse.equinox.launcher.Main.run([Ljava/lang/String;)I+4
v  ~StubRoutines::call_stub
V  [libjvm.dylib+0x2ee70a]  JavaCalls::call_helper(JavaValue*, methodHandle*, JavaCallArguments*, Thread*)+0x6ae
V  [libjvm.dylib+0x3258b9]  jni_invoke_nonstatic(JNIEnv_*, JavaValue*, _jobject*, JNICallType, _jmethodID*, JNI_ArgumentPusher*, Thread*)+0x2ec
V  [libjvm.dylib+0x316efe]  jni_CallIntMethod+0x16b
C  [eclipse_1629.so+0x6dc3]  startJavaJNI+0x833
C  [eclipse_1629.so+0x310e]  _run+0x170e
C  [eclipse_1629.so+0x165a]  run+0x19a
C  [omnetpp+0x1959]  original_main+0x559
C  [omnetpp+0x22e5]  main+0x665
C  [libdyld.dylib+0x5235]  start+0x1
C  0x0000000000000003

Java frames: (J=compiled Java code, j=interpreted, Vv=VM code)
J 21498  org.omnetpp.eventlog.engine.EventLogEngineJNI.SequenceChartFacade_getFirstEventNotBeforeTimelineCoordinate(JLorg/omnetpp/eventlog/engine/SequenceChartFacade;D)J (0 bytes) @ 0x0000000116bf7ed5 [0x0000000116bf7e80+0x55]
j  org.omnetpp.eventlog.engine.SequenceChartFacade.getFirstEventNotBeforeTimelineCoordinate(D)Lorg/omnetpp/eventlog/engine/IEvent;+6
j  org.omnetpp.sequencechart.widgets.SequenceChart.getFirstLastEventPtrForViewportRange(JJ)[J+78
J 21956 C1 org.omnetpp.sequencechart.widgets.SequenceChart.configureHorizontalScrollBar(Lorg/eclipse/swt/widgets/ScrollBar;JJI)I (193 bytes) @ 0x0000000116da0c04 [0x0000000116da0820+0x3e4]
J 21955 C1 org.omnetpp.common.canvas.LargeScrollableCanvas.configureScrollBars()V (49 bytes) @ 0x0000000116da2f24 [0x0000000116da2bc0+0x364]
j  org.omnetpp.sequencechart.widgets.SequenceChart.eventLogChanged()V+62
j  org.omnetpp.sequencechart.widgets.SequenceChart.access$12(Lorg/omnetpp/sequencechart/widgets/SequenceChart;)V+1
j  org.omnetpp.sequencechart.widgets.SequenceChart$13.run()V+4
J 22349 C2 org.eclipse.swt.widgets.Display.readAndDispatch()Z (249 bytes) @ 0x0000000116aebb98 [0x0000000116aea500+0x1698]
j  org.eclipse.e4.ui.internal.workbench.swt.PartRenderingEngine$5.run()V+564
j  org.eclipse.core.databinding.observable.Realm.runWithDefault(Lorg/eclipse/core/databinding/observable/Realm;Ljava/lang/Runnable;)V+12
j  org.eclipse.e4.ui.internal.workbench.swt.PartRenderingEngine.run(Lorg/eclipse/e4/ui/model/application/MApplicationElement;Lorg/eclipse/e4/core/contexts/IEclipseContext;)Ljava/lang/Object;+57
j  org.eclipse.e4.ui.internal.workbench.E4Workbench.createAndRunUI(Lorg/eclipse/e4/ui/model/application/MApplicationElement;)V+20
j  org.eclipse.ui.internal.Workbench.lambda$3(Lorg/eclipse/swt/widgets/Display;Lorg/eclipse/ui/application/WorkbenchAdvisor;[I)V+451
j  org.eclipse.ui.internal.Workbench$$Lambda$66.run()V+12
j  org.eclipse.core.databinding.observable.Realm.runWithDefault(Lorg/eclipse/core/databinding/observable/Realm;Ljava/lang/Runnable;)V+12
j  org.eclipse.ui.internal.Workbench.createAndRunWorkbench(Lorg/eclipse/swt/widgets/Display;Lorg/eclipse/ui/application/WorkbenchAdvisor;)I+16
j  org.eclipse.ui.PlatformUI.createAndRunWorkbench(Lorg/eclipse/swt/widgets/Display;Lorg/eclipse/ui/application/WorkbenchAdvisor;)I+2
j  org.eclipse.ui.internal.ide.application.IDEApplication.start(Lorg/eclipse/equinox/app/IApplicationContext;)Ljava/lang/Object;+113
j  org.eclipse.equinox.internal.app.EclipseAppHandle.run(Ljava/lang/Object;)Ljava/lang/Object;+135
j  org.eclipse.core.runtime.internal.adaptor.EclipseAppLauncher.runApplication(Ljava/lang/Object;)Ljava/lang/Object;+85
j  org.eclipse.core.runtime.internal.adaptor.EclipseAppLauncher.start(Ljava/lang/Object;)Ljava/lang/Object;+82
j  org.eclipse.core.runtime.adaptor.EclipseStarter.run(Ljava/lang/Object;)Ljava/lang/Object;+105
j  org.eclipse.core.runtime.adaptor.EclipseStarter.run([Ljava/lang/String;Ljava/lang/Runnable;)Ljava/lang/Object;+132
v  ~StubRoutines::call_stub
j  sun.reflect.NativeMethodAccessorImpl.invoke0(Ljava/lang/reflect/Method;Ljava/lang/Object;[Ljava/lang/Object;)Ljava/lang/Object;+0
j  sun.reflect.NativeMethodAccessorImpl.invoke(Ljava/lang/Object;[Ljava/lang/Object;)Ljava/lang/Object;+100
j  sun.reflect.DelegatingMethodAccessorImpl.invoke(Ljava/lang/Object;[Ljava/lang/Object;)Ljava/lang/Object;+6
j  java.lang.reflect.Method.invoke(Ljava/lang/Object;[Ljava/lang/Object;)Ljava/lang/Object;+56
j  org.eclipse.equinox.launcher.Main.invokeFramework([Ljava/lang/String;[Ljava/net/URL;)V+205
j  org.eclipse.equinox.launcher.Main.basicRun([Ljava/lang/String;)V+160
j  org.eclipse.equinox.launcher.Main.run([Ljava/lang/String;)I+4
v  ~StubRoutines::call_stub

---------------  P R O C E S S  ---------------

Java Threads: ( => current thread )
  0x00007ff07cc17800 JavaThread "Process monitor" daemon [_thread_blocked, id=32267, stack(0x0000700007c82000,0x0000700007d82000)]
  0x00007ff07b9ca000 JavaThread "Input Stream Monitor" daemon [_thread_blocked, id=84035, stack(0x0000700007b7f000,0x0000700007c7f000)]
  0x00007ff07a30d800 JavaThread "Output Stream Monitor" daemon [_thread_in_native, id=83799, stack(0x0000700007a7c000,0x0000700007b7c000)]
  0x00007ff07b846000 JavaThread "Output Stream Monitor" daemon [_thread_in_native, id=81471, stack(0x0000700007979000,0x0000700007a79000)]
  0x00007ff073139000 JavaThread "process reaper" daemon [_thread_in_native, id=89915, stack(0x000070000676e000,0x0000700006796000)]
  0x00007ff074488800 JavaThread "Worker-22" [_thread_blocked, id=72227, stack(0x000070000808e000,0x000070000818e000)]
  0x00007ff07bc7e000 JavaThread "Worker-21" [_thread_blocked, id=85231, stack(0x0000700007f8b000,0x000070000808b000)]
  0x00007ff078aaf000 JavaThread "Worker-20" [_thread_blocked, id=72499, stack(0x00007000072e7000,0x00007000073e7000)]
  0x00007ff079a64000 JavaThread "Worker-19" [_thread_blocked, id=76727, stack(0x00007000070de000,0x00007000071de000)]
  0x00007ff07a0ae000 JavaThread "Worker-18" [_thread_blocked, id=86379, stack(0x0000700006ed8000,0x0000700006fd8000)]
  0x00007ff07bd5b000 JavaThread "Java2D Disposer" daemon [_thread_blocked, id=88075, stack(0x0000700007e88000,0x0000700007f88000)]
  0x00007ff078526000 JavaThread "Java2D Queue Flusher" daemon [_thread_blocked, id=87323, stack(0x0000700007d85000,0x0000700007e85000)]
  0x00007ff0738f2000 JavaThread "process reaper" daemon [_thread_blocked, id=83259, stack(0x0000700006743000,0x000070000676b000)]
  0x00007ff074609000 JavaThread "org.eclipse.cdt.internal.ui.text.CReconciler" daemon [_thread_blocked, id=80699, stack(0x00007000077f3000,0x00007000078f3000)]
  0x00007ff07ca8c800 JavaThread "org.eclipse.cdt.internal.ui.text.CReconciler" daemon [_thread_blocked, id=73239, stack(0x0000700005178000,0x0000700005278000)]
  0x00007ff074715000 JavaThread "Worker-16" [_thread_blocked, id=80471, stack(0x00007000071e4000,0x00007000072e4000)]
  0x00007ff073ef6000 JavaThread "Worker-15" [_thread_blocked, id=62487, stack(0x0000700006bcf000,0x0000700006ccf000)]
  0x00007ff07c171000 JavaThread "org.eclipse.cdt.internal.ui.text.CReconciler" daemon [_thread_blocked, id=32011, stack(0x00007000075ed000,0x00007000076ed000)]
  0x00007ff07961f000 JavaThread "org.eclipse.jface.text.reconciler.MonoReconciler" daemon [_thread_blocked, id=76823, stack(0x0000700006dd5000,0x0000700006ed5000)]
  0x00007ff079269800 JavaThread "org.eclipse.cdt.internal.ui.text.CReconciler" daemon [_thread_blocked, id=73735, stack(0x0000700006cd2000,0x0000700006dd2000)]
  0x00007ff078299000 JavaThread "Worker-10" [_thread_blocked, id=75267, stack(0x00007000074ea000,0x00007000075ea000)]
  0x00007ff07829e000 JavaThread "Worker-5" [_thread_blocked, id=72707, stack(0x0000700006fdb000,0x00007000070db000)]
  0x00007ff07432d000 JavaThread "EventAdmin Async Event Dispatcher Thread" daemon [_thread_blocked, id=69643, stack(0x0000700006acc000,0x0000700006bcc000)]
  0x00007ff074083800 JavaThread "org.eclipse.cdt.internal.ui.text.CReconciler" daemon [_thread_blocked, id=71435, stack(0x00007000069c9000,0x0000700006ac9000)]
  0x00007ff0784c9000 JavaThread "Bundle File Closer" daemon [_thread_blocked, id=64779, stack(0x00007000068c6000,0x00007000069c6000)]
  0x00007ff074573000 JavaThread "EMF Reference Cleaner" daemon [_thread_blocked, id=63243, stack(0x00007000067c3000,0x00007000068c3000)]
  0x00007ff0733e2000 JavaThread "Worker-JM" [_thread_blocked, id=52231, stack(0x000070000653a000,0x000070000663a000)]
  0x00007ff074061800 JavaThread "SCR Component Actor" daemon [_thread_blocked, id=51203, stack(0x0000700006437000,0x0000700006537000)]
  0x00007ff073151800 JavaThread "Framework Event Dispatcher: org.eclipse.osgi.internal.framework.EquinoxEventPublisher@5be067de" daemon [_thread_blocked, id=46595, stack(0x0000700006334000,0x0000700006434000)]
  0x00007ff0739f7000 JavaThread "Start Level: Equinox Container: 055eee28-d90c-4a6f-bf9d-5356c8ae14ec" daemon [_thread_blocked, id=45831, stack(0x0000700006231000,0x0000700006331000)]
  0x00007ff073154800 JavaThread "Active Thread: Equinox Container: 055eee28-d90c-4a6f-bf9d-5356c8ae14ec" [_thread_blocked, id=45575, stack(0x000070000612e000,0x000070000622e000)]
  0x00007ff074827000 JavaThread "Service Thread" daemon [_thread_blocked, id=27907, stack(0x0000700005e22000,0x0000700005f22000)]
  0x00007ff07384c800 JavaThread "C1 CompilerThread2" daemon [_thread_blocked, id=27395, stack(0x0000700005d1f000,0x0000700005e1f000)]
  0x00007ff073054800 JavaThread "C2 CompilerThread1" daemon [_thread_blocked, id=26883, stack(0x0000700005c1c000,0x0000700005d1c000)]
  0x00007ff07481b800 JavaThread "C2 CompilerThread0" daemon [_thread_blocked, id=26371, stack(0x0000700005b19000,0x0000700005c19000)]
  0x00007ff074806000 JavaThread "Signal Dispatcher" daemon [_thread_blocked, id=25859, stack(0x0000700005a16000,0x0000700005b16000)]
  0x00007ff074059800 JavaThread "Finalizer" daemon [_thread_blocked, id=24579, stack(0x0000700005913000,0x0000700005a13000)]
  0x00007ff074057000 JavaThread "Reference Handler" daemon [_thread_blocked, id=24067, stack(0x0000700005810000,0x0000700005910000)]
=>0x00007ff07480c000 JavaThread "main" [_thread_in_native, id=775, stack(0x00007fff544c1000,0x00007fff54cc1000)]

Other Threads:
  0x00007ff07400b800 VMThread [stack: 0x000070000570d000,0x000070000580d000] [id=23555]
  0x00007ff07402c000 WatcherThread [stack: 0x0000700005f25000,0x0000700006025000] [id=28419]

VM state:not at safepoint (normal execution)

VM Mutex/Monitor currently owned by a thread: None

Heap:
 PSYoungGen      total 225792K, used 123668K [0x000000076ab00000, 0x000000077a980000, 0x00000007c0000000)
  eden space 212480K, 52% used [0x000000076ab00000,0x000000077172b4a8,0x0000000777a80000)
  from space 13312K, 96% used [0x0000000777e00000,0x0000000778a99d10,0x0000000778b00000)
  to   space 24064K, 0% used [0x0000000779200000,0x0000000779200000,0x000000077a980000)
 ParOldGen       total 523776K, used 124066K [0x00000006c0000000, 0x00000006dff80000, 0x000000076ab00000)
  object space 523776K, 23% used [0x00000006c0000000,0x00000006c7928a60,0x00000006dff80000)
 Metaspace       used 104351K, capacity 113038K, committed 113196K, reserved 1146880K
  class space    used 12507K, capacity 14835K, committed 14892K, reserved 1048576K

Card table byte_map: [0x000000010ee45000,0x000000010f646000] byte_map_base: 0x000000010b845000

Marking Bits: (ParMarkBitMap*) 0x000000010e3d15d0
 Begin Bits: [0x0000000121f59000, 0x0000000125f59000)
 End Bits:   [0x0000000125f59000, 0x0000000129f59000)

Polling page: 0x000000010d55c000

CodeCache: size=245760Kb used=68940Kb max_used=68952Kb free=176819Kb
 bounds [0x0000000112f59000, 0x0000000117329000, 0x0000000121f59000]
 total_blobs=18517 nmethods=17606 adapters=817
 compilation: enabled

Compilation events (10 events):
Event: 1082.168 Thread 0x00007ff07384c800 24505       3       org.eclipse.ui.internal.progress.ProgressCanvasViewer$$Lambda$294/742939450::paintControl (9 bytes)
Event: 1082.168 Thread 0x00007ff07384c800 nmethod 24505 0x0000000117312c50 code [0x0000000117312dc0, 0x0000000117312f48]
Event: 1082.405 Thread 0x00007ff07384c800 24507       3       org.eclipse.ui.internal.navigator.extensions.SafeDelegateCommonLabelProvider::getFont (26 bytes)
Event: 1082.405 Thread 0x00007ff073054800 24509       4       org.eclipse.core.internal.expressions.DefaultVariable::getAllowPluginActivation (10 bytes)
Event: 1082.405 Thread 0x00007ff07384c800 nmethod 24507 0x0000000117312550 code [0x00000001173126e0, 0x0000000117312b68]
Event: 1082.405 Thread 0x00007ff07384c800 24508       3       org.eclipse.ui.internal.navigator.extensions.SafeDelegateCommonLabelProvider::getForeground (26 bytes)
Event: 1082.405 Thread 0x00007ff07384c800 nmethod 24508 0x0000000117311e50 code [0x0000000117311fe0, 0x0000000117312468]
Event: 1082.406 Thread 0x00007ff07384c800 24510       3       org.eclipse.ui.model.WorkbenchLabelProvider::decorateImage (2 bytes)
Event: 1082.406 Thread 0x00007ff07384c800 nmethod 24510 0x000000011730d7d0 code [0x000000011730d920, 0x000000011730da70]
Event: 1082.408 Thread 0x00007ff073054800 nmethod 24509 0x000000011730d190 code [0x000000011730d320, 0x000000011730d528]

GC Heap History (10 events):
Event: 1044.200 GC heap before
{Heap before GC invocations=45 (full 4):
 PSYoungGen      total 253440K, used 246067K [0x000000076ab00000, 0x000000077c200000, 0x00000007c0000000)
  eden space 231424K, 100% used [0x000000076ab00000,0x0000000778d00000,0x0000000778d00000)
  from space 22016K, 66% used [0x000000077ac80000,0x000000077bacccb8,0x000000077c200000)
  to   space 27136K, 0% used [0x0000000778d00000,0x0000000778d00000,0x000000077a780000)
 ParOldGen       total 523776K, used 121591K [0x00000006c0000000, 0x00000006dff80000, 0x000000076ab00000)
  object space 523776K, 23% used [0x00000006c0000000,0x00000006c76bdd20,0x00000006dff80000)
 Metaspace       used 103811K, capacity 112394K, committed 112684K, reserved 1146880K
  class space    used 12505K, capacity 14835K, committed 14892K, reserved 1048576K
Event: 1044.214 GC heap after
Heap after GC invocations=45 (full 4):
 PSYoungGen      total 241664K, used 14137K [0x000000076ab00000, 0x000000077bc00000, 0x00000007c0000000)
  eden space 227328K, 0% used [0x000000076ab00000,0x000000076ab00000,0x0000000778900000)
  from space 14336K, 98% used [0x0000000778d00000,0x0000000779ace4b0,0x0000000779b00000)
  to   space 26112K, 0% used [0x000000077a280000,0x000000077a280000,0x000000077bc00000)
 ParOldGen       total 523776K, used 121647K [0x00000006c0000000, 0x00000006dff80000, 0x000000076ab00000)
  object space 523776K, 23% used [0x00000006c0000000,0x00000006c76cbd40,0x00000006dff80000)
 Metaspace       used 103811K, capacity 112394K, committed 112684K, reserved 1146880K
  class space    used 12505K, capacity 14835K, committed 14892K, reserved 1048576K
}
Event: 1049.124 GC heap before
{Heap before GC invocations=46 (full 4):
 PSYoungGen      total 241664K, used 241465K [0x000000076ab00000, 0x000000077bc00000, 0x00000007c0000000)
  eden space 227328K, 100% used [0x000000076ab00000,0x0000000778900000,0x0000000778900000)
  from space 14336K, 98% used [0x0000000778d00000,0x0000000779ace4b0,0x0000000779b00000)
  to   space 26112K, 0% used [0x000000077a280000,0x000000077a280000,0x000000077bc00000)
 ParOldGen       total 523776K, used 121647K [0x00000006c0000000, 0x00000006dff80000, 0x000000076ab00000)
  object space 523776K, 23% used [0x00000006c0000000,0x00000006c76cbd40,0x00000006dff80000)
 Metaspace       used 103946K, capacity 112778K, committed 112940K, reserved 1146880K
  class space    used 12505K, capacity 14835K, committed 14892K, reserved 1048576K
Event: 1049.139 GC heap after
Heap after GC invocations=46 (full 4):
 PSYoungGen      total 244224K, used 13011K [0x000000076ab00000, 0x000000077b700000, 0x00000007c0000000)
  eden space 223232K, 0% used [0x000000076ab00000,0x000000076ab00000,0x0000000778500000)
  from space 20992K, 61% used [0x000000077a280000,0x000000077af34fc8,0x000000077b700000)
  to   space 25600K, 0% used [0x0000000778500000,0x0000000778500000,0x0000000779e00000)
 ParOldGen       total 523776K, used 121711K [0x00000006c0000000, 0x00000006dff80000, 0x000000076ab00000)
  object space 523776K, 23% used [0x00000006c0000000,0x00000006c76dbd40,0x00000006dff80000)
 Metaspace       used 103946K, capacity 112778K, committed 112940K, reserved 1146880K
  class space    used 12505K, capacity 14835K, committed 14892K, reserved 1048576K
}
Event: 1070.381 GC heap before
{Heap before GC invocations=47 (full 4):
 PSYoungGen      total 244224K, used 235606K [0x000000076ab00000, 0x000000077b700000, 0x00000007c0000000)
  eden space 223232K, 99% used [0x000000076ab00000,0x0000000778460900,0x0000000778500000)
  from space 20992K, 61% used [0x000000077a280000,0x000000077af34fc8,0x000000077b700000)
  to   space 25600K, 0% used [0x0000000778500000,0x0000000778500000,0x0000000779e00000)
 ParOldGen       total 523776K, used 121711K [0x00000006c0000000, 0x00000006dff80000, 0x000000076ab00000)
  object space 523776K, 23% used [0x00000006c0000000,0x00000006c76dbd40,0x00000006dff80000)
 Metaspace       used 104073K, capacity 112778K, committed 112940K, reserved 1146880K
  class space    used 12506K, capacity 14835K, committed 14892K, reserved 1048576K
Event: 1070.395 GC heap after
Heap after GC invocations=47 (full 4):
 PSYoungGen      total 235520K, used 15750K [0x000000076ab00000, 0x000000077b180000, 0x00000007c0000000)
  eden space 219648K, 0% used [0x000000076ab00000,0x000000076ab00000,0x0000000778180000)
  from space 15872K, 99% used [0x0000000778500000,0x0000000779461928,0x0000000779480000)
  to   space 24576K, 0% used [0x0000000779980000,0x0000000779980000,0x000000077b180000)
 ParOldGen       total 523776K, used 123881K [0x00000006c0000000, 0x00000006dff80000, 0x000000076ab00000)
  object space 523776K, 23% used [0x00000006c0000000,0x00000006c78fa5c0,0x00000006dff80000)
 Metaspace       used 104073K, capacity 112778K, committed 112940K, reserved 1146880K
  class space    used 12506K, capacity 14835K, committed 14892K, reserved 1048576K
}
Event: 1073.464 GC heap before
{Heap before GC invocations=48 (full 4):
 PSYoungGen      total 235520K, used 235396K [0x000000076ab00000, 0x000000077b180000, 0x00000007c0000000)
  eden space 219648K, 99% used [0x000000076ab00000,0x000000077817f6d8,0x0000000778180000)
  from space 15872K, 99% used [0x0000000778500000,0x0000000779461928,0x0000000779480000)
  to   space 24576K, 0% used [0x0000000779980000,0x0000000779980000,0x000000077b180000)
 ParOldGen       total 523776K, used 123881K [0x00000006c0000000, 0x00000006dff80000, 0x000000076ab00000)
  object space 523776K, 23% used [0x00000006c0000000,0x00000006c78fa5c0,0x00000006dff80000)
 Metaspace       used 104149K, capacity 112842K, committed 113196K, reserved 1146880K
  class space    used 12506K, capacity 14835K, committed 14892K, reserved 1048576K
Event: 1073.482 GC heap after
Heap after GC invocations=48 (full 4):
 PSYoungGen      total 237056K, used 12217K [0x000000076ab00000, 0x000000077ae00000, 0x00000007c0000000)
  eden space 216064K, 0% used [0x000000076ab00000,0x000000076ab00000,0x0000000777e00000)
  from space 20992K, 58% used [0x0000000779980000,0x000000077a56e6e0,0x000000077ae00000)
  to   space 24576K, 0% used [0x0000000777e00000,0x0000000777e00000,0x0000000779600000)
 ParOldGen       total 523776K, used 124026K [0x00000006c0000000, 0x00000006dff80000, 0x000000076ab00000)
  object space 523776K, 23% used [0x00000006c0000000,0x00000006c791ea60,0x00000006dff80000)
 Metaspace       used 104149K, capacity 112842K, committed 113196K, reserved 1146880K
  class space    used 12506K, capacity 14835K, committed 14892K, reserved 1048576K
}
Event: 1078.451 GC heap before
{Heap before GC invocations=49 (full 4):
 PSYoungGen      total 237056K, used 228099K [0x000000076ab00000, 0x000000077ae00000, 0x00000007c0000000)
  eden space 216064K, 99% used [0x000000076ab00000,0x0000000777dd2548,0x0000000777e00000)
  from space 20992K, 58% used [0x0000000779980000,0x000000077a56e6e0,0x000000077ae00000)
  to   space 24576K, 0% used [0x0000000777e00000,0x0000000777e00000,0x0000000779600000)
 ParOldGen       total 523776K, used 124026K [0x00000006c0000000, 0x00000006dff80000, 0x000000076ab00000)
  object space 523776K, 23% used [0x00000006c0000000,0x00000006c791ea60,0x00000006dff80000)
 Metaspace       used 104261K, capacity 112906K, committed 113196K, reserved 1146880K
  class space    used 12507K, capacity 14835K, committed 14892K, reserved 1048576K
Event: 1078.462 GC heap after
Heap after GC invocations=49 (full 4):
 PSYoungGen      total 225792K, used 12903K [0x000000076ab00000, 0x000000077a980000, 0x00000007c0000000)
  eden space 212480K, 0% used [0x000000076ab00000,0x000000076ab00000,0x0000000777a80000)
  from space 13312K, 96% used [0x0000000777e00000,0x0000000778a99d10,0x0000000778b00000)
  to   space 24064K, 0% used [0x0000000779200000,0x0000000779200000,0x000000077a980000)
 ParOldGen       total 523776K, used 124066K [0x00000006c0000000, 0x00000006dff80000, 0x000000076ab00000)
  object space 523776K, 23% used [0x00000006c0000000,0x00000006c7928a60,0x00000006dff80000)
 Metaspace       used 104261K, capacity 112906K, committed 113196K, reserved 1146880K
  class space    used 12507K, capacity 14835K, committed 14892K, reserved 1048576K
}

Deoptimization events (10 events):
Event: 1074.222 Thread 0x00007ff074488800 Uncommon trap: reason=array_check action=maybe_recompile pc=0x0000000116bac318 method=java.util.TimSort.mergeHi(IIII)V @ 282
Event: 1074.222 Thread 0x00007ff074488800 Uncommon trap: reason=array_check action=maybe_recompile pc=0x0000000116bac258 method=java.util.TimSort.mergeHi(IIII)V @ 250
Event: 1074.275 Thread 0x00007ff07480c000 Uncommon trap: reason=unstable_if action=reinterpret pc=0x00000001152c1c74 method=java.util.Vector.contains(Ljava/lang/Object;)Z @ 6
Event: 1074.366 Thread 0x00007ff07bc7e000 Uncommon trap: reason=unstable_if action=reinterpret pc=0x000000011343eec0 method=java.util.ArrayList.indexOf(Ljava/lang/Object;)I @ 1
Event: 1079.384 Thread 0x00007ff073ef6000 Uncommon trap: reason=array_check action=maybe_recompile pc=0x0000000116497834 method=java.util.TimSort.mergeLo(IIII)V @ 375
Event: 1079.385 Thread 0x00007ff073ef6000 Uncommon trap: reason=array_check action=maybe_recompile pc=0x0000000116494e10 method=java.util.TimSort.mergeHi(IIII)V @ 419
Event: 1079.385 Thread 0x00007ff073ef6000 Uncommon trap: reason=array_check action=maybe_recompile pc=0x00000001164976d0 method=java.util.TimSort.mergeLo(IIII)V @ 590
Event: 1079.385 Thread 0x00007ff073ef6000 Uncommon trap: reason=array_check action=maybe_recompile pc=0x0000000116494c24 method=java.util.TimSort.mergeHi(IIII)V @ 657
Event: 1079.386 Thread 0x00007ff073ef6000 Uncommon trap: reason=array_check action=maybe_recompile pc=0x0000000116494e10 method=java.util.TimSort.mergeHi(IIII)V @ 419
Event: 1083.040 Thread 0x00007ff07480c000 Uncommon trap: reason=unstable_if action=reinterpret pc=0x0000000115810238 method=org.eclipse.swt.widgets.Shell.getShells()[Lorg/eclipse/swt/widgets/Shell; @ 39

Internal exceptions (10 events):
Event: 1081.880 Thread 0x00007ff073ef6000 Exception <a 'sun/nio/fs/UnixException'> (0x000000076ff1c870) thrown at [/Users/java_re/workspace/8-2-build-macosx-x86_64/jdk8u144/9417/hotspot/src/share/vm/prims/jni.cpp, line 709]
Event: 1081.885 Thread 0x00007ff073ef6000 Exception <a 'sun/nio/fs/UnixException'> (0x0000000771062cd0) thrown at [/Users/java_re/workspace/8-2-build-macosx-x86_64/jdk8u144/9417/hotspot/src/share/vm/prims/jni.cpp, line 709]
Event: 1081.885 Thread 0x00007ff073ef6000 Exception <a 'sun/nio/fs/UnixException'> (0x0000000771074960) thrown at [/Users/java_re/workspace/8-2-build-macosx-x86_64/jdk8u144/9417/hotspot/src/share/vm/prims/jni.cpp, line 709]
Event: 1081.886 Thread 0x00007ff073ef6000 Exception <a 'sun/nio/fs/UnixException'> (0x000000077109fa30) thrown at [/Users/java_re/workspace/8-2-build-macosx-x86_64/jdk8u144/9417/hotspot/src/share/vm/prims/jni.cpp, line 709]
Event: 1081.886 Thread 0x00007ff073ef6000 Exception <a 'sun/nio/fs/UnixException'> (0x00000007710a0228) thrown at [/Users/java_re/workspace/8-2-build-macosx-x86_64/jdk8u144/9417/hotspot/src/share/vm/prims/jni.cpp, line 709]
Event: 1082.276 Thread 0x00007ff07bc7e000 Exception <a 'sun/nio/fs/UnixException'> (0x000000076d2b2438) thrown at [/Users/java_re/workspace/8-2-build-macosx-x86_64/jdk8u144/9417/hotspot/src/share/vm/prims/jni.cpp, line 709]
Event: 1082.277 Thread 0x00007ff07bc7e000 Exception <a 'sun/nio/fs/UnixException'> (0x000000076d2fcdb8) thrown at [/Users/java_re/workspace/8-2-build-macosx-x86_64/jdk8u144/9417/hotspot/src/share/vm/prims/jni.cpp, line 709]
Event: 1082.279 Thread 0x00007ff07bc7e000 Exception <a 'sun/nio/fs/UnixException'> (0x00000007712d7738) thrown at [/Users/java_re/workspace/8-2-build-macosx-x86_64/jdk8u144/9417/hotspot/src/share/vm/prims/jni.cpp, line 709]
Event: 1082.280 Thread 0x00007ff07bc7e000 Exception <a 'sun/nio/fs/UnixException'> (0x00000007713252e8) thrown at [/Users/java_re/workspace/8-2-build-macosx-x86_64/jdk8u144/9417/hotspot/src/share/vm/prims/jni.cpp, line 709]
Event: 1082.300 Thread 0x00007ff07bc7e000 Exception <a 'sun/nio/fs/UnixException'> (0x00000007714cde88) thrown at [/Users/java_re/workspace/8-2-build-macosx-x86_64/jdk8u144/9417/hotspot/src/share/vm/prims/jni.cpp, line 709]

Events (10 events):
Event: 1079.385 Thread 0x00007ff073ef6000 DEOPT PACKING pc=0x0000000116494c24 sp=0x0000700006cce2d0
Event: 1079.385 Thread 0x00007ff073ef6000 DEOPT UNPACKING pc=0x0000000112f5e229 sp=0x0000700006cce2a0 mode 2
Event: 1079.386 Thread 0x00007ff073ef6000 Uncommon trap: trap_request=0xffffffd6 fr.pc=0x0000000116494e10
Event: 1079.386 Thread 0x00007ff073ef6000 DEOPT PACKING pc=0x0000000116494e10 sp=0x0000700006cce2d0
Event: 1079.386 Thread 0x00007ff073ef6000 DEOPT UNPACKING pc=0x0000000112f5e229 sp=0x0000700006cce2a0 mode 2
Event: 1081.869 Executing VM operation: RevokeBias
Event: 1081.869 Executing VM operation: RevokeBias done
Event: 1083.040 Thread 0x00007ff07480c000 Uncommon trap: trap_request=0xffffff65 fr.pc=0x0000000115810238
Event: 1083.040 Thread 0x00007ff07480c000 DEOPT PACKING pc=0x0000000115810238 sp=0x00007fff54cbd9e0
Event: 1083.040 Thread 0x00007ff07480c000 DEOPT UNPACKING pc=0x0000000112f5e229 sp=0x00007fff54cbd990 mode 2


Dynamic libraries:
0x0000000003e24000 	/System/Library/Frameworks/Cocoa.framework/Versions/A/Cocoa
0x0000000003e24000 	/usr/lib/libSystem.B.dylib
0x0000000003e24000 	/System/Library/Frameworks/AppKit.framework/Versions/C/AppKit
0x0000000003e24000 	/System/Library/Frameworks/ApplicationServices.framework/Versions/A/ApplicationServices
0x0000000003e24000 	/System/Library/Frameworks/CoreFoundation.framework/Versions/A/CoreFoundation
0x0000000003e24000 	/System/Library/Frameworks/CoreServices.framework/Versions/A/CoreServices
0x0000000003e24000 	/System/Library/Frameworks/Foundation.framework/Versions/C/Foundation
0x0000000003e24000 	/usr/lib/libobjc.A.dylib
0x0000000003e24000 	/System/Library/Frameworks/CoreData.framework/Versions/A/CoreData
0x0000000003e24000 	/System/Library/PrivateFrameworks/RemoteViewServices.framework/Versions/A/RemoteViewServices
0x0000000003e24000 	/System/Library/PrivateFrameworks/UIFoundation.framework/Versions/A/UIFoundation
0x0000000003e24000 	/System/Library/PrivateFrameworks/DFRFoundation.framework/Versions/A/DFRFoundation
0x0000000003e24000 	/usr/lib/libenergytrace.dylib
0x0000000003e24000 	/System/Library/PrivateFrameworks/SkyLight.framework/Versions/A/SkyLight
0x0000000003e24000 	/System/Library/Frameworks/CoreGraphics.framework/Versions/A/CoreGraphics
0x0000000003e24000 	/usr/lib/libScreenReader.dylib
0x0000000003e24000 	/System/Library/Frameworks/Accelerate.framework/Versions/A/Accelerate
0x0000000003e24000 	/System/Library/Frameworks/IOSurface.framework/Versions/A/IOSurface
0x0000000003e24000 	/System/Library/Frameworks/AudioToolbox.framework/Versions/A/AudioToolbox
0x0000000003e24000 	/System/Library/Frameworks/AudioUnit.framework/Versions/A/AudioUnit
0x0000000003e24000 	/System/Library/PrivateFrameworks/DataDetectorsCore.framework/Versions/A/DataDetectorsCore
0x0000000003e24000 	/System/Library/PrivateFrameworks/DesktopServicesPriv.framework/Versions/A/DesktopServicesPriv
0x0000000003e24000 	/System/Library/Frameworks/Carbon.framework/Versions/A/Frameworks/HIToolbox.framework/Versions/A/HIToolbox
0x0000000003e24000 	/usr/lib/libicucore.A.dylib
0x0000000003e24000 	/usr/lib/libz.1.dylib
0x0000000003e24000 	/System/Library/Frameworks/QuartzCore.framework/Versions/A/QuartzCore
0x0000000003e24000 	/System/Library/Frameworks/Security.framework/Versions/A/Security
0x0000000003e24000 	/System/Library/Frameworks/Carbon.framework/Versions/A/Frameworks/SpeechRecognition.framework/Versions/A/SpeechRecognition
0x0000000003e24000 	/usr/lib/libauto.dylib
0x0000000003e24000 	/usr/lib/libxml2.2.dylib
0x0000000003e24000 	/System/Library/PrivateFrameworks/CoreUI.framework/Versions/A/CoreUI
0x0000000003e24000 	/System/Library/Frameworks/CoreAudio.framework/Versions/A/CoreAudio
0x0000000003e24000 	/System/Library/Frameworks/DiskArbitration.framework/Versions/A/DiskArbitration
0x0000000003e24000 	/usr/lib/liblangid.dylib
0x0000000003e24000 	/System/Library/PrivateFrameworks/MultitouchSupport.framework/Versions/A/MultitouchSupport
0x0000000003e24000 	/System/Library/Frameworks/IOKit.framework/Versions/A/IOKit
0x0000000003e24000 	/usr/lib/libDiagnosticMessagesClient.dylib
0x0000000003e24000 	/System/Library/PrivateFrameworks/PerformanceAnalysis.framework/Versions/A/PerformanceAnalysis
0x0000000003e24000 	/System/Library/PrivateFrameworks/GenerationalStorage.framework/Versions/A/GenerationalStorage
0x0000000003e24000 	/System/Library/Frameworks/OpenGL.framework/Versions/A/OpenGL
0x0000000003e24000 	/System/Library/Frameworks/CoreImage.framework/Versions/A/CoreImage
0x0000000003e24000 	/System/Library/Frameworks/CoreText.framework/Versions/A/CoreText
0x0000000003e24000 	/System/Library/Frameworks/ImageIO.framework/Versions/A/ImageIO
0x0000000003e24000 	/System/Library/PrivateFrameworks/Backup.framework/Versions/A/Backup
0x0000000003e24000 	/usr/lib/libarchive.2.dylib
0x0000000003e24000 	/System/Library/Frameworks/CFNetwork.framework/Versions/A/CFNetwork
0x0000000003e24000 	/System/Library/Frameworks/SystemConfiguration.framework/Versions/A/SystemConfiguration
0x0000000003e24000 	/usr/lib/libCRFSuite.dylib
0x0000000003e24000 	/usr/lib/libc++.1.dylib
0x0000000003e24000 	/usr/lib/libc++abi.dylib
0x0000000003e24000 	/usr/lib/system/libcache.dylib
0x0000000003e24000 	/usr/lib/system/libcommonCrypto.dylib
0x0000000003e24000 	/usr/lib/system/libcompiler_rt.dylib
0x0000000003e24000 	/usr/lib/system/libcopyfile.dylib
0x0000000003e24000 	/usr/lib/system/libcorecrypto.dylib
0x0000000003e24000 	/usr/lib/system/libdispatch.dylib
0x0000000003e24000 	/usr/lib/system/libdyld.dylib
0x0000000003e24000 	/usr/lib/system/libkeymgr.dylib
0x0000000003e24000 	/usr/lib/system/liblaunch.dylib
0x0000000003e24000 	/usr/lib/system/libmacho.dylib
0x0000000003e24000 	/usr/lib/system/libquarantine.dylib
0x0000000003e24000 	/usr/lib/system/libremovefile.dylib
0x0000000003e24000 	/usr/lib/system/libsystem_asl.dylib
0x0000000003e24000 	/usr/lib/system/libsystem_blocks.dylib
0x0000000003e24000 	/usr/lib/system/libsystem_c.dylib
0x0000000003e24000 	/usr/lib/system/libsystem_configuration.dylib
0x0000000003e24000 	/usr/lib/system/libsystem_coreservices.dylib
0x0000000003e24000 	/usr/lib/system/libsystem_coretls.dylib
0x0000000003e24000 	/usr/lib/system/libsystem_dnssd.dylib
0x0000000003e24000 	/usr/lib/system/libsystem_info.dylib
0x0000000003e24000 	/usr/lib/system/libsystem_kernel.dylib
0x0000000003e24000 	/usr/lib/system/libsystem_m.dylib
0x0000000003e24000 	/usr/lib/system/libsystem_malloc.dylib
0x0000000003e24000 	/usr/lib/system/libsystem_network.dylib
0x0000000003e24000 	/usr/lib/system/libsystem_networkextension.dylib
0x0000000003e24000 	/usr/lib/system/libsystem_notify.dylib
0x0000000003e24000 	/usr/lib/system/libsystem_platform.dylib
0x0000000003e24000 	/usr/lib/system/libsystem_pthread.dylib
0x0000000003e24000 	/usr/lib/system/libsystem_sandbox.dylib
0x0000000003e24000 	/usr/lib/system/libsystem_secinit.dylib
0x0000000003e24000 	/usr/lib/system/libsystem_symptoms.dylib
0x0000000003e24000 	/usr/lib/system/libsystem_trace.dylib
0x0000000003e24000 	/usr/lib/system/libunwind.dylib
0x0000000003e24000 	/usr/lib/system/libxpc.dylib
0x0000000003e24000 	/usr/lib/libbsm.0.dylib
0x0000000003e24000 	/usr/lib/system/libkxld.dylib
0x0000000003e24000 	/usr/lib/libcoretls.dylib
0x0000000003e24000 	/usr/lib/libcoretls_cfhelpers.dylib
0x0000000003e24000 	/usr/lib/libOpenScriptingUtil.dylib
0x0000000003e24000 	/usr/lib/libpam.2.dylib
0x0000000003e24000 	/usr/lib/libsqlite3.dylib
0x0000000003e24000 	/usr/lib/libxar.1.dylib
0x0000000003e24000 	/usr/lib/libbz2.1.0.dylib
0x0000000003e24000 	/usr/lib/liblzma.5.dylib
0x0000000003e24000 	/usr/lib/libnetwork.dylib
0x0000000003e24000 	/usr/lib/libpcap.A.dylib
0x0000000003e24000 	/System/Library/Frameworks/CoreServices.framework/Versions/A/Frameworks/FSEvents.framework/Versions/A/FSEvents
0x0000000003e24000 	/System/Library/Frameworks/CoreServices.framework/Versions/A/Frameworks/CarbonCore.framework/Versions/A/CarbonCore
0x0000000003e24000 	/System/Library/Frameworks/CoreServices.framework/Versions/A/Frameworks/Metadata.framework/Versions/A/Metadata
0x0000000003e24000 	/System/Library/Frameworks/CoreServices.framework/Versions/A/Frameworks/OSServices.framework/Versions/A/OSServices
0x0000000003e24000 	/System/Library/Frameworks/CoreServices.framework/Versions/A/Frameworks/SearchKit.framework/Versions/A/SearchKit
0x0000000003e24000 	/System/Library/Frameworks/CoreServices.framework/Versions/A/Frameworks/AE.framework/Versions/A/AE
0x0000000003e24000 	/System/Library/Frameworks/CoreServices.framework/Versions/A/Frameworks/LaunchServices.framework/Versions/A/LaunchServices
0x0000000003e24000 	/System/Library/Frameworks/CoreServices.framework/Versions/A/Frameworks/DictionaryServices.framework/Versions/A/DictionaryServices
0x0000000003e24000 	/System/Library/Frameworks/CoreServices.framework/Versions/A/Frameworks/SharedFileList.framework/Versions/A/SharedFileList
0x0000000003e24000 	/System/Library/Frameworks/NetFS.framework/Versions/A/NetFS
0x0000000003e24000 	/System/Library/PrivateFrameworks/NetAuth.framework/Versions/A/NetAuth
0x0000000003e24000 	/System/Library/PrivateFrameworks/login.framework/Versions/A/Frameworks/loginsupport.framework/Versions/A/loginsupport
0x0000000003e24000 	/System/Library/PrivateFrameworks/TCC.framework/Versions/A/TCC
0x0000000003e24000 	/usr/lib/libmecabra.dylib
0x0000000003e24000 	/System/Library/Frameworks/ApplicationServices.framework/Versions/A/Frameworks/ATS.framework/Versions/A/ATS
0x0000000003e24000 	/System/Library/Frameworks/ApplicationServices.framework/Versions/A/Frameworks/ColorSync.framework/Versions/A/ColorSync
0x0000000003e24000 	/System/Library/Frameworks/ApplicationServices.framework/Versions/A/Frameworks/HIServices.framework/Versions/A/HIServices
0x0000000003e24000 	/System/Library/Frameworks/ApplicationServices.framework/Versions/A/Frameworks/LangAnalysis.framework/Versions/A/LangAnalysis
0x0000000003e24000 	/System/Library/Frameworks/ApplicationServices.framework/Versions/A/Frameworks/PrintCore.framework/Versions/A/PrintCore
0x0000000003e24000 	/System/Library/Frameworks/ApplicationServices.framework/Versions/A/Frameworks/QD.framework/Versions/A/QD
0x0000000003e24000 	/System/Library/Frameworks/ApplicationServices.framework/Versions/A/Frameworks/SpeechSynthesis.framework/Versions/A/SpeechSynthesis
0x0000000003e24000 	/System/Library/Frameworks/Accelerate.framework/Versions/A/Frameworks/vImage.framework/Versions/A/vImage
0x0000000003e24000 	/System/Library/Frameworks/Accelerate.framework/Versions/A/Frameworks/vecLib.framework/Versions/A/vecLib
0x0000000003e24000 	/System/Library/Frameworks/Accelerate.framework/Versions/A/Frameworks/vecLib.framework/Versions/A/libvDSP.dylib
0x0000000003e24000 	/System/Library/Frameworks/Accelerate.framework/Versions/A/Frameworks/vecLib.framework/Versions/A/libBNNS.dylib
0x0000000003e24000 	/System/Library/Frameworks/Accelerate.framework/Versions/A/Frameworks/vecLib.framework/Versions/A/libQuadrature.dylib
0x0000000003e24000 	/System/Library/Frameworks/Accelerate.framework/Versions/A/Frameworks/vecLib.framework/Versions/A/libvMisc.dylib
0x0000000003e24000 	/System/Library/Frameworks/Accelerate.framework/Versions/A/Frameworks/vecLib.framework/Versions/A/libLAPACK.dylib
0x0000000003e24000 	/System/Library/Frameworks/Accelerate.framework/Versions/A/Frameworks/vecLib.framework/Versions/A/libBLAS.dylib
0x0000000003e24000 	/System/Library/Frameworks/Accelerate.framework/Versions/A/Frameworks/vecLib.framework/Versions/A/libLinearAlgebra.dylib
0x0000000003e24000 	/System/Library/Frameworks/Accelerate.framework/Versions/A/Frameworks/vecLib.framework/Versions/A/libSparseBLAS.dylib
0x0000000003e24000 	/System/Library/Frameworks/ApplicationServices.framework/Versions/A/Frameworks/ATS.framework/Versions/A/Resources/libFontParser.dylib
0x0000000003e24000 	/System/Library/Frameworks/ApplicationServices.framework/Versions/A/Frameworks/ATS.framework/Versions/A/Resources/libFontRegistry.dylib
0x0000000003e24000 	/System/Library/Frameworks/ImageIO.framework/Versions/A/Resources/libJPEG.dylib
0x0000000003e24000 	/System/Library/Frameworks/ImageIO.framework/Versions/A/Resources/libTIFF.dylib
0x0000000003e24000 	/System/Library/Frameworks/ImageIO.framework/Versions/A/Resources/libPng.dylib
0x0000000003e24000 	/System/Library/Frameworks/ImageIO.framework/Versions/A/Resources/libGIF.dylib
0x0000000003e24000 	/System/Library/Frameworks/ImageIO.framework/Versions/A/Resources/libJP2.dylib
0x0000000003e24000 	/System/Library/Frameworks/ImageIO.framework/Versions/A/Resources/libRadiance.dylib
0x0000000003e24000 	/usr/lib/libcompression.dylib
0x0000000003e24000 	/System/Library/PrivateFrameworks/AppleJPEG.framework/Versions/A/AppleJPEG
0x0000000003e24000 	/usr/lib/libcups.2.dylib
0x0000000003e24000 	/System/Library/Frameworks/Kerberos.framework/Versions/A/Kerberos
0x0000000003e24000 	/System/Library/Frameworks/GSS.framework/Versions/A/GSS
0x0000000003e24000 	/usr/lib/libresolv.9.dylib
0x0000000003e24000 	/usr/lib/libiconv.2.dylib
0x0000000003e24000 	/System/Library/PrivateFrameworks/Heimdal.framework/Versions/A/Heimdal
0x0000000003e24000 	/usr/lib/libheimdal-asn1.dylib
0x0000000003e24000 	/System/Library/Frameworks/OpenDirectory.framework/Versions/A/OpenDirectory
0x0000000003e24000 	/System/Library/PrivateFrameworks/CommonAuth.framework/Versions/A/CommonAuth
0x0000000003e24000 	/System/Library/Frameworks/OpenDirectory.framework/Versions/A/Frameworks/CFOpenDirectory.framework/Versions/A/CFOpenDirectory
0x0000000003e24000 	/System/Library/Frameworks/SecurityFoundation.framework/Versions/A/SecurityFoundation
0x0000000003e24000 	/System/Library/PrivateFrameworks/LanguageModeling.framework/Versions/A/LanguageModeling
0x0000000003e24000 	/usr/lib/libmarisa.dylib
0x0000000003e24000 	/usr/lib/libChineseTokenizer.dylib
0x0000000003e24000 	/usr/lib/libcmph.dylib
0x0000000003e24000 	/System/Library/PrivateFrameworks/CoreEmoji.framework/Versions/A/CoreEmoji
0x0000000003e24000 	/System/Library/Frameworks/ServiceManagement.framework/Versions/A/ServiceManagement
0x0000000003e24000 	/usr/lib/libxslt.1.dylib
0x0000000003e24000 	/System/Library/Frameworks/Carbon.framework/Versions/A/Frameworks/Ink.framework/Versions/A/Ink
0x0000000003e24000 	/System/Library/PrivateFrameworks/TextureIO.framework/Versions/A/TextureIO
0x0000000003e24000 	/System/Library/Frameworks/Metal.framework/Versions/A/Metal
0x0000000003e24000 	/usr/lib/libate.dylib
0x0000000003e24000 	/System/Library/PrivateFrameworks/GPUCompiler.framework/libmetal_timestamp.dylib
0x0000000003e24000 	/System/Library/Frameworks/OpenGL.framework/Versions/A/Libraries/libCoreFSCache.dylib
0x0000000003e24000 	/System/Library/PrivateFrameworks/IOAccelerator.framework/Versions/A/IOAccelerator
0x0000000003e24000 	/System/Library/Frameworks/CoreVideo.framework/Versions/A/CoreVideo
0x0000000003e24000 	/usr/lib/libFosl_dynamic.dylib
0x0000000003e24000 	/System/Library/PrivateFrameworks/MetalPerformanceShaders.framework/Versions/A/MetalPerformanceShaders
0x0000000003e24000 	/System/Library/PrivateFrameworks/FaceCore.framework/Versions/A/FaceCore
0x0000000003e24000 	/System/Library/Frameworks/OpenCL.framework/Versions/A/OpenCL
0x0000000003e24000 	/System/Library/Frameworks/OpenGL.framework/Versions/A/Libraries/libGLU.dylib
0x0000000003e24000 	/System/Library/Frameworks/OpenGL.framework/Versions/A/Libraries/libGFXShared.dylib
0x0000000003e24000 	/System/Library/Frameworks/OpenGL.framework/Versions/A/Libraries/libGL.dylib
0x0000000003e24000 	/System/Library/Frameworks/OpenGL.framework/Versions/A/Libraries/libGLImage.dylib
0x0000000003e24000 	/System/Library/Frameworks/OpenGL.framework/Versions/A/Libraries/libCVMSPluginSupport.dylib
0x0000000003e24000 	/System/Library/Frameworks/OpenGL.framework/Versions/A/Libraries/libCoreVMClient.dylib
0x0000000003e24000 	/System/Library/PrivateFrameworks/CrashReporterSupport.framework/Versions/A/CrashReporterSupport
0x0000000003e24000 	/System/Library/PrivateFrameworks/Sharing.framework/Versions/A/Sharing
0x0000000003e24000 	/System/Library/PrivateFrameworks/IconServices.framework/Versions/A/IconServices
0x0000000003e24000 	/System/Library/PrivateFrameworks/ProtocolBuffer.framework/Versions/A/ProtocolBuffer
0x0000000003e24000 	/System/Library/PrivateFrameworks/Apple80211.framework/Versions/A/Apple80211
0x0000000003e24000 	/System/Library/Frameworks/CoreWLAN.framework/Versions/A/CoreWLAN
0x0000000003e24000 	/System/Library/PrivateFrameworks/CoreUtils.framework/Versions/A/CoreUtils
0x0000000003e24000 	/System/Library/Frameworks/IOBluetooth.framework/Versions/A/IOBluetooth
0x0000000003e24000 	/System/Library/PrivateFrameworks/CoreWiFi.framework/Versions/A/CoreWiFi
0x0000000003e24000 	/System/Library/Frameworks/CoreBluetooth.framework/Versions/A/CoreBluetooth
0x0000000003e24000 	/System/Library/Frameworks/CoreDisplay.framework/Versions/A/CoreDisplay
0x0000000003e24000 	/System/Library/PrivateFrameworks/IOPresentment.framework/Versions/A/IOPresentment
0x0000000003e24000 	/System/Library/PrivateFrameworks/DSExternalDisplay.framework/Versions/A/DSExternalDisplay
0x0000000003e24000 	/System/Library/PrivateFrameworks/DebugSymbols.framework/Versions/A/DebugSymbols
0x0000000003e24000 	/System/Library/PrivateFrameworks/CoreSymbolication.framework/Versions/A/CoreSymbolication
0x0000000003e24000 	/System/Library/PrivateFrameworks/Symbolication.framework/Versions/A/Symbolication
0x0000000003e24000 	/System/Library/PrivateFrameworks/AppleFSCompression.framework/Versions/A/AppleFSCompression
0x0000000003e24000 	/System/Library/PrivateFrameworks/SpeechRecognitionCore.framework/Versions/A/SpeechRecognitionCore
0x0000000003e24000 	/System/Library/PrivateFrameworks/ChunkingLibrary.framework/Versions/A/ChunkingLibrary
0x000000010b840000 	/Volumes/LocalDataHD/m/ma/ma777/Desktop/omnetpp-5.2.1-hpc/omnetpp-5.2.1/ide/omnetpp.app/Contents/Eclipse/plugins/org.eclipse.equinox.launcher.cocoa.macosx.x86_64_1.1.550.v20170928-1359/eclipse_1629.so
0x0000000003e24000 	/System/Library/PrivateFrameworks/CoreServicesInternal.framework/Versions/A/CoreServicesInternal
0x000000010d509000 	/Library/Java/JavaVirtualMachines/jdk1.8.0_144.jdk/Contents/MacOS/libjli.dylib
0x000000010dade000 	/Library/Java/JavaVirtualMachines/jdk1.8.0_144.jdk/Contents/Home/jre//lib/server/libjvm.dylib
0x0000000003e24000 	/usr/lib/libstdc++.6.dylib
0x000000010d519000 	/Library/Java/JavaVirtualMachines/jdk1.8.0_144.jdk/Contents/Home/jre/lib/libverify.dylib
0x000000010d527000 	/Library/Java/JavaVirtualMachines/jdk1.8.0_144.jdk/Contents/Home/jre/lib/libjava.dylib
0x000000010d565000 	/Library/Java/JavaVirtualMachines/jdk1.8.0_144.jdk/Contents/Home/jre/lib/libzip.dylib
0x0000000111e44000 	/System/Library/Frameworks/JavaVM.framework/Frameworks/JavaRuntimeSupport.framework/JavaRuntimeSupport
0x0000000111e5e000 	/System/Library/Frameworks/JavaVM.framework/Versions/A/Frameworks/JavaNativeFoundation.framework/Versions/A/JavaNativeFoundation
0x0000000111e73000 	/System/Library/Frameworks/JavaVM.framework/Versions/A/JavaVM
0x0000000003e24000 	/System/Library/Frameworks/Carbon.framework/Versions/A/Carbon
0x0000000111e80000 	/System/Library/PrivateFrameworks/JavaLaunching.framework/Versions/A/JavaLaunching
0x0000000003e24000 	/System/Library/Frameworks/Carbon.framework/Versions/A/Frameworks/CommonPanels.framework/Versions/A/CommonPanels
0x0000000003e24000 	/System/Library/Frameworks/Carbon.framework/Versions/A/Frameworks/Help.framework/Versions/A/Help
0x0000000003e24000 	/System/Library/Frameworks/Carbon.framework/Versions/A/Frameworks/ImageCapture.framework/Versions/A/ImageCapture
0x0000000003e24000 	/System/Library/Frameworks/Carbon.framework/Versions/A/Frameworks/OpenScripting.framework/Versions/A/OpenScripting
0x0000000003e24000 	/System/Library/Frameworks/Carbon.framework/Versions/A/Frameworks/Print.framework/Versions/A/Print
0x0000000003e24000 	/System/Library/Frameworks/Carbon.framework/Versions/A/Frameworks/SecurityHI.framework/Versions/A/SecurityHI
0x0000000003e24000 	/System/Library/CoreServices/RawCamera.bundle/Contents/MacOS/RawCamera
0x0000000003e24000 	/System/Library/Frameworks/Accelerate.framework/Versions/A/Frameworks/vImage.framework/Versions/A/Libraries/libCGInterfaces.dylib
0x0000000003e24000 	/System/Library/Frameworks/ApplicationServices.framework/Versions/A/Frameworks/ATS.framework/Versions/A/Resources/libTrueTypeScaler.dylib
0x000000012b46b000 	/System/Library/Frameworks/OpenGL.framework/Resources/GLEngine.bundle/GLEngine
0x0000000003e24000 	/System/Library/Frameworks/OpenGL.framework/Versions/A/Libraries/libGLProgrammability.dylib
0x0000000003e24000 	/System/Library/Extensions/GeForceGLDriver.bundle/Contents/MacOS/GeForceGLDriver
0x0000000003e24000 	/System/Library/Extensions/GeForceGLDriver.bundle/Contents/MacOS/libclh.dylib
0x0000000003e24000 	/System/Library/PrivateFrameworks/GPUSupport.framework/Versions/A/Libraries/libGPUSupportMercury.dylib
0x0000000112e2a000 	/System/Library/Frameworks/OpenGL.framework/Resources//GLRendererFloat.bundle/GLRendererFloat
0x0000000003e24000 	/System/Library/Frameworks/OpenCL.framework/Versions/A/Libraries/libcldcpuengine.dylib
0x0000000003e24000 	/usr/lib/libcrypto.0.9.8.dylib
0x0000000003e24000 	/System/Library/PrivateFrameworks/TrustEvaluationAgent.framework/Versions/A/TrustEvaluationAgent
0x0000000003e24000 	/System/Library/Extensions/GeForceMTLDriver.bundle/Contents/MacOS/GeForceMTLDriver
0x000000012fb8d000 	/Library/Java/JavaVirtualMachines/jdk1.8.0_144.jdk/Contents/Home/jre/lib/libnet.dylib
0x000000012fba4000 	/Library/Java/JavaVirtualMachines/jdk1.8.0_144.jdk/Contents/Home/jre/lib/libnio.dylib
0x0000000003e24000 	/System/Library/PrivateFrameworks/ViewBridge.framework/Versions/A/ViewBridge
0x0000000003e24000 	/System/Library/PrivateFrameworks/XPCService.framework/Versions/A/XPCService
0x0000000003e24000 	/System/Library/PrivateFrameworks/AppSandbox.framework/Versions/A/AppSandbox
0x0000000003e24000 	/usr/lib/libsandbox.1.dylib
0x0000000003e24000 	/System/Library/PrivateFrameworks/AppContainer.framework/Versions/A/AppContainer
0x0000000003e24000 	/System/Library/PrivateFrameworks/SecCodeWrapper.framework/Versions/A/SecCodeWrapper
0x0000000003e24000 	/usr/lib/libMatch.1.dylib
0x0000000130526000 	/Volumes/LocalDataHD/m/ma/ma777/Desktop/omnetpp-5.2.1-hpc/omnetpp-5.2.1/ide/omnetpp.app/Contents/Eclipse/configuration/org.eclipse.osgi/305/0/.cp/libswt-cocoa-4758.jnilib
0x0000000003e24000 	/System/Library/Frameworks/WebKit.framework/Versions/A/WebKit
0x0000000003e24000 	/System/Library/Frameworks/JavaScriptCore.framework/Versions/A/JavaScriptCore
0x0000000003e24000 	/System/Library/Frameworks/SecurityInterface.framework/Versions/A/SecurityInterface
0x0000000003e24000 	/System/Library/Frameworks/WebKit.framework/Versions/A/Frameworks/WebKitLegacy.framework/Versions/A/WebKitLegacy
0x0000000003e24000 	/System/Library/Frameworks/WebKit.framework/Versions/A/Frameworks/WebCore.framework/Versions/A/WebCore
0x000000013057b000 	/Volumes/LocalDataHD/m/ma/ma777/Desktop/omnetpp-5.2.1-hpc/omnetpp-5.2.1/ide/omnetpp.app/Contents/Eclipse/configuration/org.eclipse.osgi/305/0/.cp/libswt-pi-cocoa-4758.jnilib
0x0000000003e24000 	/System/Library/PrivateFrameworks/CloudDocs.framework/Versions/A/CloudDocs
0x0000000003e24000 	/System/Library/Frameworks/CloudKit.framework/Versions/A/CloudKit
0x0000000003e24000 	/System/Library/PrivateFrameworks/MMCS.framework/Versions/A/MMCS
0x0000000003e24000 	/System/Library/Frameworks/CoreLocation.framework/Versions/A/CoreLocation
0x0000000003e24000 	/System/Library/PrivateFrameworks/ProtectedCloudStorage.framework/Versions/A/ProtectedCloudStorage
0x0000000003e24000 	/System/Library/PrivateFrameworks/AssetCacheServices.framework/Versions/A/AssetCacheServices
0x0000000003e24000 	/System/Library/PrivateFrameworks/GeoServices.framework/Versions/A/GeoServices
0x0000000112256000 	/System/Library/PrivateFrameworks/CoreNLP.framework/Versions/A/CoreNLP
0x0000000111ee0000 	/Volumes/LocalDataHD/m/ma/ma777/Desktop/omnetpp-5.2.1-hpc/omnetpp-5.2.1/ide/omnetpp.app/Contents/Eclipse/configuration/org.eclipse.osgi/96/0/.cp/os/macosx/libunixfile_1_0_0.jnilib
0x000000013626e000 	/Volumes/LocalDataHD/m/ma/ma777/Desktop/omnetpp-5.2.1-hpc/omnetpp-5.2.1/ide/omnetpp.app/Contents/Eclipse/plugins/org.omnetpp.ide.nativelibs.macosx_5.2.1.171211-da8f6bc/libopplibs.jnilib
0x0000000130f85000 	/Library/Java/JavaVirtualMachines/jdk1.8.0_144.jdk/Contents/Home/jre/lib/libawt.dylib
0x00000001337c2000 	/Library/Java/JavaVirtualMachines/jdk1.8.0_144.jdk/Contents/Home/jre/lib/./libmlib_image.dylib
0x00000001346f1000 	/Library/Java/JavaVirtualMachines/jdk1.8.0_144.jdk/Contents/Home/jre/lib/libawt_lwawt.dylib
0x000000012fb44000 	/Library/Java/JavaVirtualMachines/jdk1.8.0_144.jdk/Contents/Home/jre/lib/./libosxapp.dylib
0x0000000003e24000 	/System/Library/Frameworks/ExceptionHandling.framework/Versions/A/ExceptionHandling
0x000000012b2b0000 	cl_kernels
0x00000001382d1000 	/System/Library/Frameworks/OpenCL.framework/Versions/A/Libraries/ImageFormats/unorm8_bgra.dylib
0x0000000130e7d000 	/Library/Java/JavaVirtualMachines/jdk1.8.0_144.jdk/Contents/Home/jre/lib/libsunec.dylib
0x00000001120ac000 	/Library/Java/JavaVirtualMachines/jdk1.8.0_144.jdk/Contents/Home/jre/lib/libmanagement.dylib
0x000000011204f000 	cl_kernels
0x0000000112ca4000 	/Volumes/LocalDataHD/m/ma/ma777/Desktop/omnetpp-5.2.1-hpc/omnetpp-5.2.1/ide/omnetpp.app/Contents/Eclipse/configuration/org.eclipse.osgi/64/0/.cp/os/macosx/x86_64/libspawner.jnilib
0x0000000003e24000 	/System/Library/PrivateFrameworks/Shortcut.framework/Versions/A/Shortcut
0x0000000003e24000 	/System/Library/PrivateFrameworks/HelpData.framework/Versions/A/HelpData
0x0000000003e24000 	/System/Library/PrivateFrameworks/DataDetectors.framework/Versions/A/DataDetectors
0x0000000003e24000 	/System/Library/Frameworks/AddressBook.framework/Versions/A/AddressBook
0x0000000003e24000 	/System/Library/Frameworks/Quartz.framework/Versions/A/Quartz
0x0000000003e24000 	/System/Library/PrivateFrameworks/ContactsPersistence.framework/Versions/A/ContactsPersistence
0x0000000003e24000 	/System/Library/PrivateFrameworks/CalendarAgentLink.framework/Versions/A/CalendarAgentLink
0x0000000003e24000 	/System/Library/PrivateFrameworks/ContactsFoundation.framework/Versions/A/ContactsFoundation
0x0000000003e24000 	/System/Library/PrivateFrameworks/vCard.framework/Versions/A/vCard
0x0000000003e24000 	/System/Library/PrivateFrameworks/IntlPreferences.framework/Versions/A/IntlPreferences
0x0000000003e24000 	/System/Library/PrivateFrameworks/ToneLibrary.framework/Versions/A/ToneLibrary
0x0000000003e24000 	/System/Library/PrivateFrameworks/ToneKit.framework/Versions/A/ToneKit
0x0000000003e24000 	/System/Library/PrivateFrameworks/ApplePushService.framework/Versions/A/ApplePushService
0x0000000003e24000 	/System/Library/Frameworks/DirectoryService.framework/Versions/A/DirectoryService
0x0000000003e24000 	/System/Library/PrivateFrameworks/PhoneNumbers.framework/Versions/A/PhoneNumbers
0x0000000003e24000 	/System/Library/Frameworks/LDAP.framework/Versions/A/LDAP
0x0000000003e24000 	/System/Library/Frameworks/Accounts.framework/Versions/A/Accounts
0x0000000003e24000 	/System/Library/PrivateFrameworks/OAuth.framework/Versions/A/OAuth
0x0000000003e24000 	/System/Library/Frameworks/AVFoundation.framework/Versions/A/AVFoundation
0x0000000003e24000 	/System/Library/Frameworks/AVFoundation.framework/Versions/A/Frameworks/AVFAudio.framework/Versions/A/AVFAudio
0x0000000003e24000 	/System/Library/Frameworks/CoreMedia.framework/Versions/A/CoreMedia
0x0000000003e24000 	/System/Library/Frameworks/MediaToolbox.framework/Versions/A/MediaToolbox
0x0000000003e24000 	/System/Library/Frameworks/VideoToolbox.framework/Versions/A/VideoToolbox
0x0000000003e24000 	/System/Library/Frameworks/CoreMediaIO.framework/Versions/A/CoreMediaIO
0x0000000003e24000 	/usr/lib/libspindump.dylib
0x0000000003e24000 	/usr/lib/libdscsym.dylib
0x0000000003e24000 	/System/Library/PrivateFrameworks/CoreAVCHD.framework/Versions/A/CoreAVCHD
0x0000000003e24000 	/System/Library/Frameworks/MediaAccessibility.framework/Versions/A/MediaAccessibility
0x0000000003e24000 	/System/Library/PrivateFrameworks/Mangrove.framework/Versions/A/Mangrove
0x0000000003e24000 	/System/Library/PrivateFrameworks/CoreAUC.framework/Versions/A/CoreAUC
0x0000000003e24000 	/System/Library/PrivateFrameworks/AppleVA.framework/Versions/A/AppleVA
0x0000000003e24000 	/System/Library/PrivateFrameworks/CoreDaemon.framework/Versions/B/CoreDaemon
0x0000000003e24000 	/System/Library/PrivateFrameworks/AppleSRP.framework/Versions/A/AppleSRP
0x0000000003e24000 	/System/Library/Frameworks/Quartz.framework/Versions/A/Frameworks/QuartzComposer.framework/Versions/A/QuartzComposer
0x0000000003e24000 	/System/Library/Frameworks/Quartz.framework/Versions/A/Frameworks/PDFKit.framework/Versions/A/PDFKit
0x0000000003e24000 	/System/Library/Frameworks/Quartz.framework/Versions/A/Frameworks/QuartzFilters.framework/Versions/A/QuartzFilters
0x0000000003e24000 	/System/Library/Frameworks/Quartz.framework/Versions/A/Frameworks/ImageKit.framework/Versions/A/ImageKit
0x0000000003e24000 	/System/Library/Frameworks/Quartz.framework/Versions/A/Frameworks/QuickLookUI.framework/Versions/A/QuickLookUI
0x0000000003e24000 	/System/Library/Frameworks/QTKit.framework/Versions/A/QTKit
0x0000000003e24000 	/System/Library/PrivateFrameworks/AppleSystemInfo.framework/Versions/A/AppleSystemInfo
0x0000000003e24000 	/System/Library/PrivateFrameworks/CoreMediaAuthoring.framework/Versions/A/CoreMediaAuthoring
0x0000000003e24000 	/System/Library/PrivateFrameworks/CorePDF.framework/Versions/A/CorePDF
0x0000000003e24000 	/System/Library/Frameworks/SafariServices.framework/Versions/A/SafariServices
0x0000000003e24000 	/System/Library/Frameworks/QuickLook.framework/Versions/A/QuickLook
0x0000000003e24000 	/System/Library/PrivateFrameworks/MobileKeyBag.framework/Versions/A/MobileKeyBag
0x0000000003e24000 	/System/Library/PrivateFrameworks/QuickLookThumbnailing.framework/Versions/A/QuickLookThumbnailing
0x0000000003e24000 	/System/Library/PrivateFrameworks/DisplayServices.framework/Versions/A/DisplayServices
0x0000000003e24000 	/System/Library/Frameworks/ImageCaptureCore.framework/Versions/A/ImageCaptureCore
0x0000000003e24000 	/usr/lib/libsasl2.2.dylib
0x000000013e088000 	/Library/Java/JavaVirtualMachines/jdk1.8.0_144.jdk/Contents/Home/jre/lib/libfontmanager.dylib
0x000000016a82f000 	/System/Library/Frameworks/ApplicationServices.framework/Frameworks/ATS.framework/Resources/libFontRegistryUI.dylib
0x000000016a83c000 	/System/Library/Frameworks/ApplicationServices.framework/Versions/A/Frameworks/ATS.framework/Versions/A/Resources/ATSHI.dylib

VM Arguments:
jvm_args: -Dosgi.instance.area.default=/home/m/ma/ma777/Desktop/omnetpp-5.2.1-hpc/omnetpp-5.2.1/bin/../ide/../samples 
java_command: <unknown>
java_class_path (initial): /Volumes/LocalDataHD/m/ma/ma777/Desktop/omnetpp-5.2.1-hpc/omnetpp-5.2.1/ide/omnetpp.app/Contents/MacOS//../Eclipse/plugins/org.eclipse.equinox.launcher_1.4.0.v20161219-1356.jar
Launcher Type: generic

Environment Variables:
PATH=$/home/m/ma/ma777/Desktop/omnetpp-5.2.1-hpc/omnetpp-5.2.1/bin:$/home/m/ma/ma777/Desktop/omnetpp-5.2.1-hpc/omnetpp-5.2.1/tools/macosx/bin:/opt/local/bin:/opt/local/sbin:/home/m/ma/ma777/perl5/perlbrew/bin:/home/m/ma/ma777/perl5/perlbrew/perls/perl-5.16.0/bin:/usr/local/bin:/usr/bin:/bin:/usr/sbin:/sbin:/opt/X11/bin:/usr/local/munki:/Library/Application Support/pinpoint/bin:/opt/puppetlabs/bin:/Library/TeX/texbin:/Applications/Wireshark.app/Contents/MacOS:/home/m/ma/ma777/Desktop/omnetpp-5.2.1-hpc/omnetpp-5.2.1/bin:$/home/m/ma/ma777/Desktop/omnetpp-5.2.1-hpc/omnetpp-5.2.1/tools/macosx/bin:/opt/local/bin:/opt/local/sbin:/home/m/ma/ma777/perl5/perlbrew/bin:/home/m/ma/ma777/perl5/perlbrew/perls/perl-5.16.0/bin:/usr/local/bin:/usr/bin:/bin:/usr/sbin:/sbin:/opt/X11/bin:/usr/local/munki:/Library/Application Support/pinpoint/bin:/opt/puppetlabs/bin:/Library/TeX/texbin:/Applications/Wireshark.app/Contents/MacOS
SHELL=/bin/bash
DISPLAY=/private/tmp/com.apple.launchd.IO9kmMAEBf/org.macosforge.xquartz:0

Signal Handlers:
SIGSEGV: [libjvm.dylib+0x5b26e5], sa_mask[0]=11111111011111110111111111111111, sa_flags=SA_ONSTACK|SA_RESTART|SA_SIGINFO
SIGBUS: [libjvm.dylib+0x5b26e5], sa_mask[0]=11111111011111110111111111111111, sa_flags=SA_RESTART|SA_SIGINFO
SIGFPE: [libjvm.dylib+0x489100], sa_mask[0]=11111111011111110111111111111111, sa_flags=SA_RESTART|SA_SIGINFO
SIGPIPE: [libjvm.dylib+0x489100], sa_mask[0]=11111111011111110111111111111111, sa_flags=SA_RESTART|SA_SIGINFO
SIGXFSZ: [libjvm.dylib+0x489100], sa_mask[0]=11111111011111110111111111111111, sa_flags=SA_RESTART|SA_SIGINFO
SIGILL: [libjvm.dylib+0x489100], sa_mask[0]=11111111011111110111111111111111, sa_flags=SA_RESTART|SA_SIGINFO
SIGUSR1: SIG_DFL, sa_mask[0]=11011111011111100000000111000110, sa_flags=none
SIGUSR2: [libjvm.dylib+0x488c1e], sa_mask[0]=00000000000000000000000000000000, sa_flags=SA_RESTART|SA_SIGINFO
SIGHUP: [libjvm.dylib+0x4871f5], sa_mask[0]=11111111011111110111111111111111, sa_flags=SA_RESTART|SA_SIGINFO
SIGINT: SIG_IGN, sa_mask[0]=00000000000000000000000000000000, sa_flags=none
SIGTERM: [libjvm.dylib+0x4871f5], sa_mask[0]=11111111011111110111111111111111, sa_flags=SA_RESTART|SA_SIGINFO
SIGQUIT: [libjvm.dylib+0x4871f5], sa_mask[0]=11111111011111110111111111111111, sa_flags=SA_RESTART|SA_SIGINFO


---------------  S Y S T E M  ---------------

OS:Bsduname:Darwin 16.7.0 Darwin Kernel Version 16.7.0: Thu Jun 15 17:36:27 PDT 2017; root:xnu-3789.70.16~2/RELEASE_X86_64 x86_64
rlimit: STACK 8192k, CORE 0k, NPROC 709, NOFILE 10240, AS infinity
load average:1.99 2.02 2.09

CPU:total 4 (initial active 4) (4 cores per cpu, 1 threads per core) family 6 model 60 stepping 3, cmov, cx8, fxsr, mmx, sse, sse2, sse3, ssse3, sse4.1, sse4.2, popcnt, avx, avx2, aes, clmul, erms, rtm, lzcnt, tsc, tscinvbit, bmi1, bmi2

Memory: 4k page, physical 16777216k(1653428k free)

/proc/meminfo:


vm_info: Java HotSpot(TM) 64-Bit Server VM (25.144-b01) for bsd-amd64 JRE (1.8.0_144-b01), built on Jul 21 2017 22:07:42 by "java_re" with gcc 4.2.1 (Based on Apple Inc. build 5658) (LLVM build 2336.11.00)

time: Mon Jan 22 13:53:34 2018
elapsed time: 1086 seconds (0d 0h 18m 6s)

