#
# A fatal error has been detected by the Java Runtime Environment:
#
#  SIGSEGV (0xb) at pc=0x00000001387a2197, pid=14369, tid=0x0000000000000307
#
# JRE version: Java(TM) SE Runtime Environment (8.0_144-b01) (build 1.8.0_144-b01)
# Java VM: Java HotSpot(TM) 64-Bit Server VM (25.144-b01 mixed mode bsd-amd64 compressed oops)
# Problematic frame:
# C  [libopplibs.jnilib+0x180197]  _ZN7omnetpp8eventlog19SequenceChartFacade38getEventForNonLinearTimelineCoordinateEdRb+0x107
#
# Failed to write core dump. Core dumps have been disabled. To enable core dumping, try "ulimit -c unlimited" before starting Java again
#
# If you would like to submit a bug report, please visit:
#   http://bugreport.java.com/bugreport/crash.jsp
# The crash happened outside the Java Virtual Machine in native code.
# See problematic frame for where to report the bug.
#

---------------  T H R E A D  ---------------

Current thread (0x00007f847e80e000):  JavaThread "main" [_thread_in_native, id=775, stack(0x00007fff52b5d000,0x00007fff5335d000)]

siginfo: si_signo: 11 (SIGSEGV), si_code: 1 (SEGV_MAPERR), si_addr: 0x0000000000000090

Registers:
RAX=0x0000000000000000, RBX=0x00007f8487d20101, RCX=0x00000000000b4e63, RDX=0x000000000b9f76c0
RSP=0x00007fff5335a1c0, RBP=0x00007fff5335a1f0, RSI=0x00007fff5335a100, RDI=0x00007f84884da180
R8 =0x00000007c0794828, R9 =0x000000000000ba03, R10=0x00000000000b4e01, R11=0x0000000000000246
R12=0x00007f8489011b01, R13=0x00007f84884da180, R14=0x00007fff5335a20f, R15=0x00007f8487d201d0
RIP=0x00000001387a2197, EFLAGS=0x0000000000010202, ERR=0x0000000000000004
  TRAPNO=0x000000000000000e

Top of Stack: (sp=0x00007fff5335a1c0)
0x00007fff5335a1c0:   401a29041c0f10d5 00007f8487d201d0
0x00007fff5335a1d0:   0000000000000000 00007fff5335a4d8
0x00007fff5335a1e0:   00007fff5335a2b0 00007f847e80e000
0x00007fff5335a1f0:   00007fff5335a240 00000001387a2758
0x00007fff5335a200:   401a29041c0f10d5 010000076cf4afe8
0x00007fff5335a210:   0000000000000001 00000001197fc271
0x00007fff5335a220:   00007f847e80e1f8 0000000000000000
0x00007fff5335a230:   00007fff5335a2b0 00007f847e80e000
0x00007fff5335a240:   00007fff5335a270 0000000138682b75
0x00007fff5335a250:   000000076cf4afe8 00007f8489011bc0
0x00007fff5335a260:   00007fff5335a2b0 00007f847e80e000
0x00007fff5335a270:   00007fff5335a2c0 00000001195fb519
0x00007fff5335a280:   00007fff5335a520 0000000781749348
0x00007fff5335a290:   00000006c1840930 0000000000000000
0x00007fff5335a2a0:   000000076cf4afe8 00007f8489011bc0
0x00007fff5335a2b0:   00000006c1840930 0000000000000c0f
0x00007fff5335a2c0:   0000000000000001 0000000117d5109c
0x00007fff5335a2d0:   000000078170bb68 401a29041c0f10d5
0x00007fff5335a2e0:   00000007c0794828 000000076cf4afe8
0x00007fff5335a2f0:   00007fff9e073e60 000e883d00000000
0x00007fff5335a300:   000000078173f550 0000000000000000
0x00007fff5335a310:   00007fff5335a520 0000000119120d84
0x00007fff5335a320:   0000000000000000 0000000000000000
0x00007fff5335a330:   41534e5f54575315 61656c65726f7475
0x00007fff5335a340:   0065007300610065 006c006f006f0050
0x00007fff5335a350:   00007f847e80e000 00007fff5335a4d8
0x00007fff5335a360:   00007fff5335a450 0000000000000000
0x00007fff5335a370:   0000000117a643a0 000000010fdbdfa0
0x00007fff5335a380:   000000078170bb68 000000078173f550
0x00007fff5335a390:   000000076cf4afa8 0000000040200021
0x00007fff5335a3a0:   00007fff5335a3d0 00007fff5335a3d0
0x00007fff5335a3b0:   00007fff5335a520 0000000119223664 

Instructions: (pc=0x00000001387a2197)
0x00000001387a2177:   0f b6 c1 83 f8 01 75 75 90 49 8b 7f 08 48 8b 07
0x00000001387a2187:   ff 50 20 41 80 3e 00 49 8b 45 00 4c 89 ef 74 09
0x00000001387a2197:   ff 90 90 00 00 00 eb 07 90 ff 90 88 00 00 00 49
0x00000001387a21a7:   89 c5 4d 85 ed b8 00 00 00 00 74 44 41 8a 1e 4c 

Register to memory mapping:

RAX=0x0000000000000000 is an unknown value
RBX=0x00007f8487d20101 is an unknown value
RCX=0x00000000000b4e63 is an unknown value
RDX=0x000000000b9f76c0 is an unknown value
RSP=0x00007fff5335a1c0 is pointing into the stack for thread: 0x00007f847e80e000
RBP=0x00007fff5335a1f0 is pointing into the stack for thread: 0x00007f847e80e000
RSI=0x00007fff5335a100 is pointing into the stack for thread: 0x00007f847e80e000
RDI=0x00007f84884da180 is an unknown value
R8 =0x00000007c0794828 is pointing into metadata
R9 =0x000000000000ba03 is an unknown value
R10=0x00000000000b4e01 is an unknown value
R11=0x0000000000000246 is an unknown value
R12=0x00007f8489011b01 is an unknown value
R13=0x00007f84884da180 is an unknown value
R14=0x00007fff5335a20f is pointing into the stack for thread: 0x00007f847e80e000
R15=0x00007f8487d201d0 is an unknown value


Stack: [0x00007fff52b5d000,0x00007fff5335d000],  sp=0x00007fff5335a1c0,  free space=8180k
Native frames: (J=compiled Java code, j=interpreted, Vv=VM code, C=native code)
C  [libopplibs.jnilib+0x180197]  _ZN7omnetpp8eventlog19SequenceChartFacade38getEventForNonLinearTimelineCoordinateEdRb+0x107
C  [libopplibs.jnilib+0x180758]  _ZN7omnetpp8eventlog19SequenceChartFacade40getFirstEventNotBeforeTimelineCoordinateEd+0x88
C  [libopplibs.jnilib+0x60b75]  Java_org_omnetpp_eventlog_engine_EventLogEngineJNI_SequenceChartFacade_1getFirstEventNotBeforeTimelineCoordinate+0x15
J 14122  org.omnetpp.eventlog.engine.EventLogEngineJNI.SequenceChartFacade_getFirstEventNotBeforeTimelineCoordinate(JLorg/omnetpp/eventlog/engine/SequenceChartFacade;D)J (0 bytes) @ 0x00000001195fb519 [0x00000001195fb440+0xd9]
J 16897 C2 org.omnetpp.sequencechart.widgets.SequenceChart.getFirstLastEventPtrForViewportRange(JJ)[J (135 bytes) @ 0x0000000117d5109c [0x0000000117d50f00+0x19c]
J 15001 C1 org.omnetpp.sequencechart.widgets.SequenceChart.configureHorizontalScrollBar(Lorg/eclipse/swt/widgets/ScrollBar;JJI)I (193 bytes) @ 0x0000000119120d84 [0x00000001191209a0+0x3e4]
J 15000 C1 org.omnetpp.common.canvas.LargeScrollableCanvas.configureScrollBars()V (49 bytes) @ 0x0000000119223664 [0x0000000119223300+0x364]
j  org.omnetpp.sequencechart.widgets.SequenceChart.eventLogChanged()V+62
j  org.omnetpp.sequencechart.widgets.SequenceChart.access$12(Lorg/omnetpp/sequencechart/widgets/SequenceChart;)V+1
j  org.omnetpp.sequencechart.widgets.SequenceChart$13.run()V+4
J 15476 C2 org.eclipse.swt.widgets.Display.readAndDispatch()Z (249 bytes) @ 0x0000000119ad5584 [0x0000000119ad3e80+0x1704]
j  org.eclipse.e4.ui.internal.workbench.swt.PartRenderingEngine$5.run()V+564
j  org.eclipse.core.databinding.observable.Realm.runWithDefault(Lorg/eclipse/core/databinding/observable/Realm;Ljava/lang/Runnable;)V+12
j  org.eclipse.e4.ui.internal.workbench.swt.PartRenderingEngine.run(Lorg/eclipse/e4/ui/model/application/MApplicationElement;Lorg/eclipse/e4/core/contexts/IEclipseContext;)Ljava/lang/Object;+57
j  org.eclipse.e4.ui.internal.workbench.E4Workbench.createAndRunUI(Lorg/eclipse/e4/ui/model/application/MApplicationElement;)V+20
j  org.eclipse.ui.internal.Workbench.lambda$3(Lorg/eclipse/swt/widgets/Display;Lorg/eclipse/ui/application/WorkbenchAdvisor;[I)V+451
j  org.eclipse.ui.internal.Workbench$$Lambda$66.run()V+12
j  org.eclipse.core.databinding.observable.Realm.runWithDefault(Lorg/eclipse/core/databinding/observable/Realm;Ljava/lang/Runnable;)V+12
j  org.eclipse.ui.internal.Workbench.createAndRunWorkbench(Lorg/eclipse/swt/widgets/Display;Lorg/eclipse/ui/application/WorkbenchAdvisor;)I+16
j  org.eclipse.ui.PlatformUI.createAndRunWorkbench(Lorg/eclipse/swt/widgets/Display;Lorg/eclipse/ui/application/WorkbenchAdvisor;)I+2
j  org.eclipse.ui.internal.ide.application.IDEApplication.start(Lorg/eclipse/equinox/app/IApplicationContext;)Ljava/lang/Object;+113
j  org.eclipse.equinox.internal.app.EclipseAppHandle.run(Ljava/lang/Object;)Ljava/lang/Object;+135
j  org.eclipse.core.runtime.internal.adaptor.EclipseAppLauncher.runApplication(Ljava/lang/Object;)Ljava/lang/Object;+85
j  org.eclipse.core.runtime.internal.adaptor.EclipseAppLauncher.start(Ljava/lang/Object;)Ljava/lang/Object;+82
j  org.eclipse.core.runtime.adaptor.EclipseStarter.run(Ljava/lang/Object;)Ljava/lang/Object;+105
j  org.eclipse.core.runtime.adaptor.EclipseStarter.run([Ljava/lang/String;Ljava/lang/Runnable;)Ljava/lang/Object;+132
v  ~StubRoutines::call_stub
V  [libjvm.dylib+0x2ee70a]
V  [libjvm.dylib+0x4d3c0c]
V  [libjvm.dylib+0x4d4140]
V  [libjvm.dylib+0x346b0c]
j  sun.reflect.NativeMethodAccessorImpl.invoke0(Ljava/lang/reflect/Method;Ljava/lang/Object;[Ljava/lang/Object;)Ljava/lang/Object;+0
j  sun.reflect.NativeMethodAccessorImpl.invoke(Ljava/lang/Object;[Ljava/lang/Object;)Ljava/lang/Object;+100
j  sun.reflect.DelegatingMethodAccessorImpl.invoke(Ljava/lang/Object;[Ljava/lang/Object;)Ljava/lang/Object;+6
j  java.lang.reflect.Method.invoke(Ljava/lang/Object;[Ljava/lang/Object;)Ljava/lang/Object;+56
j  org.eclipse.equinox.launcher.Main.invokeFramework([Ljava/lang/String;[Ljava/net/URL;)V+205
j  org.eclipse.equinox.launcher.Main.basicRun([Ljava/lang/String;)V+160
j  org.eclipse.equinox.launcher.Main.run([Ljava/lang/String;)I+4
v  ~StubRoutines::call_stub
V  [libjvm.dylib+0x2ee70a]
V  [libjvm.dylib+0x3258b9]
V  [libjvm.dylib+0x316efe]
C  [eclipse_1629.so+0x6dc3]  startJavaJNI+0x833
C  [eclipse_1629.so+0x310e]  _run+0x170e
C  [eclipse_1629.so+0x165a]  run+0x19a
C  [omnetpp+0x1959]  original_main+0x559
C  [omnetpp+0x22e5]  main+0x665
C  [libdyld.dylib+0x5235]  start+0x1
C  0x0000000000000003

Java frames: (J=compiled Java code, j=interpreted, Vv=VM code)
J 14122  org.omnetpp.eventlog.engine.EventLogEngineJNI.SequenceChartFacade_getFirstEventNotBeforeTimelineCoordinate(JLorg/omnetpp/eventlog/engine/SequenceChartFacade;D)J (0 bytes) @ 0x00000001195fb495 [0x00000001195fb440+0x55]
J 16897 C2 org.omnetpp.sequencechart.widgets.SequenceChart.getFirstLastEventPtrForViewportRange(JJ)[J (135 bytes) @ 0x0000000117d5109c [0x0000000117d50f00+0x19c]
J 15001 C1 org.omnetpp.sequencechart.widgets.SequenceChart.configureHorizontalScrollBar(Lorg/eclipse/swt/widgets/ScrollBar;JJI)I (193 bytes) @ 0x0000000119120d84 [0x00000001191209a0+0x3e4]
J 15000 C1 org.omnetpp.common.canvas.LargeScrollableCanvas.configureScrollBars()V (49 bytes) @ 0x0000000119223664 [0x0000000119223300+0x364]
j  org.omnetpp.sequencechart.widgets.SequenceChart.eventLogChanged()V+62
j  org.omnetpp.sequencechart.widgets.SequenceChart.access$12(Lorg/omnetpp/sequencechart/widgets/SequenceChart;)V+1
j  org.omnetpp.sequencechart.widgets.SequenceChart$13.run()V+4
J 15476 C2 org.eclipse.swt.widgets.Display.readAndDispatch()Z (249 bytes) @ 0x0000000119ad5584 [0x0000000119ad3e80+0x1704]
j  org.eclipse.e4.ui.internal.workbench.swt.PartRenderingEngine$5.run()V+564
j  org.eclipse.core.databinding.observable.Realm.runWithDefault(Lorg/eclipse/core/databinding/observable/Realm;Ljava/lang/Runnable;)V+12
j  org.eclipse.e4.ui.internal.workbench.swt.PartRenderingEngine.run(Lorg/eclipse/e4/ui/model/application/MApplicationElement;Lorg/eclipse/e4/core/contexts/IEclipseContext;)Ljava/lang/Object;+57
j  org.eclipse.e4.ui.internal.workbench.E4Workbench.createAndRunUI(Lorg/eclipse/e4/ui/model/application/MApplicationElement;)V+20
j  org.eclipse.ui.internal.Workbench.lambda$3(Lorg/eclipse/swt/widgets/Display;Lorg/eclipse/ui/application/WorkbenchAdvisor;[I)V+451
j  org.eclipse.ui.internal.Workbench$$Lambda$66.run()V+12
j  org.eclipse.core.databinding.observable.Realm.runWithDefault(Lorg/eclipse/core/databinding/observable/Realm;Ljava/lang/Runnable;)V+12
j  org.eclipse.ui.internal.Workbench.createAndRunWorkbench(Lorg/eclipse/swt/widgets/Display;Lorg/eclipse/ui/application/WorkbenchAdvisor;)I+16
j  org.eclipse.ui.PlatformUI.createAndRunWorkbench(Lorg/eclipse/swt/widgets/Display;Lorg/eclipse/ui/application/WorkbenchAdvisor;)I+2
j  org.eclipse.ui.internal.ide.application.IDEApplication.start(Lorg/eclipse/equinox/app/IApplicationContext;)Ljava/lang/Object;+113
j  org.eclipse.equinox.internal.app.EclipseAppHandle.run(Ljava/lang/Object;)Ljava/lang/Object;+135
j  org.eclipse.core.runtime.internal.adaptor.EclipseAppLauncher.runApplication(Ljava/lang/Object;)Ljava/lang/Object;+85
j  org.eclipse.core.runtime.internal.adaptor.EclipseAppLauncher.start(Ljava/lang/Object;)Ljava/lang/Object;+82
j  org.eclipse.core.runtime.adaptor.EclipseStarter.run(Ljava/lang/Object;)Ljava/lang/Object;+105
j  org.eclipse.core.runtime.adaptor.EclipseStarter.run([Ljava/lang/String;Ljava/lang/Runnable;)Ljava/lang/Object;+132
v  ~StubRoutines::call_stub
j  sun.reflect.NativeMethodAccessorImpl.invoke0(Ljava/lang/reflect/Method;Ljava/lang/Object;[Ljava/lang/Object;)Ljava/lang/Object;+0
j  sun.reflect.NativeMethodAccessorImpl.invoke(Ljava/lang/Object;[Ljava/lang/Object;)Ljava/lang/Object;+100
j  sun.reflect.DelegatingMethodAccessorImpl.invoke(Ljava/lang/Object;[Ljava/lang/Object;)Ljava/lang/Object;+6
j  java.lang.reflect.Method.invoke(Ljava/lang/Object;[Ljava/lang/Object;)Ljava/lang/Object;+56
j  org.eclipse.equinox.launcher.Main.invokeFramework([Ljava/lang/String;[Ljava/net/URL;)V+205
j  org.eclipse.equinox.launcher.Main.basicRun([Ljava/lang/String;)V+160
j  org.eclipse.equinox.launcher.Main.run([Ljava/lang/String;)I+4
v  ~StubRoutines::call_stub

---------------  P R O C E S S  ---------------

Java Threads: ( => current thread )
  0x00007f847e3f5000 JavaThread "Process monitor" daemon [_thread_blocked, id=87299, stack(0x0000700005f23000,0x0000700006023000)]
  0x00007f847ee7a800 JavaThread "Input Stream Monitor" daemon [_thread_blocked, id=86787, stack(0x0000700005e20000,0x0000700005f20000)]
  0x00007f8484bc9000 JavaThread "Output Stream Monitor" daemon [_thread_in_native, id=86295, stack(0x0000700005d1d000,0x0000700005e1d000)]
  0x00007f8484ea3000 JavaThread "Output Stream Monitor" daemon [_thread_in_native, id=76347, stack(0x0000700005c1a000,0x0000700005d1a000)]
  0x00007f847d621800 JavaThread "process reaper" daemon [_thread_in_native, id=83771, stack(0x0000700005124000,0x000070000514c000)]
  0x00007f847ee56000 JavaThread "Worker-19" [_thread_blocked, id=85811, stack(0x0000700005b17000,0x0000700005c17000)]
  0x00007f8486c3e800 JavaThread "Process monitor" daemon [_thread_blocked, id=70679, stack(0x000070000570b000,0x000070000580b000)]
  0x00007f8486978800 JavaThread "Input Stream Monitor" daemon [_thread_blocked, id=67663, stack(0x0000700005608000,0x0000700005708000)]
  0x00007f848428e800 JavaThread "Output Stream Monitor" daemon [_thread_in_native, id=83103, stack(0x0000700005505000,0x0000700005605000)]
  0x00007f8483f46000 JavaThread "Output Stream Monitor" daemon [_thread_in_native, id=68435, stack(0x0000700005021000,0x0000700005121000)]
  0x00007f8484a10800 JavaThread "Worker-18" [_thread_blocked, id=82003, stack(0x0000700005a14000,0x0000700005b14000)]
  0x00007f84818b5800 JavaThread "Worker-17" [_thread_blocked, id=70447, stack(0x0000700005911000,0x0000700005a11000)]
  0x00007f8481e99000 JavaThread "Worker-16" [_thread_blocked, id=66175, stack(0x000070000580e000,0x000070000590e000)]
  0x00007f847e641800 JavaThread "process reaper" daemon [_thread_in_native, id=82487, stack(0x0000700004ff6000,0x000070000501e000)]
  0x00007f847ed43000 JavaThread "Worker-15" [_thread_blocked, id=77063, stack(0x0000700003213000,0x0000700003313000)]
  0x00007f8483be1800 JavaThread "Worker-14" [_thread_blocked, id=64367, stack(0x0000700004d6d000,0x0000700004e6d000)]
  0x00007f8486914000 JavaThread "org.eclipse.jface.text.reconciler.MonoReconciler" daemon [_thread_blocked, id=81851, stack(0x00007000046d8000,0x00007000047d8000)]
  0x00007f8482a12800 JavaThread "Java2D Disposer" daemon [_thread_blocked, id=53007, stack(0x000070000537f000,0x000070000547f000)]
  0x00007f8483868000 JavaThread "Java2D Queue Flusher" daemon [_thread_blocked, id=53771, stack(0x000070000527c000,0x000070000537c000)]
  0x00007f847ebd1800 JavaThread "org.eclipse.jface.text.reconciler.MonoReconciler" daemon [_thread_blocked, id=73735, stack(0x00007000049e1000,0x0000700004ae1000)]
  0x00007f8481ce6800 JavaThread "Worker-12" [_thread_blocked, id=81155, stack(0x00007000060d1000,0x00007000061d1000)]
  0x00007f8481b53800 JavaThread "Worker-6" [_thread_blocked, id=72963, stack(0x0000700005179000,0x0000700005279000)]
  0x00007f84849a7800 JavaThread "Worker-3" [_thread_blocked, id=69895, stack(0x0000700004e70000,0x0000700004f70000)]
  0x00007f847d910800 JavaThread "EventAdmin Async Event Dispatcher Thread" daemon [_thread_blocked, id=70923, stack(0x0000700004c6a000,0x0000700004d6a000)]
  0x00007f848368c000 JavaThread "org.eclipse.cdt.internal.ui.text.CReconciler" daemon [_thread_blocked, id=5131, stack(0x0000700004ae4000,0x0000700004be4000)]
  0x00007f8482105800 JavaThread "Bundle File Closer" daemon [_thread_blocked, id=66307, stack(0x00007000048de000,0x00007000049de000)]
  0x00007f847db13800 JavaThread "EMF Reference Cleaner" daemon [_thread_blocked, id=64527, stack(0x00007000047db000,0x00007000048db000)]
  0x00007f847e42b800 JavaThread "Worker-JM" [_thread_blocked, id=54019, stack(0x0000700004552000,0x0000700004652000)]
  0x00007f847e278800 JavaThread "SCR Component Actor" daemon [_thread_blocked, id=52491, stack(0x000070000444f000,0x000070000454f000)]
  0x00007f847d12c000 JavaThread "Framework Event Dispatcher: org.eclipse.osgi.internal.framework.EquinoxEventPublisher@5be067de" daemon [_thread_blocked, id=46339, stack(0x00007000042c9000,0x00007000043c9000)]
  0x00007f847daa8000 JavaThread "Start Level: Equinox Container: 4d78b63f-6965-4935-a809-4bf3f6b804a3" daemon [_thread_blocked, id=45831, stack(0x00007000041c6000,0x00007000042c6000)]
  0x00007f847da13800 JavaThread "Active Thread: Equinox Container: 4d78b63f-6965-4935-a809-4bf3f6b804a3" [_thread_blocked, id=45579, stack(0x00007000040c3000,0x00007000041c3000)]
  0x00007f847d041800 JavaThread "Service Thread" daemon [_thread_blocked, id=27907, stack(0x0000700003e3a000,0x0000700003f3a000)]
  0x00007f847d040800 JavaThread "C1 CompilerThread2" daemon [_thread_blocked, id=27395, stack(0x0000700003d37000,0x0000700003e37000)]
  0x00007f847e041800 JavaThread "C2 CompilerThread1" daemon [_thread_blocked, id=26883, stack(0x0000700003c34000,0x0000700003d34000)]
  0x00007f847e844000 JavaThread "C2 CompilerThread0" daemon [_thread_blocked, id=26371, stack(0x0000700003b31000,0x0000700003c31000)]
  0x00007f847e86a000 JavaThread "Signal Dispatcher" daemon [_thread_blocked, id=25859, stack(0x0000700003a2e000,0x0000700003b2e000)]
  0x00007f847d03e800 JavaThread "Finalizer" daemon [_thread_blocked, id=24579, stack(0x000070000392b000,0x0000700003a2b000)]
  0x00007f847e808000 JavaThread "Reference Handler" daemon [_thread_blocked, id=24067, stack(0x0000700003828000,0x0000700003928000)]
=>0x00007f847e80e000 JavaThread "main" [_thread_in_native, id=775, stack(0x00007fff52b5d000,0x00007fff5335d000)]

Other Threads:
  0x00007f847d03c000 VMThread [stack: 0x0000700003725000,0x0000700003825000] [id=23555]
  0x00007f847d84b800 WatcherThread [stack: 0x0000700003f3d000,0x000070000403d000] [id=28419]

VM state:not at safepoint (normal execution)

VM Mutex/Monitor currently owned by a thread: None

Heap:
 PSYoungGen      total 348160K, used 48567K [0x000000076ab00000, 0x0000000782500000, 0x00000007c0000000)
  eden space 333824K, 11% used [0x000000076ab00000,0x000000076d0068a0,0x000000077f100000)
  from space 14336K, 74% used [0x0000000781700000,0x00000007821673b0,0x0000000782500000)
  to   space 26624K, 0% used [0x000000077f100000,0x000000077f100000,0x0000000780b00000)
 ParOldGen       total 306688K, used 104655K [0x00000006c0000000, 0x00000006d2b80000, 0x000000076ab00000)
  object space 306688K, 34% used [0x00000006c0000000,0x00000006c6633f10,0x00000006d2b80000)
 Metaspace       used 101858K, capacity 110062K, committed 110336K, reserved 1144832K
  class space    used 12316K, capacity 14485K, committed 14592K, reserved 1048576K

Card table byte_map: [0x0000000110830000,0x0000000111031000] byte_map_base: 0x000000010d230000

Marking Bits: (ParMarkBitMap*) 0x000000010fdbc5d0
 Begin Bits: [0x0000000125e20000, 0x0000000129e20000)
 End Bits:   [0x0000000129e20000, 0x000000012de20000)

Polling page: 0x000000010c9f6000

CodeCache: size=245760Kb used=57205Kb max_used=57205Kb free=188555Kb
 bounds [0x0000000116e20000, 0x000000011a660000, 0x0000000125e20000]
 total_blobs=16073 nmethods=15156 adapters=824
 compilation: enabled

Compilation events (10 events):
Event: 454.742 Thread 0x00007f847d040800 19755   !   3       org.eclipse.ui.internal.console.IOConsolePartitioner::documentChanged2 (780 bytes)
Event: 454.747 Thread 0x00007f847d040800 nmethod 19755 0x000000011a648910 code [0x000000011a649020, 0x000000011a64f248]
Event: 454.747 Thread 0x00007f847d040800 19752       3       org.eclipse.ui.internal.console.ConsolePatternMatcher::documentAboutToBeChanged (1 bytes)
Event: 454.747 Thread 0x00007f847d040800 nmethod 19752 0x000000011a634e10 code [0x000000011a634f60, 0x000000011a6350b0]
Event: 454.747 Thread 0x00007f847d040800 19754       3       org.eclipse.ui.console.TextConsoleViewer$1::documentAboutToBeChanged (1 bytes)
Event: 454.747 Thread 0x00007f847d040800 nmethod 19754 0x000000011a634a50 code [0x000000011a634ba0, 0x000000011a634cf0]
Event: 454.747 Thread 0x00007f847d040800 19756   !   3       org.eclipse.ui.console.TextConsoleViewer$4::update (97 bytes)
Event: 454.748 Thread 0x00007f847d040800 nmethod 19756 0x000000011a653510 code [0x000000011a6536c0, 0x000000011a653d28]
Event: 454.748 Thread 0x00007f847d040800 19757   !   3       org.eclipse.ui.internal.console.ConsolePatternMatcher::documentChanged (151 bytes)
Event: 454.749 Thread 0x00007f847d040800 nmethod 19757 0x000000011a654050 code [0x000000011a6542e0, 0x000000011a655818]

GC Heap History (10 events):
Event: 392.516 GC heap before
{Heap before GC invocations=28 (full 4):
 PSYoungGen      total 409088K, used 408584K [0x000000076ab00000, 0x0000000786a00000, 0x00000007c0000000)
  eden space 393216K, 99% used [0x000000076ab00000,0x0000000782ad6bd0,0x0000000782b00000)
  from space 15872K, 97% used [0x0000000783880000,0x00000007847ab770,0x0000000784800000)
  to   space 32256K, 0% used [0x0000000784a80000,0x0000000784a80000,0x0000000786a00000)
 ParOldGen       total 306688K, used 104639K [0x00000006c0000000, 0x00000006d2b80000, 0x000000076ab00000)
  object space 306688K, 34% used [0x00000006c0000000,0x00000006c662ff10,0x00000006d2b80000)
 Metaspace       used 101344K, capacity 109514K, committed 109824K, reserved 1144832K
  class space    used 12311K, capacity 14479K, committed 14592K, reserved 1048576K
Event: 392.529 GC heap after
Heap after GC invocations=28 (full 4):
 PSYoungGen      total 395776K, used 15700K [0x000000076ab00000, 0x0000000785a00000, 0x00000007c0000000)
  eden space 379904K, 0% used [0x000000076ab00000,0x000000076ab00000,0x0000000781e00000)
  from space 15872K, 98% used [0x0000000784a80000,0x00000007859d5288,0x0000000785a00000)
  to   space 30720K, 0% used [0x0000000781e00000,0x0000000781e00000,0x0000000783c00000)
 ParOldGen       total 306688K, used 104647K [0x00000006c0000000, 0x00000006d2b80000, 0x000000076ab00000)
  object space 306688K, 34% used [0x00000006c0000000,0x00000006c6631f10,0x00000006d2b80000)
 Metaspace       used 101344K, capacity 109514K, committed 109824K, reserved 1144832K
  class space    used 12311K, capacity 14479K, committed 14592K, reserved 1048576K
}
Event: 402.592 GC heap before
{Heap before GC invocations=29 (full 4):
 PSYoungGen      total 395776K, used 395604K [0x000000076ab00000, 0x0000000785a00000, 0x00000007c0000000)
  eden space 379904K, 100% used [0x000000076ab00000,0x0000000781e00000,0x0000000781e00000)
  from space 15872K, 98% used [0x0000000784a80000,0x00000007859d5288,0x0000000785a00000)
  to   space 30720K, 0% used [0x0000000781e00000,0x0000000781e00000,0x0000000783c00000)
 ParOldGen       total 306688K, used 104647K [0x00000006c0000000, 0x00000006d2b80000, 0x000000076ab00000)
  object space 306688K, 34% used [0x00000006c0000000,0x00000006c6631f10,0x00000006d2b80000)
 Metaspace       used 101496K, capacity 109656K, committed 110080K, reserved 1144832K
  class space    used 12314K, capacity 14482K, committed 14592K, reserved 1048576K
Event: 402.605 GC heap after
Heap after GC invocations=29 (full 4):
 PSYoungGen      total 384000K, used 16035K [0x000000076ab00000, 0x0000000784b00000, 0x00000007c0000000)
  eden space 367616K, 0% used [0x000000076ab00000,0x000000076ab00000,0x0000000781200000)
  from space 16384K, 97% used [0x0000000781e00000,0x0000000782da8c38,0x0000000782e00000)
  to   space 29184K, 0% used [0x0000000782e80000,0x0000000782e80000,0x0000000784b00000)
 ParOldGen       total 306688K, used 104647K [0x00000006c0000000, 0x00000006d2b80000, 0x000000076ab00000)
  object space 306688K, 34% used [0x00000006c0000000,0x00000006c6631f10,0x00000006d2b80000)
 Metaspace       used 101496K, capacity 109656K, committed 110080K, reserved 1144832K
  class space    used 12314K, capacity 14482K, committed 14592K, reserved 1048576K
}
Event: 416.201 GC heap before
{Heap before GC invocations=30 (full 4):
 PSYoungGen      total 384000K, used 383651K [0x000000076ab00000, 0x0000000784b00000, 0x00000007c0000000)
  eden space 367616K, 100% used [0x000000076ab00000,0x0000000781200000,0x0000000781200000)
  from space 16384K, 97% used [0x0000000781e00000,0x0000000782da8c38,0x0000000782e00000)
  to   space 29184K, 0% used [0x0000000782e80000,0x0000000782e80000,0x0000000784b00000)
 ParOldGen       total 306688K, used 104647K [0x00000006c0000000, 0x00000006d2b80000, 0x000000076ab00000)
  object space 306688K, 34% used [0x00000006c0000000,0x00000006c6631f10,0x00000006d2b80000)
 Metaspace       used 101620K, capacity 109784K, committed 110080K, reserved 1144832K
  class space    used 12314K, capacity 14482K, committed 14592K, reserved 1048576K
Event: 416.219 GC heap after
Heap after GC invocations=30 (full 4):
 PSYoungGen      total 371712K, used 15676K [0x000000076ab00000, 0x0000000783e00000, 0x00000007c0000000)
  eden space 355840K, 0% used [0x000000076ab00000,0x000000076ab00000,0x0000000780680000)
  from space 15872K, 98% used [0x0000000782e80000,0x0000000783dcf060,0x0000000783e00000)
  to   space 28160K, 0% used [0x0000000780700000,0x0000000780700000,0x0000000782280000)
 ParOldGen       total 306688K, used 104647K [0x00000006c0000000, 0x00000006d2b80000, 0x000000076ab00000)
  object space 306688K, 34% used [0x00000006c0000000,0x00000006c6631f10,0x00000006d2b80000)
 Metaspace       used 101620K, capacity 109784K, committed 110080K, reserved 1144832K
  class space    used 12314K, capacity 14482K, committed 14592K, reserved 1048576K
}
Event: 418.803 GC heap before
{Heap before GC invocations=31 (full 4):
 PSYoungGen      total 371712K, used 371226K [0x000000076ab00000, 0x0000000783e00000, 0x00000007c0000000)
  eden space 355840K, 99% used [0x000000076ab00000,0x0000000780637b78,0x0000000780680000)
  from space 15872K, 98% used [0x0000000782e80000,0x0000000783dcf060,0x0000000783e00000)
  to   space 28160K, 0% used [0x0000000780700000,0x0000000780700000,0x0000000782280000)
 ParOldGen       total 306688K, used 104647K [0x00000006c0000000, 0x00000006d2b80000, 0x000000076ab00000)
  object space 306688K, 34% used [0x00000006c0000000,0x00000006c6631f10,0x00000006d2b80000)
 Metaspace       used 101713K, capacity 109916K, committed 110336K, reserved 1144832K
  class space    used 12314K, capacity 14482K, committed 14592K, reserved 1048576K
Event: 418.820 GC heap after
Heap after GC invocations=31 (full 4):
 PSYoungGen      total 360960K, used 16172K [0x000000076ab00000, 0x0000000782f80000, 0x00000007c0000000)
  eden space 344576K, 0% used [0x000000076ab00000,0x000000076ab00000,0x000000077fb80000)
  from space 16384K, 98% used [0x0000000780700000,0x00000007816cb0c8,0x0000000781700000)
  to   space 25088K, 0% used [0x0000000781700000,0x0000000781700000,0x0000000782f80000)
 ParOldGen       total 306688K, used 104655K [0x00000006c0000000, 0x00000006d2b80000, 0x000000076ab00000)
  object space 306688K, 34% used [0x00000006c0000000,0x00000006c6633f10,0x00000006d2b80000)
 Metaspace       used 101713K, capacity 109916K, committed 110336K, reserved 1144832K
  class space    used 12314K, capacity 14482K, committed 14592K, reserved 1048576K
}
Event: 447.983 GC heap before
{Heap before GC invocations=32 (full 4):
 PSYoungGen      total 360960K, used 360748K [0x000000076ab00000, 0x0000000782f80000, 0x00000007c0000000)
  eden space 344576K, 100% used [0x000000076ab00000,0x000000077fb80000,0x000000077fb80000)
  from space 16384K, 98% used [0x0000000780700000,0x00000007816cb0c8,0x0000000781700000)
  to   space 25088K, 0% used [0x0000000781700000,0x0000000781700000,0x0000000782f80000)
 ParOldGen       total 306688K, used 104655K [0x00000006c0000000, 0x00000006d2b80000, 0x000000076ab00000)
  object space 306688K, 34% used [0x00000006c0000000,0x00000006c6633f10,0x00000006d2b80000)
 Metaspace       used 101810K, capacity 109934K, committed 110336K, reserved 1144832K
  class space    used 12316K, capacity 14485K, committed 14592K, reserved 1048576K
Event: 447.995 GC heap after
Heap after GC invocations=32 (full 4):
 PSYoungGen      total 348160K, used 10652K [0x000000076ab00000, 0x0000000782500000, 0x00000007c0000000)
  eden space 333824K, 0% used [0x000000076ab00000,0x000000076ab00000,0x000000077f100000)
  from space 14336K, 74% used [0x0000000781700000,0x00000007821673b0,0x0000000782500000)
  to   space 26624K, 0% used [0x000000077f100000,0x000000077f100000,0x0000000780b00000)
 ParOldGen       total 306688K, used 104655K [0x00000006c0000000, 0x00000006d2b80000, 0x000000076ab00000)
  object space 306688K, 34% used [0x00000006c0000000,0x00000006c6633f10,0x00000006d2b80000)
 Metaspace       used 101810K, capacity 109934K, committed 110336K, reserved 1144832K
  class space    used 12316K, capacity 14485K, committed 14592K, reserved 1048576K
}

Deoptimization events (10 events):
Event: 402.962 Thread 0x00007f847ed43000 Uncommon trap: reason=array_check action=maybe_recompile pc=0x000000011a295a80 method=org.eclipse.cdt.internal.core.settings.model.CLanguageSettingCache.processStoredEntries([Lorg/eclipse/cdt/core/settings/model/ICLanguageSettingEntry;I)[Lorg/eclipse/cdt/
Event: 402.962 Thread 0x00007f847ed43000 Uncommon trap: reason=array_check action=maybe_recompile pc=0x000000011a295a80 method=org.eclipse.cdt.internal.core.settings.model.CLanguageSettingCache.processStoredEntries([Lorg/eclipse/cdt/core/settings/model/ICLanguageSettingEntry;I)[Lorg/eclipse/cdt/
Event: 402.987 Thread 0x00007f847e80e000 Uncommon trap: reason=unstable_if action=reinterpret pc=0x0000000117d49e50 method=org.eclipse.core.internal.resources.ProjectPreferences.silentLoad()V @ 25
Event: 402.989 Thread 0x00007f847e80e000 Uncommon trap: reason=null_check action=make_not_entrant pc=0x0000000117550e1c method=org.eclipse.swt.widgets.Widget.setData(Ljava/lang/Object;)V @ 28
Event: 403.231 Thread 0x00007f8481e99000 Uncommon trap: reason=unstable_if action=reinterpret pc=0x000000011a28e100 method=org.eclipse.core.internal.jobs.JobManager.startJob(Lorg/eclipse/core/internal/jobs/Worker;)Lorg/eclipse/core/runtime/jobs/Job; @ 20
Event: 403.734 Thread 0x00007f847e80e000 Uncommon trap: reason=bimorphic action=maybe_recompile pc=0x000000011a4b61d0 method=org.eclipse.ui.internal.navigator.extensions.EvaluationReference.equals(Ljava/lang/Object;)Z @ 71
Event: 403.734 Thread 0x00007f847e80e000 Uncommon trap: reason=bimorphic action=maybe_recompile pc=0x000000011a4b61d0 method=org.eclipse.ui.internal.navigator.extensions.EvaluationReference.equals(Ljava/lang/Object;)Z @ 71
Event: 403.734 Thread 0x00007f847e80e000 Uncommon trap: reason=bimorphic action=maybe_recompile pc=0x000000011a4b61d0 method=org.eclipse.ui.internal.navigator.extensions.EvaluationReference.equals(Ljava/lang/Object;)Z @ 71
Event: 403.739 Thread 0x00007f847e80e000 Uncommon trap: reason=bimorphic action=maybe_recompile pc=0x000000011a4b61d0 method=org.eclipse.ui.internal.navigator.extensions.EvaluationReference.equals(Ljava/lang/Object;)Z @ 71
Event: 453.528 Thread 0x00007f847e80e000 Uncommon trap: reason=unstable_if action=reinterpret pc=0x000000011a4b3844 method=org.eclipse.swt.custom.StyledTextRenderer.textChanging(Lorg/eclipse/swt/custom/TextChangingEvent;)V @ 712

Internal exceptions (10 events):
Event: 450.248 Thread 0x00007f847ee56000 Exception <a 'sun/nio/fs/UnixException'> (0x000000076ac02690) thrown at [/Users/java_re/workspace/8-2-build-macosx-x86_64/jdk8u144/9417/hotspot/src/share/vm/prims/jni.cpp, line 709]
Event: 450.254 Thread 0x00007f847ee56000 Exception <a 'sun/nio/fs/UnixException'> (0x000000076c69fc48) thrown at [/Users/java_re/workspace/8-2-build-macosx-x86_64/jdk8u144/9417/hotspot/src/share/vm/prims/jni.cpp, line 709]
Event: 450.254 Thread 0x00007f847ee56000 Exception <a 'sun/nio/fs/UnixException'> (0x000000076c6b1868) thrown at [/Users/java_re/workspace/8-2-build-macosx-x86_64/jdk8u144/9417/hotspot/src/share/vm/prims/jni.cpp, line 709]
Event: 450.255 Thread 0x00007f847ee56000 Exception <a 'sun/nio/fs/UnixException'> (0x000000076c6e02c8) thrown at [/Users/java_re/workspace/8-2-build-macosx-x86_64/jdk8u144/9417/hotspot/src/share/vm/prims/jni.cpp, line 709]
Event: 450.255 Thread 0x00007f847ee56000 Exception <a 'sun/nio/fs/UnixException'> (0x000000076c6e0ac0) thrown at [/Users/java_re/workspace/8-2-build-macosx-x86_64/jdk8u144/9417/hotspot/src/share/vm/prims/jni.cpp, line 709]
Event: 450.737 Thread 0x00007f8484a10800 Exception <a 'sun/nio/fs/UnixException'> (0x000000076b033930) thrown at [/Users/java_re/workspace/8-2-build-macosx-x86_64/jdk8u144/9417/hotspot/src/share/vm/prims/jni.cpp, line 709]
Event: 450.766 Thread 0x00007f8484a10800 Exception <a 'sun/nio/fs/UnixException'> (0x000000076cbd57f8) thrown at [/Users/java_re/workspace/8-2-build-macosx-x86_64/jdk8u144/9417/hotspot/src/share/vm/prims/jni.cpp, line 709]
Event: 450.767 Thread 0x00007f8484a10800 Exception <a 'sun/nio/fs/UnixException'> (0x000000076cc28630) thrown at [/Users/java_re/workspace/8-2-build-macosx-x86_64/jdk8u144/9417/hotspot/src/share/vm/prims/jni.cpp, line 709]
Event: 450.770 Thread 0x00007f8484a10800 Exception <a 'sun/nio/fs/UnixException'> (0x000000076ccdd3f8) thrown at [/Users/java_re/workspace/8-2-build-macosx-x86_64/jdk8u144/9417/hotspot/src/share/vm/prims/jni.cpp, line 709]
Event: 450.771 Thread 0x00007f8484a10800 Exception <a 'sun/nio/fs/UnixException'> (0x000000076cd30248) thrown at [/Users/java_re/workspace/8-2-build-macosx-x86_64/jdk8u144/9417/hotspot/src/share/vm/prims/jni.cpp, line 709]

Events (10 events):
Event: 442.069 Thread 0x00007f847ee56000 DEOPT UNPACKING pc=0x0000000116e67633 sp=0x0000700005c16270 mode 0
Event: 447.983 Executing VM operation: ParallelGCFailedAllocation
Event: 447.995 Executing VM operation: ParallelGCFailedAllocation done
Event: 450.235 Executing VM operation: RevokeBias
Event: 450.235 Executing VM operation: RevokeBias done
Event: 450.235 Thread 0x00007f847ee56000 DEOPT PACKING pc=0x00000001179e8151 sp=0x0000700005c164d0
Event: 450.235 Thread 0x00007f847ee56000 DEOPT UNPACKING pc=0x0000000116e67633 sp=0x0000700005c16280 mode 0
Event: 453.528 Thread 0x00007f847e80e000 Uncommon trap: trap_request=0xffffff65 fr.pc=0x000000011a4b3844
Event: 453.528 Thread 0x00007f847e80e000 DEOPT PACKING pc=0x000000011a4b3844 sp=0x00007fff53359f30
Event: 453.528 Thread 0x00007f847e80e000 DEOPT UNPACKING pc=0x0000000116e25229 sp=0x00007fff53359ec8 mode 2


Dynamic libraries:
0x000000000dd3b000 	/System/Library/Frameworks/Cocoa.framework/Versions/A/Cocoa
0x000000000dd3b000 	/usr/lib/libSystem.B.dylib
0x000000000dd3b000 	/System/Library/Frameworks/AppKit.framework/Versions/C/AppKit
0x000000000dd3b000 	/System/Library/Frameworks/ApplicationServices.framework/Versions/A/ApplicationServices
0x000000000dd3b000 	/System/Library/Frameworks/CoreFoundation.framework/Versions/A/CoreFoundation
0x000000000dd3b000 	/System/Library/Frameworks/CoreServices.framework/Versions/A/CoreServices
0x000000000dd3b000 	/System/Library/Frameworks/Foundation.framework/Versions/C/Foundation
0x000000000dd3b000 	/usr/lib/libobjc.A.dylib
0x000000000dd3b000 	/System/Library/Frameworks/CoreData.framework/Versions/A/CoreData
0x000000000dd3b000 	/System/Library/PrivateFrameworks/RemoteViewServices.framework/Versions/A/RemoteViewServices
0x000000000dd3b000 	/System/Library/PrivateFrameworks/UIFoundation.framework/Versions/A/UIFoundation
0x000000000dd3b000 	/System/Library/PrivateFrameworks/DFRFoundation.framework/Versions/A/DFRFoundation
0x000000000dd3b000 	/usr/lib/libenergytrace.dylib
0x000000000dd3b000 	/System/Library/PrivateFrameworks/SkyLight.framework/Versions/A/SkyLight
0x000000000dd3b000 	/System/Library/Frameworks/CoreGraphics.framework/Versions/A/CoreGraphics
0x000000000dd3b000 	/usr/lib/libScreenReader.dylib
0x000000000dd3b000 	/System/Library/Frameworks/Accelerate.framework/Versions/A/Accelerate
0x000000000dd3b000 	/System/Library/Frameworks/IOSurface.framework/Versions/A/IOSurface
0x000000000dd3b000 	/System/Library/Frameworks/AudioToolbox.framework/Versions/A/AudioToolbox
0x000000000dd3b000 	/System/Library/Frameworks/AudioUnit.framework/Versions/A/AudioUnit
0x000000000dd3b000 	/System/Library/PrivateFrameworks/DataDetectorsCore.framework/Versions/A/DataDetectorsCore
0x000000000dd3b000 	/System/Library/PrivateFrameworks/DesktopServicesPriv.framework/Versions/A/DesktopServicesPriv
0x000000000dd3b000 	/System/Library/Frameworks/Carbon.framework/Versions/A/Frameworks/HIToolbox.framework/Versions/A/HIToolbox
0x000000000dd3b000 	/usr/lib/libicucore.A.dylib
0x000000000dd3b000 	/usr/lib/libz.1.dylib
0x000000000dd3b000 	/System/Library/Frameworks/QuartzCore.framework/Versions/A/QuartzCore
0x000000000dd3b000 	/System/Library/Frameworks/Security.framework/Versions/A/Security
0x000000000dd3b000 	/System/Library/Frameworks/Carbon.framework/Versions/A/Frameworks/SpeechRecognition.framework/Versions/A/SpeechRecognition
0x000000000dd3b000 	/usr/lib/libauto.dylib
0x000000000dd3b000 	/usr/lib/libxml2.2.dylib
0x000000000dd3b000 	/System/Library/PrivateFrameworks/CoreUI.framework/Versions/A/CoreUI
0x000000000dd3b000 	/System/Library/Frameworks/CoreAudio.framework/Versions/A/CoreAudio
0x000000000dd3b000 	/System/Library/Frameworks/DiskArbitration.framework/Versions/A/DiskArbitration
0x000000000dd3b000 	/usr/lib/liblangid.dylib
0x000000000dd3b000 	/System/Library/PrivateFrameworks/MultitouchSupport.framework/Versions/A/MultitouchSupport
0x000000000dd3b000 	/System/Library/Frameworks/IOKit.framework/Versions/A/IOKit
0x000000000dd3b000 	/usr/lib/libDiagnosticMessagesClient.dylib
0x000000000dd3b000 	/System/Library/PrivateFrameworks/PerformanceAnalysis.framework/Versions/A/PerformanceAnalysis
0x000000000dd3b000 	/System/Library/PrivateFrameworks/GenerationalStorage.framework/Versions/A/GenerationalStorage
0x000000000dd3b000 	/System/Library/Frameworks/OpenGL.framework/Versions/A/OpenGL
0x000000000dd3b000 	/System/Library/Frameworks/CoreImage.framework/Versions/A/CoreImage
0x000000000dd3b000 	/System/Library/Frameworks/CoreText.framework/Versions/A/CoreText
0x000000000dd3b000 	/System/Library/Frameworks/ImageIO.framework/Versions/A/ImageIO
0x000000000dd3b000 	/System/Library/PrivateFrameworks/Backup.framework/Versions/A/Backup
0x000000000dd3b000 	/usr/lib/libarchive.2.dylib
0x000000000dd3b000 	/System/Library/Frameworks/CFNetwork.framework/Versions/A/CFNetwork
0x000000000dd3b000 	/System/Library/Frameworks/SystemConfiguration.framework/Versions/A/SystemConfiguration
0x000000000dd3b000 	/usr/lib/libCRFSuite.dylib
0x000000000dd3b000 	/usr/lib/libc++.1.dylib
0x000000000dd3b000 	/usr/lib/libc++abi.dylib
0x000000000dd3b000 	/usr/lib/system/libcache.dylib
0x000000000dd3b000 	/usr/lib/system/libcommonCrypto.dylib
0x000000000dd3b000 	/usr/lib/system/libcompiler_rt.dylib
0x000000000dd3b000 	/usr/lib/system/libcopyfile.dylib
0x000000000dd3b000 	/usr/lib/system/libcorecrypto.dylib
0x000000000dd3b000 	/usr/lib/system/libdispatch.dylib
0x000000000dd3b000 	/usr/lib/system/libdyld.dylib
0x000000000dd3b000 	/usr/lib/system/libkeymgr.dylib
0x000000000dd3b000 	/usr/lib/system/liblaunch.dylib
0x000000000dd3b000 	/usr/lib/system/libmacho.dylib
0x000000000dd3b000 	/usr/lib/system/libquarantine.dylib
0x000000000dd3b000 	/usr/lib/system/libremovefile.dylib
0x000000000dd3b000 	/usr/lib/system/libsystem_asl.dylib
0x000000000dd3b000 	/usr/lib/system/libsystem_blocks.dylib
0x000000000dd3b000 	/usr/lib/system/libsystem_c.dylib
0x000000000dd3b000 	/usr/lib/system/libsystem_configuration.dylib
0x000000000dd3b000 	/usr/lib/system/libsystem_coreservices.dylib
0x000000000dd3b000 	/usr/lib/system/libsystem_coretls.dylib
0x000000000dd3b000 	/usr/lib/system/libsystem_dnssd.dylib
0x000000000dd3b000 	/usr/lib/system/libsystem_info.dylib
0x000000000dd3b000 	/usr/lib/system/libsystem_kernel.dylib
0x000000000dd3b000 	/usr/lib/system/libsystem_m.dylib
0x000000000dd3b000 	/usr/lib/system/libsystem_malloc.dylib
0x000000000dd3b000 	/usr/lib/system/libsystem_network.dylib
0x000000000dd3b000 	/usr/lib/system/libsystem_networkextension.dylib
0x000000000dd3b000 	/usr/lib/system/libsystem_notify.dylib
0x000000000dd3b000 	/usr/lib/system/libsystem_platform.dylib
0x000000000dd3b000 	/usr/lib/system/libsystem_pthread.dylib
0x000000000dd3b000 	/usr/lib/system/libsystem_sandbox.dylib
0x000000000dd3b000 	/usr/lib/system/libsystem_secinit.dylib
0x000000000dd3b000 	/usr/lib/system/libsystem_symptoms.dylib
0x000000000dd3b000 	/usr/lib/system/libsystem_trace.dylib
0x000000000dd3b000 	/usr/lib/system/libunwind.dylib
0x000000000dd3b000 	/usr/lib/system/libxpc.dylib
0x000000000dd3b000 	/usr/lib/libbsm.0.dylib
0x000000000dd3b000 	/usr/lib/system/libkxld.dylib
0x000000000dd3b000 	/usr/lib/libcoretls.dylib
0x000000000dd3b000 	/usr/lib/libcoretls_cfhelpers.dylib
0x000000000dd3b000 	/usr/lib/libOpenScriptingUtil.dylib
0x000000000dd3b000 	/usr/lib/libpam.2.dylib
0x000000000dd3b000 	/usr/lib/libsqlite3.dylib
0x000000000dd3b000 	/usr/lib/libxar.1.dylib
0x000000000dd3b000 	/usr/lib/libbz2.1.0.dylib
0x000000000dd3b000 	/usr/lib/liblzma.5.dylib
0x000000000dd3b000 	/usr/lib/libnetwork.dylib
0x000000000dd3b000 	/usr/lib/libpcap.A.dylib
0x000000000dd3b000 	/System/Library/Frameworks/CoreServices.framework/Versions/A/Frameworks/FSEvents.framework/Versions/A/FSEvents
0x000000000dd3b000 	/System/Library/Frameworks/CoreServices.framework/Versions/A/Frameworks/CarbonCore.framework/Versions/A/CarbonCore
0x000000000dd3b000 	/System/Library/Frameworks/CoreServices.framework/Versions/A/Frameworks/Metadata.framework/Versions/A/Metadata
0x000000000dd3b000 	/System/Library/Frameworks/CoreServices.framework/Versions/A/Frameworks/OSServices.framework/Versions/A/OSServices
0x000000000dd3b000 	/System/Library/Frameworks/CoreServices.framework/Versions/A/Frameworks/SearchKit.framework/Versions/A/SearchKit
0x000000000dd3b000 	/System/Library/Frameworks/CoreServices.framework/Versions/A/Frameworks/AE.framework/Versions/A/AE
0x000000000dd3b000 	/System/Library/Frameworks/CoreServices.framework/Versions/A/Frameworks/LaunchServices.framework/Versions/A/LaunchServices
0x000000000dd3b000 	/System/Library/Frameworks/CoreServices.framework/Versions/A/Frameworks/DictionaryServices.framework/Versions/A/DictionaryServices
0x000000000dd3b000 	/System/Library/Frameworks/CoreServices.framework/Versions/A/Frameworks/SharedFileList.framework/Versions/A/SharedFileList
0x000000000dd3b000 	/System/Library/Frameworks/NetFS.framework/Versions/A/NetFS
0x000000000dd3b000 	/System/Library/PrivateFrameworks/NetAuth.framework/Versions/A/NetAuth
0x000000000dd3b000 	/System/Library/PrivateFrameworks/login.framework/Versions/A/Frameworks/loginsupport.framework/Versions/A/loginsupport
0x000000000dd3b000 	/System/Library/PrivateFrameworks/TCC.framework/Versions/A/TCC
0x000000000dd3b000 	/usr/lib/libmecabra.dylib
0x000000000dd3b000 	/System/Library/Frameworks/ApplicationServices.framework/Versions/A/Frameworks/ATS.framework/Versions/A/ATS
0x000000000dd3b000 	/System/Library/Frameworks/ApplicationServices.framework/Versions/A/Frameworks/ColorSync.framework/Versions/A/ColorSync
0x000000000dd3b000 	/System/Library/Frameworks/ApplicationServices.framework/Versions/A/Frameworks/HIServices.framework/Versions/A/HIServices
0x000000000dd3b000 	/System/Library/Frameworks/ApplicationServices.framework/Versions/A/Frameworks/LangAnalysis.framework/Versions/A/LangAnalysis
0x000000000dd3b000 	/System/Library/Frameworks/ApplicationServices.framework/Versions/A/Frameworks/PrintCore.framework/Versions/A/PrintCore
0x000000000dd3b000 	/System/Library/Frameworks/ApplicationServices.framework/Versions/A/Frameworks/QD.framework/Versions/A/QD
0x000000000dd3b000 	/System/Library/Frameworks/ApplicationServices.framework/Versions/A/Frameworks/SpeechSynthesis.framework/Versions/A/SpeechSynthesis
0x000000000dd3b000 	/System/Library/Frameworks/Accelerate.framework/Versions/A/Frameworks/vImage.framework/Versions/A/vImage
0x000000000dd3b000 	/System/Library/Frameworks/Accelerate.framework/Versions/A/Frameworks/vecLib.framework/Versions/A/vecLib
0x000000000dd3b000 	/System/Library/Frameworks/Accelerate.framework/Versions/A/Frameworks/vecLib.framework/Versions/A/libvDSP.dylib
0x000000000dd3b000 	/System/Library/Frameworks/Accelerate.framework/Versions/A/Frameworks/vecLib.framework/Versions/A/libBNNS.dylib
0x000000000dd3b000 	/System/Library/Frameworks/Accelerate.framework/Versions/A/Frameworks/vecLib.framework/Versions/A/libQuadrature.dylib
0x000000000dd3b000 	/System/Library/Frameworks/Accelerate.framework/Versions/A/Frameworks/vecLib.framework/Versions/A/libvMisc.dylib
0x000000000dd3b000 	/System/Library/Frameworks/Accelerate.framework/Versions/A/Frameworks/vecLib.framework/Versions/A/libLAPACK.dylib
0x000000000dd3b000 	/System/Library/Frameworks/Accelerate.framework/Versions/A/Frameworks/vecLib.framework/Versions/A/libBLAS.dylib
0x000000000dd3b000 	/System/Library/Frameworks/Accelerate.framework/Versions/A/Frameworks/vecLib.framework/Versions/A/libLinearAlgebra.dylib
0x000000000dd3b000 	/System/Library/Frameworks/Accelerate.framework/Versions/A/Frameworks/vecLib.framework/Versions/A/libSparseBLAS.dylib
0x000000000dd3b000 	/System/Library/Frameworks/ApplicationServices.framework/Versions/A/Frameworks/ATS.framework/Versions/A/Resources/libFontParser.dylib
0x000000000dd3b000 	/System/Library/Frameworks/ApplicationServices.framework/Versions/A/Frameworks/ATS.framework/Versions/A/Resources/libFontRegistry.dylib
0x000000000dd3b000 	/System/Library/Frameworks/ImageIO.framework/Versions/A/Resources/libJPEG.dylib
0x000000000dd3b000 	/System/Library/Frameworks/ImageIO.framework/Versions/A/Resources/libTIFF.dylib
0x000000000dd3b000 	/System/Library/Frameworks/ImageIO.framework/Versions/A/Resources/libPng.dylib
0x000000000dd3b000 	/System/Library/Frameworks/ImageIO.framework/Versions/A/Resources/libGIF.dylib
0x000000000dd3b000 	/System/Library/Frameworks/ImageIO.framework/Versions/A/Resources/libJP2.dylib
0x000000000dd3b000 	/System/Library/Frameworks/ImageIO.framework/Versions/A/Resources/libRadiance.dylib
0x000000000dd3b000 	/usr/lib/libcompression.dylib
0x000000000dd3b000 	/System/Library/PrivateFrameworks/AppleJPEG.framework/Versions/A/AppleJPEG
0x000000000dd3b000 	/usr/lib/libcups.2.dylib
0x000000000dd3b000 	/System/Library/Frameworks/Kerberos.framework/Versions/A/Kerberos
0x000000000dd3b000 	/System/Library/Frameworks/GSS.framework/Versions/A/GSS
0x000000000dd3b000 	/usr/lib/libresolv.9.dylib
0x000000000dd3b000 	/usr/lib/libiconv.2.dylib
0x000000000dd3b000 	/System/Library/PrivateFrameworks/Heimdal.framework/Versions/A/Heimdal
0x000000000dd3b000 	/usr/lib/libheimdal-asn1.dylib
0x000000000dd3b000 	/System/Library/Frameworks/OpenDirectory.framework/Versions/A/OpenDirectory
0x000000000dd3b000 	/System/Library/PrivateFrameworks/CommonAuth.framework/Versions/A/CommonAuth
0x000000000dd3b000 	/System/Library/Frameworks/OpenDirectory.framework/Versions/A/Frameworks/CFOpenDirectory.framework/Versions/A/CFOpenDirectory
0x000000000dd3b000 	/System/Library/Frameworks/SecurityFoundation.framework/Versions/A/SecurityFoundation
0x000000000dd3b000 	/System/Library/PrivateFrameworks/LanguageModeling.framework/Versions/A/LanguageModeling
0x000000000dd3b000 	/usr/lib/libmarisa.dylib
0x000000000dd3b000 	/usr/lib/libChineseTokenizer.dylib
0x000000000dd3b000 	/usr/lib/libcmph.dylib
0x000000000dd3b000 	/System/Library/PrivateFrameworks/CoreEmoji.framework/Versions/A/CoreEmoji
0x000000000dd3b000 	/System/Library/Frameworks/ServiceManagement.framework/Versions/A/ServiceManagement
0x000000000dd3b000 	/usr/lib/libxslt.1.dylib
0x000000000dd3b000 	/System/Library/Frameworks/Carbon.framework/Versions/A/Frameworks/Ink.framework/Versions/A/Ink
0x000000000dd3b000 	/System/Library/PrivateFrameworks/TextureIO.framework/Versions/A/TextureIO
0x000000000dd3b000 	/System/Library/Frameworks/Metal.framework/Versions/A/Metal
0x000000000dd3b000 	/usr/lib/libate.dylib
0x000000000dd3b000 	/System/Library/PrivateFrameworks/GPUCompiler.framework/libmetal_timestamp.dylib
0x000000000dd3b000 	/System/Library/Frameworks/OpenGL.framework/Versions/A/Libraries/libCoreFSCache.dylib
0x000000000dd3b000 	/System/Library/PrivateFrameworks/IOAccelerator.framework/Versions/A/IOAccelerator
0x000000000dd3b000 	/System/Library/Frameworks/CoreVideo.framework/Versions/A/CoreVideo
0x000000000dd3b000 	/usr/lib/libFosl_dynamic.dylib
0x000000000dd3b000 	/System/Library/PrivateFrameworks/MetalPerformanceShaders.framework/Versions/A/MetalPerformanceShaders
0x000000000dd3b000 	/System/Library/PrivateFrameworks/FaceCore.framework/Versions/A/FaceCore
0x000000000dd3b000 	/System/Library/Frameworks/OpenCL.framework/Versions/A/OpenCL
0x000000000dd3b000 	/System/Library/Frameworks/OpenGL.framework/Versions/A/Libraries/libGLU.dylib
0x000000000dd3b000 	/System/Library/Frameworks/OpenGL.framework/Versions/A/Libraries/libGFXShared.dylib
0x000000000dd3b000 	/System/Library/Frameworks/OpenGL.framework/Versions/A/Libraries/libGL.dylib
0x000000000dd3b000 	/System/Library/Frameworks/OpenGL.framework/Versions/A/Libraries/libGLImage.dylib
0x000000000dd3b000 	/System/Library/Frameworks/OpenGL.framework/Versions/A/Libraries/libCVMSPluginSupport.dylib
0x000000000dd3b000 	/System/Library/Frameworks/OpenGL.framework/Versions/A/Libraries/libCoreVMClient.dylib
0x000000000dd3b000 	/System/Library/PrivateFrameworks/CrashReporterSupport.framework/Versions/A/CrashReporterSupport
0x000000000dd3b000 	/System/Library/PrivateFrameworks/Sharing.framework/Versions/A/Sharing
0x000000000dd3b000 	/System/Library/PrivateFrameworks/IconServices.framework/Versions/A/IconServices
0x000000000dd3b000 	/System/Library/PrivateFrameworks/ProtocolBuffer.framework/Versions/A/ProtocolBuffer
0x000000000dd3b000 	/System/Library/PrivateFrameworks/Apple80211.framework/Versions/A/Apple80211
0x000000000dd3b000 	/System/Library/Frameworks/CoreWLAN.framework/Versions/A/CoreWLAN
0x000000000dd3b000 	/System/Library/PrivateFrameworks/CoreUtils.framework/Versions/A/CoreUtils
0x000000000dd3b000 	/System/Library/Frameworks/IOBluetooth.framework/Versions/A/IOBluetooth
0x000000000dd3b000 	/System/Library/PrivateFrameworks/CoreWiFi.framework/Versions/A/CoreWiFi
0x000000000dd3b000 	/System/Library/Frameworks/CoreBluetooth.framework/Versions/A/CoreBluetooth
0x000000000dd3b000 	/System/Library/Frameworks/CoreDisplay.framework/Versions/A/CoreDisplay
0x000000000dd3b000 	/System/Library/PrivateFrameworks/IOPresentment.framework/Versions/A/IOPresentment
0x000000000dd3b000 	/System/Library/PrivateFrameworks/DSExternalDisplay.framework/Versions/A/DSExternalDisplay
0x000000000dd3b000 	/System/Library/PrivateFrameworks/DebugSymbols.framework/Versions/A/DebugSymbols
0x000000000dd3b000 	/System/Library/PrivateFrameworks/CoreSymbolication.framework/Versions/A/CoreSymbolication
0x000000000dd3b000 	/System/Library/PrivateFrameworks/Symbolication.framework/Versions/A/Symbolication
0x000000000dd3b000 	/System/Library/PrivateFrameworks/AppleFSCompression.framework/Versions/A/AppleFSCompression
0x000000000dd3b000 	/System/Library/PrivateFrameworks/SpeechRecognitionCore.framework/Versions/A/SpeechRecognitionCore
0x000000000dd3b000 	/System/Library/PrivateFrameworks/ChunkingLibrary.framework/Versions/A/ChunkingLibrary
0x000000010c998000 	/Volumes/LocalDataHD/m/ma/ma777/Desktop/omnetpp-5.2.1-hpc/omnetpp-5.2.1/ide/omnetpp.app/Contents/Eclipse/plugins/org.eclipse.equinox.launcher.cocoa.macosx.x86_64_1.1.550.v20170928-1359/eclipse_1629.so
0x000000000dd3b000 	/System/Library/PrivateFrameworks/CoreServicesInternal.framework/Versions/A/CoreServicesInternal
0x000000010c9d8000 	/Library/Java/JavaVirtualMachines/jdk1.8.0_144.jdk/Contents/MacOS/libjli.dylib
0x000000010f4c9000 	/Library/Java/JavaVirtualMachines/jdk1.8.0_144.jdk/Contents/Home/jre//lib/server/libjvm.dylib
0x000000000dd3b000 	/usr/lib/libstdc++.6.dylib
0x000000010c9e8000 	/Library/Java/JavaVirtualMachines/jdk1.8.0_144.jdk/Contents/Home/jre/lib/libverify.dylib
0x000000010ee9d000 	/Library/Java/JavaVirtualMachines/jdk1.8.0_144.jdk/Contents/Home/jre/lib/libjava.dylib
0x000000010eed2000 	/Library/Java/JavaVirtualMachines/jdk1.8.0_144.jdk/Contents/Home/jre/lib/libzip.dylib
0x00000001137d4000 	/System/Library/Frameworks/JavaVM.framework/Frameworks/JavaRuntimeSupport.framework/JavaRuntimeSupport
0x00000001137ee000 	/System/Library/Frameworks/JavaVM.framework/Versions/A/Frameworks/JavaNativeFoundation.framework/Versions/A/JavaNativeFoundation
0x000000010efae000 	/System/Library/Frameworks/JavaVM.framework/Versions/A/JavaVM
0x000000000dd3b000 	/System/Library/Frameworks/Carbon.framework/Versions/A/Carbon
0x0000000113803000 	/System/Library/PrivateFrameworks/JavaLaunching.framework/Versions/A/JavaLaunching
0x000000000dd3b000 	/System/Library/Frameworks/Carbon.framework/Versions/A/Frameworks/CommonPanels.framework/Versions/A/CommonPanels
0x000000000dd3b000 	/System/Library/Frameworks/Carbon.framework/Versions/A/Frameworks/Help.framework/Versions/A/Help
0x000000000dd3b000 	/System/Library/Frameworks/Carbon.framework/Versions/A/Frameworks/ImageCapture.framework/Versions/A/ImageCapture
0x000000000dd3b000 	/System/Library/Frameworks/Carbon.framework/Versions/A/Frameworks/OpenScripting.framework/Versions/A/OpenScripting
0x000000000dd3b000 	/System/Library/Frameworks/Carbon.framework/Versions/A/Frameworks/Print.framework/Versions/A/Print
0x000000000dd3b000 	/System/Library/Frameworks/Carbon.framework/Versions/A/Frameworks/SecurityHI.framework/Versions/A/SecurityHI
0x000000000dd3b000 	/System/Library/CoreServices/RawCamera.bundle/Contents/MacOS/RawCamera
0x000000000dd3b000 	/System/Library/Frameworks/Accelerate.framework/Versions/A/Frameworks/vImage.framework/Versions/A/Libraries/libCGInterfaces.dylib
0x000000000dd3b000 	/System/Library/Frameworks/ApplicationServices.framework/Versions/A/Frameworks/ATS.framework/Versions/A/Resources/libTrueTypeScaler.dylib
0x0000000115cbd000 	/System/Library/Frameworks/OpenGL.framework/Resources/GLEngine.bundle/GLEngine
0x000000000dd3b000 	/System/Library/Frameworks/OpenGL.framework/Versions/A/Libraries/libGLProgrammability.dylib
0x000000000dd3b000 	/System/Library/Extensions/GeForceGLDriver.bundle/Contents/MacOS/GeForceGLDriver
0x000000000dd3b000 	/System/Library/Extensions/GeForceGLDriver.bundle/Contents/MacOS/libclh.dylib
0x000000000dd3b000 	/System/Library/PrivateFrameworks/GPUSupport.framework/Versions/A/Libraries/libGPUSupportMercury.dylib
0x0000000115ea6000 	/System/Library/Frameworks/OpenGL.framework/Resources//GLRendererFloat.bundle/GLRendererFloat
0x000000000dd3b000 	/System/Library/Frameworks/OpenCL.framework/Versions/A/Libraries/libcldcpuengine.dylib
0x000000000dd3b000 	/usr/lib/libcrypto.0.9.8.dylib
0x000000000dd3b000 	/System/Library/PrivateFrameworks/TrustEvaluationAgent.framework/Versions/A/TrustEvaluationAgent
0x000000000dd3b000 	/System/Library/Extensions/GeForceMTLDriver.bundle/Contents/MacOS/GeForceMTLDriver
0x0000000116c75000 	/Library/Java/JavaVirtualMachines/jdk1.8.0_144.jdk/Contents/Home/jre/lib/libnet.dylib
0x0000000116c8c000 	/Library/Java/JavaVirtualMachines/jdk1.8.0_144.jdk/Contents/Home/jre/lib/libnio.dylib
0x000000000dd3b000 	/System/Library/PrivateFrameworks/ViewBridge.framework/Versions/A/ViewBridge
0x000000000dd3b000 	/System/Library/PrivateFrameworks/XPCService.framework/Versions/A/XPCService
0x000000000dd3b000 	/System/Library/PrivateFrameworks/AppSandbox.framework/Versions/A/AppSandbox
0x000000000dd3b000 	/usr/lib/libsandbox.1.dylib
0x000000000dd3b000 	/System/Library/PrivateFrameworks/AppContainer.framework/Versions/A/AppContainer
0x000000000dd3b000 	/System/Library/PrivateFrameworks/SecCodeWrapper.framework/Versions/A/SecCodeWrapper
0x000000000dd3b000 	/usr/lib/libMatch.1.dylib
0x0000000131f20000 	/Volumes/LocalDataHD/m/ma/ma777/Desktop/omnetpp-5.2.1-hpc/omnetpp-5.2.1/ide/omnetpp.app/Contents/Eclipse/configuration/org.eclipse.osgi/305/0/.cp/libswt-cocoa-4758.jnilib
0x000000000dd3b000 	/System/Library/Frameworks/WebKit.framework/Versions/A/WebKit
0x000000000dd3b000 	/System/Library/Frameworks/JavaScriptCore.framework/Versions/A/JavaScriptCore
0x000000000dd3b000 	/System/Library/Frameworks/SecurityInterface.framework/Versions/A/SecurityInterface
0x000000000dd3b000 	/System/Library/Frameworks/WebKit.framework/Versions/A/Frameworks/WebKitLegacy.framework/Versions/A/WebKitLegacy
0x000000000dd3b000 	/System/Library/Frameworks/WebKit.framework/Versions/A/Frameworks/WebCore.framework/Versions/A/WebCore
0x0000000131f75000 	/Volumes/LocalDataHD/m/ma/ma777/Desktop/omnetpp-5.2.1-hpc/omnetpp-5.2.1/ide/omnetpp.app/Contents/Eclipse/configuration/org.eclipse.osgi/305/0/.cp/libswt-pi-cocoa-4758.jnilib
0x000000000dd3b000 	/System/Library/PrivateFrameworks/CloudDocs.framework/Versions/A/CloudDocs
0x000000000dd3b000 	/System/Library/Frameworks/CloudKit.framework/Versions/A/CloudKit
0x000000000dd3b000 	/System/Library/PrivateFrameworks/MMCS.framework/Versions/A/MMCS
0x000000000dd3b000 	/System/Library/Frameworks/CoreLocation.framework/Versions/A/CoreLocation
0x000000000dd3b000 	/System/Library/PrivateFrameworks/ProtectedCloudStorage.framework/Versions/A/ProtectedCloudStorage
0x000000000dd3b000 	/System/Library/PrivateFrameworks/AssetCacheServices.framework/Versions/A/AssetCacheServices
0x000000000dd3b000 	/System/Library/PrivateFrameworks/GeoServices.framework/Versions/A/GeoServices
0x0000000116a88000 	/System/Library/PrivateFrameworks/CoreNLP.framework/Versions/A/CoreNLP
0x0000000113c50000 	/Volumes/LocalDataHD/m/ma/ma777/Desktop/omnetpp-5.2.1-hpc/omnetpp-5.2.1/ide/omnetpp.app/Contents/Eclipse/configuration/org.eclipse.osgi/96/0/.cp/os/macosx/libunixfile_1_0_0.jnilib
0x0000000138622000 	/Volumes/LocalDataHD/m/ma/ma777/Desktop/omnetpp-5.2.1-hpc/omnetpp-5.2.1/ide/omnetpp.app/Contents/Eclipse/plugins/org.omnetpp.ide.nativelibs.macosx_5.2.1.171211-da8f6bc/libopplibs.jnilib
0x0000000134f17000 	/Library/Java/JavaVirtualMachines/jdk1.8.0_144.jdk/Contents/Home/jre/lib/libawt.dylib
0x0000000137a68000 	/Library/Java/JavaVirtualMachines/jdk1.8.0_144.jdk/Contents/Home/jre/lib/./libmlib_image.dylib
0x0000000135418000 	/Library/Java/JavaVirtualMachines/jdk1.8.0_144.jdk/Contents/Home/jre/lib/libawt_lwawt.dylib
0x00000001325b6000 	/Library/Java/JavaVirtualMachines/jdk1.8.0_144.jdk/Contents/Home/jre/lib/./libosxapp.dylib
0x000000000dd3b000 	/System/Library/Frameworks/ExceptionHandling.framework/Versions/A/ExceptionHandling
0x0000000115b4f000 	cl_kernels
0x0000000138fb0000 	/System/Library/Frameworks/OpenCL.framework/Versions/A/Libraries/ImageFormats/unorm8_bgra.dylib
0x0000000113b21000 	/Volumes/LocalDataHD/m/ma/ma777/Desktop/omnetpp-5.2.1-hpc/omnetpp-5.2.1/ide/omnetpp.app/Contents/Eclipse/configuration/org.eclipse.osgi/64/0/.cp/os/macosx/x86_64/libspawner.jnilib
0x0000000113a3f000 	/Library/Java/JavaVirtualMachines/jdk1.8.0_144.jdk/Contents/Home/jre/lib/libsunec.dylib
0x0000000115b65000 	/Library/Java/JavaVirtualMachines/jdk1.8.0_144.jdk/Contents/Home/jre/lib/libmanagement.dylib
0x00000001139f1000 	cl_kernels
0x000000000dd3b000 	/System/Library/PrivateFrameworks/DataDetectors.framework/Versions/A/DataDetectors
0x000000000dd3b000 	/System/Library/Frameworks/AddressBook.framework/Versions/A/AddressBook
0x000000000dd3b000 	/System/Library/Frameworks/Quartz.framework/Versions/A/Quartz
0x000000000dd3b000 	/System/Library/PrivateFrameworks/ContactsPersistence.framework/Versions/A/ContactsPersistence
0x000000000dd3b000 	/System/Library/PrivateFrameworks/CalendarAgentLink.framework/Versions/A/CalendarAgentLink
0x000000000dd3b000 	/System/Library/PrivateFrameworks/ContactsFoundation.framework/Versions/A/ContactsFoundation
0x000000000dd3b000 	/System/Library/PrivateFrameworks/vCard.framework/Versions/A/vCard
0x000000000dd3b000 	/System/Library/PrivateFrameworks/IntlPreferences.framework/Versions/A/IntlPreferences
0x000000000dd3b000 	/System/Library/PrivateFrameworks/ToneLibrary.framework/Versions/A/ToneLibrary
0x000000000dd3b000 	/System/Library/PrivateFrameworks/ToneKit.framework/Versions/A/ToneKit
0x000000000dd3b000 	/System/Library/PrivateFrameworks/ApplePushService.framework/Versions/A/ApplePushService
0x000000000dd3b000 	/System/Library/Frameworks/DirectoryService.framework/Versions/A/DirectoryService
0x000000000dd3b000 	/System/Library/PrivateFrameworks/PhoneNumbers.framework/Versions/A/PhoneNumbers
0x000000000dd3b000 	/System/Library/Frameworks/LDAP.framework/Versions/A/LDAP
0x000000000dd3b000 	/System/Library/Frameworks/Accounts.framework/Versions/A/Accounts
0x000000000dd3b000 	/System/Library/PrivateFrameworks/OAuth.framework/Versions/A/OAuth
0x000000000dd3b000 	/System/Library/Frameworks/AVFoundation.framework/Versions/A/AVFoundation
0x000000000dd3b000 	/System/Library/Frameworks/AVFoundation.framework/Versions/A/Frameworks/AVFAudio.framework/Versions/A/AVFAudio
0x000000000dd3b000 	/System/Library/Frameworks/CoreMedia.framework/Versions/A/CoreMedia
0x000000000dd3b000 	/System/Library/Frameworks/MediaToolbox.framework/Versions/A/MediaToolbox
0x000000000dd3b000 	/System/Library/Frameworks/VideoToolbox.framework/Versions/A/VideoToolbox
0x000000000dd3b000 	/System/Library/Frameworks/CoreMediaIO.framework/Versions/A/CoreMediaIO
0x000000000dd3b000 	/usr/lib/libspindump.dylib
0x000000000dd3b000 	/usr/lib/libdscsym.dylib
0x000000000dd3b000 	/System/Library/PrivateFrameworks/CoreAVCHD.framework/Versions/A/CoreAVCHD
0x000000000dd3b000 	/System/Library/Frameworks/MediaAccessibility.framework/Versions/A/MediaAccessibility
0x000000000dd3b000 	/System/Library/PrivateFrameworks/Mangrove.framework/Versions/A/Mangrove
0x000000000dd3b000 	/System/Library/PrivateFrameworks/CoreAUC.framework/Versions/A/CoreAUC
0x000000000dd3b000 	/System/Library/PrivateFrameworks/AppleVA.framework/Versions/A/AppleVA
0x000000000dd3b000 	/System/Library/PrivateFrameworks/CoreDaemon.framework/Versions/B/CoreDaemon
0x000000000dd3b000 	/System/Library/PrivateFrameworks/AppleSRP.framework/Versions/A/AppleSRP
0x000000000dd3b000 	/System/Library/Frameworks/Quartz.framework/Versions/A/Frameworks/QuartzComposer.framework/Versions/A/QuartzComposer
0x000000000dd3b000 	/System/Library/Frameworks/Quartz.framework/Versions/A/Frameworks/PDFKit.framework/Versions/A/PDFKit
0x000000000dd3b000 	/System/Library/Frameworks/Quartz.framework/Versions/A/Frameworks/QuartzFilters.framework/Versions/A/QuartzFilters
0x000000000dd3b000 	/System/Library/Frameworks/Quartz.framework/Versions/A/Frameworks/ImageKit.framework/Versions/A/ImageKit
0x000000000dd3b000 	/System/Library/Frameworks/Quartz.framework/Versions/A/Frameworks/QuickLookUI.framework/Versions/A/QuickLookUI
0x000000000dd3b000 	/System/Library/Frameworks/QTKit.framework/Versions/A/QTKit
0x000000000dd3b000 	/System/Library/PrivateFrameworks/AppleSystemInfo.framework/Versions/A/AppleSystemInfo
0x000000000dd3b000 	/System/Library/PrivateFrameworks/CoreMediaAuthoring.framework/Versions/A/CoreMediaAuthoring
0x000000000dd3b000 	/System/Library/PrivateFrameworks/CorePDF.framework/Versions/A/CorePDF
0x000000000dd3b000 	/System/Library/Frameworks/SafariServices.framework/Versions/A/SafariServices
0x000000000dd3b000 	/System/Library/Frameworks/QuickLook.framework/Versions/A/QuickLook
0x000000000dd3b000 	/System/Library/PrivateFrameworks/MobileKeyBag.framework/Versions/A/MobileKeyBag
0x000000000dd3b000 	/System/Library/PrivateFrameworks/QuickLookThumbnailing.framework/Versions/A/QuickLookThumbnailing
0x000000000dd3b000 	/System/Library/PrivateFrameworks/DisplayServices.framework/Versions/A/DisplayServices
0x000000000dd3b000 	/System/Library/Frameworks/ImageCaptureCore.framework/Versions/A/ImageCaptureCore
0x000000000dd3b000 	/usr/lib/libsasl2.2.dylib
0x000000000dd3b000 	/System/Library/PrivateFrameworks/Shortcut.framework/Versions/A/Shortcut
0x000000000dd3b000 	/System/Library/PrivateFrameworks/HelpData.framework/Versions/A/HelpData
0x0000000137ba2000 	/Library/Java/JavaVirtualMachines/jdk1.8.0_144.jdk/Contents/Home/jre/lib/libfontmanager.dylib
0x0000000168d23000 	/System/Library/Frameworks/ApplicationServices.framework/Frameworks/ATS.framework/Resources/libFontRegistryUI.dylib
0x0000000168d30000 	/System/Library/Frameworks/ApplicationServices.framework/Versions/A/Frameworks/ATS.framework/Versions/A/Resources/ATSHI.dylib

VM Arguments:
jvm_args: -Dosgi.instance.area.default=/home/m/ma/ma777/Desktop/omnetpp-5.2.1-hpc/omnetpp-5.2.1/bin/../ide/../samples 
java_command: <unknown>
java_class_path (initial): /Volumes/LocalDataHD/m/ma/ma777/Desktop/omnetpp-5.2.1-hpc/omnetpp-5.2.1/ide/omnetpp.app/Contents/MacOS//../Eclipse/plugins/org.eclipse.equinox.launcher_1.4.0.v20161219-1356.jar
Launcher Type: generic

Environment Variables:
PATH=$/home/m/ma/ma777/Desktop/omnetpp-5.2.1-hpc/omnetpp-5.2.1/bin:$/home/m/ma/ma777/Desktop/omnetpp-5.2.1-hpc/omnetpp-5.2.1/tools/macosx/bin:/opt/local/bin:/opt/local/sbin:/home/m/ma/ma777/perl5/perlbrew/bin:/home/m/ma/ma777/perl5/perlbrew/perls/perl-5.16.0/bin:/usr/local/bin:/usr/bin:/bin:/usr/sbin:/sbin:/opt/X11/bin:/usr/local/munki:/Library/Application Support/pinpoint/bin:/opt/puppetlabs/bin:/Library/TeX/texbin:/Applications/Wireshark.app/Contents/MacOS:/home/m/ma/ma777/Desktop/omnetpp-5.2.1-hpc/omnetpp-5.2.1/bin:$/home/m/ma/ma777/Desktop/omnetpp-5.2.1-hpc/omnetpp-5.2.1/tools/macosx/bin:/opt/local/bin:/opt/local/sbin:/home/m/ma/ma777/perl5/perlbrew/bin:/home/m/ma/ma777/perl5/perlbrew/perls/perl-5.16.0/bin:/usr/local/bin:/usr/bin:/bin:/usr/sbin:/sbin:/opt/X11/bin:/usr/local/munki:/Library/Application Support/pinpoint/bin:/opt/puppetlabs/bin:/Library/TeX/texbin:/Applications/Wireshark.app/Contents/MacOS
SHELL=/bin/bash
DISPLAY=/private/tmp/com.apple.launchd.JDfc2ScryL/org.macosforge.xquartz:0

Signal Handlers:
SIGSEGV: [libjvm.dylib+0x5b26e5], sa_mask[0]=11111111011111110111111111111111, sa_flags=SA_ONSTACK|SA_RESTART|SA_SIGINFO
SIGBUS: [libjvm.dylib+0x5b26e5], sa_mask[0]=11111111011111110111111111111111, sa_flags=SA_RESTART|SA_SIGINFO
SIGFPE: [libjvm.dylib+0x489100], sa_mask[0]=11111111011111110111111111111111, sa_flags=SA_RESTART|SA_SIGINFO
SIGPIPE: [libjvm.dylib+0x489100], sa_mask[0]=11111111011111110111111111111111, sa_flags=SA_RESTART|SA_SIGINFO
SIGXFSZ: [libjvm.dylib+0x489100], sa_mask[0]=11111111011111110111111111111111, sa_flags=SA_RESTART|SA_SIGINFO
SIGILL: [libjvm.dylib+0x489100], sa_mask[0]=11111111011111110111111111111111, sa_flags=SA_RESTART|SA_SIGINFO
SIGUSR1: SIG_DFL, sa_mask[0]=11011111011111100000000111000110, sa_flags=none
SIGUSR2: [libjvm.dylib+0x488c1e], sa_mask[0]=00000000000000000000000000000000, sa_flags=SA_RESTART|SA_SIGINFO
SIGHUP: [libjvm.dylib+0x4871f5], sa_mask[0]=11111111011111110111111111111111, sa_flags=SA_RESTART|SA_SIGINFO
SIGINT: SIG_IGN, sa_mask[0]=00000000000000000000000000000000, sa_flags=none
SIGTERM: [libjvm.dylib+0x4871f5], sa_mask[0]=11111111011111110111111111111111, sa_flags=SA_RESTART|SA_SIGINFO
SIGQUIT: [libjvm.dylib+0x4871f5], sa_mask[0]=11111111011111110111111111111111, sa_flags=SA_RESTART|SA_SIGINFO


---------------  S Y S T E M  ---------------

OS:Bsduname:Darwin 16.7.0 Darwin Kernel Version 16.7.0: Thu Jun 15 17:36:27 PDT 2017; root:xnu-3789.70.16~2/RELEASE_X86_64 x86_64
rlimit: STACK 8192k, CORE 0k, NPROC 709, NOFILE 10240, AS infinity
load average:1.92 1.92 1.69

CPU:total 4 (initial active 4) (4 cores per cpu, 1 threads per core) family 6 model 60 stepping 3, cmov, cx8, fxsr, mmx, sse, sse2, sse3, ssse3, sse4.1, sse4.2, popcnt, avx, avx2, aes, clmul, erms, rtm, lzcnt, tsc, tscinvbit, bmi1, bmi2

Memory: 4k page, physical 16777216k(954536k free)

/proc/meminfo:


vm_info: Java HotSpot(TM) 64-Bit Server VM (25.144-b01) for bsd-amd64 JRE (1.8.0_144-b01), built on Jul 21 2017 22:07:42 by "java_re" with gcc 4.2.1 (Based on Apple Inc. build 5658) (LLVM build 2336.11.00)

time: Thu Feb  1 14:22:42 2018
elapsed time: 454 seconds (0d 0h 7m 34s)

