#
# A fatal error has been detected by the Java Runtime Environment:
#
#  SIGSEGV (0xb) at pc=0x0000000131c833d6, pid=73287, tid=0x0000000000000307
#
# JRE version: Java(TM) SE Runtime Environment (8.0_144-b01) (build 1.8.0_144-b01)
# Java VM: Java HotSpot(TM) 64-Bit Server VM (25.144-b01 mixed mode bsd-amd64 compressed oops)
# Problematic frame:
# C  [libopplibs.jnilib+0x17d3d6]  omnetpp::eventlog::EventLogFacade::IEvent_getNextEvent(unsigned long)+0x16
#
# Failed to write core dump. Core dumps have been disabled. To enable core dumping, try "ulimit -c unlimited" before starting Java again
#
# If you would like to submit a bug report, please visit:
#   http://bugreport.java.com/bugreport/crash.jsp
# The crash happened outside the Java Virtual Machine in native code.
# See problematic frame for where to report the bug.
#

---------------  T H R E A D  ---------------

Current thread (0x00007fcdc0013800):  JavaThread "main" [_thread_in_native, id=775, stack(0x00007fff58063000,0x00007fff58863000)]

siginfo: si_signo: 11 (SIGSEGV), si_code: 1 (SEGV_MAPERR), si_addr: 0x0000000000000090

Registers:
RAX=0x0000000000000000, RBX=0x00007fcdc00139f8, RCX=0x00007fff58860288, RDX=0x00007fcdc267cde0
RSP=0x00007fff58860248, RBP=0x00007fff58860270, RSI=0x00007fcdc8d0a0c0, RDI=0x00007fcdc8d0a0c0
R8 =0x00007fcdc8d0a0c0, R9 =0x0000000775a27868, R10=0x00000001111b2898, R11=0x00000001111b0aa0
R12=0x0000000000000000, R13=0x00007fff58860330, R14=0x00007fff588602b0, R15=0x00007fcdc0013800
RIP=0x0000000131c833d6, EFLAGS=0x0000000000010206, ERR=0x0000000000000004
  TRAPNO=0x000000000000000e

Top of Stack: (sp=0x00007fff58860248)
0x00007fff58860248:   0000000131b63138 0000000130ce66a0
0x00007fff58860258:   0000000130ce66a0 00007fff588602b0
0x00007fff58860268:   00007fcdc0013800 00007fff588602c0
0x00007fff58860278:   00000001111b290e 0000000130d68588
0x00007fff58860288:   00000006c17dc4b0 00007fff588602b8
0x00007fff58860298:   00007fff58860320 000000010fe38dd0
0x00007fff588602a8:   00000006c18b76b8 00000006c18b76b8
0x00007fff588602b8:   00007fcdc8d0a030 00007fff58860388
0x00007fff588602c8:   00000001111b0b0c 00007fcdc267cde0
0x00007fff588602d8:   bffec079c045a65b 00007fff588602e0
0x00007fff588602e8:   0000000130ce65ce 00007fff58860340
0x00007fff588602f8:   0000000130d8f328 0000000000000000
0x00007fff58860308:   0000000130ce65f0 00007fff58860388
0x00007fff58860318:   000000010fe38dd0 00007fff58860388
0x00007fff58860328:   000000010fe38dd0 00007fcdc8d0a0c0
0x00007fff58860338:   0000000775a278f0 00000006c17dc4b0
0x00007fff58860348:   00007fff58860348 0000000130cfcf8b
0x00007fff58860358:   00007fff588603e8 000000013053f028
0x00007fff58860368:   0000000000000000 0000000130cfd070
0x00007fff58860378:   00007fff58860330 00007fff588603b8
0x00007fff58860388:   00007fff58860438 000000010fe38d00
0x00007fff58860398:   0000000000000000 0000000000000000
0x00007fff588603a8:   0000000775a278f0 00000006c17dc178
0x00007fff588603b8:   000000000000051d fffffffffffffe22
0x00007fff588603c8:   000000010fe39040 0000000000002e05
0x00007fff588603d8:   000000010fe39040 00000006c17dc178
0x00007fff588603e8:   00000006c17db818 00000006c17db818
0x00007fff588603f8:   00007fff588603f8 000000012de6c5f2
0x00007fff58860408:   00007fff58860448 0000000130d7f498
0x00007fff58860418:   0000000000000000 000000012de6c628
0x00007fff58860428:   00007fff588603b8 00007fff58860448
0x00007fff58860438:   00007fff58860490 000000010fe392bd 

Instructions: (pc=0x0000000131c833d6)
0x0000000131c833b6:   66 2e 0f 1f 84 00 00 00 00 00 55 48 89 e5 41 56
0x0000000131c833c6:   53 48 85 f6 74 10 48 8b 06 48 89 f7 5b 41 5e 5d
0x0000000131c833d6:   ff a0 90 00 00 00 bf 28 00 00 00 e8 14 36 14 00
0x0000000131c833e6:   48 89 c3 48 8d 35 0a e1 18 00 31 c0 48 89 df e8 

Register to memory mapping:

RAX=0x0000000000000000 is an unknown value
RBX=0x00007fcdc00139f8 is an unknown value
RCX=0x00007fff58860288 is pointing into the stack for thread: 0x00007fcdc0013800
RDX=0x00007fcdc267cde0 is an unknown value
RSP=0x00007fff58860248 is pointing into the stack for thread: 0x00007fcdc0013800
RBP=0x00007fff58860270 is pointing into the stack for thread: 0x00007fcdc0013800
RSI=0x00007fcdc8d0a0c0 is an unknown value
RDI=0x00007fcdc8d0a0c0 is an unknown value
R8 =0x00007fcdc8d0a0c0 is an unknown value
R9 =0x0000000775a27868 is an oop
org.omnetpp.eventlog.engine.FilteredEvent 
 - klass: 'org/omnetpp/eventlog/engine/FilteredEvent'
R10=0x00000001111b2898 is at entry_point+88 in (nmethod*)0x00000001111b26d0
R11=0x00000001111b0aa0 is at entry_point+32 in (nmethod*)0x00000001111b0910
R12=0x0000000000000000 is an unknown value
R13=0x00007fff58860330 is pointing into the stack for thread: 0x00007fcdc0013800
R14=0x00007fff588602b0 is pointing into the stack for thread: 0x00007fcdc0013800
R15=0x00007fcdc0013800 is a thread


Stack: [0x00007fff58063000,0x00007fff58863000],  sp=0x00007fff58860248,  free space=8180k
Native frames: (J=compiled Java code, j=interpreted, Vv=VM code, C=native code)
C  [libopplibs.jnilib+0x17d3d6]  omnetpp::eventlog::EventLogFacade::IEvent_getNextEvent(unsigned long)+0x16
J 7185  org.omnetpp.eventlog.engine.EventLogEngineJNI.EventLogFacade_IEvent_getNextEvent(JLorg/omnetpp/eventlog/engine/EventLogFacade;J)J (0 bytes) @ 0x00000001111b290e [0x00000001111b2840+0xce]
J 7184 C1 org.omnetpp.eventlog.engine.EventLogFacade.IEvent_getNextEvent(J)J (10 bytes) @ 0x00000001111b0b0c [0x00000001111b0a80+0x8c]
j  org.omnetpp.sequencechart.widgets.SequenceChart.configureHorizontalScrollBar(Lorg/eclipse/swt/widgets/ScrollBar;JJI)I+91
j  org.omnetpp.common.canvas.LargeScrollableCanvas.configureScrollBars()V+18
j  org.omnetpp.sequencechart.widgets.SequenceChart.eventLogChanged()V+62
j  org.omnetpp.sequencechart.widgets.SequenceChart.access$12(Lorg/omnetpp/sequencechart/widgets/SequenceChart;)V+1
j  org.omnetpp.sequencechart.widgets.SequenceChart$13.run()V+4
J 17433 C2 org.eclipse.swt.widgets.Display.readAndDispatch()Z (249 bytes) @ 0x0000000112af6b18 [0x0000000112af5a20+0x10f8]
j  org.eclipse.e4.ui.internal.workbench.swt.PartRenderingEngine$5.run()V+564
j  org.eclipse.core.databinding.observable.Realm.runWithDefault(Lorg/eclipse/core/databinding/observable/Realm;Ljava/lang/Runnable;)V+12
j  org.eclipse.e4.ui.internal.workbench.swt.PartRenderingEngine.run(Lorg/eclipse/e4/ui/model/application/MApplicationElement;Lorg/eclipse/e4/core/contexts/IEclipseContext;)Ljava/lang/Object;+57
j  org.eclipse.e4.ui.internal.workbench.E4Workbench.createAndRunUI(Lorg/eclipse/e4/ui/model/application/MApplicationElement;)V+20
j  org.eclipse.ui.internal.Workbench.lambda$3(Lorg/eclipse/swt/widgets/Display;Lorg/eclipse/ui/application/WorkbenchAdvisor;[I)V+451
j  org.eclipse.ui.internal.Workbench$$Lambda$15.run()V+12
j  org.eclipse.core.databinding.observable.Realm.runWithDefault(Lorg/eclipse/core/databinding/observable/Realm;Ljava/lang/Runnable;)V+12
j  org.eclipse.ui.internal.Workbench.createAndRunWorkbench(Lorg/eclipse/swt/widgets/Display;Lorg/eclipse/ui/application/WorkbenchAdvisor;)I+16
j  org.eclipse.ui.PlatformUI.createAndRunWorkbench(Lorg/eclipse/swt/widgets/Display;Lorg/eclipse/ui/application/WorkbenchAdvisor;)I+2
j  org.eclipse.ui.internal.ide.application.IDEApplication.start(Lorg/eclipse/equinox/app/IApplicationContext;)Ljava/lang/Object;+113
j  org.eclipse.equinox.internal.app.EclipseAppHandle.run(Ljava/lang/Object;)Ljava/lang/Object;+135
j  org.eclipse.core.runtime.internal.adaptor.EclipseAppLauncher.runApplication(Ljava/lang/Object;)Ljava/lang/Object;+85
j  org.eclipse.core.runtime.internal.adaptor.EclipseAppLauncher.start(Ljava/lang/Object;)Ljava/lang/Object;+82
j  org.eclipse.core.runtime.adaptor.EclipseStarter.run(Ljava/lang/Object;)Ljava/lang/Object;+105
j  org.eclipse.core.runtime.adaptor.EclipseStarter.run([Ljava/lang/String;Ljava/lang/Runnable;)Ljava/lang/Object;+132
v  ~StubRoutines::call_stub
V  [libjvm.dylib+0x2ee70a]  JavaCalls::call_helper(JavaValue*, methodHandle*, JavaCallArguments*, Thread*)+0x6ae
V  [libjvm.dylib+0x4d3c0c]  Reflection::invoke(instanceKlassHandle, methodHandle, Handle, bool, objArrayHandle, BasicType, objArrayHandle, bool, Thread*)+0xe12
V  [libjvm.dylib+0x4d4140]  Reflection::invoke_method(oopDesc*, Handle, objArrayHandle, Thread*)+0x16c
V  [libjvm.dylib+0x346b0c]  JVM_InvokeMethod+0x166
j  sun.reflect.NativeMethodAccessorImpl.invoke0(Ljava/lang/reflect/Method;Ljava/lang/Object;[Ljava/lang/Object;)Ljava/lang/Object;+0
j  sun.reflect.NativeMethodAccessorImpl.invoke(Ljava/lang/Object;[Ljava/lang/Object;)Ljava/lang/Object;+100
j  sun.reflect.DelegatingMethodAccessorImpl.invoke(Ljava/lang/Object;[Ljava/lang/Object;)Ljava/lang/Object;+6
j  java.lang.reflect.Method.invoke(Ljava/lang/Object;[Ljava/lang/Object;)Ljava/lang/Object;+56
j  org.eclipse.equinox.launcher.Main.invokeFramework([Ljava/lang/String;[Ljava/net/URL;)V+205
j  org.eclipse.equinox.launcher.Main.basicRun([Ljava/lang/String;)V+160
j  org.eclipse.equinox.launcher.Main.run([Ljava/lang/String;)I+4
v  ~StubRoutines::call_stub
V  [libjvm.dylib+0x2ee70a]  JavaCalls::call_helper(JavaValue*, methodHandle*, JavaCallArguments*, Thread*)+0x6ae
V  [libjvm.dylib+0x3258b9]  jni_invoke_nonstatic(JNIEnv_*, JavaValue*, _jobject*, JNICallType, _jmethodID*, JNI_ArgumentPusher*, Thread*)+0x2ec
V  [libjvm.dylib+0x316efe]  jni_CallIntMethod+0x16b
C  [eclipse_1629.so+0x6dc3]  startJavaJNI+0x833
C  [eclipse_1629.so+0x310e]  _run+0x170e
C  [eclipse_1629.so+0x165a]  run+0x19a
C  [omnetpp+0x1959]  original_main+0x559
C  [omnetpp+0x22e5]  main+0x665
C  [libdyld.dylib+0x5235]  start+0x1
C  0x0000000000000003

Java frames: (J=compiled Java code, j=interpreted, Vv=VM code)
J 7185  org.omnetpp.eventlog.engine.EventLogEngineJNI.EventLogFacade_IEvent_getNextEvent(JLorg/omnetpp/eventlog/engine/EventLogFacade;J)J (0 bytes) @ 0x00000001111b2898 [0x00000001111b2840+0x58]
J 7184 C1 org.omnetpp.eventlog.engine.EventLogFacade.IEvent_getNextEvent(J)J (10 bytes) @ 0x00000001111b0b0c [0x00000001111b0a80+0x8c]
j  org.omnetpp.sequencechart.widgets.SequenceChart.configureHorizontalScrollBar(Lorg/eclipse/swt/widgets/ScrollBar;JJI)I+91
j  org.omnetpp.common.canvas.LargeScrollableCanvas.configureScrollBars()V+18
j  org.omnetpp.sequencechart.widgets.SequenceChart.eventLogChanged()V+62
j  org.omnetpp.sequencechart.widgets.SequenceChart.access$12(Lorg/omnetpp/sequencechart/widgets/SequenceChart;)V+1
j  org.omnetpp.sequencechart.widgets.SequenceChart$13.run()V+4
J 17433 C2 org.eclipse.swt.widgets.Display.readAndDispatch()Z (249 bytes) @ 0x0000000112af6b18 [0x0000000112af5a20+0x10f8]
j  org.eclipse.e4.ui.internal.workbench.swt.PartRenderingEngine$5.run()V+564
j  org.eclipse.core.databinding.observable.Realm.runWithDefault(Lorg/eclipse/core/databinding/observable/Realm;Ljava/lang/Runnable;)V+12
j  org.eclipse.e4.ui.internal.workbench.swt.PartRenderingEngine.run(Lorg/eclipse/e4/ui/model/application/MApplicationElement;Lorg/eclipse/e4/core/contexts/IEclipseContext;)Ljava/lang/Object;+57
j  org.eclipse.e4.ui.internal.workbench.E4Workbench.createAndRunUI(Lorg/eclipse/e4/ui/model/application/MApplicationElement;)V+20
j  org.eclipse.ui.internal.Workbench.lambda$3(Lorg/eclipse/swt/widgets/Display;Lorg/eclipse/ui/application/WorkbenchAdvisor;[I)V+451
j  org.eclipse.ui.internal.Workbench$$Lambda$15.run()V+12
j  org.eclipse.core.databinding.observable.Realm.runWithDefault(Lorg/eclipse/core/databinding/observable/Realm;Ljava/lang/Runnable;)V+12
j  org.eclipse.ui.internal.Workbench.createAndRunWorkbench(Lorg/eclipse/swt/widgets/Display;Lorg/eclipse/ui/application/WorkbenchAdvisor;)I+16
j  org.eclipse.ui.PlatformUI.createAndRunWorkbench(Lorg/eclipse/swt/widgets/Display;Lorg/eclipse/ui/application/WorkbenchAdvisor;)I+2
j  org.eclipse.ui.internal.ide.application.IDEApplication.start(Lorg/eclipse/equinox/app/IApplicationContext;)Ljava/lang/Object;+113
j  org.eclipse.equinox.internal.app.EclipseAppHandle.run(Ljava/lang/Object;)Ljava/lang/Object;+135
j  org.eclipse.core.runtime.internal.adaptor.EclipseAppLauncher.runApplication(Ljava/lang/Object;)Ljava/lang/Object;+85
j  org.eclipse.core.runtime.internal.adaptor.EclipseAppLauncher.start(Ljava/lang/Object;)Ljava/lang/Object;+82
j  org.eclipse.core.runtime.adaptor.EclipseStarter.run(Ljava/lang/Object;)Ljava/lang/Object;+105
j  org.eclipse.core.runtime.adaptor.EclipseStarter.run([Ljava/lang/String;Ljava/lang/Runnable;)Ljava/lang/Object;+132
v  ~StubRoutines::call_stub
j  sun.reflect.NativeMethodAccessorImpl.invoke0(Ljava/lang/reflect/Method;Ljava/lang/Object;[Ljava/lang/Object;)Ljava/lang/Object;+0
j  sun.reflect.NativeMethodAccessorImpl.invoke(Ljava/lang/Object;[Ljava/lang/Object;)Ljava/lang/Object;+100
j  sun.reflect.DelegatingMethodAccessorImpl.invoke(Ljava/lang/Object;[Ljava/lang/Object;)Ljava/lang/Object;+6
j  java.lang.reflect.Method.invoke(Ljava/lang/Object;[Ljava/lang/Object;)Ljava/lang/Object;+56
j  org.eclipse.equinox.launcher.Main.invokeFramework([Ljava/lang/String;[Ljava/net/URL;)V+205
j  org.eclipse.equinox.launcher.Main.basicRun([Ljava/lang/String;)V+160
j  org.eclipse.equinox.launcher.Main.run([Ljava/lang/String;)I+4
v  ~StubRoutines::call_stub

---------------  P R O C E S S  ---------------

Java Threads: ( => current thread )
  0x00007fcdc4eb1800 JavaThread "Worker-27" [_thread_blocked, id=81667, stack(0x0000700009959000,0x0000700009a59000)]
  0x00007fcdbf32c000 JavaThread "Worker-26" [_thread_blocked, id=81163, stack(0x0000700009856000,0x0000700009956000)]
  0x00007fcdc7ab1000 JavaThread "Worker-25" [_thread_blocked, id=80131, stack(0x0000700009650000,0x0000700009750000)]
  0x00007fcdc6b92000 JavaThread "process reaper" daemon [_thread_blocked, id=79395, stack(0x0000700008294000,0x00007000082bc000)]
  0x00007fcdc729d000 JavaThread "Worker-24" [_thread_blocked, id=53519, stack(0x000070000954d000,0x000070000964d000)]
  0x00007fcdc63d3800 JavaThread "Worker-23" [_thread_blocked, id=66319, stack(0x000070000944a000,0x000070000954a000)]
  0x00007fcdc6d2a800 JavaThread "Worker-22" [_thread_blocked, id=6663, stack(0x00007000091c4000,0x00007000092c4000)]
  0x00007fcdc6ae9800 JavaThread "Worker-21" [_thread_blocked, id=59403, stack(0x00007000090c1000,0x00007000091c1000)]
  0x00007fcdc7dfb800 JavaThread "Worker-20" [_thread_blocked, id=32303, stack(0x0000700008cb5000,0x0000700008db5000)]
  0x00007fcdbf848800 JavaThread "org.eclipse.jface.text.reconciler.MonoReconciler" daemon [_thread_blocked, id=44707, stack(0x0000700008bb2000,0x0000700008cb2000)]
  0x00007fcdc68cc000 JavaThread "Worker-19" [_thread_blocked, id=71727, stack(0x0000700008aaf000,0x0000700008baf000)]
  0x00007fcdc6b69000 JavaThread "Worker-18" [_thread_blocked, id=75783, stack(0x00007000089ac000,0x0000700008aac000)]
  0x00007fcdc6286000 JavaThread "Worker-16" [_thread_blocked, id=70415, stack(0x0000700008826000,0x0000700008926000)]
  0x00007fcdc4407000 JavaThread "Worker-12" [_thread_in_native, id=76035, stack(0x0000700009347000,0x0000700009447000)]
  0x00007fcdc40f1000 JavaThread "EventAdmin Async Event Dispatcher Thread" daemon [_thread_blocked, id=69391, stack(0x0000700008723000,0x0000700008823000)]
  0x00007fcdc4c03800 JavaThread "org.eclipse.cdt.internal.ui.text.CReconciler" daemon [_thread_blocked, id=68367, stack(0x000070000851a000,0x000070000861a000)]
  0x00007fcdbee80000 JavaThread "Bundle File Closer" daemon [_thread_blocked, id=59651, stack(0x0000700008417000,0x0000700008517000)]
  0x00007fcdbed20800 JavaThread "EMF Reference Cleaner" daemon [_thread_blocked, id=57603, stack(0x0000700008314000,0x0000700008414000)]
  0x00007fcdbfb4d000 JavaThread "Worker-JM" [_thread_blocked, id=53763, stack(0x000070000810e000,0x000070000820e000)]
  0x00007fcdbea04000 JavaThread "SCR Component Actor" daemon [_thread_blocked, id=51467, stack(0x000070000800b000,0x000070000810b000)]
  0x00007fcdbf2d8800 JavaThread "Framework Event Dispatcher: org.eclipse.osgi.internal.framework.EquinoxEventPublisher@5be067de" daemon [_thread_blocked, id=46083, stack(0x0000700007f08000,0x0000700008008000)]
  0x00007fcdbf2d7000 JavaThread "Start Level: Equinox Container: baae1c9e-5567-40f8-892f-28e6252dfe0e" daemon [_thread_blocked, id=45575, stack(0x0000700007e05000,0x0000700007f05000)]
  0x00007fcdbe93c800 JavaThread "Active Thread: Equinox Container: baae1c9e-5567-40f8-892f-28e6252dfe0e" [_thread_blocked, id=45319, stack(0x0000700007d02000,0x0000700007e02000)]
  0x00007fcdc0012800 JavaThread "Service Thread" daemon [_thread_blocked, id=27907, stack(0x0000700007a79000,0x0000700007b79000)]
  0x00007fcdbe869000 JavaThread "C1 CompilerThread2" daemon [_thread_blocked, id=27395, stack(0x0000700007976000,0x0000700007a76000)]
  0x00007fcdbe878000 JavaThread "C2 CompilerThread1" daemon [_thread_blocked, id=26883, stack(0x0000700007873000,0x0000700007973000)]
  0x00007fcdbe867800 JavaThread "C2 CompilerThread0" daemon [_thread_blocked, id=26371, stack(0x0000700007770000,0x0000700007870000)]
  0x00007fcdbe877800 JavaThread "Signal Dispatcher" daemon [_thread_blocked, id=25859, stack(0x000070000766d000,0x000070000776d000)]
  0x00007fcdbf847000 JavaThread "Finalizer" daemon [_thread_blocked, id=24579, stack(0x000070000756a000,0x000070000766a000)]
  0x00007fcdbf844000 JavaThread "Reference Handler" daemon [_thread_blocked, id=24067, stack(0x0000700007467000,0x0000700007567000)]
=>0x00007fcdc0013800 JavaThread "main" [_thread_in_native, id=775, stack(0x00007fff58063000,0x00007fff58863000)]

Other Threads:
  0x00007fcdbf83f800 VMThread [stack: 0x0000700007364000,0x0000700007464000] [id=23555]
  0x00007fcdc002b800 WatcherThread [stack: 0x0000700007b7c000,0x0000700007c7c000] [id=28419]

VM state:not at safepoint (normal execution)

VM Mutex/Monitor currently owned by a thread: None

Heap:
 PSYoungGen      total 233472K, used 205306K [0x000000076ab00000, 0x000000077ba80000, 0x00000007c0000000)
  eden space 192000K, 95% used [0x000000076ab00000,0x0000000775ec8a58,0x0000000776680000)
  from space 41472K, 51% used [0x0000000779200000,0x000000077a6b5db8,0x000000077ba80000)
  to   space 43008K, 0% used [0x0000000776680000,0x0000000776680000,0x0000000779080000)
 ParOldGen       total 443904K, used 106311K [0x00000006c0000000, 0x00000006db180000, 0x000000076ab00000)
  object space 443904K, 23% used [0x00000006c0000000,0x00000006c67d1ca0,0x00000006db180000)
 Metaspace       used 95358K, capacity 103254K, committed 103512K, reserved 1138688K
  class space    used 11621K, capacity 13682K, committed 13696K, reserved 1048576K

Card table byte_map: [0x000000010b434000,0x000000010bc35000] byte_map_base: 0x0000000107e34000

Marking Bits: (ParMarkBitMap*) 0x000000010a9c05d0
 Begin Bits: [0x000000011ee31000, 0x0000000122e31000)
 End Bits:   [0x0000000122e31000, 0x0000000126e31000)

Polling page: 0x0000000107525000

CodeCache: size=245760Kb used=47389Kb max_used=47400Kb free=198370Kb
 bounds [0x000000010fe31000, 0x0000000112cd1000, 0x000000011ee31000]
 total_blobs=14610 nmethods=13778 adapters=740
 compilation: enabled

Compilation events (10 events):
Event: 1783.377 Thread 0x00007fcdbe869000 17645       3       org.eclipse.jgit.lib.Config::getBaseState (19 bytes)
Event: 1783.377 Thread 0x00007fcdbe869000 nmethod 17645 0x0000000112ca8d90 code [0x0000000112ca8f00, 0x0000000112ca90e8]
Event: 1783.377 Thread 0x00007fcdbe869000 17647  s    3       org.eclipse.ui.internal.decorators.DecorationScheduler::nextElement (46 bytes)
Event: 1783.377 Thread 0x00007fcdbe869000 nmethod 17647 0x0000000112ca8350 code [0x0000000112ca8500, 0x0000000112ca8be8]
Event: 1783.381 Thread 0x00007fcdbe878000 nmethod 17646 0x0000000112ca6950 code [0x0000000112ca6aa0, 0x0000000112ca6d38]
Event: 1783.381 Thread 0x00007fcdbe867800 nmethod 17642 0x0000000112ca6210 code [0x0000000112ca6380, 0x0000000112ca67d8]
Event: 1783.382 Thread 0x00007fcdbe878000 17648       4       java.nio.Buffer::limit (62 bytes)
Event: 1783.383 Thread 0x00007fcdbe878000 nmethod 17648 0x0000000112cc2410 code [0x0000000112cc2560, 0x0000000112cc2638]
Event: 1783.385 Thread 0x00007fcdbe867800 17649       4       java.lang.Enum::compareTo (44 bytes)
Event: 1783.385 Thread 0x00007fcdbe867800 nmethod 17649 0x0000000112c7ebd0 code [0x0000000112c7ed20, 0x0000000112c7edd8]

GC Heap History (10 events):
Event: 1769.707 GC heap before
{Heap before GC invocations=48 (full 4):
 PSYoungGen      total 169984K, used 154318K [0x000000076ab00000, 0x0000000778a00000, 0x00000007c0000000)
  eden space 132096K, 100% used [0x000000076ab00000,0x0000000772c00000,0x0000000772c00000)
  from space 37888K, 58% used [0x0000000772c00000,0x00000007741b3b58,0x0000000775100000)
  to   space 39424K, 0% used [0x0000000776380000,0x0000000776380000,0x0000000778a00000)
 ParOldGen       total 443904K, used 106271K [0x00000006c0000000, 0x00000006db180000, 0x000000076ab00000)
  object space 443904K, 23% used [0x00000006c0000000,0x00000006c67c7ca0,0x00000006db180000)
 Metaspace       used 93057K, capacity 100760K, committed 101080K, reserved 1136640K
  class space    used 11389K, capacity 13485K, committed 13568K, reserved 1048576K
Event: 1769.725 GC heap after
Heap after GC invocations=48 (full 4):
 PSYoungGen      total 188416K, used 21043K [0x000000076ab00000, 0x0000000778d00000, 0x00000007c0000000)
  eden space 148992K, 0% used [0x000000076ab00000,0x000000076ab00000,0x0000000773c80000)
  from space 39424K, 53% used [0x0000000776380000,0x000000077780cf98,0x0000000778a00000)
  to   space 39936K, 0% used [0x0000000773c80000,0x0000000773c80000,0x0000000776380000)
 ParOldGen       total 443904K, used 106279K [0x00000006c0000000, 0x00000006db180000, 0x000000076ab00000)
  object space 443904K, 23% used [0x00000006c0000000,0x00000006c67c9ca0,0x00000006db180000)
 Metaspace       used 93057K, capacity 100760K, committed 101080K, reserved 1136640K
  class space    used 11389K, capacity 13485K, committed 13568K, reserved 1048576K
}
Event: 1772.075 GC heap before
{Heap before GC invocations=49 (full 4):
 PSYoungGen      total 188416K, used 169362K [0x000000076ab00000, 0x0000000778d00000, 0x00000007c0000000)
  eden space 148992K, 99% used [0x000000076ab00000,0x0000000773bd7af0,0x0000000773c80000)
  from space 39424K, 53% used [0x0000000776380000,0x000000077780cf98,0x0000000778a00000)
  to   space 39936K, 0% used [0x0000000773c80000,0x0000000773c80000,0x0000000776380000)
 ParOldGen       total 443904K, used 106279K [0x00000006c0000000, 0x00000006db180000, 0x000000076ab00000)
  object space 443904K, 23% used [0x00000006c0000000,0x00000006c67c9ca0,0x00000006db180000)
 Metaspace       used 94192K, capacity 101928K, committed 102232K, reserved 1138688K
  class space    used 11504K, capacity 13569K, committed 13696K, reserved 1048576K
Event: 1772.094 GC heap after
Heap after GC invocations=49 (full 4):
 PSYoungGen      total 188928K, used 28348K [0x000000076ab00000, 0x000000077a500000, 0x00000007c0000000)
  eden space 148992K, 0% used [0x000000076ab00000,0x000000076ab00000,0x0000000773c80000)
  from space 39936K, 70% used [0x0000000773c80000,0x000000077582f068,0x0000000776380000)
  to   space 43008K, 0% used [0x0000000777b00000,0x0000000777b00000,0x000000077a500000)
 ParOldGen       total 443904K, used 106287K [0x00000006c0000000, 0x00000006db180000, 0x000000076ab00000)
  object space 443904K, 23% used [0x00000006c0000000,0x00000006c67cbca0,0x00000006db180000)
 Metaspace       used 94192K, capacity 101928K, committed 102232K, reserved 1138688K
  class space    used 11504K, capacity 13569K, committed 13696K, reserved 1048576K
}
Event: 1772.767 GC heap before
{Heap before GC invocations=50 (full 4):
 PSYoungGen      total 188928K, used 177340K [0x000000076ab00000, 0x000000077a500000, 0x00000007c0000000)
  eden space 148992K, 100% used [0x000000076ab00000,0x0000000773c80000,0x0000000773c80000)
  from space 39936K, 70% used [0x0000000773c80000,0x000000077582f068,0x0000000776380000)
  to   space 43008K, 0% used [0x0000000777b00000,0x0000000777b00000,0x000000077a500000)
 ParOldGen       total 443904K, used 106287K [0x00000006c0000000, 0x00000006db180000, 0x000000076ab00000)
  object space 443904K, 23% used [0x00000006c0000000,0x00000006c67cbca0,0x00000006db180000)
 Metaspace       used 94417K, capacity 102152K, committed 102488K, reserved 1138688K
  class space    used 11523K, capacity 13601K, committed 13696K, reserved 1048576K
Event: 1772.792 GC heap after
Heap after GC invocations=50 (full 4):
 PSYoungGen      total 211456K, used 27786K [0x000000076ab00000, 0x000000077a880000, 0x00000007c0000000)
  eden space 168448K, 0% used [0x000000076ab00000,0x000000076ab00000,0x0000000774f80000)
  from space 43008K, 64% used [0x0000000777b00000,0x00000007796228a0,0x000000077a500000)
  to   space 44544K, 0% used [0x0000000774f80000,0x0000000774f80000,0x0000000777b00000)
 ParOldGen       total 443904K, used 106295K [0x00000006c0000000, 0x00000006db180000, 0x000000076ab00000)
  object space 443904K, 23% used [0x00000006c0000000,0x00000006c67cdca0,0x00000006db180000)
 Metaspace       used 94417K, capacity 102152K, committed 102488K, reserved 1138688K
  class space    used 11523K, capacity 13601K, committed 13696K, reserved 1048576K
}
Event: 1773.367 GC heap before
{Heap before GC invocations=51 (full 4):
 PSYoungGen      total 211456K, used 196234K [0x000000076ab00000, 0x000000077a880000, 0x00000007c0000000)
  eden space 168448K, 100% used [0x000000076ab00000,0x0000000774f80000,0x0000000774f80000)
  from space 43008K, 64% used [0x0000000777b00000,0x00000007796228a0,0x000000077a500000)
  to   space 44544K, 0% used [0x0000000774f80000,0x0000000774f80000,0x0000000777b00000)
 ParOldGen       total 443904K, used 106295K [0x00000006c0000000, 0x00000006db180000, 0x000000076ab00000)
  object space 443904K, 23% used [0x00000006c0000000,0x00000006c67cdca0,0x00000006db180000)
 Metaspace       used 94558K, capacity 102346K, committed 102744K, reserved 1138688K
  class space    used 11531K, capacity 13603K, committed 13696K, reserved 1048576K
Event: 1773.385 GC heap after
Heap after GC invocations=51 (full 4):
 PSYoungGen      total 212992K, used 21213K [0x000000076ab00000, 0x000000077bd00000, 0x00000007c0000000)
  eden space 168448K, 0% used [0x000000076ab00000,0x000000076ab00000,0x0000000774f80000)
  from space 44544K, 47% used [0x0000000774f80000,0x0000000776437518,0x0000000777b00000)
  to   space 44032K, 0% used [0x0000000779200000,0x0000000779200000,0x000000077bd00000)
 ParOldGen       total 443904K, used 106303K [0x00000006c0000000, 0x00000006db180000, 0x000000076ab00000)
  object space 443904K, 23% used [0x00000006c0000000,0x00000006c67cfca0,0x00000006db180000)
 Metaspace       used 94558K, capacity 102346K, committed 102744K, reserved 1138688K
  class space    used 11531K, capacity 13603K, committed 13696K, reserved 1048576K
}
Event: 1774.283 GC heap before
{Heap before GC invocations=52 (full 4):
 PSYoungGen      total 212992K, used 189661K [0x000000076ab00000, 0x000000077bd00000, 0x00000007c0000000)
  eden space 168448K, 100% used [0x000000076ab00000,0x0000000774f80000,0x0000000774f80000)
  from space 44544K, 47% used [0x0000000774f80000,0x0000000776437518,0x0000000777b00000)
  to   space 44032K, 0% used [0x0000000779200000,0x0000000779200000,0x000000077bd00000)
 ParOldGen       total 443904K, used 106303K [0x00000006c0000000, 0x00000006db180000, 0x000000076ab00000)
  object space 443904K, 23% used [0x00000006c0000000,0x00000006c67cfca0,0x00000006db180000)
 Metaspace       used 95117K, capacity 102984K, committed 103256K, reserved 1138688K
  class space    used 11611K, capacity 13681K, committed 13696K, reserved 1048576K
Event: 1774.300 GC heap after
Heap after GC invocations=52 (full 4):
 PSYoungGen      total 233472K, used 21207K [0x000000076ab00000, 0x000000077ba80000, 0x00000007c0000000)
  eden space 192000K, 0% used [0x000000076ab00000,0x000000076ab00000,0x0000000776680000)
  from space 41472K, 51% used [0x0000000779200000,0x000000077a6b5db8,0x000000077ba80000)
  to   space 43008K, 0% used [0x0000000776680000,0x0000000776680000,0x0000000779080000)
 ParOldGen       total 443904K, used 106311K [0x00000006c0000000, 0x00000006db180000, 0x000000076ab00000)
  object space 443904K, 23% used [0x00000006c0000000,0x00000006c67d1ca0,0x00000006db180000)
 Metaspace       used 95117K, capacity 102984K, committed 103256K, reserved 1138688K
  class space    used 11611K, capacity 13681K, committed 13696K, reserved 1048576K
}

Deoptimization events (10 events):
Event: 1780.938 Thread 0x00007fcdc68cc000 Uncommon trap: reason=unstable_if action=reinterpret pc=0x00000001129d158c method=java.util.Vector.contains(Ljava/lang/Object;)Z @ 6
Event: 1782.648 Thread 0x00007fcdc68cc000 Uncommon trap: reason=unstable_if action=reinterpret pc=0x0000000112c2a41c method=org.eclipse.cdt.internal.core.model.CModelManager.createBinaryFile(Lorg/eclipse/core/resources/IFile;)Lorg/eclipse/cdt/core/IBinaryParser$IBinaryFile; @ 552
Event: 1782.648 Thread 0x00007fcdc4407000 Uncommon trap: reason=unstable_if action=reinterpret pc=0x0000000112c2a41c method=org.eclipse.cdt.internal.core.model.CModelManager.createBinaryFile(Lorg/eclipse/core/resources/IFile;)Lorg/eclipse/cdt/core/IBinaryParser$IBinaryFile; @ 552
Event: 1782.927 Thread 0x00007fcdc4407000 Uncommon trap: reason=array_check action=maybe_recompile pc=0x0000000112595e9c method=java.util.TimSort.mergeHi(IIII)V @ 101
Event: 1782.927 Thread 0x00007fcdc4407000 Uncommon trap: reason=array_check action=maybe_recompile pc=0x0000000112595e9c method=java.util.TimSort.mergeHi(IIII)V @ 101
Event: 1782.928 Thread 0x00007fcdc4407000 Uncommon trap: reason=array_check action=maybe_recompile pc=0x0000000112595e9c method=java.util.TimSort.mergeHi(IIII)V @ 101
Event: 1782.928 Thread 0x00007fcdc4407000 Uncommon trap: reason=array_check action=maybe_recompile pc=0x0000000112595e9c method=java.util.TimSort.mergeHi(IIII)V @ 101
Event: 1782.929 Thread 0x00007fcdc4407000 Uncommon trap: reason=array_check action=maybe_recompile pc=0x000000011236480c method=java.util.TimSort.mergeHi(IIII)V @ 250
Event: 1782.934 Thread 0x00007fcdc4407000 Uncommon trap: reason=array_check action=maybe_recompile pc=0x00000001123648c4 method=java.util.TimSort.mergeHi(IIII)V @ 282
Event: 1782.937 Thread 0x00007fcdc4407000 Uncommon trap: reason=array_check action=maybe_recompile pc=0x000000011236480c method=java.util.TimSort.mergeHi(IIII)V @ 250

Internal exceptions (10 events):
Event: 1774.363 Thread 0x00007fcdc4c03800 Exception <a 'java/lang/ArrayIndexOutOfBoundsException'> (0x000000076b81dbd0) thrown at [/Users/java_re/workspace/8-2-build-macosx-x86_64/jdk8u144/9417/hotspot/src/share/vm/runtime/sharedRuntime.cpp, line 605]
Event: 1774.363 Thread 0x00007fcdc4c03800 Exception <a 'java/lang/ArrayIndexOutOfBoundsException'> (0x000000076b81f588) thrown at [/Users/java_re/workspace/8-2-build-macosx-x86_64/jdk8u144/9417/hotspot/src/share/vm/runtime/sharedRuntime.cpp, line 605]
Event: 1774.364 Thread 0x00007fcdc4c03800 Exception <a 'java/lang/ArrayIndexOutOfBoundsException'> (0x000000076b820ba8) thrown at [/Users/java_re/workspace/8-2-build-macosx-x86_64/jdk8u144/9417/hotspot/src/share/vm/runtime/sharedRuntime.cpp, line 605]
Event: 1774.364 Thread 0x00007fcdc4c03800 Exception <a 'java/lang/ArrayIndexOutOfBoundsException'> (0x000000076b823cc0) thrown at [/Users/java_re/workspace/8-2-build-macosx-x86_64/jdk8u144/9417/hotspot/src/share/vm/runtime/sharedRuntime.cpp, line 605]
Event: 1774.364 Thread 0x00007fcdc4c03800 Exception <a 'java/lang/ArrayIndexOutOfBoundsException'> (0x000000076b8264e0) thrown at [/Users/java_re/workspace/8-2-build-macosx-x86_64/jdk8u144/9417/hotspot/src/share/vm/runtime/sharedRuntime.cpp, line 605]
Event: 1774.391 Thread 0x00007fcdc63d3800 Exception <a 'sun/nio/fs/UnixException'> (0x000000076bc559b8) thrown at [/Users/java_re/workspace/8-2-build-macosx-x86_64/jdk8u144/9417/hotspot/src/share/vm/prims/jni.cpp, line 709]
Event: 1774.392 Thread 0x00007fcdc63d3800 Exception <a 'sun/nio/fs/UnixException'> (0x000000076bd6cde8) thrown at [/Users/java_re/workspace/8-2-build-macosx-x86_64/jdk8u144/9417/hotspot/src/share/vm/prims/jni.cpp, line 709]
Event: 1780.360 Thread 0x00007fcdc0013800 Exception <a 'java/lang/RuntimeException': File changed: '/Volumes/LocalDataHD/m/ma/ma777/Desktop/omnetpp-5.2.1-hpc/omnetpp-5.2.1/samples/inet-myprojects/raptorqimplementation/results/General-1-#0.elog' has been appended> (0x000000076ee0ac08) thrown at [/
Event: 1782.840 Thread 0x00007fcdbfd6b800 Exception <a 'java/lang/InterruptedException'> (0x0000000774372188) thrown at [/Users/java_re/workspace/8-2-build-macosx-x86_64/jdk8u144/9417/hotspot/src/share/vm/runtime/objectMonitor.cpp, line 1684]
Event: 1783.376 Thread 0x00007fcdc6ae9800 Exception <a 'sun/nio/fs/UnixException'> (0x0000000775cea788) thrown at [/Users/java_re/workspace/8-2-build-macosx-x86_64/jdk8u144/9417/hotspot/src/share/vm/prims/jni.cpp, line 709]

Events (10 events):
Event: 1782.990 Thread 0x00007fcdbe869000 flushing nmethod 0x0000000111588450
Event: 1782.993 Thread 0x00007fcdbe869000 flushing nmethod 0x00000001118556d0
Event: 1782.994 Thread 0x00007fcdbe869000 flushing nmethod 0x0000000111a42350
Event: 1782.994 Thread 0x00007fcdbe869000 flushing nmethod 0x0000000111a508d0
Event: 1783.000 Thread 0x00007fcdbe869000 flushing nmethod 0x000000011275a5d0
Event: 1783.001 Thread 0x00007fcdbe869000 flushing nmethod 0x000000011284d4d0
Event: 1783.043 Executing VM operation: RevokeBias
Event: 1783.043 Executing VM operation: RevokeBias done
Event: 1783.098 Executing VM operation: RevokeBias
Event: 1783.098 Executing VM operation: RevokeBias done


Dynamic libraries:
0x000000000dd3b000 	/System/Library/Frameworks/Cocoa.framework/Versions/A/Cocoa
0x000000000dd3b000 	/usr/lib/libSystem.B.dylib
0x000000000dd3b000 	/System/Library/Frameworks/AppKit.framework/Versions/C/AppKit
0x000000000dd3b000 	/System/Library/Frameworks/ApplicationServices.framework/Versions/A/ApplicationServices
0x000000000dd3b000 	/System/Library/Frameworks/CoreFoundation.framework/Versions/A/CoreFoundation
0x000000000dd3b000 	/System/Library/Frameworks/CoreServices.framework/Versions/A/CoreServices
0x000000000dd3b000 	/System/Library/Frameworks/Foundation.framework/Versions/C/Foundation
0x000000000dd3b000 	/usr/lib/libobjc.A.dylib
0x000000000dd3b000 	/System/Library/Frameworks/CoreData.framework/Versions/A/CoreData
0x000000000dd3b000 	/System/Library/PrivateFrameworks/RemoteViewServices.framework/Versions/A/RemoteViewServices
0x000000000dd3b000 	/System/Library/PrivateFrameworks/UIFoundation.framework/Versions/A/UIFoundation
0x000000000dd3b000 	/System/Library/PrivateFrameworks/DFRFoundation.framework/Versions/A/DFRFoundation
0x000000000dd3b000 	/usr/lib/libenergytrace.dylib
0x000000000dd3b000 	/System/Library/PrivateFrameworks/SkyLight.framework/Versions/A/SkyLight
0x000000000dd3b000 	/System/Library/Frameworks/CoreGraphics.framework/Versions/A/CoreGraphics
0x000000000dd3b000 	/usr/lib/libScreenReader.dylib
0x000000000dd3b000 	/System/Library/Frameworks/Accelerate.framework/Versions/A/Accelerate
0x000000000dd3b000 	/System/Library/Frameworks/IOSurface.framework/Versions/A/IOSurface
0x000000000dd3b000 	/System/Library/Frameworks/AudioToolbox.framework/Versions/A/AudioToolbox
0x000000000dd3b000 	/System/Library/Frameworks/AudioUnit.framework/Versions/A/AudioUnit
0x000000000dd3b000 	/System/Library/PrivateFrameworks/DataDetectorsCore.framework/Versions/A/DataDetectorsCore
0x000000000dd3b000 	/System/Library/PrivateFrameworks/DesktopServicesPriv.framework/Versions/A/DesktopServicesPriv
0x000000000dd3b000 	/System/Library/Frameworks/Carbon.framework/Versions/A/Frameworks/HIToolbox.framework/Versions/A/HIToolbox
0x000000000dd3b000 	/usr/lib/libicucore.A.dylib
0x000000000dd3b000 	/usr/lib/libz.1.dylib
0x000000000dd3b000 	/System/Library/Frameworks/QuartzCore.framework/Versions/A/QuartzCore
0x000000000dd3b000 	/System/Library/Frameworks/Security.framework/Versions/A/Security
0x000000000dd3b000 	/System/Library/Frameworks/Carbon.framework/Versions/A/Frameworks/SpeechRecognition.framework/Versions/A/SpeechRecognition
0x000000000dd3b000 	/usr/lib/libauto.dylib
0x000000000dd3b000 	/usr/lib/libxml2.2.dylib
0x000000000dd3b000 	/System/Library/PrivateFrameworks/CoreUI.framework/Versions/A/CoreUI
0x000000000dd3b000 	/System/Library/Frameworks/CoreAudio.framework/Versions/A/CoreAudio
0x000000000dd3b000 	/System/Library/Frameworks/DiskArbitration.framework/Versions/A/DiskArbitration
0x000000000dd3b000 	/usr/lib/liblangid.dylib
0x000000000dd3b000 	/System/Library/PrivateFrameworks/MultitouchSupport.framework/Versions/A/MultitouchSupport
0x000000000dd3b000 	/System/Library/Frameworks/IOKit.framework/Versions/A/IOKit
0x000000000dd3b000 	/usr/lib/libDiagnosticMessagesClient.dylib
0x000000000dd3b000 	/System/Library/PrivateFrameworks/PerformanceAnalysis.framework/Versions/A/PerformanceAnalysis
0x000000000dd3b000 	/System/Library/PrivateFrameworks/GenerationalStorage.framework/Versions/A/GenerationalStorage
0x000000000dd3b000 	/System/Library/Frameworks/OpenGL.framework/Versions/A/OpenGL
0x000000000dd3b000 	/System/Library/Frameworks/CoreImage.framework/Versions/A/CoreImage
0x000000000dd3b000 	/System/Library/Frameworks/CoreText.framework/Versions/A/CoreText
0x000000000dd3b000 	/System/Library/Frameworks/ImageIO.framework/Versions/A/ImageIO
0x000000000dd3b000 	/System/Library/PrivateFrameworks/Backup.framework/Versions/A/Backup
0x000000000dd3b000 	/usr/lib/libarchive.2.dylib
0x000000000dd3b000 	/System/Library/Frameworks/CFNetwork.framework/Versions/A/CFNetwork
0x000000000dd3b000 	/System/Library/Frameworks/SystemConfiguration.framework/Versions/A/SystemConfiguration
0x000000000dd3b000 	/usr/lib/libCRFSuite.dylib
0x000000000dd3b000 	/usr/lib/libc++.1.dylib
0x000000000dd3b000 	/usr/lib/libc++abi.dylib
0x000000000dd3b000 	/usr/lib/system/libcache.dylib
0x000000000dd3b000 	/usr/lib/system/libcommonCrypto.dylib
0x000000000dd3b000 	/usr/lib/system/libcompiler_rt.dylib
0x000000000dd3b000 	/usr/lib/system/libcopyfile.dylib
0x000000000dd3b000 	/usr/lib/system/libcorecrypto.dylib
0x000000000dd3b000 	/usr/lib/system/libdispatch.dylib
0x000000000dd3b000 	/usr/lib/system/libdyld.dylib
0x000000000dd3b000 	/usr/lib/system/libkeymgr.dylib
0x000000000dd3b000 	/usr/lib/system/liblaunch.dylib
0x000000000dd3b000 	/usr/lib/system/libmacho.dylib
0x000000000dd3b000 	/usr/lib/system/libquarantine.dylib
0x000000000dd3b000 	/usr/lib/system/libremovefile.dylib
0x000000000dd3b000 	/usr/lib/system/libsystem_asl.dylib
0x000000000dd3b000 	/usr/lib/system/libsystem_blocks.dylib
0x000000000dd3b000 	/usr/lib/system/libsystem_c.dylib
0x000000000dd3b000 	/usr/lib/system/libsystem_configuration.dylib
0x000000000dd3b000 	/usr/lib/system/libsystem_coreservices.dylib
0x000000000dd3b000 	/usr/lib/system/libsystem_coretls.dylib
0x000000000dd3b000 	/usr/lib/system/libsystem_dnssd.dylib
0x000000000dd3b000 	/usr/lib/system/libsystem_info.dylib
0x000000000dd3b000 	/usr/lib/system/libsystem_kernel.dylib
0x000000000dd3b000 	/usr/lib/system/libsystem_m.dylib
0x000000000dd3b000 	/usr/lib/system/libsystem_malloc.dylib
0x000000000dd3b000 	/usr/lib/system/libsystem_network.dylib
0x000000000dd3b000 	/usr/lib/system/libsystem_networkextension.dylib
0x000000000dd3b000 	/usr/lib/system/libsystem_notify.dylib
0x000000000dd3b000 	/usr/lib/system/libsystem_platform.dylib
0x000000000dd3b000 	/usr/lib/system/libsystem_pthread.dylib
0x000000000dd3b000 	/usr/lib/system/libsystem_sandbox.dylib
0x000000000dd3b000 	/usr/lib/system/libsystem_secinit.dylib
0x000000000dd3b000 	/usr/lib/system/libsystem_symptoms.dylib
0x000000000dd3b000 	/usr/lib/system/libsystem_trace.dylib
0x000000000dd3b000 	/usr/lib/system/libunwind.dylib
0x000000000dd3b000 	/usr/lib/system/libxpc.dylib
0x000000000dd3b000 	/usr/lib/libbsm.0.dylib
0x000000000dd3b000 	/usr/lib/system/libkxld.dylib
0x000000000dd3b000 	/usr/lib/libcoretls.dylib
0x000000000dd3b000 	/usr/lib/libcoretls_cfhelpers.dylib
0x000000000dd3b000 	/usr/lib/libOpenScriptingUtil.dylib
0x000000000dd3b000 	/usr/lib/libpam.2.dylib
0x000000000dd3b000 	/usr/lib/libsqlite3.dylib
0x000000000dd3b000 	/usr/lib/libxar.1.dylib
0x000000000dd3b000 	/usr/lib/libbz2.1.0.dylib
0x000000000dd3b000 	/usr/lib/liblzma.5.dylib
0x000000000dd3b000 	/usr/lib/libnetwork.dylib
0x000000000dd3b000 	/usr/lib/libpcap.A.dylib
0x000000000dd3b000 	/System/Library/Frameworks/CoreServices.framework/Versions/A/Frameworks/FSEvents.framework/Versions/A/FSEvents
0x000000000dd3b000 	/System/Library/Frameworks/CoreServices.framework/Versions/A/Frameworks/CarbonCore.framework/Versions/A/CarbonCore
0x000000000dd3b000 	/System/Library/Frameworks/CoreServices.framework/Versions/A/Frameworks/Metadata.framework/Versions/A/Metadata
0x000000000dd3b000 	/System/Library/Frameworks/CoreServices.framework/Versions/A/Frameworks/OSServices.framework/Versions/A/OSServices
0x000000000dd3b000 	/System/Library/Frameworks/CoreServices.framework/Versions/A/Frameworks/SearchKit.framework/Versions/A/SearchKit
0x000000000dd3b000 	/System/Library/Frameworks/CoreServices.framework/Versions/A/Frameworks/AE.framework/Versions/A/AE
0x000000000dd3b000 	/System/Library/Frameworks/CoreServices.framework/Versions/A/Frameworks/LaunchServices.framework/Versions/A/LaunchServices
0x000000000dd3b000 	/System/Library/Frameworks/CoreServices.framework/Versions/A/Frameworks/DictionaryServices.framework/Versions/A/DictionaryServices
0x000000000dd3b000 	/System/Library/Frameworks/CoreServices.framework/Versions/A/Frameworks/SharedFileList.framework/Versions/A/SharedFileList
0x000000000dd3b000 	/System/Library/Frameworks/NetFS.framework/Versions/A/NetFS
0x000000000dd3b000 	/System/Library/PrivateFrameworks/NetAuth.framework/Versions/A/NetAuth
0x000000000dd3b000 	/System/Library/PrivateFrameworks/login.framework/Versions/A/Frameworks/loginsupport.framework/Versions/A/loginsupport
0x000000000dd3b000 	/System/Library/PrivateFrameworks/TCC.framework/Versions/A/TCC
0x000000000dd3b000 	/usr/lib/libmecabra.dylib
0x000000000dd3b000 	/System/Library/Frameworks/ApplicationServices.framework/Versions/A/Frameworks/ATS.framework/Versions/A/ATS
0x000000000dd3b000 	/System/Library/Frameworks/ApplicationServices.framework/Versions/A/Frameworks/ColorSync.framework/Versions/A/ColorSync
0x000000000dd3b000 	/System/Library/Frameworks/ApplicationServices.framework/Versions/A/Frameworks/HIServices.framework/Versions/A/HIServices
0x000000000dd3b000 	/System/Library/Frameworks/ApplicationServices.framework/Versions/A/Frameworks/LangAnalysis.framework/Versions/A/LangAnalysis
0x000000000dd3b000 	/System/Library/Frameworks/ApplicationServices.framework/Versions/A/Frameworks/PrintCore.framework/Versions/A/PrintCore
0x000000000dd3b000 	/System/Library/Frameworks/ApplicationServices.framework/Versions/A/Frameworks/QD.framework/Versions/A/QD
0x000000000dd3b000 	/System/Library/Frameworks/ApplicationServices.framework/Versions/A/Frameworks/SpeechSynthesis.framework/Versions/A/SpeechSynthesis
0x000000000dd3b000 	/System/Library/Frameworks/Accelerate.framework/Versions/A/Frameworks/vImage.framework/Versions/A/vImage
0x000000000dd3b000 	/System/Library/Frameworks/Accelerate.framework/Versions/A/Frameworks/vecLib.framework/Versions/A/vecLib
0x000000000dd3b000 	/System/Library/Frameworks/Accelerate.framework/Versions/A/Frameworks/vecLib.framework/Versions/A/libvDSP.dylib
0x000000000dd3b000 	/System/Library/Frameworks/Accelerate.framework/Versions/A/Frameworks/vecLib.framework/Versions/A/libBNNS.dylib
0x000000000dd3b000 	/System/Library/Frameworks/Accelerate.framework/Versions/A/Frameworks/vecLib.framework/Versions/A/libQuadrature.dylib
0x000000000dd3b000 	/System/Library/Frameworks/Accelerate.framework/Versions/A/Frameworks/vecLib.framework/Versions/A/libvMisc.dylib
0x000000000dd3b000 	/System/Library/Frameworks/Accelerate.framework/Versions/A/Frameworks/vecLib.framework/Versions/A/libLAPACK.dylib
0x000000000dd3b000 	/System/Library/Frameworks/Accelerate.framework/Versions/A/Frameworks/vecLib.framework/Versions/A/libBLAS.dylib
0x000000000dd3b000 	/System/Library/Frameworks/Accelerate.framework/Versions/A/Frameworks/vecLib.framework/Versions/A/libLinearAlgebra.dylib
0x000000000dd3b000 	/System/Library/Frameworks/Accelerate.framework/Versions/A/Frameworks/vecLib.framework/Versions/A/libSparseBLAS.dylib
0x000000000dd3b000 	/System/Library/Frameworks/ApplicationServices.framework/Versions/A/Frameworks/ATS.framework/Versions/A/Resources/libFontParser.dylib
0x000000000dd3b000 	/System/Library/Frameworks/ApplicationServices.framework/Versions/A/Frameworks/ATS.framework/Versions/A/Resources/libFontRegistry.dylib
0x000000000dd3b000 	/System/Library/Frameworks/ImageIO.framework/Versions/A/Resources/libJPEG.dylib
0x000000000dd3b000 	/System/Library/Frameworks/ImageIO.framework/Versions/A/Resources/libTIFF.dylib
0x000000000dd3b000 	/System/Library/Frameworks/ImageIO.framework/Versions/A/Resources/libPng.dylib
0x000000000dd3b000 	/System/Library/Frameworks/ImageIO.framework/Versions/A/Resources/libGIF.dylib
0x000000000dd3b000 	/System/Library/Frameworks/ImageIO.framework/Versions/A/Resources/libJP2.dylib
0x000000000dd3b000 	/System/Library/Frameworks/ImageIO.framework/Versions/A/Resources/libRadiance.dylib
0x000000000dd3b000 	/usr/lib/libcompression.dylib
0x000000000dd3b000 	/System/Library/PrivateFrameworks/AppleJPEG.framework/Versions/A/AppleJPEG
0x000000000dd3b000 	/usr/lib/libcups.2.dylib
0x000000000dd3b000 	/System/Library/Frameworks/Kerberos.framework/Versions/A/Kerberos
0x000000000dd3b000 	/System/Library/Frameworks/GSS.framework/Versions/A/GSS
0x000000000dd3b000 	/usr/lib/libresolv.9.dylib
0x000000000dd3b000 	/usr/lib/libiconv.2.dylib
0x000000000dd3b000 	/System/Library/PrivateFrameworks/Heimdal.framework/Versions/A/Heimdal
0x000000000dd3b000 	/usr/lib/libheimdal-asn1.dylib
0x000000000dd3b000 	/System/Library/Frameworks/OpenDirectory.framework/Versions/A/OpenDirectory
0x000000000dd3b000 	/System/Library/PrivateFrameworks/CommonAuth.framework/Versions/A/CommonAuth
0x000000000dd3b000 	/System/Library/Frameworks/OpenDirectory.framework/Versions/A/Frameworks/CFOpenDirectory.framework/Versions/A/CFOpenDirectory
0x000000000dd3b000 	/System/Library/Frameworks/SecurityFoundation.framework/Versions/A/SecurityFoundation
0x000000000dd3b000 	/System/Library/PrivateFrameworks/LanguageModeling.framework/Versions/A/LanguageModeling
0x000000000dd3b000 	/usr/lib/libmarisa.dylib
0x000000000dd3b000 	/usr/lib/libChineseTokenizer.dylib
0x000000000dd3b000 	/usr/lib/libcmph.dylib
0x000000000dd3b000 	/System/Library/PrivateFrameworks/CoreEmoji.framework/Versions/A/CoreEmoji
0x000000000dd3b000 	/System/Library/Frameworks/ServiceManagement.framework/Versions/A/ServiceManagement
0x000000000dd3b000 	/usr/lib/libxslt.1.dylib
0x000000000dd3b000 	/System/Library/Frameworks/Carbon.framework/Versions/A/Frameworks/Ink.framework/Versions/A/Ink
0x000000000dd3b000 	/System/Library/PrivateFrameworks/TextureIO.framework/Versions/A/TextureIO
0x000000000dd3b000 	/System/Library/Frameworks/Metal.framework/Versions/A/Metal
0x000000000dd3b000 	/usr/lib/libate.dylib
0x000000000dd3b000 	/System/Library/PrivateFrameworks/GPUCompiler.framework/libmetal_timestamp.dylib
0x000000000dd3b000 	/System/Library/Frameworks/OpenGL.framework/Versions/A/Libraries/libCoreFSCache.dylib
0x000000000dd3b000 	/System/Library/PrivateFrameworks/IOAccelerator.framework/Versions/A/IOAccelerator
0x000000000dd3b000 	/System/Library/Frameworks/CoreVideo.framework/Versions/A/CoreVideo
0x000000000dd3b000 	/usr/lib/libFosl_dynamic.dylib
0x000000000dd3b000 	/System/Library/PrivateFrameworks/MetalPerformanceShaders.framework/Versions/A/MetalPerformanceShaders
0x000000000dd3b000 	/System/Library/PrivateFrameworks/FaceCore.framework/Versions/A/FaceCore
0x000000000dd3b000 	/System/Library/Frameworks/OpenCL.framework/Versions/A/OpenCL
0x000000000dd3b000 	/System/Library/Frameworks/OpenGL.framework/Versions/A/Libraries/libGLU.dylib
0x000000000dd3b000 	/System/Library/Frameworks/OpenGL.framework/Versions/A/Libraries/libGFXShared.dylib
0x000000000dd3b000 	/System/Library/Frameworks/OpenGL.framework/Versions/A/Libraries/libGL.dylib
0x000000000dd3b000 	/System/Library/Frameworks/OpenGL.framework/Versions/A/Libraries/libGLImage.dylib
0x000000000dd3b000 	/System/Library/Frameworks/OpenGL.framework/Versions/A/Libraries/libCVMSPluginSupport.dylib
0x000000000dd3b000 	/System/Library/Frameworks/OpenGL.framework/Versions/A/Libraries/libCoreVMClient.dylib
0x000000000dd3b000 	/System/Library/PrivateFrameworks/CrashReporterSupport.framework/Versions/A/CrashReporterSupport
0x000000000dd3b000 	/System/Library/PrivateFrameworks/Sharing.framework/Versions/A/Sharing
0x000000000dd3b000 	/System/Library/PrivateFrameworks/IconServices.framework/Versions/A/IconServices
0x000000000dd3b000 	/System/Library/PrivateFrameworks/ProtocolBuffer.framework/Versions/A/ProtocolBuffer
0x000000000dd3b000 	/System/Library/PrivateFrameworks/Apple80211.framework/Versions/A/Apple80211
0x000000000dd3b000 	/System/Library/Frameworks/CoreWLAN.framework/Versions/A/CoreWLAN
0x000000000dd3b000 	/System/Library/PrivateFrameworks/CoreUtils.framework/Versions/A/CoreUtils
0x000000000dd3b000 	/System/Library/Frameworks/IOBluetooth.framework/Versions/A/IOBluetooth
0x000000000dd3b000 	/System/Library/PrivateFrameworks/CoreWiFi.framework/Versions/A/CoreWiFi
0x000000000dd3b000 	/System/Library/Frameworks/CoreBluetooth.framework/Versions/A/CoreBluetooth
0x000000000dd3b000 	/System/Library/Frameworks/CoreDisplay.framework/Versions/A/CoreDisplay
0x000000000dd3b000 	/System/Library/PrivateFrameworks/IOPresentment.framework/Versions/A/IOPresentment
0x000000000dd3b000 	/System/Library/PrivateFrameworks/DSExternalDisplay.framework/Versions/A/DSExternalDisplay
0x000000000dd3b000 	/System/Library/PrivateFrameworks/DebugSymbols.framework/Versions/A/DebugSymbols
0x000000000dd3b000 	/System/Library/PrivateFrameworks/CoreSymbolication.framework/Versions/A/CoreSymbolication
0x000000000dd3b000 	/System/Library/PrivateFrameworks/Symbolication.framework/Versions/A/Symbolication
0x000000000dd3b000 	/System/Library/PrivateFrameworks/AppleFSCompression.framework/Versions/A/AppleFSCompression
0x000000000dd3b000 	/System/Library/PrivateFrameworks/SpeechRecognitionCore.framework/Versions/A/SpeechRecognitionCore
0x000000000dd3b000 	/System/Library/PrivateFrameworks/ChunkingLibrary.framework/Versions/A/ChunkingLibrary
0x0000000107492000 	/Volumes/LocalDataHD/m/ma/ma777/Desktop/omnetpp-5.2.1-hpc/omnetpp-5.2.1/ide/omnetpp.app/Contents/Eclipse/plugins/org.eclipse.equinox.launcher.cocoa.macosx.x86_64_1.1.550.v20170928-1359/eclipse_1629.so
0x000000000dd3b000 	/System/Library/PrivateFrameworks/CoreServicesInternal.framework/Versions/A/CoreServicesInternal
0x00000001074d2000 	/Library/Java/JavaVirtualMachines/jdk1.8.0_144.jdk/Contents/MacOS/libjli.dylib
0x000000010a0cd000 	/Library/Java/JavaVirtualMachines/jdk1.8.0_144.jdk/Contents/Home/jre//lib/server/libjvm.dylib
0x000000000dd3b000 	/usr/lib/libstdc++.6.dylib
0x00000001074e2000 	/Library/Java/JavaVirtualMachines/jdk1.8.0_144.jdk/Contents/Home/jre/lib/libverify.dylib
0x00000001074f0000 	/Library/Java/JavaVirtualMachines/jdk1.8.0_144.jdk/Contents/Home/jre/lib/libjava.dylib
0x000000010752e000 	/Library/Java/JavaVirtualMachines/jdk1.8.0_144.jdk/Contents/Home/jre/lib/libzip.dylib
0x000000010e2d1000 	/System/Library/Frameworks/JavaVM.framework/Frameworks/JavaRuntimeSupport.framework/JavaRuntimeSupport
0x000000010e2eb000 	/System/Library/Frameworks/JavaVM.framework/Versions/A/Frameworks/JavaNativeFoundation.framework/Versions/A/JavaNativeFoundation
0x00000001075f0000 	/System/Library/Frameworks/JavaVM.framework/Versions/A/JavaVM
0x000000000dd3b000 	/System/Library/Frameworks/Carbon.framework/Versions/A/Carbon
0x000000010e300000 	/System/Library/PrivateFrameworks/JavaLaunching.framework/Versions/A/JavaLaunching
0x000000000dd3b000 	/System/Library/Frameworks/Carbon.framework/Versions/A/Frameworks/CommonPanels.framework/Versions/A/CommonPanels
0x000000000dd3b000 	/System/Library/Frameworks/Carbon.framework/Versions/A/Frameworks/Help.framework/Versions/A/Help
0x000000000dd3b000 	/System/Library/Frameworks/Carbon.framework/Versions/A/Frameworks/ImageCapture.framework/Versions/A/ImageCapture
0x000000000dd3b000 	/System/Library/Frameworks/Carbon.framework/Versions/A/Frameworks/OpenScripting.framework/Versions/A/OpenScripting
0x000000000dd3b000 	/System/Library/Frameworks/Carbon.framework/Versions/A/Frameworks/Print.framework/Versions/A/Print
0x000000000dd3b000 	/System/Library/Frameworks/Carbon.framework/Versions/A/Frameworks/SecurityHI.framework/Versions/A/SecurityHI
0x000000000dd3b000 	/System/Library/CoreServices/RawCamera.bundle/Contents/MacOS/RawCamera
0x000000000dd3b000 	/System/Library/Frameworks/Accelerate.framework/Versions/A/Frameworks/vImage.framework/Versions/A/Libraries/libCGInterfaces.dylib
0x000000000dd3b000 	/System/Library/Frameworks/ApplicationServices.framework/Versions/A/Frameworks/ATS.framework/Versions/A/Resources/libTrueTypeScaler.dylib
0x0000000127a80000 	/System/Library/Frameworks/OpenGL.framework/Resources/GLEngine.bundle/GLEngine
0x000000000dd3b000 	/System/Library/Frameworks/OpenGL.framework/Versions/A/Libraries/libGLProgrammability.dylib
0x000000000dd3b000 	/System/Library/Extensions/GeForceGLDriver.bundle/Contents/MacOS/GeForceGLDriver
0x000000000dd3b000 	/System/Library/Extensions/GeForceGLDriver.bundle/Contents/MacOS/libclh.dylib
0x000000000dd3b000 	/System/Library/PrivateFrameworks/GPUSupport.framework/Versions/A/Libraries/libGPUSupportMercury.dylib
0x000000010fc2d000 	/System/Library/Frameworks/OpenGL.framework/Resources//GLRendererFloat.bundle/GLRendererFloat
0x000000000dd3b000 	/System/Library/Frameworks/OpenCL.framework/Versions/A/Libraries/libcldcpuengine.dylib
0x000000000dd3b000 	/usr/lib/libcrypto.0.9.8.dylib
0x000000000dd3b000 	/System/Library/PrivateFrameworks/TrustEvaluationAgent.framework/Versions/A/TrustEvaluationAgent
0x000000000dd3b000 	/System/Library/Extensions/GeForceMTLDriver.bundle/Contents/MacOS/GeForceMTLDriver
0x000000012bfd6000 	/Library/Java/JavaVirtualMachines/jdk1.8.0_144.jdk/Contents/Home/jre/lib/libnet.dylib
0x000000012c0c3000 	/Library/Java/JavaVirtualMachines/jdk1.8.0_144.jdk/Contents/Home/jre/lib/libnio.dylib
0x000000000dd3b000 	/System/Library/PrivateFrameworks/ViewBridge.framework/Versions/A/ViewBridge
0x000000000dd3b000 	/System/Library/PrivateFrameworks/XPCService.framework/Versions/A/XPCService
0x000000000dd3b000 	/System/Library/PrivateFrameworks/AppSandbox.framework/Versions/A/AppSandbox
0x000000000dd3b000 	/usr/lib/libsandbox.1.dylib
0x000000000dd3b000 	/System/Library/PrivateFrameworks/AppContainer.framework/Versions/A/AppContainer
0x000000000dd3b000 	/System/Library/PrivateFrameworks/SecCodeWrapper.framework/Versions/A/SecCodeWrapper
0x000000000dd3b000 	/usr/lib/libMatch.1.dylib
0x000000012c422000 	/Volumes/LocalDataHD/m/ma/ma777/Desktop/omnetpp-5.2.1-hpc/omnetpp-5.2.1/ide/omnetpp.app/Contents/Eclipse/configuration/org.eclipse.osgi/305/0/.cp/libswt-cocoa-4758.jnilib
0x000000000dd3b000 	/System/Library/Frameworks/WebKit.framework/Versions/A/WebKit
0x000000000dd3b000 	/System/Library/Frameworks/JavaScriptCore.framework/Versions/A/JavaScriptCore
0x000000000dd3b000 	/System/Library/Frameworks/SecurityInterface.framework/Versions/A/SecurityInterface
0x000000000dd3b000 	/System/Library/Frameworks/WebKit.framework/Versions/A/Frameworks/WebKitLegacy.framework/Versions/A/WebKitLegacy
0x000000000dd3b000 	/System/Library/Frameworks/WebKit.framework/Versions/A/Frameworks/WebCore.framework/Versions/A/WebCore
0x000000012caa7000 	/Volumes/LocalDataHD/m/ma/ma777/Desktop/omnetpp-5.2.1-hpc/omnetpp-5.2.1/ide/omnetpp.app/Contents/Eclipse/configuration/org.eclipse.osgi/305/0/.cp/libswt-pi-cocoa-4758.jnilib
0x000000010e34f000 	/Volumes/LocalDataHD/m/ma/ma777/Desktop/omnetpp-5.2.1-hpc/omnetpp-5.2.1/ide/omnetpp.app/Contents/Eclipse/configuration/org.eclipse.osgi/96/0/.cp/os/macosx/libunixfile_1_0_0.jnilib
0x0000000131b06000 	/Volumes/LocalDataHD/m/ma/ma777/Desktop/omnetpp-5.2.1-hpc/omnetpp-5.2.1/ide/omnetpp.app/Contents/Eclipse/plugins/org.omnetpp.ide.nativelibs.macosx_5.2.1.171211-da8f6bc/libopplibs.jnilib
0x000000012d840000 	/Library/Java/JavaVirtualMachines/jdk1.8.0_144.jdk/Contents/Home/jre/lib/libawt.dylib
0x000000012d8e8000 	/Library/Java/JavaVirtualMachines/jdk1.8.0_144.jdk/Contents/Home/jre/lib/./libmlib_image.dylib
0x000000012e1fd000 	/Library/Java/JavaVirtualMachines/jdk1.8.0_144.jdk/Contents/Home/jre/lib/libawt_lwawt.dylib
0x000000012bda6000 	/Library/Java/JavaVirtualMachines/jdk1.8.0_144.jdk/Contents/Home/jre/lib/./libosxapp.dylib
0x000000000dd3b000 	/System/Library/Frameworks/ExceptionHandling.framework/Versions/A/ExceptionHandling
0x000000000dd3b000 	/System/Library/PrivateFrameworks/CloudDocs.framework/Versions/A/CloudDocs
0x000000000dd3b000 	/System/Library/Frameworks/CloudKit.framework/Versions/A/CloudKit
0x000000000dd3b000 	/System/Library/PrivateFrameworks/MMCS.framework/Versions/A/MMCS
0x000000000dd3b000 	/System/Library/Frameworks/CoreLocation.framework/Versions/A/CoreLocation
0x000000000dd3b000 	/System/Library/PrivateFrameworks/ProtectedCloudStorage.framework/Versions/A/ProtectedCloudStorage
0x000000000dd3b000 	/System/Library/PrivateFrameworks/AssetCacheServices.framework/Versions/A/AssetCacheServices
0x000000000dd3b000 	/System/Library/PrivateFrameworks/GeoServices.framework/Versions/A/GeoServices
0x000000012d207000 	cl_kernels
0x0000000130367000 	/System/Library/Frameworks/OpenCL.framework/Versions/A/Libraries/ImageFormats/unorm8_bgra.dylib
0x000000012db6a000 	/Library/Java/JavaVirtualMachines/jdk1.8.0_144.jdk/Contents/Home/jre/lib/libsunec.dylib
0x000000010e5c4000 	/Volumes/LocalDataHD/m/ma/ma777/Desktop/omnetpp-5.2.1-hpc/omnetpp-5.2.1/ide/omnetpp.app/Contents/Eclipse/configuration/org.eclipse.osgi/64/0/.cp/os/macosx/x86_64/libspawner.jnilib
0x000000010f91b000 	/Library/Java/JavaVirtualMachines/jdk1.8.0_144.jdk/Contents/Home/jre/lib/libmanagement.dylib
0x000000000dd3b000 	/System/Library/PrivateFrameworks/Shortcut.framework/Versions/A/Shortcut
0x000000000dd3b000 	/System/Library/PrivateFrameworks/HelpData.framework/Versions/A/HelpData
0x000000000dd3b000 	/System/Library/PrivateFrameworks/DataDetectors.framework/Versions/A/DataDetectors
0x000000000dd3b000 	/System/Library/Frameworks/AddressBook.framework/Versions/A/AddressBook
0x000000000dd3b000 	/System/Library/Frameworks/Quartz.framework/Versions/A/Quartz
0x000000000dd3b000 	/System/Library/PrivateFrameworks/ContactsPersistence.framework/Versions/A/ContactsPersistence
0x000000000dd3b000 	/System/Library/PrivateFrameworks/CalendarAgentLink.framework/Versions/A/CalendarAgentLink
0x000000000dd3b000 	/System/Library/PrivateFrameworks/ContactsFoundation.framework/Versions/A/ContactsFoundation
0x000000000dd3b000 	/System/Library/PrivateFrameworks/vCard.framework/Versions/A/vCard
0x000000000dd3b000 	/System/Library/PrivateFrameworks/IntlPreferences.framework/Versions/A/IntlPreferences
0x000000000dd3b000 	/System/Library/PrivateFrameworks/ToneLibrary.framework/Versions/A/ToneLibrary
0x000000000dd3b000 	/System/Library/PrivateFrameworks/ToneKit.framework/Versions/A/ToneKit
0x000000000dd3b000 	/System/Library/PrivateFrameworks/ApplePushService.framework/Versions/A/ApplePushService
0x000000000dd3b000 	/System/Library/Frameworks/DirectoryService.framework/Versions/A/DirectoryService
0x000000000dd3b000 	/System/Library/PrivateFrameworks/PhoneNumbers.framework/Versions/A/PhoneNumbers
0x000000000dd3b000 	/System/Library/Frameworks/LDAP.framework/Versions/A/LDAP
0x000000000dd3b000 	/System/Library/Frameworks/Accounts.framework/Versions/A/Accounts
0x000000000dd3b000 	/System/Library/PrivateFrameworks/OAuth.framework/Versions/A/OAuth
0x000000000dd3b000 	/System/Library/Frameworks/AVFoundation.framework/Versions/A/AVFoundation
0x000000000dd3b000 	/System/Library/Frameworks/AVFoundation.framework/Versions/A/Frameworks/AVFAudio.framework/Versions/A/AVFAudio
0x000000000dd3b000 	/System/Library/Frameworks/CoreMedia.framework/Versions/A/CoreMedia
0x000000000dd3b000 	/System/Library/Frameworks/MediaToolbox.framework/Versions/A/MediaToolbox
0x000000000dd3b000 	/System/Library/Frameworks/VideoToolbox.framework/Versions/A/VideoToolbox
0x000000000dd3b000 	/System/Library/Frameworks/CoreMediaIO.framework/Versions/A/CoreMediaIO
0x000000000dd3b000 	/usr/lib/libspindump.dylib
0x000000000dd3b000 	/usr/lib/libdscsym.dylib
0x000000000dd3b000 	/System/Library/PrivateFrameworks/CoreAVCHD.framework/Versions/A/CoreAVCHD
0x000000000dd3b000 	/System/Library/Frameworks/MediaAccessibility.framework/Versions/A/MediaAccessibility
0x000000000dd3b000 	/System/Library/PrivateFrameworks/Mangrove.framework/Versions/A/Mangrove
0x000000000dd3b000 	/System/Library/PrivateFrameworks/CoreAUC.framework/Versions/A/CoreAUC
0x000000000dd3b000 	/System/Library/PrivateFrameworks/AppleVA.framework/Versions/A/AppleVA
0x000000000dd3b000 	/System/Library/PrivateFrameworks/CoreDaemon.framework/Versions/B/CoreDaemon
0x000000000dd3b000 	/System/Library/PrivateFrameworks/AppleSRP.framework/Versions/A/AppleSRP
0x000000000dd3b000 	/System/Library/Frameworks/Quartz.framework/Versions/A/Frameworks/QuartzComposer.framework/Versions/A/QuartzComposer
0x000000000dd3b000 	/System/Library/Frameworks/Quartz.framework/Versions/A/Frameworks/PDFKit.framework/Versions/A/PDFKit
0x000000000dd3b000 	/System/Library/Frameworks/Quartz.framework/Versions/A/Frameworks/QuartzFilters.framework/Versions/A/QuartzFilters
0x000000000dd3b000 	/System/Library/Frameworks/Quartz.framework/Versions/A/Frameworks/ImageKit.framework/Versions/A/ImageKit
0x000000000dd3b000 	/System/Library/Frameworks/Quartz.framework/Versions/A/Frameworks/QuickLookUI.framework/Versions/A/QuickLookUI
0x000000000dd3b000 	/System/Library/Frameworks/QTKit.framework/Versions/A/QTKit
0x000000000dd3b000 	/System/Library/PrivateFrameworks/AppleSystemInfo.framework/Versions/A/AppleSystemInfo
0x000000000dd3b000 	/System/Library/PrivateFrameworks/CoreMediaAuthoring.framework/Versions/A/CoreMediaAuthoring
0x000000000dd3b000 	/System/Library/PrivateFrameworks/CorePDF.framework/Versions/A/CorePDF
0x000000000dd3b000 	/System/Library/Frameworks/SafariServices.framework/Versions/A/SafariServices
0x000000000dd3b000 	/System/Library/Frameworks/QuickLook.framework/Versions/A/QuickLook
0x000000000dd3b000 	/System/Library/PrivateFrameworks/MobileKeyBag.framework/Versions/A/MobileKeyBag
0x000000000dd3b000 	/System/Library/PrivateFrameworks/QuickLookThumbnailing.framework/Versions/A/QuickLookThumbnailing
0x000000000dd3b000 	/System/Library/PrivateFrameworks/DisplayServices.framework/Versions/A/DisplayServices
0x000000000dd3b000 	/System/Library/Frameworks/ImageCaptureCore.framework/Versions/A/ImageCaptureCore
0x000000000dd3b000 	/usr/lib/libsasl2.2.dylib
0x000000012dbb8000 	/System/Library/PrivateFrameworks/CoreNLP.framework/Versions/A/CoreNLP
0x000000010e802000 	cl_kernels

VM Arguments:
jvm_args: -Dosgi.instance.area.default=/home/m/ma/ma777/Desktop/omnetpp-5.2.1-hpc/omnetpp-5.2.1/bin/../ide/../samples 
java_command: <unknown>
java_class_path (initial): /Volumes/LocalDataHD/m/ma/ma777/Desktop/omnetpp-5.2.1-hpc/omnetpp-5.2.1/ide/omnetpp.app/Contents/MacOS//../Eclipse/plugins/org.eclipse.equinox.launcher_1.4.0.v20161219-1356.jar
Launcher Type: generic

Environment Variables:
PATH=/home/m/ma/ma777/Desktop/omnetpp-5.2.1-hpc/omnetpp-5.2.1/bin:/home/m/ma/ma777/Desktop/omnetpp-5.2.1-hpc/omnetpp-5.2.1/tools/macosx/bin:$/home/m/ma/ma777/Desktop/omnetpp-5.2.1-hpc/omnetpp-5.2.1/bin:$/home/m/ma/ma777/Desktop/omnetpp-5.2.1-hpc/omnetpp-5.2.1/tools/macosx/bin:/opt/local/bin:/opt/local/sbin:/home/m/ma/ma777/perl5/perlbrew/bin:/home/m/ma/ma777/perl5/perlbrew/perls/perl-5.16.0/bin:/usr/local/bin:/usr/bin:/bin:/usr/sbin:/sbin:/opt/X11/bin:/usr/local/munki:/Library/Application Support/pinpoint/bin:/opt/puppetlabs/bin:/Library/TeX/texbin:/Applications/Wireshark.app/Contents/MacOS:/home/m/ma/ma777/Desktop/omnetpp-5.2.1-hpc/omnetpp-5.2.1/bin:$/home/m/ma/ma777/Desktop/omnetpp-5.2.1-hpc/omnetpp-5.2.1/tools/macosx/bin:/opt/local/bin:/opt/local/sbin:/home/m/ma/ma777/perl5/perlbrew/bin:/home/m/ma/ma777/perl5/perlbrew/perls/perl-5.16.0/bin:/usr/local/bin:/usr/bin:/bin:/usr/sbin:/sbin:/opt/X11/bin:/usr/local/munki:/Library/Application Support/pinpoint/bin:/opt/puppetlabs/bin:/Library/TeX/texbin:/Applications/Wireshark.app/Contents/MacOS
SHELL=/bin/bash
DISPLAY=/private/tmp/com.apple.launchd.JDfc2ScryL/org.macosforge.xquartz:0

Signal Handlers:
SIGSEGV: [libjvm.dylib+0x5b26e5], sa_mask[0]=11111111011111110111111111111111, sa_flags=SA_ONSTACK|SA_RESTART|SA_SIGINFO
SIGBUS: [libjvm.dylib+0x5b26e5], sa_mask[0]=11111111011111110111111111111111, sa_flags=SA_RESTART|SA_SIGINFO
SIGFPE: [libjvm.dylib+0x489100], sa_mask[0]=11111111011111110111111111111111, sa_flags=SA_RESTART|SA_SIGINFO
SIGPIPE: [libjvm.dylib+0x489100], sa_mask[0]=11111111011111110111111111111111, sa_flags=SA_RESTART|SA_SIGINFO
SIGXFSZ: [libjvm.dylib+0x489100], sa_mask[0]=11111111011111110111111111111111, sa_flags=SA_RESTART|SA_SIGINFO
SIGILL: [libjvm.dylib+0x489100], sa_mask[0]=11111111011111110111111111111111, sa_flags=SA_RESTART|SA_SIGINFO
SIGUSR1: SIG_DFL, sa_mask[0]=11011111011111100000000111000110, sa_flags=none
SIGUSR2: [libjvm.dylib+0x488c1e], sa_mask[0]=00000000000000000000000000000000, sa_flags=SA_RESTART|SA_SIGINFO
SIGHUP: [libjvm.dylib+0x4871f5], sa_mask[0]=11111111011111110111111111111111, sa_flags=SA_RESTART|SA_SIGINFO
SIGINT: SIG_IGN, sa_mask[0]=00000000000000000000000000000000, sa_flags=none
SIGTERM: [libjvm.dylib+0x4871f5], sa_mask[0]=11111111011111110111111111111111, sa_flags=SA_RESTART|SA_SIGINFO
SIGQUIT: [libjvm.dylib+0x4871f5], sa_mask[0]=11111111011111110111111111111111, sa_flags=SA_RESTART|SA_SIGINFO


---------------  S Y S T E M  ---------------

OS:Bsduname:Darwin 16.7.0 Darwin Kernel Version 16.7.0: Thu Jun 15 17:36:27 PDT 2017; root:xnu-3789.70.16~2/RELEASE_X86_64 x86_64
rlimit: STACK 8192k, CORE 0k, NPROC 709, NOFILE 10240, AS infinity
load average:2.94 2.32 2.32

CPU:total 4 (initial active 4) (4 cores per cpu, 1 threads per core) family 6 model 60 stepping 3, cmov, cx8, fxsr, mmx, sse, sse2, sse3, ssse3, sse4.1, sse4.2, popcnt, avx, avx2, aes, clmul, erms, rtm, lzcnt, tsc, tscinvbit, bmi1, bmi2

Memory: 4k page, physical 16777216k(1367232k free)

/proc/meminfo:


vm_info: Java HotSpot(TM) 64-Bit Server VM (25.144-b01) for bsd-amd64 JRE (1.8.0_144-b01), built on Jul 21 2017 22:07:42 by "java_re" with gcc 4.2.1 (Based on Apple Inc. build 5658) (LLVM build 2336.11.00)

time: Sun Feb  4 16:09:54 2018
elapsed time: 1783 seconds (0d 0h 29m 43s)

