#
# A fatal error has been detected by the Java Runtime Environment:
#
#  SIGSEGV (0xb) at pc=0x00000001315d7bde, pid=86544, tid=0x0000000000000307
#
# JRE version: Java(TM) SE Runtime Environment (8.0_144-b01) (build 1.8.0_144-b01)
# Java VM: Java HotSpot(TM) 64-Bit Server VM (25.144-b01 mixed mode bsd-amd64 compressed oops)
# Problematic frame:
# C  [libopplibs.jnilib+0x17fbde]  omnetpp::eventlog::SequenceChartFacade::getTimelineCoordinate(omnetpp::eventlog::IEvent*, double, double)+0x2e
#
# Failed to write core dump. Core dumps have been disabled. To enable core dumping, try "ulimit -c unlimited" before starting Java again
#
# If you would like to submit a bug report, please visit:
#   http://bugreport.java.com/bugreport/crash.jsp
# The crash happened outside the Java Virtual Machine in native code.
# See problematic frame for where to report the bug.
#

---------------  T H R E A D  ---------------

Current thread (0x00007f8e1d028800):  JavaThread "main" [_thread_in_native, id=775, stack(0x00007fff59068000,0x00007fff59868000)]

siginfo: si_signo: 11 (SIGSEGV), si_code: 1 (SEGV_MAPERR), si_addr: 0x000000000000002f

Registers:
RAX=0x0000000000000008, RBX=0x000000000000000f, RCX=0x00000000000da881, RDX=0x000000001f5a1f80
RSP=0x00007fff59864ff0, RBP=0x00007fff598650b0, RSI=0x000000000000000f, RDI=0x00007f8e2a7c8e30
R8 =0x0000000131798ac0, R9 =0x00007f8e24665d90, R10=0x00000000000da801, R11=0x0000000000000246
R12=0x00007f8e2b385c01, R13=0x000000000000000f, R14=0x00007f8e2a7c8e30, R15=0x00007f8e2a7c8e30
RIP=0x00000001315d7bde, EFLAGS=0x0000000000010206, ERR=0x0000000000000004
  TRAPNO=0x000000000000000e

Top of Stack: (sp=0x00007fff59864ff0)
0x00007fff59864ff0:   0000000000000014 00007fff8ea059a6
0x00007fff59865000:   00000000000001da 00000000000da881
0x00007fff59865010:   0000000000000034 7fefffffffffffff
0x00007fff59865020:   ffefffffffffffff 0000000000000000
0x00007fff59865030:   0000000000000000 0000000000000000
0x00007fff59865040:   00000000004a71fd 0000000000000290
0x00007fff59865050:   0000000000000000 0000000000000012
0x00007fff59865060:   00000000000000d4 0000000000000008
0x00007fff59865070:   0000000000000008 00000000000001e0
0x00007fff59865080:   0000000000002ceb 00007f8e2a7c8e01
0x00007fff59865090:   00007f8e2b385c01 000000000000000f
0x00007fff598650a0:   00007fff5986510f 00007f8e2a7c8e30
0x00007fff598650b0:   00007fff598650f0 00000001315d81d1
0x00007fff598650c0:   403580e7a2e4ff7a 00007f8e2a7c8e30
0x00007fff598650d0:   0000000000000000 00007fff59865260
0x00007fff598650e0:   00007fff598651b0 00007f8e1d028800
0x00007fff598650f0:   00007fff59865140 00000001315d8758
0x00007fff59865100:   403580e7a2e4ff7a 010000000000402f
0x00007fff59865110:   0000000772331da0 0000000000004011
0x00007fff59865120:   00007f8e1d0289f8 0000000000000000
0x00007fff59865130:   00007fff598651b0 00007f8e1d028800
0x00007fff59865140:   00007fff59865170 00000001314b8b75
0x00007fff59865150:   000000013125fe00 000000013125fe00
0x00007fff59865160:   00007fff598651b0 00007f8e1d028800
0x00007fff59865170:   00007fff598651c0 000000010c5e0799
0x00007fff59865180:   00007fff0000000e 0000000775724a68
0x00007fff59865190:   0000000122b25578 00007f8e1d028800
0x00007fff598651a0:   00007fff598651e8 00007fff598651f0
0x00007fff598651b0:   00000006c1411198 00000001091ca26c
0x00007fff598651c0:   00007fff598652b8 000000010b62085c
0x00007fff598651d0:   00007fff598651f0 0000000109566153
0x00007fff598651e0:   00007f8e1d028800 00007f8e1d028800 

Instructions: (pc=0x00000001315d7bde)
0x00000001315d7bbe:   81 ec 98 00 00 00 f2 0f 11 8d 68 ff ff ff f2 0f
0x00000001315d7bce:   11 85 70 ff ff ff 48 89 f3 49 89 fe 49 8b 46 10
0x00000001315d7bde:   48 3b 43 20 7e 4d 41 8b 46 40 8d 48 fe 83 f9 02
0x00000001315d7bee:   72 4b 83 f8 01 0f 84 12 03 00 00 85 c0 0f 85 46 

Register to memory mapping:

RAX=0x0000000000000008 is an unknown value
RBX=0x000000000000000f is an unknown value
RCX=0x00000000000da881 is an unknown value
RDX=0x000000001f5a1f80 is an unknown value
RSP=0x00007fff59864ff0 is pointing into the stack for thread: 0x00007f8e1d028800
RBP=0x00007fff598650b0 is pointing into the stack for thread: 0x00007f8e1d028800
RSI=0x000000000000000f is an unknown value
RDI=0x00007f8e2a7c8e30 is an unknown value
R8 =0x0000000131798ac0: sqlite3_data_directory+0x11f0 in /Volumes/LocalDataHD/m/ma/ma777/Desktop/omnetpp-5.2.1-hpc/omnetpp-5.2.1/ide/omnetpp.app/Contents/Eclipse/plugins/org.omnetpp.ide.nativelibs.macosx_5.2.1.171211-da8f6bc/libopplibs.jnilib at 0x0000000131458000
R9 =0x00007f8e24665d90 is an unknown value
R10=0x00000000000da801 is an unknown value
R11=0x0000000000000246 is an unknown value
R12=0x00007f8e2b385c01 is an unknown value
R13=0x000000000000000f is an unknown value
R14=0x00007f8e2a7c8e30 is an unknown value
R15=0x00007f8e2a7c8e30 is an unknown value


Stack: [0x00007fff59068000,0x00007fff59868000],  sp=0x00007fff59864ff0,  free space=8179k
Native frames: (J=compiled Java code, j=interpreted, Vv=VM code, C=native code)
C  [libopplibs.jnilib+0x17fbde]  omnetpp::eventlog::SequenceChartFacade::getTimelineCoordinate(omnetpp::eventlog::IEvent*, double, double)+0x2e
C  [libopplibs.jnilib+0x1801d1]  omnetpp::eventlog::SequenceChartFacade::getEventForNonLinearTimelineCoordinate(double, bool&)+0x141
C  [libopplibs.jnilib+0x180758]  omnetpp::eventlog::SequenceChartFacade::getFirstEventNotBeforeTimelineCoordinate(double)+0x88
C  [libopplibs.jnilib+0x60b75]  Java_org_omnetpp_eventlog_engine_EventLogEngineJNI_SequenceChartFacade_1getFirstEventNotBeforeTimelineCoordinate+0x15
J 10838  org.omnetpp.eventlog.engine.EventLogEngineJNI.SequenceChartFacade_getFirstEventNotBeforeTimelineCoordinate(JLorg/omnetpp/eventlog/engine/SequenceChartFacade;D)J (0 bytes) @ 0x000000010c5e0799 [0x000000010c5e06c0+0xd9]
J 10576 C1 org.omnetpp.eventlog.engine.SequenceChartFacade.getFirstEventNotBeforeTimelineCoordinate(D)Lorg/omnetpp/eventlog/engine/IEvent; (30 bytes) @ 0x000000010b62085c [0x000000010b6207e0+0x7c]
j  org.omnetpp.sequencechart.widgets.SequenceChart.getFirstLastEventPtrForViewportRange(JJ)[J+78
J 12055 C1 org.omnetpp.sequencechart.widgets.SequenceChart.configureHorizontalScrollBar(Lorg/eclipse/swt/widgets/ScrollBar;JJI)I (193 bytes) @ 0x000000010cdfc5c4 [0x000000010cdfc1e0+0x3e4]
J 12054 C1 org.omnetpp.common.canvas.LargeScrollableCanvas.configureScrollBars()V (49 bytes) @ 0x000000010cdfb224 [0x000000010cdfaec0+0x364]
j  org.omnetpp.sequencechart.widgets.SequenceChart.eventLogChanged()V+62
j  org.omnetpp.sequencechart.widgets.SequenceChart.access$12(Lorg/omnetpp/sequencechart/widgets/SequenceChart;)V+1
j  org.omnetpp.sequencechart.widgets.SequenceChart$13.run()V+4
J 23255 C2 org.eclipse.swt.widgets.Display.runAsyncMessages(Z)Z (9 bytes) @ 0x000000010c82d390 [0x000000010c82d080+0x310]
J 23499 C2 org.eclipse.swt.widgets.Display.readAndDispatch()Z (249 bytes) @ 0x000000010ca81d8c [0x000000010ca810c0+0xccc]
J 23656% C2 org.eclipse.e4.ui.internal.workbench.swt.PartRenderingEngine$5.run()V (703 bytes) @ 0x000000010d0770a0 [0x000000010d076e80+0x220]
j  org.eclipse.core.databinding.observable.Realm.runWithDefault(Lorg/eclipse/core/databinding/observable/Realm;Ljava/lang/Runnable;)V+12
j  org.eclipse.e4.ui.internal.workbench.swt.PartRenderingEngine.run(Lorg/eclipse/e4/ui/model/application/MApplicationElement;Lorg/eclipse/e4/core/contexts/IEclipseContext;)Ljava/lang/Object;+57
j  org.eclipse.e4.ui.internal.workbench.E4Workbench.createAndRunUI(Lorg/eclipse/e4/ui/model/application/MApplicationElement;)V+20
j  org.eclipse.ui.internal.Workbench.lambda$3(Lorg/eclipse/swt/widgets/Display;Lorg/eclipse/ui/application/WorkbenchAdvisor;[I)V+451
j  org.eclipse.ui.internal.Workbench$$Lambda$66.run()V+12
j  org.eclipse.core.databinding.observable.Realm.runWithDefault(Lorg/eclipse/core/databinding/observable/Realm;Ljava/lang/Runnable;)V+12
j  org.eclipse.ui.internal.Workbench.createAndRunWorkbench(Lorg/eclipse/swt/widgets/Display;Lorg/eclipse/ui/application/WorkbenchAdvisor;)I+16
j  org.eclipse.ui.PlatformUI.createAndRunWorkbench(Lorg/eclipse/swt/widgets/Display;Lorg/eclipse/ui/application/WorkbenchAdvisor;)I+2
j  org.eclipse.ui.internal.ide.application.IDEApplication.start(Lorg/eclipse/equinox/app/IApplicationContext;)Ljava/lang/Object;+113
j  org.eclipse.equinox.internal.app.EclipseAppHandle.run(Ljava/lang/Object;)Ljava/lang/Object;+135
j  org.eclipse.core.runtime.internal.adaptor.EclipseAppLauncher.runApplication(Ljava/lang/Object;)Ljava/lang/Object;+85
j  org.eclipse.core.runtime.internal.adaptor.EclipseAppLauncher.start(Ljava/lang/Object;)Ljava/lang/Object;+82
j  org.eclipse.core.runtime.adaptor.EclipseStarter.run(Ljava/lang/Object;)Ljava/lang/Object;+105
j  org.eclipse.core.runtime.adaptor.EclipseStarter.run([Ljava/lang/String;Ljava/lang/Runnable;)Ljava/lang/Object;+132
v  ~StubRoutines::call_stub
V  [libjvm.dylib+0x2ee70a]  JavaCalls::call_helper(JavaValue*, methodHandle*, JavaCallArguments*, Thread*)+0x6ae
V  [libjvm.dylib+0x4d3c0c]  Reflection::invoke(instanceKlassHandle, methodHandle, Handle, bool, objArrayHandle, BasicType, objArrayHandle, bool, Thread*)+0xe12
V  [libjvm.dylib+0x4d4140]  Reflection::invoke_method(oopDesc*, Handle, objArrayHandle, Thread*)+0x16c
V  [libjvm.dylib+0x346b0c]  JVM_InvokeMethod+0x166
j  sun.reflect.NativeMethodAccessorImpl.invoke0(Ljava/lang/reflect/Method;Ljava/lang/Object;[Ljava/lang/Object;)Ljava/lang/Object;+0
j  sun.reflect.NativeMethodAccessorImpl.invoke(Ljava/lang/Object;[Ljava/lang/Object;)Ljava/lang/Object;+100
j  sun.reflect.DelegatingMethodAccessorImpl.invoke(Ljava/lang/Object;[Ljava/lang/Object;)Ljava/lang/Object;+6
j  java.lang.reflect.Method.invoke(Ljava/lang/Object;[Ljava/lang/Object;)Ljava/lang/Object;+56
j  org.eclipse.equinox.launcher.Main.invokeFramework([Ljava/lang/String;[Ljava/net/URL;)V+205
j  org.eclipse.equinox.launcher.Main.basicRun([Ljava/lang/String;)V+160
j  org.eclipse.equinox.launcher.Main.run([Ljava/lang/String;)I+4
v  ~StubRoutines::call_stub
V  [libjvm.dylib+0x2ee70a]  JavaCalls::call_helper(JavaValue*, methodHandle*, JavaCallArguments*, Thread*)+0x6ae
V  [libjvm.dylib+0x3258b9]  jni_invoke_nonstatic(JNIEnv_*, JavaValue*, _jobject*, JNICallType, _jmethodID*, JNI_ArgumentPusher*, Thread*)+0x2ec
V  [libjvm.dylib+0x316efe]  jni_CallIntMethod+0x16b
C  [eclipse_1629.so+0x6dc3]  startJavaJNI+0x833
C  [eclipse_1629.so+0x310e]  _run+0x170e
C  [eclipse_1629.so+0x165a]  run+0x19a
C  [omnetpp+0x1959]  original_main+0x559
C  [omnetpp+0x22e5]  main+0x665
C  [libdyld.dylib+0x5235]  start+0x1
C  0x0000000000000003

Java frames: (J=compiled Java code, j=interpreted, Vv=VM code)
J 10838  org.omnetpp.eventlog.engine.EventLogEngineJNI.SequenceChartFacade_getFirstEventNotBeforeTimelineCoordinate(JLorg/omnetpp/eventlog/engine/SequenceChartFacade;D)J (0 bytes) @ 0x000000010c5e0715 [0x000000010c5e06c0+0x55]
J 10576 C1 org.omnetpp.eventlog.engine.SequenceChartFacade.getFirstEventNotBeforeTimelineCoordinate(D)Lorg/omnetpp/eventlog/engine/IEvent; (30 bytes) @ 0x000000010b62085c [0x000000010b6207e0+0x7c]
j  org.omnetpp.sequencechart.widgets.SequenceChart.getFirstLastEventPtrForViewportRange(JJ)[J+78
J 12055 C1 org.omnetpp.sequencechart.widgets.SequenceChart.configureHorizontalScrollBar(Lorg/eclipse/swt/widgets/ScrollBar;JJI)I (193 bytes) @ 0x000000010cdfc5c4 [0x000000010cdfc1e0+0x3e4]
J 12054 C1 org.omnetpp.common.canvas.LargeScrollableCanvas.configureScrollBars()V (49 bytes) @ 0x000000010cdfb224 [0x000000010cdfaec0+0x364]
j  org.omnetpp.sequencechart.widgets.SequenceChart.eventLogChanged()V+62
j  org.omnetpp.sequencechart.widgets.SequenceChart.access$12(Lorg/omnetpp/sequencechart/widgets/SequenceChart;)V+1
j  org.omnetpp.sequencechart.widgets.SequenceChart$13.run()V+4
J 23255 C2 org.eclipse.swt.widgets.Display.runAsyncMessages(Z)Z (9 bytes) @ 0x000000010c82d390 [0x000000010c82d080+0x310]
J 23499 C2 org.eclipse.swt.widgets.Display.readAndDispatch()Z (249 bytes) @ 0x000000010ca81d8c [0x000000010ca810c0+0xccc]
J 23656% C2 org.eclipse.e4.ui.internal.workbench.swt.PartRenderingEngine$5.run()V (703 bytes) @ 0x000000010d0770a0 [0x000000010d076e80+0x220]
j  org.eclipse.core.databinding.observable.Realm.runWithDefault(Lorg/eclipse/core/databinding/observable/Realm;Ljava/lang/Runnable;)V+12
j  org.eclipse.e4.ui.internal.workbench.swt.PartRenderingEngine.run(Lorg/eclipse/e4/ui/model/application/MApplicationElement;Lorg/eclipse/e4/core/contexts/IEclipseContext;)Ljava/lang/Object;+57
j  org.eclipse.e4.ui.internal.workbench.E4Workbench.createAndRunUI(Lorg/eclipse/e4/ui/model/application/MApplicationElement;)V+20
j  org.eclipse.ui.internal.Workbench.lambda$3(Lorg/eclipse/swt/widgets/Display;Lorg/eclipse/ui/application/WorkbenchAdvisor;[I)V+451
j  org.eclipse.ui.internal.Workbench$$Lambda$66.run()V+12
j  org.eclipse.core.databinding.observable.Realm.runWithDefault(Lorg/eclipse/core/databinding/observable/Realm;Ljava/lang/Runnable;)V+12
j  org.eclipse.ui.internal.Workbench.createAndRunWorkbench(Lorg/eclipse/swt/widgets/Display;Lorg/eclipse/ui/application/WorkbenchAdvisor;)I+16
j  org.eclipse.ui.PlatformUI.createAndRunWorkbench(Lorg/eclipse/swt/widgets/Display;Lorg/eclipse/ui/application/WorkbenchAdvisor;)I+2
j  org.eclipse.ui.internal.ide.application.IDEApplication.start(Lorg/eclipse/equinox/app/IApplicationContext;)Ljava/lang/Object;+113
j  org.eclipse.equinox.internal.app.EclipseAppHandle.run(Ljava/lang/Object;)Ljava/lang/Object;+135
j  org.eclipse.core.runtime.internal.adaptor.EclipseAppLauncher.runApplication(Ljava/lang/Object;)Ljava/lang/Object;+85
j  org.eclipse.core.runtime.internal.adaptor.EclipseAppLauncher.start(Ljava/lang/Object;)Ljava/lang/Object;+82
j  org.eclipse.core.runtime.adaptor.EclipseStarter.run(Ljava/lang/Object;)Ljava/lang/Object;+105
j  org.eclipse.core.runtime.adaptor.EclipseStarter.run([Ljava/lang/String;Ljava/lang/Runnable;)Ljava/lang/Object;+132
v  ~StubRoutines::call_stub
j  sun.reflect.NativeMethodAccessorImpl.invoke0(Ljava/lang/reflect/Method;Ljava/lang/Object;[Ljava/lang/Object;)Ljava/lang/Object;+0
j  sun.reflect.NativeMethodAccessorImpl.invoke(Ljava/lang/Object;[Ljava/lang/Object;)Ljava/lang/Object;+100
j  sun.reflect.DelegatingMethodAccessorImpl.invoke(Ljava/lang/Object;[Ljava/lang/Object;)Ljava/lang/Object;+6
j  java.lang.reflect.Method.invoke(Ljava/lang/Object;[Ljava/lang/Object;)Ljava/lang/Object;+56
j  org.eclipse.equinox.launcher.Main.invokeFramework([Ljava/lang/String;[Ljava/net/URL;)V+205
j  org.eclipse.equinox.launcher.Main.basicRun([Ljava/lang/String;)V+160
j  org.eclipse.equinox.launcher.Main.run([Ljava/lang/String;)I+4
v  ~StubRoutines::call_stub

---------------  P R O C E S S  ---------------

Java Threads: ( => current thread )
  0x00007f8e2addc000 JavaThread "Process monitor" daemon [_thread_blocked, id=88815, stack(0x000070000fde8000,0x000070000fee8000)]
  0x00007f8e1c66d000 JavaThread "Input Stream Monitor" daemon [_thread_blocked, id=87323, stack(0x000070000fce5000,0x000070000fde5000)]
  0x00007f8e1d4f8000 JavaThread "Output Stream Monitor" daemon [_thread_in_native, id=87791, stack(0x000070000fbe2000,0x000070000fce2000)]
  0x00007f8e2adb9000 JavaThread "Output Stream Monitor" daemon [_thread_in_native, id=93919, stack(0x000070000fadf000,0x000070000fbdf000)]
  0x00007f8e2822f000 JavaThread "process reaper" daemon [_thread_in_native, id=95099, stack(0x000070000f650000,0x000070000f678000)]
  0x00007f8e1d39c800 JavaThread "org.eclipse.cdt.internal.ui.text.CReconciler" daemon [_thread_blocked, id=83435, stack(0x000070000ee38000,0x000070000ef38000)]
  0x00007f8e1cccb800 JavaThread "org.eclipse.jface.text.reconciler.MonoReconciler" daemon [_thread_blocked, id=79055, stack(0x000070000f9dc000,0x000070000fadc000)]
  0x00007f8e1bc34000 JavaThread "org.eclipse.cdt.internal.ui.text.CReconciler" daemon [_thread_blocked, id=86627, stack(0x000070000f347000,0x000070000f447000)]
  0x00007f8e1cea6800 JavaThread "Java2D Disposer" daemon [_thread_blocked, id=70967, stack(0x000070000f8d9000,0x000070000f9d9000)]
  0x00007f8e1bf13000 JavaThread "Java2D Queue Flusher" daemon [_thread_blocked, id=55927, stack(0x000070000f7d6000,0x000070000f8d6000)]
  0x00007f8e238f4800 JavaThread "Worker-10" [_thread_blocked, id=76035, stack(0x000070000f54d000,0x000070000f64d000)]
  0x00007f8e229f9000 JavaThread "Worker-9" [_thread_blocked, id=75523, stack(0x000070000f44a000,0x000070000f54a000)]
  0x00007f8e22936800 JavaThread "Worker-7" [_thread_blocked, id=74499, stack(0x000070000f244000,0x000070000f344000)]
  0x00007f8e222d5000 JavaThread "Worker-6" [_thread_blocked, id=73987, stack(0x000070000f141000,0x000070000f241000)]
  0x00007f8e23088000 JavaThread "Worker-5" [_thread_blocked, id=73475, stack(0x000070000f03e000,0x000070000f13e000)]
  0x00007f8e238fa000 JavaThread "Worker-4" [_thread_blocked, id=72963, stack(0x000070000ef3b000,0x000070000f03b000)]
  0x00007f8e2308e000 JavaThread "Worker-2" [_thread_blocked, id=71939, stack(0x000070000ed35000,0x000070000ee35000)]
  0x00007f8e2308d000 JavaThread "Worker-1" [_thread_blocked, id=71427, stack(0x000070000ec32000,0x000070000ed32000)]
  0x00007f8e2308c800 JavaThread "EventAdmin Async Event Dispatcher Thread" daemon [_thread_blocked, id=69903, stack(0x000070000eb2f000,0x000070000ec2f000)]
  0x00007f8e223d1000 JavaThread "org.eclipse.cdt.internal.ui.text.CReconciler" daemon [_thread_blocked, id=68111, stack(0x000070000e9a9000,0x000070000eaa9000)]
  0x00007f8e218e6800 JavaThread "Bundle File Closer" daemon [_thread_blocked, id=65283, stack(0x000070000e8a6000,0x000070000e9a6000)]
  0x00007f8e1cbf9000 JavaThread "EMF Reference Cleaner" daemon [_thread_blocked, id=62475, stack(0x000070000e7a3000,0x000070000e8a3000)]
  0x00007f8e1be2f800 JavaThread "Worker-0" [_thread_blocked, id=61971, stack(0x000070000e6a0000,0x000070000e7a0000)]
  0x00007f8e1bbdf000 JavaThread "Worker-JM" [_thread_blocked, id=51971, stack(0x000070000e51a000,0x000070000e61a000)]
  0x00007f8e1bb89800 JavaThread "SCR Component Actor" daemon [_thread_blocked, id=51467, stack(0x000070000e417000,0x000070000e517000)]
  0x00007f8e1c9ff000 JavaThread "Framework Event Dispatcher: org.eclipse.osgi.internal.framework.EquinoxEventPublisher@5be067de" daemon [_thread_blocked, id=46339, stack(0x000070000e314000,0x000070000e414000)]
  0x00007f8e1c9ec000 JavaThread "Start Level: Equinox Container: 602010b2-d292-4ac0-81fc-f3e3d925c3ef" daemon [_thread_blocked, id=45831, stack(0x000070000e211000,0x000070000e311000)]
  0x00007f8e1c27c800 JavaThread "Active Thread: Equinox Container: 602010b2-d292-4ac0-81fc-f3e3d925c3ef" [_thread_blocked, id=45575, stack(0x000070000e10e000,0x000070000e20e000)]
  0x00007f8e1c016800 JavaThread "Service Thread" daemon [_thread_blocked, id=27907, stack(0x000070000de85000,0x000070000df85000)]
  0x00007f8e1d06c000 JavaThread "C1 CompilerThread2" daemon [_thread_blocked, id=27395, stack(0x000070000dd82000,0x000070000de82000)]
  0x00007f8e1d061000 JavaThread "C2 CompilerThread1" daemon [_thread_blocked, id=26883, stack(0x000070000dc7f000,0x000070000dd7f000)]
  0x00007f8e1d05f800 JavaThread "C2 CompilerThread0" daemon [_thread_blocked, id=26371, stack(0x000070000db7c000,0x000070000dc7c000)]
  0x00007f8e1d06b800 JavaThread "Signal Dispatcher" daemon [_thread_blocked, id=25859, stack(0x000070000da79000,0x000070000db79000)]
  0x00007f8e1c82d000 JavaThread "Finalizer" daemon [_thread_blocked, id=24579, stack(0x000070000d976000,0x000070000da76000)]
  0x00007f8e1c825800 JavaThread "Reference Handler" daemon [_thread_blocked, id=24067, stack(0x000070000d873000,0x000070000d973000)]
=>0x00007f8e1d028800 JavaThread "main" [_thread_in_native, id=775, stack(0x00007fff59068000,0x00007fff59868000)]

Other Threads:
  0x00007f8e1d049000 VMThread [stack: 0x000070000d770000,0x000070000d870000] [id=23555]
  0x00007f8e1c080800 WatcherThread [stack: 0x000070000df88000,0x000070000e088000] [id=28419]

VM state:not at safepoint (normal execution)

VM Mutex/Monitor currently owned by a thread: None

Heap:
 PSYoungGen      total 217600K, used 136560K [0x000000076ab00000, 0x000000077a580000, 0x00000007c0000000)
  eden space 176128K, 71% used [0x000000076ab00000,0x00000007726c4998,0x0000000775700000)
  from space 41472K, 23% used [0x0000000775700000,0x0000000776097980,0x0000000777f80000)
  to   space 38912K, 0% used [0x0000000777f80000,0x0000000777f80000,0x000000077a580000)
 ParOldGen       total 526336K, used 143767K [0x00000006c0000000, 0x00000006e0200000, 0x000000076ab00000)
  object space 526336K, 27% used [0x00000006c0000000,0x00000006c8c65ef0,0x00000006e0200000)
 Metaspace       used 105814K, capacity 114200K, committed 114304K, reserved 1148928K
  class space    used 12603K, capacity 14906K, committed 14976K, reserved 1048576K

Card table byte_map: [0x000000010a3ee000,0x000000010abef000] byte_map_base: 0x0000000106dee000

Marking Bits: (ParMarkBitMap*) 0x000000010997a5d0
 Begin Bits: [0x000000011a2fb000, 0x000000011e2fb000)
 End Bits:   [0x000000011e2fb000, 0x00000001222fb000)

Polling page: 0x0000000106520000

CodeCache: size=245760Kb used=73367Kb max_used=73491Kb free=172392Kb
 bounds [0x000000010ada5000, 0x000000010f605000, 0x0000000119da5000]
 total_blobs=19740 nmethods=18814 adapters=832
 compilation: enabled

Compilation events (10 events):
Event: 1947.147 Thread 0x00007f8e1d06c000 26909       3       sun.security.provider.DigestBase::engineDigest (112 bytes)
Event: 1947.147 Thread 0x00007f8e1d061000 26911       4       org.eclipse.jgit.lib.FileMode::fromBits (102 bytes)
Event: 1947.148 Thread 0x00007f8e1d06c000 nmethod 26909 0x000000010d5fde50 code [0x000000010d5fe0c0, 0x000000010d5ff0b8]
Event: 1947.148 Thread 0x00007f8e1d061000 nmethod 26911 0x000000010b149090 code [0x000000010b1491e0, 0x000000010b1492d8]
Event: 1947.149 Thread 0x00007f8e1d06c000 26910       3       org.eclipse.jgit.submodule.SubmoduleWalk::next (47 bytes)
Event: 1947.150 Thread 0x00007f8e1d06c000 nmethod 26910 0x000000010de08410 code [0x000000010de08600, 0x000000010de08cb8]
Event: 1947.471 Thread 0x00007f8e1d06c000 26912   !   3       org.eclipse.jgit.revwalk.PendingGenerator::next (281 bytes)
Event: 1947.473 Thread 0x00007f8e1d06c000 nmethod 26912 0x000000010f03a750 code [0x000000010f03aac0, 0x000000010f03caa8]
Event: 1947.490 Thread 0x00007f8e1d05f800 26913  s    4       org.eclipse.ui.internal.themes.WorkbenchThemeManager::init (256 bytes)
Event: 1947.494 Thread 0x00007f8e1d05f800 nmethod 26913 0x000000010d4b2b50 code [0x000000010d4b2ca0, 0x000000010d4b2eb8]

GC Heap History (10 events):
Event: 1906.173 GC heap before
{Heap before GC invocations=85 (full 4):
 PSYoungGen      total 221184K, used 180531K [0x000000076ab00000, 0x000000077ba80000, 0x00000007c0000000)
  eden space 171520K, 100% used [0x000000076ab00000,0x0000000775280000,0x0000000775280000)
  from space 49664K, 18% used [0x0000000778a00000,0x00000007792ccec8,0x000000077ba80000)
  to   space 53248K, 0% used [0x0000000775280000,0x0000000775280000,0x0000000778680000)
 ParOldGen       total 526336K, used 143530K [0x00000006c0000000, 0x00000006e0200000, 0x000000076ab00000)
  object space 526336K, 27% used [0x00000006c0000000,0x00000006c8c2abc0,0x00000006e0200000)
 Metaspace       used 105545K, capacity 113842K, committed 114048K, reserved 1148928K
  class space    used 12599K, capacity 14901K, committed 14976K, reserved 1048576K
Event: 1906.190 GC heap after
Heap after GC invocations=85 (full 4):
 PSYoungGen      total 182784K, used 10979K [0x000000076ab00000, 0x000000077b580000, 0x00000007c0000000)
  eden space 171520K, 0% used [0x000000076ab00000,0x000000076ab00000,0x0000000775280000)
  from space 11264K, 97% used [0x0000000775280000,0x0000000775d38eb8,0x0000000775d80000)
  to   space 49664K, 0% used [0x0000000778500000,0x0000000778500000,0x000000077b580000)
 ParOldGen       total 526336K, used 143570K [0x00000006c0000000, 0x00000006e0200000, 0x000000076ab00000)
  object space 526336K, 27% used [0x00000006c0000000,0x00000006c8c34bc0,0x00000006e0200000)
 Metaspace       used 105545K, capacity 113842K, committed 114048K, reserved 1148928K
  class space    used 12599K, capacity 14901K, committed 14976K, reserved 1048576K
}
Event: 1922.676 GC heap before
{Heap before GC invocations=86 (full 4):
 PSYoungGen      total 182784K, used 182499K [0x000000076ab00000, 0x000000077b580000, 0x00000007c0000000)
  eden space 171520K, 100% used [0x000000076ab00000,0x0000000775280000,0x0000000775280000)
  from space 11264K, 97% used [0x0000000775280000,0x0000000775d38eb8,0x0000000775d80000)
  to   space 49664K, 0% used [0x0000000778500000,0x0000000778500000,0x000000077b580000)
 ParOldGen       total 526336K, used 143570K [0x00000006c0000000, 0x00000006e0200000, 0x000000076ab00000)
  object space 526336K, 27% used [0x00000006c0000000,0x00000006c8c34bc0,0x00000006e0200000)
 Metaspace       used 105582K, capacity 113982K, committed 114304K, reserved 1148928K
  class space    used 12600K, capacity 14903K, committed 14976K, reserved 1048576K
Event: 1922.684 GC heap after
Heap after GC invocations=86 (full 4):
 PSYoungGen      total 217088K, used 8819K [0x000000076ab00000, 0x000000077af80000, 0x00000007c0000000)
  eden space 173568K, 0% used [0x000000076ab00000,0x000000076ab00000,0x0000000775480000)
  from space 43520K, 20% used [0x0000000778500000,0x0000000778d9ceb8,0x000000077af80000)
  to   space 46592K, 0% used [0x0000000775480000,0x0000000775480000,0x0000000778200000)
 ParOldGen       total 526336K, used 143618K [0x00000006c0000000, 0x00000006e0200000, 0x000000076ab00000)
  object space 526336K, 27% used [0x00000006c0000000,0x00000006c8c40bc0,0x00000006e0200000)
 Metaspace       used 105582K, capacity 113982K, committed 114304K, reserved 1148928K
  class space    used 12600K, capacity 14903K, committed 14976K, reserved 1048576K
}
Event: 1926.092 GC heap before
{Heap before GC invocations=87 (full 4):
 PSYoungGen      total 217088K, used 182387K [0x000000076ab00000, 0x000000077af80000, 0x00000007c0000000)
  eden space 173568K, 100% used [0x000000076ab00000,0x0000000775480000,0x0000000775480000)
  from space 43520K, 20% used [0x0000000778500000,0x0000000778d9ceb8,0x000000077af80000)
  to   space 46592K, 0% used [0x0000000775480000,0x0000000775480000,0x0000000778200000)
 ParOldGen       total 526336K, used 143618K [0x00000006c0000000, 0x00000006e0200000, 0x000000076ab00000)
  object space 526336K, 27% used [0x00000006c0000000,0x00000006c8c40bc0,0x00000006e0200000)
 Metaspace       used 105650K, capacity 114054K, committed 114304K, reserved 1148928K
  class space    used 12600K, capacity 14903K, committed 14976K, reserved 1048576K
Event: 1926.102 GC heap after
Heap after GC invocations=87 (full 4):
 PSYoungGen      total 220160K, used 10356K [0x000000076ab00000, 0x000000077ad00000, 0x00000007c0000000)
  eden space 173568K, 0% used [0x000000076ab00000,0x000000076ab00000,0x0000000775480000)
  from space 46592K, 22% used [0x0000000775480000,0x0000000775e9d2d8,0x0000000778200000)
  to   space 44032K, 0% used [0x0000000778200000,0x0000000778200000,0x000000077ad00000)
 ParOldGen       total 526336K, used 143634K [0x00000006c0000000, 0x00000006e0200000, 0x000000076ab00000)
  object space 526336K, 27% used [0x00000006c0000000,0x00000006c8c44bc0,0x00000006e0200000)
 Metaspace       used 105650K, capacity 114054K, committed 114304K, reserved 1148928K
  class space    used 12600K, capacity 14903K, committed 14976K, reserved 1048576K
}
Event: 1930.533 GC heap before
{Heap before GC invocations=88 (full 4):
 PSYoungGen      total 220160K, used 183924K [0x000000076ab00000, 0x000000077ad00000, 0x00000007c0000000)
  eden space 173568K, 100% used [0x000000076ab00000,0x0000000775480000,0x0000000775480000)
  from space 46592K, 22% used [0x0000000775480000,0x0000000775e9d2d8,0x0000000778200000)
  to   space 44032K, 0% used [0x0000000778200000,0x0000000778200000,0x000000077ad00000)
 ParOldGen       total 526336K, used 143634K [0x00000006c0000000, 0x00000006e0200000, 0x000000076ab00000)
  object space 526336K, 27% used [0x00000006c0000000,0x00000006c8c44bc0,0x00000006e0200000)
 Metaspace       used 105711K, capacity 114054K, committed 114304K, reserved 1148928K
  class space    used 12600K, capacity 14903K, committed 14976K, reserved 1048576K
Event: 1930.544 GC heap after
Heap after GC invocations=88 (full 4):
 PSYoungGen      total 215040K, used 8357K [0x000000076ab00000, 0x000000077a800000, 0x00000007c0000000)
  eden space 176128K, 0% used [0x000000076ab00000,0x000000076ab00000,0x0000000775700000)
  from space 38912K, 21% used [0x0000000778200000,0x0000000778a29580,0x000000077a800000)
  to   space 41472K, 0% used [0x0000000775700000,0x0000000775700000,0x0000000777f80000)
 ParOldGen       total 526336K, used 143666K [0x00000006c0000000, 0x00000006e0200000, 0x000000076ab00000)
  object space 526336K, 27% used [0x00000006c0000000,0x00000006c8c4cbc0,0x00000006e0200000)
 Metaspace       used 105711K, capacity 114054K, committed 114304K, reserved 1148928K
  class space    used 12600K, capacity 14903K, committed 14976K, reserved 1048576K
}
Event: 1936.955 GC heap before
{Heap before GC invocations=89 (full 4):
 PSYoungGen      total 215040K, used 183786K [0x000000076ab00000, 0x000000077a800000, 0x00000007c0000000)
  eden space 176128K, 99% used [0x000000076ab00000,0x00000007756512a8,0x0000000775700000)
  from space 38912K, 21% used [0x0000000778200000,0x0000000778a29580,0x000000077a800000)
  to   space 41472K, 0% used [0x0000000775700000,0x0000000775700000,0x0000000777f80000)
 ParOldGen       total 526336K, used 143666K [0x00000006c0000000, 0x00000006e0200000, 0x000000076ab00000)
  object space 526336K, 27% used [0x00000006c0000000,0x00000006c8c4cbc0,0x00000006e0200000)
 Metaspace       used 105727K, capacity 114054K, committed 114304K, reserved 1148928K
  class space    used 12600K, capacity 14903K, committed 14976K, reserved 1048576K
Event: 1936.967 GC heap after
Heap after GC invocations=89 (full 4):
 PSYoungGen      total 217600K, used 9822K [0x000000076ab00000, 0x000000077a580000, 0x00000007c0000000)
  eden space 176128K, 0% used [0x000000076ab00000,0x000000076ab00000,0x0000000775700000)
  from space 41472K, 23% used [0x0000000775700000,0x0000000776097980,0x0000000777f80000)
  to   space 38912K, 0% used [0x0000000777f80000,0x0000000777f80000,0x000000077a580000)
 ParOldGen       total 526336K, used 143767K [0x00000006c0000000, 0x00000006e0200000, 0x000000076ab00000)
  object space 526336K, 27% used [0x00000006c0000000,0x00000006c8c65ef0,0x00000006e0200000)
 Metaspace       used 105727K, capacity 114054K, committed 114304K, reserved 1148928K
  class space    used 12600K, capacity 14903K, committed 14976K, reserved 1048576K
}

Deoptimization events (10 events):
Event: 1837.863 Thread 0x00007f8e1d028800 Uncommon trap: reason=unstable_if action=reinterpret pc=0x000000010cf2f624 method=org.eclipse.core.internal.resources.Resource.getPathVariableManager()Lorg/eclipse/core/resources/IPathVariableManager; @ 4
Event: 1840.411 Thread 0x00007f8e1d028800 Uncommon trap: reason=null_check action=make_not_entrant pc=0x000000010f27f664 method=org.eclipse.swt.custom.CTabFolder._setToolTipText(II)V @ 21
Event: 1922.757 Thread 0x00007f8e1be2f800 Uncommon trap: reason=null_check action=make_not_entrant pc=0x000000010efb11d4 method=org.eclipse.cdt.internal.core.pdom.PDOM.getCachedVariableResult(Ljava/lang/Long;)Lorg/eclipse/cdt/core/dom/ast/IValue; @ 29
Event: 1922.867 Thread 0x00007f8e1be2f800 Uncommon trap: reason=unstable_if action=reinterpret pc=0x000000010c429ba8 method=org.eclipse.cdt.internal.core.pdom.PDOM.hasWaitingReaders()Z @ 11
Event: 1927.806 Thread 0x00007f8e2308e000 Uncommon trap: reason=unstable_if action=reinterpret pc=0x000000010cfb75cc method=org.eclipse.core.internal.jobs.OrderedLock.attempt()Z @ 24
Event: 1929.959 Thread 0x00007f8e23088000 Uncommon trap: reason=unstable_if action=reinterpret pc=0x000000010cac2938 method=org.eclipse.core.internal.dtree.DeltaDataTree.getData(Lorg/eclipse/core/runtime/IPath;)Ljava/lang/Object; @ 56
Event: 1937.453 Thread 0x00007f8e222d5000 Uncommon trap: reason=unstable_if action=reinterpret pc=0x000000010daf2964 method=org.eclipse.core.internal.jobs.JobQueue.canOvertake(Lorg/eclipse/core/internal/jobs/InternalJob;Lorg/eclipse/core/internal/jobs/InternalJob;)Z @ 28
Event: 1937.453 Thread 0x00007f8e222d5000 Uncommon trap: reason=unstable_if action=reinterpret pc=0x000000010b09f654 method=org.eclipse.core.internal.jobs.JobQueue.canOvertake(Lorg/eclipse/core/internal/jobs/InternalJob;Lorg/eclipse/core/internal/jobs/InternalJob;)Z @ 28
Event: 1941.498 Thread 0x00007f8e1d028800 Uncommon trap: reason=unstable_if action=reinterpret pc=0x000000010cbf2fac method=org.omnetpp.sequencechart.widgets.SequenceChart.getFirstLastEventPtrForViewportRange(JJ)[J @ 14
Event: 1947.468 Thread 0x00007f8e229f9000 Uncommon trap: reason=bimorphic action=maybe_recompile pc=0x000000010b639184 method=org.eclipse.core.internal.localstore.UnifiedTree.addRootToQueue()V @ 4

Internal exceptions (10 events):
Event: 1947.071 Thread 0x00007f8e238f4800 Exception <a 'sun/nio/fs/UnixException'> (0x0000000771f8b548) thrown at [/Users/java_re/workspace/8-2-build-macosx-x86_64/jdk8u144/9417/hotspot/src/share/vm/prims/jni.cpp, line 709]
Event: 1947.071 Thread 0x00007f8e238f4800 Exception <a 'sun/nio/fs/UnixException'> (0x0000000771f8bc58) thrown at [/Users/java_re/workspace/8-2-build-macosx-x86_64/jdk8u144/9417/hotspot/src/share/vm/prims/jni.cpp, line 709]
Event: 1947.093 Thread 0x00007f8e238f4800 Exception <a 'sun/nio/fs/UnixException'> (0x0000000772137d10) thrown at [/Users/java_re/workspace/8-2-build-macosx-x86_64/jdk8u144/9417/hotspot/src/share/vm/prims/jni.cpp, line 709]
Event: 1947.111 Thread 0x00007f8e238f4800 Exception <a 'sun/nio/fs/UnixException'> (0x0000000772149960) thrown at [/Users/java_re/workspace/8-2-build-macosx-x86_64/jdk8u144/9417/hotspot/src/share/vm/prims/jni.cpp, line 709]
Event: 1947.142 Thread 0x00007f8e238f4800 Exception <a 'sun/nio/fs/UnixException'> (0x0000000772173c20) thrown at [/Users/java_re/workspace/8-2-build-macosx-x86_64/jdk8u144/9417/hotspot/src/share/vm/prims/jni.cpp, line 709]
Event: 1947.142 Thread 0x00007f8e238f4800 Exception <a 'sun/nio/fs/UnixException'> (0x0000000772174418) thrown at [/Users/java_re/workspace/8-2-build-macosx-x86_64/jdk8u144/9417/hotspot/src/share/vm/prims/jni.cpp, line 709]
Event: 1947.469 Thread 0x00007f8e229f9000 Exception <a 'sun/nio/fs/UnixException'> (0x00000007723f0628) thrown at [/Users/java_re/workspace/8-2-build-macosx-x86_64/jdk8u144/9417/hotspot/src/share/vm/prims/jni.cpp, line 709]
Event: 1947.470 Thread 0x00007f8e229f9000 Exception <a 'sun/nio/fs/UnixException'> (0x00000007724388c8) thrown at [/Users/java_re/workspace/8-2-build-macosx-x86_64/jdk8u144/9417/hotspot/src/share/vm/prims/jni.cpp, line 709]
Event: 1947.473 Thread 0x00007f8e229f9000 Exception <a 'sun/nio/fs/UnixException'> (0x00000007724e26b8) thrown at [/Users/java_re/workspace/8-2-build-macosx-x86_64/jdk8u144/9417/hotspot/src/share/vm/prims/jni.cpp, line 709]
Event: 1947.474 Thread 0x00007f8e229f9000 Exception <a 'sun/nio/fs/UnixException'> (0x000000077252e020) thrown at [/Users/java_re/workspace/8-2-build-macosx-x86_64/jdk8u144/9417/hotspot/src/share/vm/prims/jni.cpp, line 709]

Events (10 events):
Event: 1947.058 Executing VM operation: RevokeBias done
Event: 1947.058 Executing VM operation: RevokeBias
Event: 1947.059 Executing VM operation: RevokeBias done
Event: 1947.062 Thread 0x00007f8e1d06c000 flushing nmethod 0x000000010b148f50
Event: 1947.064 Thread 0x00007f8e1d06c000 flushing nmethod 0x000000010b391850
Event: 1947.149 Thread 0x00007f8e1d06c000 flushing nmethod 0x000000010b828a50
Event: 1947.468 Thread 0x00007f8e229f9000 Uncommon trap: trap_request=0xffffffc6 fr.pc=0x000000010b639184
Event: 1947.468 Thread 0x00007f8e229f9000 DEOPT PACKING pc=0x000000010b639184 sp=0x000070000f5492a0
Event: 1947.468 Thread 0x00007f8e229f9000 DEOPT UNPACKING pc=0x000000010adaa229 sp=0x000070000f549230 mode 2
Event: 1947.495 Thread 0x00007f8e1d05f800 flushing nmethod 0x000000010c28f7d0


Dynamic libraries:
0x0000000003e24000 	/System/Library/Frameworks/Cocoa.framework/Versions/A/Cocoa
0x0000000003e24000 	/usr/lib/libSystem.B.dylib
0x0000000003e24000 	/System/Library/Frameworks/AppKit.framework/Versions/C/AppKit
0x0000000003e24000 	/System/Library/Frameworks/ApplicationServices.framework/Versions/A/ApplicationServices
0x0000000003e24000 	/System/Library/Frameworks/CoreFoundation.framework/Versions/A/CoreFoundation
0x0000000003e24000 	/System/Library/Frameworks/CoreServices.framework/Versions/A/CoreServices
0x0000000003e24000 	/System/Library/Frameworks/Foundation.framework/Versions/C/Foundation
0x0000000003e24000 	/usr/lib/libobjc.A.dylib
0x0000000003e24000 	/System/Library/Frameworks/CoreData.framework/Versions/A/CoreData
0x0000000003e24000 	/System/Library/PrivateFrameworks/RemoteViewServices.framework/Versions/A/RemoteViewServices
0x0000000003e24000 	/System/Library/PrivateFrameworks/UIFoundation.framework/Versions/A/UIFoundation
0x0000000003e24000 	/System/Library/PrivateFrameworks/DFRFoundation.framework/Versions/A/DFRFoundation
0x0000000003e24000 	/usr/lib/libenergytrace.dylib
0x0000000003e24000 	/System/Library/PrivateFrameworks/SkyLight.framework/Versions/A/SkyLight
0x0000000003e24000 	/System/Library/Frameworks/CoreGraphics.framework/Versions/A/CoreGraphics
0x0000000003e24000 	/usr/lib/libScreenReader.dylib
0x0000000003e24000 	/System/Library/Frameworks/Accelerate.framework/Versions/A/Accelerate
0x0000000003e24000 	/System/Library/Frameworks/IOSurface.framework/Versions/A/IOSurface
0x0000000003e24000 	/System/Library/Frameworks/AudioToolbox.framework/Versions/A/AudioToolbox
0x0000000003e24000 	/System/Library/Frameworks/AudioUnit.framework/Versions/A/AudioUnit
0x0000000003e24000 	/System/Library/PrivateFrameworks/DataDetectorsCore.framework/Versions/A/DataDetectorsCore
0x0000000003e24000 	/System/Library/PrivateFrameworks/DesktopServicesPriv.framework/Versions/A/DesktopServicesPriv
0x0000000003e24000 	/System/Library/Frameworks/Carbon.framework/Versions/A/Frameworks/HIToolbox.framework/Versions/A/HIToolbox
0x0000000003e24000 	/usr/lib/libicucore.A.dylib
0x0000000003e24000 	/usr/lib/libz.1.dylib
0x0000000003e24000 	/System/Library/Frameworks/QuartzCore.framework/Versions/A/QuartzCore
0x0000000003e24000 	/System/Library/Frameworks/Security.framework/Versions/A/Security
0x0000000003e24000 	/System/Library/Frameworks/Carbon.framework/Versions/A/Frameworks/SpeechRecognition.framework/Versions/A/SpeechRecognition
0x0000000003e24000 	/usr/lib/libauto.dylib
0x0000000003e24000 	/usr/lib/libxml2.2.dylib
0x0000000003e24000 	/System/Library/PrivateFrameworks/CoreUI.framework/Versions/A/CoreUI
0x0000000003e24000 	/System/Library/Frameworks/CoreAudio.framework/Versions/A/CoreAudio
0x0000000003e24000 	/System/Library/Frameworks/DiskArbitration.framework/Versions/A/DiskArbitration
0x0000000003e24000 	/usr/lib/liblangid.dylib
0x0000000003e24000 	/System/Library/PrivateFrameworks/MultitouchSupport.framework/Versions/A/MultitouchSupport
0x0000000003e24000 	/System/Library/Frameworks/IOKit.framework/Versions/A/IOKit
0x0000000003e24000 	/usr/lib/libDiagnosticMessagesClient.dylib
0x0000000003e24000 	/System/Library/PrivateFrameworks/PerformanceAnalysis.framework/Versions/A/PerformanceAnalysis
0x0000000003e24000 	/System/Library/PrivateFrameworks/GenerationalStorage.framework/Versions/A/GenerationalStorage
0x0000000003e24000 	/System/Library/Frameworks/OpenGL.framework/Versions/A/OpenGL
0x0000000003e24000 	/System/Library/Frameworks/CoreImage.framework/Versions/A/CoreImage
0x0000000003e24000 	/System/Library/Frameworks/CoreText.framework/Versions/A/CoreText
0x0000000003e24000 	/System/Library/Frameworks/ImageIO.framework/Versions/A/ImageIO
0x0000000003e24000 	/System/Library/PrivateFrameworks/Backup.framework/Versions/A/Backup
0x0000000003e24000 	/usr/lib/libarchive.2.dylib
0x0000000003e24000 	/System/Library/Frameworks/CFNetwork.framework/Versions/A/CFNetwork
0x0000000003e24000 	/System/Library/Frameworks/SystemConfiguration.framework/Versions/A/SystemConfiguration
0x0000000003e24000 	/usr/lib/libCRFSuite.dylib
0x0000000003e24000 	/usr/lib/libc++.1.dylib
0x0000000003e24000 	/usr/lib/libc++abi.dylib
0x0000000003e24000 	/usr/lib/system/libcache.dylib
0x0000000003e24000 	/usr/lib/system/libcommonCrypto.dylib
0x0000000003e24000 	/usr/lib/system/libcompiler_rt.dylib
0x0000000003e24000 	/usr/lib/system/libcopyfile.dylib
0x0000000003e24000 	/usr/lib/system/libcorecrypto.dylib
0x0000000003e24000 	/usr/lib/system/libdispatch.dylib
0x0000000003e24000 	/usr/lib/system/libdyld.dylib
0x0000000003e24000 	/usr/lib/system/libkeymgr.dylib
0x0000000003e24000 	/usr/lib/system/liblaunch.dylib
0x0000000003e24000 	/usr/lib/system/libmacho.dylib
0x0000000003e24000 	/usr/lib/system/libquarantine.dylib
0x0000000003e24000 	/usr/lib/system/libremovefile.dylib
0x0000000003e24000 	/usr/lib/system/libsystem_asl.dylib
0x0000000003e24000 	/usr/lib/system/libsystem_blocks.dylib
0x0000000003e24000 	/usr/lib/system/libsystem_c.dylib
0x0000000003e24000 	/usr/lib/system/libsystem_configuration.dylib
0x0000000003e24000 	/usr/lib/system/libsystem_coreservices.dylib
0x0000000003e24000 	/usr/lib/system/libsystem_coretls.dylib
0x0000000003e24000 	/usr/lib/system/libsystem_dnssd.dylib
0x0000000003e24000 	/usr/lib/system/libsystem_info.dylib
0x0000000003e24000 	/usr/lib/system/libsystem_kernel.dylib
0x0000000003e24000 	/usr/lib/system/libsystem_m.dylib
0x0000000003e24000 	/usr/lib/system/libsystem_malloc.dylib
0x0000000003e24000 	/usr/lib/system/libsystem_network.dylib
0x0000000003e24000 	/usr/lib/system/libsystem_networkextension.dylib
0x0000000003e24000 	/usr/lib/system/libsystem_notify.dylib
0x0000000003e24000 	/usr/lib/system/libsystem_platform.dylib
0x0000000003e24000 	/usr/lib/system/libsystem_pthread.dylib
0x0000000003e24000 	/usr/lib/system/libsystem_sandbox.dylib
0x0000000003e24000 	/usr/lib/system/libsystem_secinit.dylib
0x0000000003e24000 	/usr/lib/system/libsystem_symptoms.dylib
0x0000000003e24000 	/usr/lib/system/libsystem_trace.dylib
0x0000000003e24000 	/usr/lib/system/libunwind.dylib
0x0000000003e24000 	/usr/lib/system/libxpc.dylib
0x0000000003e24000 	/usr/lib/libbsm.0.dylib
0x0000000003e24000 	/usr/lib/system/libkxld.dylib
0x0000000003e24000 	/usr/lib/libcoretls.dylib
0x0000000003e24000 	/usr/lib/libcoretls_cfhelpers.dylib
0x0000000003e24000 	/usr/lib/libOpenScriptingUtil.dylib
0x0000000003e24000 	/usr/lib/libpam.2.dylib
0x0000000003e24000 	/usr/lib/libsqlite3.dylib
0x0000000003e24000 	/usr/lib/libxar.1.dylib
0x0000000003e24000 	/usr/lib/libbz2.1.0.dylib
0x0000000003e24000 	/usr/lib/liblzma.5.dylib
0x0000000003e24000 	/usr/lib/libnetwork.dylib
0x0000000003e24000 	/usr/lib/libpcap.A.dylib
0x0000000003e24000 	/System/Library/Frameworks/CoreServices.framework/Versions/A/Frameworks/FSEvents.framework/Versions/A/FSEvents
0x0000000003e24000 	/System/Library/Frameworks/CoreServices.framework/Versions/A/Frameworks/CarbonCore.framework/Versions/A/CarbonCore
0x0000000003e24000 	/System/Library/Frameworks/CoreServices.framework/Versions/A/Frameworks/Metadata.framework/Versions/A/Metadata
0x0000000003e24000 	/System/Library/Frameworks/CoreServices.framework/Versions/A/Frameworks/OSServices.framework/Versions/A/OSServices
0x0000000003e24000 	/System/Library/Frameworks/CoreServices.framework/Versions/A/Frameworks/SearchKit.framework/Versions/A/SearchKit
0x0000000003e24000 	/System/Library/Frameworks/CoreServices.framework/Versions/A/Frameworks/AE.framework/Versions/A/AE
0x0000000003e24000 	/System/Library/Frameworks/CoreServices.framework/Versions/A/Frameworks/LaunchServices.framework/Versions/A/LaunchServices
0x0000000003e24000 	/System/Library/Frameworks/CoreServices.framework/Versions/A/Frameworks/DictionaryServices.framework/Versions/A/DictionaryServices
0x0000000003e24000 	/System/Library/Frameworks/CoreServices.framework/Versions/A/Frameworks/SharedFileList.framework/Versions/A/SharedFileList
0x0000000003e24000 	/System/Library/Frameworks/NetFS.framework/Versions/A/NetFS
0x0000000003e24000 	/System/Library/PrivateFrameworks/NetAuth.framework/Versions/A/NetAuth
0x0000000003e24000 	/System/Library/PrivateFrameworks/login.framework/Versions/A/Frameworks/loginsupport.framework/Versions/A/loginsupport
0x0000000003e24000 	/System/Library/PrivateFrameworks/TCC.framework/Versions/A/TCC
0x0000000003e24000 	/usr/lib/libmecabra.dylib
0x0000000003e24000 	/System/Library/Frameworks/ApplicationServices.framework/Versions/A/Frameworks/ATS.framework/Versions/A/ATS
0x0000000003e24000 	/System/Library/Frameworks/ApplicationServices.framework/Versions/A/Frameworks/ColorSync.framework/Versions/A/ColorSync
0x0000000003e24000 	/System/Library/Frameworks/ApplicationServices.framework/Versions/A/Frameworks/HIServices.framework/Versions/A/HIServices
0x0000000003e24000 	/System/Library/Frameworks/ApplicationServices.framework/Versions/A/Frameworks/LangAnalysis.framework/Versions/A/LangAnalysis
0x0000000003e24000 	/System/Library/Frameworks/ApplicationServices.framework/Versions/A/Frameworks/PrintCore.framework/Versions/A/PrintCore
0x0000000003e24000 	/System/Library/Frameworks/ApplicationServices.framework/Versions/A/Frameworks/QD.framework/Versions/A/QD
0x0000000003e24000 	/System/Library/Frameworks/ApplicationServices.framework/Versions/A/Frameworks/SpeechSynthesis.framework/Versions/A/SpeechSynthesis
0x0000000003e24000 	/System/Library/Frameworks/Accelerate.framework/Versions/A/Frameworks/vImage.framework/Versions/A/vImage
0x0000000003e24000 	/System/Library/Frameworks/Accelerate.framework/Versions/A/Frameworks/vecLib.framework/Versions/A/vecLib
0x0000000003e24000 	/System/Library/Frameworks/Accelerate.framework/Versions/A/Frameworks/vecLib.framework/Versions/A/libvDSP.dylib
0x0000000003e24000 	/System/Library/Frameworks/Accelerate.framework/Versions/A/Frameworks/vecLib.framework/Versions/A/libBNNS.dylib
0x0000000003e24000 	/System/Library/Frameworks/Accelerate.framework/Versions/A/Frameworks/vecLib.framework/Versions/A/libQuadrature.dylib
0x0000000003e24000 	/System/Library/Frameworks/Accelerate.framework/Versions/A/Frameworks/vecLib.framework/Versions/A/libvMisc.dylib
0x0000000003e24000 	/System/Library/Frameworks/Accelerate.framework/Versions/A/Frameworks/vecLib.framework/Versions/A/libLAPACK.dylib
0x0000000003e24000 	/System/Library/Frameworks/Accelerate.framework/Versions/A/Frameworks/vecLib.framework/Versions/A/libBLAS.dylib
0x0000000003e24000 	/System/Library/Frameworks/Accelerate.framework/Versions/A/Frameworks/vecLib.framework/Versions/A/libLinearAlgebra.dylib
0x0000000003e24000 	/System/Library/Frameworks/Accelerate.framework/Versions/A/Frameworks/vecLib.framework/Versions/A/libSparseBLAS.dylib
0x0000000003e24000 	/System/Library/Frameworks/ApplicationServices.framework/Versions/A/Frameworks/ATS.framework/Versions/A/Resources/libFontParser.dylib
0x0000000003e24000 	/System/Library/Frameworks/ApplicationServices.framework/Versions/A/Frameworks/ATS.framework/Versions/A/Resources/libFontRegistry.dylib
0x0000000003e24000 	/System/Library/Frameworks/ImageIO.framework/Versions/A/Resources/libJPEG.dylib
0x0000000003e24000 	/System/Library/Frameworks/ImageIO.framework/Versions/A/Resources/libTIFF.dylib
0x0000000003e24000 	/System/Library/Frameworks/ImageIO.framework/Versions/A/Resources/libPng.dylib
0x0000000003e24000 	/System/Library/Frameworks/ImageIO.framework/Versions/A/Resources/libGIF.dylib
0x0000000003e24000 	/System/Library/Frameworks/ImageIO.framework/Versions/A/Resources/libJP2.dylib
0x0000000003e24000 	/System/Library/Frameworks/ImageIO.framework/Versions/A/Resources/libRadiance.dylib
0x0000000003e24000 	/usr/lib/libcompression.dylib
0x0000000003e24000 	/System/Library/PrivateFrameworks/AppleJPEG.framework/Versions/A/AppleJPEG
0x0000000003e24000 	/usr/lib/libcups.2.dylib
0x0000000003e24000 	/System/Library/Frameworks/Kerberos.framework/Versions/A/Kerberos
0x0000000003e24000 	/System/Library/Frameworks/GSS.framework/Versions/A/GSS
0x0000000003e24000 	/usr/lib/libresolv.9.dylib
0x0000000003e24000 	/usr/lib/libiconv.2.dylib
0x0000000003e24000 	/System/Library/PrivateFrameworks/Heimdal.framework/Versions/A/Heimdal
0x0000000003e24000 	/usr/lib/libheimdal-asn1.dylib
0x0000000003e24000 	/System/Library/Frameworks/OpenDirectory.framework/Versions/A/OpenDirectory
0x0000000003e24000 	/System/Library/PrivateFrameworks/CommonAuth.framework/Versions/A/CommonAuth
0x0000000003e24000 	/System/Library/Frameworks/OpenDirectory.framework/Versions/A/Frameworks/CFOpenDirectory.framework/Versions/A/CFOpenDirectory
0x0000000003e24000 	/System/Library/Frameworks/SecurityFoundation.framework/Versions/A/SecurityFoundation
0x0000000003e24000 	/System/Library/PrivateFrameworks/LanguageModeling.framework/Versions/A/LanguageModeling
0x0000000003e24000 	/usr/lib/libmarisa.dylib
0x0000000003e24000 	/usr/lib/libChineseTokenizer.dylib
0x0000000003e24000 	/usr/lib/libcmph.dylib
0x0000000003e24000 	/System/Library/PrivateFrameworks/CoreEmoji.framework/Versions/A/CoreEmoji
0x0000000003e24000 	/System/Library/Frameworks/ServiceManagement.framework/Versions/A/ServiceManagement
0x0000000003e24000 	/usr/lib/libxslt.1.dylib
0x0000000003e24000 	/System/Library/Frameworks/Carbon.framework/Versions/A/Frameworks/Ink.framework/Versions/A/Ink
0x0000000003e24000 	/System/Library/PrivateFrameworks/TextureIO.framework/Versions/A/TextureIO
0x0000000003e24000 	/System/Library/Frameworks/Metal.framework/Versions/A/Metal
0x0000000003e24000 	/usr/lib/libate.dylib
0x0000000003e24000 	/System/Library/PrivateFrameworks/GPUCompiler.framework/libmetal_timestamp.dylib
0x0000000003e24000 	/System/Library/Frameworks/OpenGL.framework/Versions/A/Libraries/libCoreFSCache.dylib
0x0000000003e24000 	/System/Library/PrivateFrameworks/IOAccelerator.framework/Versions/A/IOAccelerator
0x0000000003e24000 	/System/Library/Frameworks/CoreVideo.framework/Versions/A/CoreVideo
0x0000000003e24000 	/usr/lib/libFosl_dynamic.dylib
0x0000000003e24000 	/System/Library/PrivateFrameworks/MetalPerformanceShaders.framework/Versions/A/MetalPerformanceShaders
0x0000000003e24000 	/System/Library/PrivateFrameworks/FaceCore.framework/Versions/A/FaceCore
0x0000000003e24000 	/System/Library/Frameworks/OpenCL.framework/Versions/A/OpenCL
0x0000000003e24000 	/System/Library/Frameworks/OpenGL.framework/Versions/A/Libraries/libGLU.dylib
0x0000000003e24000 	/System/Library/Frameworks/OpenGL.framework/Versions/A/Libraries/libGFXShared.dylib
0x0000000003e24000 	/System/Library/Frameworks/OpenGL.framework/Versions/A/Libraries/libGL.dylib
0x0000000003e24000 	/System/Library/Frameworks/OpenGL.framework/Versions/A/Libraries/libGLImage.dylib
0x0000000003e24000 	/System/Library/Frameworks/OpenGL.framework/Versions/A/Libraries/libCVMSPluginSupport.dylib
0x0000000003e24000 	/System/Library/Frameworks/OpenGL.framework/Versions/A/Libraries/libCoreVMClient.dylib
0x0000000003e24000 	/System/Library/PrivateFrameworks/CrashReporterSupport.framework/Versions/A/CrashReporterSupport
0x0000000003e24000 	/System/Library/PrivateFrameworks/Sharing.framework/Versions/A/Sharing
0x0000000003e24000 	/System/Library/PrivateFrameworks/IconServices.framework/Versions/A/IconServices
0x0000000003e24000 	/System/Library/PrivateFrameworks/ProtocolBuffer.framework/Versions/A/ProtocolBuffer
0x0000000003e24000 	/System/Library/PrivateFrameworks/Apple80211.framework/Versions/A/Apple80211
0x0000000003e24000 	/System/Library/Frameworks/CoreWLAN.framework/Versions/A/CoreWLAN
0x0000000003e24000 	/System/Library/PrivateFrameworks/CoreUtils.framework/Versions/A/CoreUtils
0x0000000003e24000 	/System/Library/Frameworks/IOBluetooth.framework/Versions/A/IOBluetooth
0x0000000003e24000 	/System/Library/PrivateFrameworks/CoreWiFi.framework/Versions/A/CoreWiFi
0x0000000003e24000 	/System/Library/Frameworks/CoreBluetooth.framework/Versions/A/CoreBluetooth
0x0000000003e24000 	/System/Library/Frameworks/CoreDisplay.framework/Versions/A/CoreDisplay
0x0000000003e24000 	/System/Library/PrivateFrameworks/IOPresentment.framework/Versions/A/IOPresentment
0x0000000003e24000 	/System/Library/PrivateFrameworks/DSExternalDisplay.framework/Versions/A/DSExternalDisplay
0x0000000003e24000 	/System/Library/PrivateFrameworks/DebugSymbols.framework/Versions/A/DebugSymbols
0x0000000003e24000 	/System/Library/PrivateFrameworks/CoreSymbolication.framework/Versions/A/CoreSymbolication
0x0000000003e24000 	/System/Library/PrivateFrameworks/Symbolication.framework/Versions/A/Symbolication
0x0000000003e24000 	/System/Library/PrivateFrameworks/AppleFSCompression.framework/Versions/A/AppleFSCompression
0x0000000003e24000 	/System/Library/PrivateFrameworks/SpeechRecognitionCore.framework/Versions/A/SpeechRecognitionCore
0x0000000003e24000 	/System/Library/PrivateFrameworks/ChunkingLibrary.framework/Versions/A/ChunkingLibrary
0x000000010648d000 	/Volumes/LocalDataHD/m/ma/ma777/Desktop/omnetpp-5.2.1-hpc/omnetpp-5.2.1/ide/omnetpp.app/Contents/Eclipse/plugins/org.eclipse.equinox.launcher.cocoa.macosx.x86_64_1.1.550.v20170928-1359/eclipse_1629.so
0x0000000003e24000 	/System/Library/PrivateFrameworks/CoreServicesInternal.framework/Versions/A/CoreServicesInternal
0x00000001064cd000 	/Library/Java/JavaVirtualMachines/jdk1.8.0_144.jdk/Contents/MacOS/libjli.dylib
0x0000000109087000 	/Library/Java/JavaVirtualMachines/jdk1.8.0_144.jdk/Contents/Home/jre//lib/server/libjvm.dylib
0x0000000003e24000 	/usr/lib/libstdc++.6.dylib
0x00000001064dd000 	/Library/Java/JavaVirtualMachines/jdk1.8.0_144.jdk/Contents/Home/jre/lib/libverify.dylib
0x00000001064eb000 	/Library/Java/JavaVirtualMachines/jdk1.8.0_144.jdk/Contents/Home/jre/lib/libjava.dylib
0x0000000106529000 	/Library/Java/JavaVirtualMachines/jdk1.8.0_144.jdk/Contents/Home/jre/lib/libzip.dylib
0x0000000124341000 	/System/Library/Frameworks/JavaVM.framework/Frameworks/JavaRuntimeSupport.framework/JavaRuntimeSupport
0x000000012435b000 	/System/Library/Frameworks/JavaVM.framework/Versions/A/Frameworks/JavaNativeFoundation.framework/Versions/A/JavaNativeFoundation
0x0000000108b8e000 	/System/Library/Frameworks/JavaVM.framework/Versions/A/JavaVM
0x0000000003e24000 	/System/Library/Frameworks/Carbon.framework/Versions/A/Carbon
0x0000000124370000 	/System/Library/PrivateFrameworks/JavaLaunching.framework/Versions/A/JavaLaunching
0x0000000003e24000 	/System/Library/Frameworks/Carbon.framework/Versions/A/Frameworks/CommonPanels.framework/Versions/A/CommonPanels
0x0000000003e24000 	/System/Library/Frameworks/Carbon.framework/Versions/A/Frameworks/Help.framework/Versions/A/Help
0x0000000003e24000 	/System/Library/Frameworks/Carbon.framework/Versions/A/Frameworks/ImageCapture.framework/Versions/A/ImageCapture
0x0000000003e24000 	/System/Library/Frameworks/Carbon.framework/Versions/A/Frameworks/OpenScripting.framework/Versions/A/OpenScripting
0x0000000003e24000 	/System/Library/Frameworks/Carbon.framework/Versions/A/Frameworks/Print.framework/Versions/A/Print
0x0000000003e24000 	/System/Library/Frameworks/Carbon.framework/Versions/A/Frameworks/SecurityHI.framework/Versions/A/SecurityHI
0x0000000003e24000 	/System/Library/CoreServices/RawCamera.bundle/Contents/MacOS/RawCamera
0x0000000003e24000 	/System/Library/Frameworks/Accelerate.framework/Versions/A/Frameworks/vImage.framework/Versions/A/Libraries/libCGInterfaces.dylib
0x0000000003e24000 	/System/Library/Frameworks/ApplicationServices.framework/Versions/A/Frameworks/ATS.framework/Versions/A/Resources/libTrueTypeScaler.dylib
0x000000012681c000 	/System/Library/Frameworks/OpenGL.framework/Resources/GLEngine.bundle/GLEngine
0x0000000003e24000 	/System/Library/Frameworks/OpenGL.framework/Versions/A/Libraries/libGLProgrammability.dylib
0x0000000003e24000 	/System/Library/Extensions/GeForceGLDriver.bundle/Contents/MacOS/GeForceGLDriver
0x0000000003e24000 	/System/Library/Extensions/GeForceGLDriver.bundle/Contents/MacOS/libclh.dylib
0x0000000003e24000 	/System/Library/PrivateFrameworks/GPUSupport.framework/Versions/A/Libraries/libGPUSupportMercury.dylib
0x0000000126a05000 	/System/Library/Frameworks/OpenGL.framework/Resources//GLRendererFloat.bundle/GLRendererFloat
0x0000000003e24000 	/System/Library/Frameworks/OpenCL.framework/Versions/A/Libraries/libcldcpuengine.dylib
0x0000000003e24000 	/usr/lib/libcrypto.0.9.8.dylib
0x0000000003e24000 	/System/Library/PrivateFrameworks/TrustEvaluationAgent.framework/Versions/A/TrustEvaluationAgent
0x0000000003e24000 	/System/Library/Extensions/GeForceMTLDriver.bundle/Contents/MacOS/GeForceMTLDriver
0x000000012af11000 	/Library/Java/JavaVirtualMachines/jdk1.8.0_144.jdk/Contents/Home/jre/lib/libnet.dylib
0x000000012affe000 	/Library/Java/JavaVirtualMachines/jdk1.8.0_144.jdk/Contents/Home/jre/lib/libnio.dylib
0x0000000003e24000 	/System/Library/PrivateFrameworks/ViewBridge.framework/Versions/A/ViewBridge
0x0000000003e24000 	/System/Library/PrivateFrameworks/XPCService.framework/Versions/A/XPCService
0x0000000003e24000 	/System/Library/PrivateFrameworks/AppSandbox.framework/Versions/A/AppSandbox
0x0000000003e24000 	/usr/lib/libsandbox.1.dylib
0x0000000003e24000 	/System/Library/PrivateFrameworks/AppContainer.framework/Versions/A/AppContainer
0x0000000003e24000 	/System/Library/PrivateFrameworks/SecCodeWrapper.framework/Versions/A/SecCodeWrapper
0x0000000003e24000 	/usr/lib/libMatch.1.dylib
0x000000012ba19000 	/Volumes/LocalDataHD/m/ma/ma777/Desktop/omnetpp-5.2.1-hpc/omnetpp-5.2.1/ide/omnetpp.app/Contents/Eclipse/configuration/org.eclipse.osgi/305/0/.cp/libswt-cocoa-4758.jnilib
0x0000000003e24000 	/System/Library/Frameworks/WebKit.framework/Versions/A/WebKit
0x0000000003e24000 	/System/Library/Frameworks/JavaScriptCore.framework/Versions/A/JavaScriptCore
0x0000000003e24000 	/System/Library/Frameworks/SecurityInterface.framework/Versions/A/SecurityInterface
0x0000000003e24000 	/System/Library/Frameworks/WebKit.framework/Versions/A/Frameworks/WebKitLegacy.framework/Versions/A/WebKitLegacy
0x0000000003e24000 	/System/Library/Frameworks/WebKit.framework/Versions/A/Frameworks/WebCore.framework/Versions/A/WebCore
0x00000001263f7000 	/Volumes/LocalDataHD/m/ma/ma777/Desktop/omnetpp-5.2.1-hpc/omnetpp-5.2.1/ide/omnetpp.app/Contents/Eclipse/configuration/org.eclipse.osgi/305/0/.cp/libswt-pi-cocoa-4758.jnilib
0x0000000003e24000 	/System/Library/PrivateFrameworks/CloudDocs.framework/Versions/A/CloudDocs
0x0000000003e24000 	/System/Library/Frameworks/CloudKit.framework/Versions/A/CloudKit
0x0000000003e24000 	/System/Library/PrivateFrameworks/MMCS.framework/Versions/A/MMCS
0x0000000003e24000 	/System/Library/Frameworks/CoreLocation.framework/Versions/A/CoreLocation
0x0000000003e24000 	/System/Library/PrivateFrameworks/ProtectedCloudStorage.framework/Versions/A/ProtectedCloudStorage
0x0000000003e24000 	/System/Library/PrivateFrameworks/AssetCacheServices.framework/Versions/A/AssetCacheServices
0x0000000003e24000 	/System/Library/PrivateFrameworks/GeoServices.framework/Versions/A/GeoServices
0x000000012bff2000 	/System/Library/PrivateFrameworks/CoreNLP.framework/Versions/A/CoreNLP
0x000000012473a000 	/Volumes/LocalDataHD/m/ma/ma777/Desktop/omnetpp-5.2.1-hpc/omnetpp-5.2.1/ide/omnetpp.app/Contents/Eclipse/configuration/org.eclipse.osgi/96/0/.cp/os/macosx/libunixfile_1_0_0.jnilib
0x0000000131458000 	/Volumes/LocalDataHD/m/ma/ma777/Desktop/omnetpp-5.2.1-hpc/omnetpp-5.2.1/ide/omnetpp.app/Contents/Eclipse/plugins/org.omnetpp.ide.nativelibs.macosx_5.2.1.171211-da8f6bc/libopplibs.jnilib
0x000000012f720000 	/Library/Java/JavaVirtualMachines/jdk1.8.0_144.jdk/Contents/Home/jre/lib/libawt.dylib
0x0000000130477000 	/Library/Java/JavaVirtualMachines/jdk1.8.0_144.jdk/Contents/Home/jre/lib/./libmlib_image.dylib
0x0000000131857000 	/Library/Java/JavaVirtualMachines/jdk1.8.0_144.jdk/Contents/Home/jre/lib/libawt_lwawt.dylib
0x000000012b7f3000 	/Library/Java/JavaVirtualMachines/jdk1.8.0_144.jdk/Contents/Home/jre/lib/./libosxapp.dylib
0x0000000003e24000 	/System/Library/Frameworks/ExceptionHandling.framework/Versions/A/ExceptionHandling
0x000000012bd0f000 	cl_kernels
0x00000001359c3000 	/System/Library/Frameworks/OpenCL.framework/Versions/A/Libraries/ImageFormats/unorm8_bgra.dylib
0x000000012fc2a000 	/Library/Java/JavaVirtualMachines/jdk1.8.0_144.jdk/Contents/Home/jre/lib/libsunec.dylib
0x000000012afcd000 	/Library/Java/JavaVirtualMachines/jdk1.8.0_144.jdk/Contents/Home/jre/lib/libmanagement.dylib
0x0000000003e24000 	/System/Library/PrivateFrameworks/Shortcut.framework/Versions/A/Shortcut
0x0000000003e24000 	/System/Library/PrivateFrameworks/HelpData.framework/Versions/A/HelpData
0x0000000003e24000 	/System/Library/PrivateFrameworks/DataDetectors.framework/Versions/A/DataDetectors
0x0000000003e24000 	/System/Library/Frameworks/AddressBook.framework/Versions/A/AddressBook
0x0000000003e24000 	/System/Library/Frameworks/Quartz.framework/Versions/A/Quartz
0x0000000003e24000 	/System/Library/PrivateFrameworks/ContactsPersistence.framework/Versions/A/ContactsPersistence
0x0000000003e24000 	/System/Library/PrivateFrameworks/CalendarAgentLink.framework/Versions/A/CalendarAgentLink
0x0000000003e24000 	/System/Library/PrivateFrameworks/ContactsFoundation.framework/Versions/A/ContactsFoundation
0x0000000003e24000 	/System/Library/PrivateFrameworks/vCard.framework/Versions/A/vCard
0x0000000003e24000 	/System/Library/PrivateFrameworks/IntlPreferences.framework/Versions/A/IntlPreferences
0x0000000003e24000 	/System/Library/PrivateFrameworks/ToneLibrary.framework/Versions/A/ToneLibrary
0x0000000003e24000 	/System/Library/PrivateFrameworks/ToneKit.framework/Versions/A/ToneKit
0x0000000003e24000 	/System/Library/PrivateFrameworks/ApplePushService.framework/Versions/A/ApplePushService
0x0000000003e24000 	/System/Library/Frameworks/DirectoryService.framework/Versions/A/DirectoryService
0x0000000003e24000 	/System/Library/PrivateFrameworks/PhoneNumbers.framework/Versions/A/PhoneNumbers
0x0000000003e24000 	/System/Library/Frameworks/LDAP.framework/Versions/A/LDAP
0x0000000003e24000 	/System/Library/Frameworks/Accounts.framework/Versions/A/Accounts
0x0000000003e24000 	/System/Library/PrivateFrameworks/OAuth.framework/Versions/A/OAuth
0x0000000003e24000 	/System/Library/Frameworks/AVFoundation.framework/Versions/A/AVFoundation
0x0000000003e24000 	/System/Library/Frameworks/AVFoundation.framework/Versions/A/Frameworks/AVFAudio.framework/Versions/A/AVFAudio
0x0000000003e24000 	/System/Library/Frameworks/CoreMedia.framework/Versions/A/CoreMedia
0x0000000003e24000 	/System/Library/Frameworks/MediaToolbox.framework/Versions/A/MediaToolbox
0x0000000003e24000 	/System/Library/Frameworks/VideoToolbox.framework/Versions/A/VideoToolbox
0x0000000003e24000 	/System/Library/Frameworks/CoreMediaIO.framework/Versions/A/CoreMediaIO
0x0000000003e24000 	/usr/lib/libspindump.dylib
0x0000000003e24000 	/usr/lib/libdscsym.dylib
0x0000000003e24000 	/System/Library/PrivateFrameworks/CoreAVCHD.framework/Versions/A/CoreAVCHD
0x0000000003e24000 	/System/Library/Frameworks/MediaAccessibility.framework/Versions/A/MediaAccessibility
0x0000000003e24000 	/System/Library/PrivateFrameworks/Mangrove.framework/Versions/A/Mangrove
0x0000000003e24000 	/System/Library/PrivateFrameworks/CoreAUC.framework/Versions/A/CoreAUC
0x0000000003e24000 	/System/Library/PrivateFrameworks/AppleVA.framework/Versions/A/AppleVA
0x0000000003e24000 	/System/Library/PrivateFrameworks/CoreDaemon.framework/Versions/B/CoreDaemon
0x0000000003e24000 	/System/Library/PrivateFrameworks/AppleSRP.framework/Versions/A/AppleSRP
0x0000000003e24000 	/System/Library/Frameworks/Quartz.framework/Versions/A/Frameworks/QuartzComposer.framework/Versions/A/QuartzComposer
0x0000000003e24000 	/System/Library/Frameworks/Quartz.framework/Versions/A/Frameworks/PDFKit.framework/Versions/A/PDFKit
0x0000000003e24000 	/System/Library/Frameworks/Quartz.framework/Versions/A/Frameworks/QuartzFilters.framework/Versions/A/QuartzFilters
0x0000000003e24000 	/System/Library/Frameworks/Quartz.framework/Versions/A/Frameworks/ImageKit.framework/Versions/A/ImageKit
0x0000000003e24000 	/System/Library/Frameworks/Quartz.framework/Versions/A/Frameworks/QuickLookUI.framework/Versions/A/QuickLookUI
0x0000000003e24000 	/System/Library/Frameworks/QTKit.framework/Versions/A/QTKit
0x0000000003e24000 	/System/Library/PrivateFrameworks/AppleSystemInfo.framework/Versions/A/AppleSystemInfo
0x0000000003e24000 	/System/Library/PrivateFrameworks/CoreMediaAuthoring.framework/Versions/A/CoreMediaAuthoring
0x0000000003e24000 	/System/Library/PrivateFrameworks/CorePDF.framework/Versions/A/CorePDF
0x0000000003e24000 	/System/Library/Frameworks/SafariServices.framework/Versions/A/SafariServices
0x0000000003e24000 	/System/Library/Frameworks/QuickLook.framework/Versions/A/QuickLook
0x0000000003e24000 	/System/Library/PrivateFrameworks/MobileKeyBag.framework/Versions/A/MobileKeyBag
0x0000000003e24000 	/System/Library/PrivateFrameworks/QuickLookThumbnailing.framework/Versions/A/QuickLookThumbnailing
0x0000000003e24000 	/System/Library/PrivateFrameworks/DisplayServices.framework/Versions/A/DisplayServices
0x0000000003e24000 	/System/Library/Frameworks/ImageCaptureCore.framework/Versions/A/ImageCaptureCore
0x0000000003e24000 	/usr/lib/libsasl2.2.dylib
0x000000012ed2c000 	/Library/Java/JavaVirtualMachines/jdk1.8.0_144.jdk/Contents/Home/jre/lib/libfontmanager.dylib
0x0000000161d65000 	/System/Library/Frameworks/ApplicationServices.framework/Frameworks/ATS.framework/Resources/libFontRegistryUI.dylib
0x0000000161d72000 	/System/Library/Frameworks/ApplicationServices.framework/Versions/A/Frameworks/ATS.framework/Versions/A/Resources/ATSHI.dylib
0x0000000124570000 	cl_kernels
0x000000012ca4c000 	/Volumes/LocalDataHD/m/ma/ma777/Desktop/omnetpp-5.2.1-hpc/omnetpp-5.2.1/ide/omnetpp.app/Contents/Eclipse/configuration/org.eclipse.osgi/64/0/.cp/os/macosx/x86_64/libspawner.jnilib

VM Arguments:
jvm_args: -Dosgi.instance.area.default=/home/m/ma/ma777/Desktop/omnetpp-5.2.1-hpc/omnetpp-5.2.1/bin/../ide/../samples 
java_command: <unknown>
java_class_path (initial): /Volumes/LocalDataHD/m/ma/ma777/Desktop/omnetpp-5.2.1-hpc/omnetpp-5.2.1/ide/omnetpp.app/Contents/MacOS//../Eclipse/plugins/org.eclipse.equinox.launcher_1.4.0.v20161219-1356.jar
Launcher Type: generic

Environment Variables:
PATH=$/home/m/ma/ma777/Desktop/omnetpp-5.2.1-hpc/omnetpp-5.2.1/bin:$/home/m/ma/ma777/Desktop/omnetpp-5.2.1-hpc/omnetpp-5.2.1/tools/macosx/bin:/opt/local/bin:/opt/local/sbin:/home/m/ma/ma777/perl5/perlbrew/bin:/home/m/ma/ma777/perl5/perlbrew/perls/perl-5.16.0/bin:/usr/local/bin:/usr/bin:/bin:/usr/sbin:/sbin:/opt/X11/bin:/usr/local/munki:/Library/Application Support/pinpoint/bin:/opt/puppetlabs/bin:/Library/TeX/texbin:/Applications/Wireshark.app/Contents/MacOS:/home/m/ma/ma777/Desktop/omnetpp-5.2.1-hpc/omnetpp-5.2.1/bin:$/home/m/ma/ma777/Desktop/omnetpp-5.2.1-hpc/omnetpp-5.2.1/tools/macosx/bin:/opt/local/bin:/opt/local/sbin:/home/m/ma/ma777/perl5/perlbrew/bin:/home/m/ma/ma777/perl5/perlbrew/perls/perl-5.16.0/bin:/usr/local/bin:/usr/bin:/bin:/usr/sbin:/sbin:/opt/X11/bin:/usr/local/munki:/Library/Application Support/pinpoint/bin:/opt/puppetlabs/bin:/Library/TeX/texbin:/Applications/Wireshark.app/Contents/MacOS
SHELL=/bin/bash
DISPLAY=/private/tmp/com.apple.launchd.IO9kmMAEBf/org.macosforge.xquartz:0

Signal Handlers:
SIGSEGV: [libjvm.dylib+0x5b26e5], sa_mask[0]=11111111011111110111111111111111, sa_flags=SA_ONSTACK|SA_RESTART|SA_SIGINFO
SIGBUS: [libjvm.dylib+0x5b26e5], sa_mask[0]=11111111011111110111111111111111, sa_flags=SA_RESTART|SA_SIGINFO
SIGFPE: [libjvm.dylib+0x489100], sa_mask[0]=11111111011111110111111111111111, sa_flags=SA_RESTART|SA_SIGINFO
SIGPIPE: [libjvm.dylib+0x489100], sa_mask[0]=11111111011111110111111111111111, sa_flags=SA_RESTART|SA_SIGINFO
SIGXFSZ: [libjvm.dylib+0x489100], sa_mask[0]=11111111011111110111111111111111, sa_flags=SA_RESTART|SA_SIGINFO
SIGILL: [libjvm.dylib+0x489100], sa_mask[0]=11111111011111110111111111111111, sa_flags=SA_RESTART|SA_SIGINFO
SIGUSR1: SIG_DFL, sa_mask[0]=11011111011111100000000111000110, sa_flags=none
SIGUSR2: [libjvm.dylib+0x488c1e], sa_mask[0]=00000000000000000000000000000000, sa_flags=SA_RESTART|SA_SIGINFO
SIGHUP: [libjvm.dylib+0x4871f5], sa_mask[0]=11111111011111110111111111111111, sa_flags=SA_RESTART|SA_SIGINFO
SIGINT: SIG_IGN, sa_mask[0]=00000000000000000000000000000000, sa_flags=none
SIGTERM: [libjvm.dylib+0x4871f5], sa_mask[0]=11111111011111110111111111111111, sa_flags=SA_RESTART|SA_SIGINFO
SIGQUIT: [libjvm.dylib+0x4871f5], sa_mask[0]=11111111011111110111111111111111, sa_flags=SA_RESTART|SA_SIGINFO


---------------  S Y S T E M  ---------------

OS:Bsduname:Darwin 16.7.0 Darwin Kernel Version 16.7.0: Thu Jun 15 17:36:27 PDT 2017; root:xnu-3789.70.16~2/RELEASE_X86_64 x86_64
rlimit: STACK 8192k, CORE 0k, NPROC 709, NOFILE 10240, AS infinity
load average:2.47 2.51 2.60

CPU:total 4 (initial active 4) (4 cores per cpu, 1 threads per core) family 6 model 60 stepping 3, cmov, cx8, fxsr, mmx, sse, sse2, sse3, ssse3, sse4.1, sse4.2, popcnt, avx, avx2, aes, clmul, erms, rtm, lzcnt, tsc, tscinvbit, bmi1, bmi2

Memory: 4k page, physical 16777216k(35756k free)

/proc/meminfo:


vm_info: Java HotSpot(TM) 64-Bit Server VM (25.144-b01) for bsd-amd64 JRE (1.8.0_144-b01), built on Jul 21 2017 22:07:42 by "java_re" with gcc 4.2.1 (Based on Apple Inc. build 5658) (LLVM build 2336.11.00)

time: Sat Jan 20 20:17:18 2018
elapsed time: 1947 seconds (0d 0h 32m 27s)

