#
# A fatal error has been detected by the Java Runtime Environment:
#
#  SIGSEGV (0xb) at pc=0x0000000136e43c48, pid=92054, tid=0x0000000000000307
#
# JRE version: Java(TM) SE Runtime Environment (8.0_144-b01) (build 1.8.0_144-b01)
# Java VM: Java HotSpot(TM) 64-Bit Server VM (25.144-b01 mixed mode bsd-amd64 compressed oops)
# Problematic frame:
# C  [libopplibs.jnilib+0x17fc48]  omnetpp::eventlog::SequenceChartFacade::getTimelineCoordinate(omnetpp::eventlog::IEvent*, double, double)+0x98
#
# Failed to write core dump. Core dumps have been disabled. To enable core dumping, try "ulimit -c unlimited" before starting Java again
#
# If you would like to submit a bug report, please visit:
#   http://bugreport.java.com/bugreport/crash.jsp
# The crash happened outside the Java Virtual Machine in native code.
# See problematic frame for where to report the bug.
#

---------------  T H R E A D  ---------------

Current thread (0x00007fb3ac02a800):  JavaThread "main" [_thread_in_native, id=775, stack(0x00007fff54d05000,0x00007fff55505000)]

siginfo: si_signo: 11 (SIGSEGV), si_code: 0 (unknown), si_addr: 0x0000000000000000

Registers:
RAX=0xf00007fb39dca205, RBX=0x00007fb39dcda9a0, RCX=0x0000000000000001, RDX=0x00000000f2697ec0
RSP=0x00007fff55501ff0, RBP=0x00007fff555020b0, RSI=0x00007fb39dcda9a0, RDI=0x00007fb39dcda9a0
R8 =0x0000000137004ac0, R9 =0x00007fb39d935410, R10=0x0000000000000001, R11=0x0000000000000246
R12=0x00007fb39db01c01, R13=0x00007fb39dcda9a0, R14=0x00007fb39a7af0f0, R15=0x00007fb39a7af0f0
RIP=0x0000000136e43c48, EFLAGS=0x0000000000010297, ERR=0x0000000000000000
  TRAPNO=0x000000000000000d

Top of Stack: (sp=0x00007fff55501ff0)
0x00007fff55501ff0:   0000000000000021 00007fff8ea059a6
0x00007fff55502000:   0000000000000af8 000000000008959b
0x00007fff55502010:   00000000000004eb 7fefffffffffffff
0x00007fff55502020:   ffefffffffffffff 00007fb39dcda9a0
0x00007fff55502030:   0000000000000000 0000000000000000
0x00007fff55502040:   0000000003620a1b 00000000000007cc
0x00007fff55502050:   0000000000000000 0000000000001767
0x00007fff55502060:   0000000000001039 0000000000000008
0x00007fff55502070:   0000000000000008 000000000000141b
0x00007fff55502080:   00000000000040e3 00007fb39a7af001
0x00007fff55502090:   00007fb39db01c01 00007fb39dcda9a0
0x00007fff555020a0:   00007fff5550210f 00007fb39a7af0f0
0x00007fff555020b0:   00007fff555020f0 0000000136e441d1
0x00007fff555020c0:   4001e1386bc0b1c1 00007fb39a7af0f0
0x00007fff555020d0:   0000000000000000 00007fff555021d8
0x00007fff555020e0:   00007fff555021b0 00007fb3ac02a800
0x00007fff555020f0:   00007fff55502140 0000000136e44758
0x00007fff55502100:   4001e1386bc0b1c1 0100000000004030
0x00007fff55502110:   00007fb3ac02a9f8 00007fff55502190
0x00007fff55502120:   00007fb3ac02a9f8 0000000000000000
0x00007fff55502130:   00007fff555021b0 00007fb3ac02a800
0x00007fff55502140:   00007fff55502170 0000000136d24b75
0x00007fff55502150:   000000013b2536d8 000000013b2536d8
0x00007fff55502160:   00007fff555021b0 00007fb3ac02a800
0x00007fff55502170:   00007fff555021c0 000000011bc90399
0x00007fff55502180:   00007fb39db01c70 00000006cad72b70
0x00007fff55502190:   00007fb3aa433d20 000000076e517ee0
0x00007fff555021a0:   00007fff555022b8 000000011947e5f1
0x00007fff555021b0:   00000006c6483b08 0000000136d2836c
0x00007fff555021c0:   00007fff55502240 00000001188c4dd0
0x00007fff555021d0:   00000001188c4dd0 4001e1386bc0b1c1
0x00007fff555021e0:   00007fff55502230 00000006cad72b70 

Instructions: (pc=0x0000000136e43c48)
0x0000000136e43c28:   34 62 03 00 e9 f7 02 00 00 f2 0f 10 43 18 e9 fa
0x0000000136e43c38:   02 00 00 48 8b 03 48 89 df 48 89 9d 78 ff ff ff
0x0000000136e43c48:   ff 50 60 48 89 85 48 ff ff ff 49 8b 7e 08 49 8b
0x0000000136e43c58:   76 38 48 8b 0f 4c 8b 81 98 00 00 00 48 39 f0 0f 

Register to memory mapping:

RAX=0xf00007fb39dca205 is an unknown value
RBX=0x00007fb39dcda9a0 is an unknown value
RCX=0x0000000000000001 is an unknown value
RDX=0x00000000f2697ec0 is an unknown value
RSP=0x00007fff55501ff0 is pointing into the stack for thread: 0x00007fb3ac02a800
RBP=0x00007fff555020b0 is pointing into the stack for thread: 0x00007fb3ac02a800
RSI=0x00007fb39dcda9a0 is an unknown value
RDI=0x00007fb39dcda9a0 is an unknown value
R8 =0x0000000137004ac0: sqlite3_data_directory+0x11f0 in /Volumes/LocalDataHD/m/ma/ma777/Desktop/omnetpp-5.2.1-hpc/omnetpp-5.2.1/ide/omnetpp.app/Contents/Eclipse/plugins/org.omnetpp.ide.nativelibs.macosx_5.2.1.171211-da8f6bc/libopplibs.jnilib at 0x0000000136cc4000
R9 =0x00007fb39d935410 is an unknown value
R10=0x0000000000000001 is an unknown value
R11=0x0000000000000246 is an unknown value
R12=0x00007fb39db01c01 is an unknown value
R13=0x00007fb39dcda9a0 is an unknown value
R14=0x00007fb39a7af0f0 is an unknown value
R15=0x00007fb39a7af0f0 is an unknown value


Stack: [0x00007fff54d05000,0x00007fff55505000],  sp=0x00007fff55501ff0,  free space=8179k
Native frames: (J=compiled Java code, j=interpreted, Vv=VM code, C=native code)
C  [libopplibs.jnilib+0x17fc48]  omnetpp::eventlog::SequenceChartFacade::getTimelineCoordinate(omnetpp::eventlog::IEvent*, double, double)+0x98
C  [libopplibs.jnilib+0x1801d1]  omnetpp::eventlog::SequenceChartFacade::getEventForNonLinearTimelineCoordinate(double, bool&)+0x141
C  [libopplibs.jnilib+0x180758]  omnetpp::eventlog::SequenceChartFacade::getFirstEventNotBeforeTimelineCoordinate(double)+0x88
C  [libopplibs.jnilib+0x60b75]  Java_org_omnetpp_eventlog_engine_EventLogEngineJNI_SequenceChartFacade_1getFirstEventNotBeforeTimelineCoordinate+0x15
J 19133  org.omnetpp.eventlog.engine.EventLogEngineJNI.SequenceChartFacade_getFirstEventNotBeforeTimelineCoordinate(JLorg/omnetpp/eventlog/engine/SequenceChartFacade;D)J (0 bytes) @ 0x000000011bc90399 [0x000000011bc902c0+0xd9]
j  org.omnetpp.eventlog.engine.SequenceChartFacade.getFirstEventNotBeforeTimelineCoordinate(D)Lorg/omnetpp/eventlog/engine/IEvent;+6
j  org.omnetpp.sequencechart.widgets.SequenceChart.getFirstLastEventPtrForViewportRange(JJ)[J+78
J 19660 C1 org.omnetpp.sequencechart.widgets.SequenceChart.configureHorizontalScrollBar(Lorg/eclipse/swt/widgets/ScrollBar;JJI)I (193 bytes) @ 0x000000011b9e0f04 [0x000000011b9e0b20+0x3e4]
J 19659 C1 org.omnetpp.common.canvas.LargeScrollableCanvas.configureScrollBars()V (49 bytes) @ 0x000000011aeff524 [0x000000011aeff1c0+0x364]
j  org.omnetpp.sequencechart.widgets.SequenceChart.eventLogChanged()V+62
j  org.omnetpp.sequencechart.widgets.SequenceChart.access$12(Lorg/omnetpp/sequencechart/widgets/SequenceChart;)V+1
j  org.omnetpp.sequencechart.widgets.SequenceChart$13.run()V+4
J 23995 C2 org.eclipse.swt.widgets.Synchronizer.runAsyncMessages(Z)Z (188 bytes) @ 0x000000011c207e3c [0x000000011c207b40+0x2fc]
J 33206 C2 org.eclipse.swt.widgets.Display.readAndDispatch()Z (249 bytes) @ 0x000000011e2c0710 [0x000000011e2bf560+0x11b0]
J 26280% C2 org.eclipse.e4.ui.internal.workbench.swt.PartRenderingEngine$5.run()V (703 bytes) @ 0x000000011b72ba40 [0x000000011b72b820+0x220]
j  org.eclipse.core.databinding.observable.Realm.runWithDefault(Lorg/eclipse/core/databinding/observable/Realm;Ljava/lang/Runnable;)V+12
j  org.eclipse.e4.ui.internal.workbench.swt.PartRenderingEngine.run(Lorg/eclipse/e4/ui/model/application/MApplicationElement;Lorg/eclipse/e4/core/contexts/IEclipseContext;)Ljava/lang/Object;+57
j  org.eclipse.e4.ui.internal.workbench.E4Workbench.createAndRunUI(Lorg/eclipse/e4/ui/model/application/MApplicationElement;)V+20
j  org.eclipse.ui.internal.Workbench.lambda$3(Lorg/eclipse/swt/widgets/Display;Lorg/eclipse/ui/application/WorkbenchAdvisor;[I)V+451
j  org.eclipse.ui.internal.Workbench$$Lambda$66.run()V+12
j  org.eclipse.core.databinding.observable.Realm.runWithDefault(Lorg/eclipse/core/databinding/observable/Realm;Ljava/lang/Runnable;)V+12
j  org.eclipse.ui.internal.Workbench.createAndRunWorkbench(Lorg/eclipse/swt/widgets/Display;Lorg/eclipse/ui/application/WorkbenchAdvisor;)I+16
j  org.eclipse.ui.PlatformUI.createAndRunWorkbench(Lorg/eclipse/swt/widgets/Display;Lorg/eclipse/ui/application/WorkbenchAdvisor;)I+2
j  org.eclipse.ui.internal.ide.application.IDEApplication.start(Lorg/eclipse/equinox/app/IApplicationContext;)Ljava/lang/Object;+113
j  org.eclipse.equinox.internal.app.EclipseAppHandle.run(Ljava/lang/Object;)Ljava/lang/Object;+135
j  org.eclipse.core.runtime.internal.adaptor.EclipseAppLauncher.runApplication(Ljava/lang/Object;)Ljava/lang/Object;+85
j  org.eclipse.core.runtime.internal.adaptor.EclipseAppLauncher.start(Ljava/lang/Object;)Ljava/lang/Object;+82
j  org.eclipse.core.runtime.adaptor.EclipseStarter.run(Ljava/lang/Object;)Ljava/lang/Object;+105
j  org.eclipse.core.runtime.adaptor.EclipseStarter.run([Ljava/lang/String;Ljava/lang/Runnable;)Ljava/lang/Object;+132
v  ~StubRoutines::call_stub
V  [libjvm.dylib+0x2ee70a]  JavaCalls::call_helper(JavaValue*, methodHandle*, JavaCallArguments*, Thread*)+0x6ae
V  [libjvm.dylib+0x4d3c0c]  Reflection::invoke(instanceKlassHandle, methodHandle, Handle, bool, objArrayHandle, BasicType, objArrayHandle, bool, Thread*)+0xe12
V  [libjvm.dylib+0x4d4140]  Reflection::invoke_method(oopDesc*, Handle, objArrayHandle, Thread*)+0x16c
V  [libjvm.dylib+0x346b0c]  JVM_InvokeMethod+0x166
j  sun.reflect.NativeMethodAccessorImpl.invoke0(Ljava/lang/reflect/Method;Ljava/lang/Object;[Ljava/lang/Object;)Ljava/lang/Object;+0
j  sun.reflect.NativeMethodAccessorImpl.invoke(Ljava/lang/Object;[Ljava/lang/Object;)Ljava/lang/Object;+100
j  sun.reflect.DelegatingMethodAccessorImpl.invoke(Ljava/lang/Object;[Ljava/lang/Object;)Ljava/lang/Object;+6
j  java.lang.reflect.Method.invoke(Ljava/lang/Object;[Ljava/lang/Object;)Ljava/lang/Object;+56
j  org.eclipse.equinox.launcher.Main.invokeFramework([Ljava/lang/String;[Ljava/net/URL;)V+205
j  org.eclipse.equinox.launcher.Main.basicRun([Ljava/lang/String;)V+160
j  org.eclipse.equinox.launcher.Main.run([Ljava/lang/String;)I+4
v  ~StubRoutines::call_stub
V  [libjvm.dylib+0x2ee70a]  JavaCalls::call_helper(JavaValue*, methodHandle*, JavaCallArguments*, Thread*)+0x6ae
V  [libjvm.dylib+0x3258b9]  jni_invoke_nonstatic(JNIEnv_*, JavaValue*, _jobject*, JNICallType, _jmethodID*, JNI_ArgumentPusher*, Thread*)+0x2ec
V  [libjvm.dylib+0x316efe]  jni_CallIntMethod+0x16b
C  [eclipse_1629.so+0x6dc3]  startJavaJNI+0x833
C  [eclipse_1629.so+0x310e]  _run+0x170e
C  [eclipse_1629.so+0x165a]  run+0x19a
C  [omnetpp+0x1959]  original_main+0x559
C  [omnetpp+0x22e5]  main+0x665
C  [libdyld.dylib+0x5235]  start+0x1
C  0x0000000000000003

Java frames: (J=compiled Java code, j=interpreted, Vv=VM code)
J 19133  org.omnetpp.eventlog.engine.EventLogEngineJNI.SequenceChartFacade_getFirstEventNotBeforeTimelineCoordinate(JLorg/omnetpp/eventlog/engine/SequenceChartFacade;D)J (0 bytes) @ 0x000000011bc90315 [0x000000011bc902c0+0x55]
j  org.omnetpp.eventlog.engine.SequenceChartFacade.getFirstEventNotBeforeTimelineCoordinate(D)Lorg/omnetpp/eventlog/engine/IEvent;+6
j  org.omnetpp.sequencechart.widgets.SequenceChart.getFirstLastEventPtrForViewportRange(JJ)[J+78
J 19660 C1 org.omnetpp.sequencechart.widgets.SequenceChart.configureHorizontalScrollBar(Lorg/eclipse/swt/widgets/ScrollBar;JJI)I (193 bytes) @ 0x000000011b9e0f04 [0x000000011b9e0b20+0x3e4]
J 19659 C1 org.omnetpp.common.canvas.LargeScrollableCanvas.configureScrollBars()V (49 bytes) @ 0x000000011aeff524 [0x000000011aeff1c0+0x364]
j  org.omnetpp.sequencechart.widgets.SequenceChart.eventLogChanged()V+62
j  org.omnetpp.sequencechart.widgets.SequenceChart.access$12(Lorg/omnetpp/sequencechart/widgets/SequenceChart;)V+1
j  org.omnetpp.sequencechart.widgets.SequenceChart$13.run()V+4
J 23995 C2 org.eclipse.swt.widgets.Synchronizer.runAsyncMessages(Z)Z (188 bytes) @ 0x000000011c207e3c [0x000000011c207b40+0x2fc]
J 33206 C2 org.eclipse.swt.widgets.Display.readAndDispatch()Z (249 bytes) @ 0x000000011e2c0710 [0x000000011e2bf560+0x11b0]
J 26280% C2 org.eclipse.e4.ui.internal.workbench.swt.PartRenderingEngine$5.run()V (703 bytes) @ 0x000000011b72ba40 [0x000000011b72b820+0x220]
j  org.eclipse.core.databinding.observable.Realm.runWithDefault(Lorg/eclipse/core/databinding/observable/Realm;Ljava/lang/Runnable;)V+12
j  org.eclipse.e4.ui.internal.workbench.swt.PartRenderingEngine.run(Lorg/eclipse/e4/ui/model/application/MApplicationElement;Lorg/eclipse/e4/core/contexts/IEclipseContext;)Ljava/lang/Object;+57
j  org.eclipse.e4.ui.internal.workbench.E4Workbench.createAndRunUI(Lorg/eclipse/e4/ui/model/application/MApplicationElement;)V+20
j  org.eclipse.ui.internal.Workbench.lambda$3(Lorg/eclipse/swt/widgets/Display;Lorg/eclipse/ui/application/WorkbenchAdvisor;[I)V+451
j  org.eclipse.ui.internal.Workbench$$Lambda$66.run()V+12
j  org.eclipse.core.databinding.observable.Realm.runWithDefault(Lorg/eclipse/core/databinding/observable/Realm;Ljava/lang/Runnable;)V+12
j  org.eclipse.ui.internal.Workbench.createAndRunWorkbench(Lorg/eclipse/swt/widgets/Display;Lorg/eclipse/ui/application/WorkbenchAdvisor;)I+16
j  org.eclipse.ui.PlatformUI.createAndRunWorkbench(Lorg/eclipse/swt/widgets/Display;Lorg/eclipse/ui/application/WorkbenchAdvisor;)I+2
j  org.eclipse.ui.internal.ide.application.IDEApplication.start(Lorg/eclipse/equinox/app/IApplicationContext;)Ljava/lang/Object;+113
j  org.eclipse.equinox.internal.app.EclipseAppHandle.run(Ljava/lang/Object;)Ljava/lang/Object;+135
j  org.eclipse.core.runtime.internal.adaptor.EclipseAppLauncher.runApplication(Ljava/lang/Object;)Ljava/lang/Object;+85
j  org.eclipse.core.runtime.internal.adaptor.EclipseAppLauncher.start(Ljava/lang/Object;)Ljava/lang/Object;+82
j  org.eclipse.core.runtime.adaptor.EclipseStarter.run(Ljava/lang/Object;)Ljava/lang/Object;+105
j  org.eclipse.core.runtime.adaptor.EclipseStarter.run([Ljava/lang/String;Ljava/lang/Runnable;)Ljava/lang/Object;+132
v  ~StubRoutines::call_stub
j  sun.reflect.NativeMethodAccessorImpl.invoke0(Ljava/lang/reflect/Method;Ljava/lang/Object;[Ljava/lang/Object;)Ljava/lang/Object;+0
j  sun.reflect.NativeMethodAccessorImpl.invoke(Ljava/lang/Object;[Ljava/lang/Object;)Ljava/lang/Object;+100
j  sun.reflect.DelegatingMethodAccessorImpl.invoke(Ljava/lang/Object;[Ljava/lang/Object;)Ljava/lang/Object;+6
j  java.lang.reflect.Method.invoke(Ljava/lang/Object;[Ljava/lang/Object;)Ljava/lang/Object;+56
j  org.eclipse.equinox.launcher.Main.invokeFramework([Ljava/lang/String;[Ljava/net/URL;)V+205
j  org.eclipse.equinox.launcher.Main.basicRun([Ljava/lang/String;)V+160
j  org.eclipse.equinox.launcher.Main.run([Ljava/lang/String;)I+4
v  ~StubRoutines::call_stub

---------------  P R O C E S S  ---------------

Java Threads: ( => current thread )
  0x00007fb3b3fad800 JavaThread "Worker-142" [_thread_blocked, id=84031, stack(0x0000700010cac000,0x0000700010dac000)]
  0x00007fb3b0309800 JavaThread "Process monitor" daemon [_thread_blocked, id=96807, stack(0x0000700010ba9000,0x0000700010ca9000)]
  0x00007fb3b4f7a000 JavaThread "Input Stream Monitor" daemon [_thread_blocked, id=89491, stack(0x00007000107ca000,0x00007000108ca000)]
  0x00007fb39ba55000 JavaThread "Output Stream Monitor" daemon [_thread_in_native, id=91251, stack(0x00007000106c7000,0x00007000107c7000)]
  0x00007fb3aaaf6800 JavaThread "Output Stream Monitor" daemon [_thread_in_native, id=94495, stack(0x00007000105c4000,0x00007000106c4000)]
  0x00007fb3afc0b000 JavaThread "process reaper" daemon [_thread_in_native, id=98351, stack(0x000070001033b000,0x0000700010363000)]
  0x00007fb3af03c000 JavaThread "Worker-141" [_thread_blocked, id=82575, stack(0x000070000fb23000,0x000070000fc23000)]
  0x00007fb3b4b35800 JavaThread "Worker-140" [_thread_blocked, id=87155, stack(0x000070000f99d000,0x000070000fa9d000)]
  0x00007fb3abdd9000 JavaThread "Worker-139" [_thread_blocked, id=97343, stack(0x000070000f89a000,0x000070000f99a000)]
  0x00007fb3afda9000 JavaThread "Worker-138" [_thread_blocked, id=93231, stack(0x000070000f205000,0x000070000f305000)]
  0x00007fb3af572000 JavaThread "org.eclipse.cdt.internal.ui.text.CReconciler" daemon [_thread_blocked, id=72923, stack(0x0000700010238000,0x0000700010338000)]
  0x00007fb3affe8000 JavaThread "Worker-135" [_thread_blocked, id=94351, stack(0x0000700010032000,0x0000700010132000)]
  0x00007fb3b42b0800 JavaThread "Worker-134" [_thread_blocked, id=91775, stack(0x000070000fc26000,0x000070000fd26000)]
  0x00007fb3b086f000 JavaThread "org.eclipse.cdt.internal.ui.text.CReconciler" daemon [_thread_blocked, id=90315, stack(0x00007000104c1000,0x00007000105c1000)]
  0x00007fb3b49f9800 JavaThread "org.eclipse.cdt.internal.ui.text.CReconciler" daemon [_thread_blocked, id=80599, stack(0x00007000103be000,0x00007000104be000)]
  0x00007fb3af174000 JavaThread "org.eclipse.cdt.internal.ui.text.CReconciler" daemon [_thread_blocked, id=92163, stack(0x0000700010135000,0x0000700010235000)]
  0x00007fb3b4925000 JavaThread "org.eclipse.cdt.internal.ui.text.CReconciler" daemon [_thread_blocked, id=87627, stack(0x000070000ff2f000,0x000070001002f000)]
  0x00007fb3b35b0000 JavaThread "org.eclipse.cdt.internal.ui.text.CReconciler" daemon [_thread_blocked, id=85475, stack(0x000070000fe2c000,0x000070000ff2c000)]
  0x00007fb3ac706000 JavaThread "org.eclipse.cdt.internal.ui.text.CReconciler" daemon [_thread_blocked, id=82879, stack(0x000070000fd29000,0x000070000fe29000)]
  0x00007fb3ab6cc000 JavaThread "Java2D Disposer" daemon [_thread_blocked, id=84503, stack(0x0000700010aa6000,0x0000700010ba6000)]
  0x00007fb3b34b0800 JavaThread "Java2D Queue Flusher" daemon [_thread_blocked, id=83283, stack(0x00007000109a3000,0x0000700010aa3000)]
  0x00007fb3ac4f3000 JavaThread "EventAdmin Async Event Dispatcher Thread" daemon [_thread_blocked, id=66315, stack(0x000070000f797000,0x000070000f897000)]
  0x00007fb3ab43e800 JavaThread "org.eclipse.cdt.internal.ui.text.CReconciler" daemon [_thread_blocked, id=64267, stack(0x000070000f694000,0x000070000f794000)]
  0x00007fb3b0227000 JavaThread "org.eclipse.jface.text.reconciler.MonoReconciler" daemon [_thread_blocked, id=61707, stack(0x000070000f591000,0x000070000f691000)]
  0x00007fb3afc19000 JavaThread "Bundle File Closer" daemon [_thread_blocked, id=65027, stack(0x000070000f48e000,0x000070000f58e000)]
  0x00007fb3abc72800 JavaThread "EMF Reference Cleaner" daemon [_thread_blocked, id=62987, stack(0x000070000f38b000,0x000070000f48b000)]
  0x00007fb3ac3bb800 JavaThread "Worker-JM" [_thread_blocked, id=51211, stack(0x000070000effc000,0x000070000f0fc000)]
  0x00007fb3abb66000 JavaThread "SCR Component Actor" daemon [_thread_blocked, id=50435, stack(0x000070000eef9000,0x000070000eff9000)]
  0x00007fb3aba75800 JavaThread "Framework Event Dispatcher: org.eclipse.osgi.internal.framework.EquinoxEventPublisher@5be067de" daemon [_thread_blocked, id=45827, stack(0x000070000edf6000,0x000070000eef6000)]
  0x00007fb3abaaa800 JavaThread "Start Level: Equinox Container: 1c7349ec-f424-41a6-8bfa-e4b61e759ebf" daemon [_thread_blocked, id=45319, stack(0x000070000ecf3000,0x000070000edf3000)]
  0x00007fb3ac2b5800 JavaThread "Active Thread: Equinox Container: 1c7349ec-f424-41a6-8bfa-e4b61e759ebf" [_thread_blocked, id=45063, stack(0x000070000ebf0000,0x000070000ecf0000)]
  0x00007fb3ac029800 JavaThread "Service Thread" daemon [_thread_blocked, id=27907, stack(0x000070000e9ea000,0x000070000eaea000)]
  0x00007fb3ac0a0800 JavaThread "C1 CompilerThread2" daemon [_thread_blocked, id=27395, stack(0x000070000e8e7000,0x000070000e9e7000)]
  0x00007fb3ac0a0000 JavaThread "C2 CompilerThread1" daemon [_thread_blocked, id=26883, stack(0x000070000e7e4000,0x000070000e8e4000)]
  0x00007fb3ac095800 JavaThread "C2 CompilerThread0" daemon [_thread_blocked, id=26371, stack(0x000070000e6e1000,0x000070000e7e1000)]
  0x00007fb3ac095000 JavaThread "Signal Dispatcher" daemon [_thread_blocked, id=25859, stack(0x000070000e5de000,0x000070000e6de000)]
  0x00007fb3ac081000 JavaThread "Finalizer" daemon [_thread_blocked, id=24579, stack(0x000070000e4db000,0x000070000e5db000)]
  0x00007fb3ac07e800 JavaThread "Reference Handler" daemon [_thread_blocked, id=24067, stack(0x000070000e3d8000,0x000070000e4d8000)]
=>0x00007fb3ac02a800 JavaThread "main" [_thread_in_native, id=775, stack(0x00007fff54d05000,0x00007fff55505000)]

Other Threads:
  0x00007fb3ac07a000 VMThread [stack: 0x000070000e2d5000,0x000070000e3d5000] [id=23555]
  0x00007fb3ac052000 WatcherThread [stack: 0x000070000eaed000,0x000070000ebed000] [id=28419]

VM state:not at safepoint (normal execution)

VM Mutex/Monitor currently owned by a thread: None

Heap:
 PSYoungGen      total 150528K, used 70441K [0x000000076ab00000, 0x0000000775100000, 0x00000007c0000000)
  eden space 136704K, 43% used [0x000000076ab00000,0x000000076e527518,0x0000000773080000)
  from space 13824K, 78% used [0x0000000773080000,0x0000000773b23070,0x0000000773e00000)
  to   space 14336K, 0% used [0x0000000774300000,0x0000000774300000,0x0000000775100000)
 ParOldGen       total 657920K, used 178159K [0x00000006c0000000, 0x00000006e8280000, 0x000000076ab00000)
  object space 657920K, 27% used [0x00000006c0000000,0x00000006cadfbdf0,0x00000006e8280000)
 Metaspace       used 112520K, capacity 121264K, committed 121560K, reserved 1155072K
  class space    used 12956K, capacity 15312K, committed 15360K, reserved 1048576K

Card table byte_map: [0x000000010e601000,0x000000010ee02000] byte_map_base: 0x000000010b001000

Marking Bits: (ParMarkBitMap*) 0x000000010db8d5d0
 Begin Bits: [0x000000010f358000, 0x0000000113358000)
 End Bits:   [0x0000000113358000, 0x0000000117358000)

Polling page: 0x000000010cd19000

CodeCache: size=245760Kb used=103551Kb max_used=103635Kb free=142208Kb
 bounds [0x00000001188bd000, 0x000000011eedd000, 0x00000001278bd000]
 total_blobs=25729 nmethods=24797 adapters=837
 compilation: enabled

Compilation events (10 events):
Event: 148179.997 Thread 0x00007fb3ac0a0800 nmethod 37169 0x000000011a0ca650 code [0x000000011a0ca8e0, 0x000000011a0cb9a8]
Event: 148180.001 Thread 0x00007fb3ac0a0000 nmethod 37167 0x000000011c7d5cd0 code [0x000000011c7d5ec0, 0x000000011c7d65d8]
Event: 148184.266 Thread 0x00007fb3ac0a0800 37170       3       org.omnetpp.eventlog.engine.ModuleCreatedEntry::getCompoundModule (9 bytes)
Event: 148184.266 Thread 0x00007fb3ac0a0800 nmethod 37170 0x000000011bc5a110 code [0x000000011bc5a280, 0x000000011bc5a408]
Event: 148184.269 Thread 0x00007fb3ac0a0800 37174       3       org.omnetpp.eventlog.engine.ModuleCreatedEntry::getFullName (9 bytes)
Event: 148184.270 Thread 0x00007fb3ac0a0800 nmethod 37174 0x000000011bc59d90 code [0x000000011bc59f00, 0x000000011bc5a088]
Event: 148184.274 Thread 0x00007fb3ac0a0800 37172       3       org.omnetpp.common.eventlog.ModuleTreeItem::setModuleId (6 bytes)
Event: 148184.274 Thread 0x00007fb3ac0a0800 nmethod 37172 0x000000011ee6f4d0 code [0x000000011ee6f620, 0x000000011ee6f770]
Event: 148184.277 Thread 0x00007fb3ac0a0800 37173       3       org.omnetpp.common.eventlog.ModuleTreeItem::setModuleName (20 bytes)
Event: 148184.278 Thread 0x00007fb3ac0a0800 nmethod 37173 0x000000011ac55910 code [0x000000011ac55a80, 0x000000011ac55ce8]

GC Heap History (10 events):
Event: 148165.422 GC heap before
{Heap before GC invocations=5142 (full 5):
 PSYoungGen      total 144384K, used 140076K [0x000000076ab00000, 0x0000000774480000, 0x00000007c0000000)
  eden space 132608K, 100% used [0x000000076ab00000,0x0000000772c80000,0x0000000772c80000)
  from space 11776K, 63% used [0x0000000773900000,0x000000077404b178,0x0000000774480000)
  to   space 12288K, 0% used [0x0000000772c80000,0x0000000772c80000,0x0000000773880000)
 ParOldGen       total 657920K, used 177833K [0x00000006c0000000, 0x00000006e8280000, 0x000000076ab00000)
  object space 657920K, 27% used [0x00000006c0000000,0x00000006cadaa7d0,0x00000006e8280000)
 Metaspace       used 112494K, capacity 121200K, committed 121560K, reserved 1155072K
  class space    used 12955K, capacity 15312K, committed 15360K, reserved 1048576K
Event: 148165.427 GC heap after
Heap after GC invocations=5142 (full 5):
 PSYoungGen      total 144896K, used 3362K [0x000000076ab00000, 0x0000000774600000, 0x00000007c0000000)
  eden space 132608K, 0% used [0x000000076ab00000,0x000000076ab00000,0x0000000772c80000)
  from space 12288K, 27% used [0x0000000772c80000,0x0000000772fc8a38,0x0000000773880000)
  to   space 12800K, 0% used [0x0000000773980000,0x0000000773980000,0x0000000774600000)
 ParOldGen       total 657920K, used 178051K [0x00000006c0000000, 0x00000006e8280000, 0x000000076ab00000)
  object space 657920K, 27% used [0x00000006c0000000,0x00000006cade0de0,0x00000006e8280000)
 Metaspace       used 112494K, capacity 121200K, committed 121560K, reserved 1155072K
  class space    used 12955K, capacity 15312K, committed 15360K, reserved 1048576K
}
Event: 148166.484 GC heap before
{Heap before GC invocations=5143 (full 5):
 PSYoungGen      total 144896K, used 135970K [0x000000076ab00000, 0x0000000774600000, 0x00000007c0000000)
  eden space 132608K, 100% used [0x000000076ab00000,0x0000000772c80000,0x0000000772c80000)
  from space 12288K, 27% used [0x0000000772c80000,0x0000000772fc8a38,0x0000000773880000)
  to   space 12800K, 0% used [0x0000000773980000,0x0000000773980000,0x0000000774600000)
 ParOldGen       total 657920K, used 178051K [0x00000006c0000000, 0x00000006e8280000, 0x000000076ab00000)
  object space 657920K, 27% used [0x00000006c0000000,0x00000006cade0de0,0x00000006e8280000)
 Metaspace       used 112494K, capacity 121200K, committed 121560K, reserved 1155072K
  class space    used 12955K, capacity 15312K, committed 15360K, reserved 1048576K
Event: 148166.492 GC heap after
Heap after GC invocations=5143 (full 5):
 PSYoungGen      total 145920K, used 9644K [0x000000076ab00000, 0x0000000774880000, 0x00000007c0000000)
  eden space 133120K, 0% used [0x000000076ab00000,0x000000076ab00000,0x0000000772d00000)
  from space 12800K, 75% used [0x0000000773980000,0x00000007742eb190,0x0000000774600000)
  to   space 12800K, 0% used [0x0000000772d00000,0x0000000772d00000,0x0000000773980000)
 ParOldGen       total 657920K, used 178075K [0x00000006c0000000, 0x00000006e8280000, 0x000000076ab00000)
  object space 657920K, 27% used [0x00000006c0000000,0x00000006cade6de0,0x00000006e8280000)
 Metaspace       used 112494K, capacity 121200K, committed 121560K, reserved 1155072K
  class space    used 12955K, capacity 15312K, committed 15360K, reserved 1048576K
}
Event: 148168.479 GC heap before
{Heap before GC invocations=5144 (full 5):
 PSYoungGen      total 145920K, used 142764K [0x000000076ab00000, 0x0000000774880000, 0x00000007c0000000)
  eden space 133120K, 100% used [0x000000076ab00000,0x0000000772d00000,0x0000000772d00000)
  from space 12800K, 75% used [0x0000000773980000,0x00000007742eb190,0x0000000774600000)
  to   space 12800K, 0% used [0x0000000772d00000,0x0000000772d00000,0x0000000773980000)
 ParOldGen       total 657920K, used 178075K [0x00000006c0000000, 0x00000006e8280000, 0x000000076ab00000)
  object space 657920K, 27% used [0x00000006c0000000,0x00000006cade6de0,0x00000006e8280000)
 Metaspace       used 112497K, capacity 121200K, committed 121560K, reserved 1155072K
  class space    used 12955K, capacity 15312K, committed 15360K, reserved 1048576K
Event: 148168.489 GC heap after
Heap after GC invocations=5144 (full 5):
 PSYoungGen      total 145920K, used 9722K [0x000000076ab00000, 0x0000000774b00000, 0x00000007c0000000)
  eden space 133120K, 0% used [0x000000076ab00000,0x000000076ab00000,0x0000000772d00000)
  from space 12800K, 75% used [0x0000000772d00000,0x000000077367e858,0x0000000773980000)
  to   space 13312K, 0% used [0x0000000773e00000,0x0000000773e00000,0x0000000774b00000)
 ParOldGen       total 657920K, used 178095K [0x00000006c0000000, 0x00000006e8280000, 0x000000076ab00000)
  object space 657920K, 27% used [0x00000006c0000000,0x00000006cadebdf0,0x00000006e8280000)
 Metaspace       used 112497K, capacity 121200K, committed 121560K, reserved 1155072K
  class space    used 12955K, capacity 15312K, committed 15360K, reserved 1048576K
}
Event: 148177.345 GC heap before
{Heap before GC invocations=5145 (full 5):
 PSYoungGen      total 145920K, used 142842K [0x000000076ab00000, 0x0000000774b00000, 0x00000007c0000000)
  eden space 133120K, 100% used [0x000000076ab00000,0x0000000772d00000,0x0000000772d00000)
  from space 12800K, 75% used [0x0000000772d00000,0x000000077367e858,0x0000000773980000)
  to   space 13312K, 0% used [0x0000000773e00000,0x0000000773e00000,0x0000000774b00000)
 ParOldGen       total 657920K, used 178095K [0x00000006c0000000, 0x00000006e8280000, 0x000000076ab00000)
  object space 657920K, 27% used [0x00000006c0000000,0x00000006cadebdf0,0x00000006e8280000)
 Metaspace       used 112508K, capacity 121200K, committed 121560K, reserved 1155072K
  class space    used 12955K, capacity 15312K, committed 15360K, reserved 1048576K
Event: 148177.355 GC heap after
Heap after GC invocations=5145 (full 5):
 PSYoungGen      total 150016K, used 10939K [0x000000076ab00000, 0x0000000774b80000, 0x00000007c0000000)
  eden space 136704K, 0% used [0x000000076ab00000,0x000000076ab00000,0x0000000773080000)
  from space 13312K, 82% used [0x0000000773e00000,0x00000007748aec58,0x0000000774b00000)
  to   space 13824K, 0% used [0x0000000773080000,0x0000000773080000,0x0000000773e00000)
 ParOldGen       total 657920K, used 178127K [0x00000006c0000000, 0x00000006e8280000, 0x000000076ab00000)
  object space 657920K, 27% used [0x00000006c0000000,0x00000006cadf3df0,0x00000006e8280000)
 Metaspace       used 112508K, capacity 121200K, committed 121560K, reserved 1155072K
  class space    used 12955K, capacity 15312K, committed 15360K, reserved 1048576K
}
Event: 148179.054 GC heap before
{Heap before GC invocations=5146 (full 5):
 PSYoungGen      total 150016K, used 147510K [0x000000076ab00000, 0x0000000774b80000, 0x00000007c0000000)
  eden space 136704K, 99% used [0x000000076ab00000,0x000000077305ed90,0x0000000773080000)
  from space 13312K, 82% used [0x0000000773e00000,0x00000007748aec58,0x0000000774b00000)
  to   space 13824K, 0% used [0x0000000773080000,0x0000000773080000,0x0000000773e00000)
 ParOldGen       total 657920K, used 178127K [0x00000006c0000000, 0x00000006e8280000, 0x000000076ab00000)
  object space 657920K, 27% used [0x00000006c0000000,0x00000006cadf3df0,0x00000006e8280000)
 Metaspace       used 112508K, capacity 121200K, committed 121560K, reserved 1155072K
  class space    used 12955K, capacity 15312K, committed 15360K, reserved 1048576K
Event: 148179.063 GC heap after
Heap after GC invocations=5146 (full 5):
 PSYoungGen      total 150528K, used 10892K [0x000000076ab00000, 0x0000000775100000, 0x00000007c0000000)
  eden space 136704K, 0% used [0x000000076ab00000,0x000000076ab00000,0x0000000773080000)
  from space 13824K, 78% used [0x0000000773080000,0x0000000773b23070,0x0000000773e00000)
  to   space 14336K, 0% used [0x0000000774300000,0x0000000774300000,0x0000000775100000)
 ParOldGen       total 657920K, used 178159K [0x00000006c0000000, 0x00000006e8280000, 0x000000076ab00000)
  object space 657920K, 27% used [0x00000006c0000000,0x00000006cadfbdf0,0x00000006e8280000)
 Metaspace       used 112508K, capacity 121200K, committed 121560K, reserved 1155072K
  class space    used 12955K, capacity 15312K, committed 15360K, reserved 1048576K
}

Deoptimization events (10 events):
Event: 148165.166 Thread 0x00007fb3b42b0800 Uncommon trap: reason=bimorphic action=maybe_recompile pc=0x000000011a1f4664 method=org.eclipse.cdt.internal.core.pdom.dom.cpp.PDOMCPPMethod.getAdditionalNameFlags(ILorg/eclipse/cdt/core/dom/ast/IASTName;)I @ 203
Event: 148165.166 Thread 0x00007fb3b42b0800 Uncommon trap: reason=class_check action=maybe_recompile pc=0x000000011a1f474c method=org.eclipse.cdt.internal.core.pdom.dom.cpp.PDOMCPPMethod.getAdditionalNameFlags(ILorg/eclipse/cdt/core/dom/ast/IASTName;)I @ 167
Event: 148165.170 Thread 0x00007fb3b42b0800 Uncommon trap: reason=class_check action=maybe_recompile pc=0x000000011e094430 method=org.eclipse.cdt.internal.core.pdom.dom.PDOMFile.createPDOMMacroReferenceName(Lorg/eclipse/cdt/internal/core/pdom/dom/PDOMLinkage;Lorg/eclipse/cdt/core/dom/ast/IASTName;L
Event: 148165.170 Thread 0x00007fb3b42b0800 Uncommon trap: reason=class_check action=maybe_recompile pc=0x000000011e094430 method=org.eclipse.cdt.internal.core.pdom.dom.PDOMFile.createPDOMMacroReferenceName(Lorg/eclipse/cdt/internal/core/pdom/dom/PDOMLinkage;Lorg/eclipse/cdt/core/dom/ast/IASTName;L
Event: 148165.170 Thread 0x00007fb3b42b0800 Uncommon trap: reason=class_check action=maybe_recompile pc=0x000000011e094430 method=org.eclipse.cdt.internal.core.pdom.dom.PDOMFile.createPDOMMacroReferenceName(Lorg/eclipse/cdt/internal/core/pdom/dom/PDOMLinkage;Lorg/eclipse/cdt/core/dom/ast/IASTName;L
Event: 148165.171 Thread 0x00007fb3b42b0800 Uncommon trap: reason=unstable_if action=reinterpret pc=0x000000011ea01dc8 method=org.eclipse.cdt.internal.core.pdom.dom.PDOMInclude.getNextInIncludedBy()Lorg/eclipse/cdt/internal/core/pdom/dom/PDOMInclude; @ 22
Event: 148165.171 Thread 0x00007fb3b42b0800 Uncommon trap: reason=unstable_if action=reinterpret pc=0x00000001194602c4 method=org.eclipse.cdt.internal.core.pdom.dom.PDOMInclude.getNextInIncludedBy()Lorg/eclipse/cdt/internal/core/pdom/dom/PDOMInclude; @ 22
Event: 148181.257 Thread 0x00007fb3ac02a800 Uncommon trap: reason=unstable_if action=reinterpret pc=0x000000011c8d771c method=org.omnetpp.common.eventlog.EventLogInput.synchronize(I)V @ 16
Event: 148181.276 Thread 0x00007fb3ac02a800 Uncommon trap: reason=unstable_if action=reinterpret pc=0x000000011baab0b4 method=org.omnetpp.sequencechart.widgets.SequenceChart.getFirstLastEventPtrForViewportRange(JJ)[J @ 14
Event: 148184.257 Thread 0x00007fb3ac02a800 Uncommon trap: reason=unstable_if action=reinterpret pc=0x0000000119491a84 method=org.omnetpp.common.eventlog.EventLogInput.synchronize(I)V @ 16

Internal exceptions (10 events):
Event: 148179.090 Thread 0x00007fb3afda9000 Exception <a 'sun/nio/fs/UnixException'> (0x000000076ac63280) thrown at [/Users/java_re/workspace/8-2-build-macosx-x86_64/jdk8u144/9417/hotspot/src/share/vm/prims/jni.cpp, line 709]
Event: 148179.123 Thread 0x00007fb3afda9000 Exception <a 'sun/nio/fs/UnixException'> (0x000000076c1e63c0) thrown at [/Users/java_re/workspace/8-2-build-macosx-x86_64/jdk8u144/9417/hotspot/src/share/vm/prims/jni.cpp, line 709]
Event: 148179.123 Thread 0x00007fb3afda9000 Exception <a 'sun/nio/fs/UnixException'> (0x000000076c2020a0) thrown at [/Users/java_re/workspace/8-2-build-macosx-x86_64/jdk8u144/9417/hotspot/src/share/vm/prims/jni.cpp, line 709]
Event: 148179.125 Thread 0x00007fb3afda9000 Exception <a 'sun/nio/fs/UnixException'> (0x000000076c2855f8) thrown at [/Users/java_re/workspace/8-2-build-macosx-x86_64/jdk8u144/9417/hotspot/src/share/vm/prims/jni.cpp, line 709]
Event: 148179.125 Thread 0x00007fb3afda9000 Exception <a 'sun/nio/fs/UnixException'> (0x000000076c2a1168) thrown at [/Users/java_re/workspace/8-2-build-macosx-x86_64/jdk8u144/9417/hotspot/src/share/vm/prims/jni.cpp, line 709]
Event: 148179.218 Thread 0x00007fb3b0f8f000 Exception <a 'java/lang/UnsatisfiedLinkError': org.eclipse.cdt.utils.spawner.SpawnerInputStream.available0(I)I> (0x000000076c2d1090) thrown at [/Users/java_re/workspace/8-2-build-macosx-x86_64/jdk8u144/9417/hotspot/src/share/vm/prims/nativeLookup.cpp, lin
Event: 148179.337 Thread 0x00007fb3afc0b000 Exception <a 'java/lang/UnsatisfiedLinkError': org.eclipse.cdt.utils.spawner.SpawnerInputStream.available0(I)I> (0x000000076c745e90) thrown at [/Users/java_re/workspace/8-2-build-macosx-x86_64/jdk8u144/9417/hotspot/src/share/vm/prims/nativeLookup.cpp, lin
Event: 148179.337 Thread 0x00007fb3afc0b000 Exception <a 'java/lang/UnsatisfiedLinkError': org.eclipse.cdt.utils.spawner.SpawnerInputStream.available0(I)I> (0x000000076c74a0a0) thrown at [/Users/java_re/workspace/8-2-build-macosx-x86_64/jdk8u144/9417/hotspot/src/share/vm/prims/nativeLookup.cpp, lin
Event: 148179.341 Thread 0x00007fb39ba55000 Exception <a 'java/lang/UnsatisfiedLinkError': org.eclipse.cdt.utils.spawner.SpawnerInputStream.available0(I)I> (0x000000076c89b5e8) thrown at [/Users/java_re/workspace/8-2-build-macosx-x86_64/jdk8u144/9417/hotspot/src/share/vm/prims/nativeLookup.cpp, lin
Event: 148179.590 Thread 0x00007fb3af03c000 Exception <a 'sun/nio/fs/UnixException'> (0x000000076dd1d308) thrown at [/Users/java_re/workspace/8-2-build-macosx-x86_64/jdk8u144/9417/hotspot/src/share/vm/prims/jni.cpp, line 709]

Events (10 events):
Event: 148181.257 Thread 0x00007fb3ac02a800 DEOPT UNPACKING pc=0x00000001188c2229 sp=0x00007fff55502520 mode 2
Event: 148181.276 Thread 0x00007fb3ac02a800 Uncommon trap: trap_request=0xffffff65 fr.pc=0x000000011baab0b4
Event: 148181.276 Thread 0x00007fb3ac02a800 DEOPT PACKING pc=0x000000011baab0b4 sp=0x00007fff55502050
Event: 148181.276 Thread 0x00007fb3ac02a800 DEOPT UNPACKING pc=0x00000001188c2229 sp=0x00007fff55502000 mode 2
Event: 148184.257 Thread 0x00007fb3ac02a800 Uncommon trap: trap_request=0xffffff65 fr.pc=0x0000000119491a84
Event: 148184.257 Thread 0x00007fb3ac02a800 DEOPT PACKING pc=0x0000000119491a84 sp=0x00007fff55502550
Event: 148184.257 Thread 0x00007fb3ac02a800 DEOPT UNPACKING pc=0x00000001188c2229 sp=0x00007fff55502518 mode 2
Event: 148184.268 Thread 0x00007fb3ac0a0800 flushing nmethod 0x000000011a5912d0
Event: 148184.272 Thread 0x00007fb3ac0a0800 flushing nmethod 0x000000011ac55910
Event: 148184.281 Thread 0x00007fb3ac0a0800 flushing nmethod 0x000000011b89a610


Dynamic libraries:
0x0000000003e24000 	/System/Library/Frameworks/Cocoa.framework/Versions/A/Cocoa
0x0000000003e24000 	/usr/lib/libSystem.B.dylib
0x0000000003e24000 	/System/Library/Frameworks/AppKit.framework/Versions/C/AppKit
0x0000000003e24000 	/System/Library/Frameworks/ApplicationServices.framework/Versions/A/ApplicationServices
0x0000000003e24000 	/System/Library/Frameworks/CoreFoundation.framework/Versions/A/CoreFoundation
0x0000000003e24000 	/System/Library/Frameworks/CoreServices.framework/Versions/A/CoreServices
0x0000000003e24000 	/System/Library/Frameworks/Foundation.framework/Versions/C/Foundation
0x0000000003e24000 	/usr/lib/libobjc.A.dylib
0x0000000003e24000 	/System/Library/Frameworks/CoreData.framework/Versions/A/CoreData
0x0000000003e24000 	/System/Library/PrivateFrameworks/RemoteViewServices.framework/Versions/A/RemoteViewServices
0x0000000003e24000 	/System/Library/PrivateFrameworks/UIFoundation.framework/Versions/A/UIFoundation
0x0000000003e24000 	/System/Library/PrivateFrameworks/DFRFoundation.framework/Versions/A/DFRFoundation
0x0000000003e24000 	/usr/lib/libenergytrace.dylib
0x0000000003e24000 	/System/Library/PrivateFrameworks/SkyLight.framework/Versions/A/SkyLight
0x0000000003e24000 	/System/Library/Frameworks/CoreGraphics.framework/Versions/A/CoreGraphics
0x0000000003e24000 	/usr/lib/libScreenReader.dylib
0x0000000003e24000 	/System/Library/Frameworks/Accelerate.framework/Versions/A/Accelerate
0x0000000003e24000 	/System/Library/Frameworks/IOSurface.framework/Versions/A/IOSurface
0x0000000003e24000 	/System/Library/Frameworks/AudioToolbox.framework/Versions/A/AudioToolbox
0x0000000003e24000 	/System/Library/Frameworks/AudioUnit.framework/Versions/A/AudioUnit
0x0000000003e24000 	/System/Library/PrivateFrameworks/DataDetectorsCore.framework/Versions/A/DataDetectorsCore
0x0000000003e24000 	/System/Library/PrivateFrameworks/DesktopServicesPriv.framework/Versions/A/DesktopServicesPriv
0x0000000003e24000 	/System/Library/Frameworks/Carbon.framework/Versions/A/Frameworks/HIToolbox.framework/Versions/A/HIToolbox
0x0000000003e24000 	/usr/lib/libicucore.A.dylib
0x0000000003e24000 	/usr/lib/libz.1.dylib
0x0000000003e24000 	/System/Library/Frameworks/QuartzCore.framework/Versions/A/QuartzCore
0x0000000003e24000 	/System/Library/Frameworks/Security.framework/Versions/A/Security
0x0000000003e24000 	/System/Library/Frameworks/Carbon.framework/Versions/A/Frameworks/SpeechRecognition.framework/Versions/A/SpeechRecognition
0x0000000003e24000 	/usr/lib/libauto.dylib
0x0000000003e24000 	/usr/lib/libxml2.2.dylib
0x0000000003e24000 	/System/Library/PrivateFrameworks/CoreUI.framework/Versions/A/CoreUI
0x0000000003e24000 	/System/Library/Frameworks/CoreAudio.framework/Versions/A/CoreAudio
0x0000000003e24000 	/System/Library/Frameworks/DiskArbitration.framework/Versions/A/DiskArbitration
0x0000000003e24000 	/usr/lib/liblangid.dylib
0x0000000003e24000 	/System/Library/PrivateFrameworks/MultitouchSupport.framework/Versions/A/MultitouchSupport
0x0000000003e24000 	/System/Library/Frameworks/IOKit.framework/Versions/A/IOKit
0x0000000003e24000 	/usr/lib/libDiagnosticMessagesClient.dylib
0x0000000003e24000 	/System/Library/PrivateFrameworks/PerformanceAnalysis.framework/Versions/A/PerformanceAnalysis
0x0000000003e24000 	/System/Library/PrivateFrameworks/GenerationalStorage.framework/Versions/A/GenerationalStorage
0x0000000003e24000 	/System/Library/Frameworks/OpenGL.framework/Versions/A/OpenGL
0x0000000003e24000 	/System/Library/Frameworks/CoreImage.framework/Versions/A/CoreImage
0x0000000003e24000 	/System/Library/Frameworks/CoreText.framework/Versions/A/CoreText
0x0000000003e24000 	/System/Library/Frameworks/ImageIO.framework/Versions/A/ImageIO
0x0000000003e24000 	/System/Library/PrivateFrameworks/Backup.framework/Versions/A/Backup
0x0000000003e24000 	/usr/lib/libarchive.2.dylib
0x0000000003e24000 	/System/Library/Frameworks/CFNetwork.framework/Versions/A/CFNetwork
0x0000000003e24000 	/System/Library/Frameworks/SystemConfiguration.framework/Versions/A/SystemConfiguration
0x0000000003e24000 	/usr/lib/libCRFSuite.dylib
0x0000000003e24000 	/usr/lib/libc++.1.dylib
0x0000000003e24000 	/usr/lib/libc++abi.dylib
0x0000000003e24000 	/usr/lib/system/libcache.dylib
0x0000000003e24000 	/usr/lib/system/libcommonCrypto.dylib
0x0000000003e24000 	/usr/lib/system/libcompiler_rt.dylib
0x0000000003e24000 	/usr/lib/system/libcopyfile.dylib
0x0000000003e24000 	/usr/lib/system/libcorecrypto.dylib
0x0000000003e24000 	/usr/lib/system/libdispatch.dylib
0x0000000003e24000 	/usr/lib/system/libdyld.dylib
0x0000000003e24000 	/usr/lib/system/libkeymgr.dylib
0x0000000003e24000 	/usr/lib/system/liblaunch.dylib
0x0000000003e24000 	/usr/lib/system/libmacho.dylib
0x0000000003e24000 	/usr/lib/system/libquarantine.dylib
0x0000000003e24000 	/usr/lib/system/libremovefile.dylib
0x0000000003e24000 	/usr/lib/system/libsystem_asl.dylib
0x0000000003e24000 	/usr/lib/system/libsystem_blocks.dylib
0x0000000003e24000 	/usr/lib/system/libsystem_c.dylib
0x0000000003e24000 	/usr/lib/system/libsystem_configuration.dylib
0x0000000003e24000 	/usr/lib/system/libsystem_coreservices.dylib
0x0000000003e24000 	/usr/lib/system/libsystem_coretls.dylib
0x0000000003e24000 	/usr/lib/system/libsystem_dnssd.dylib
0x0000000003e24000 	/usr/lib/system/libsystem_info.dylib
0x0000000003e24000 	/usr/lib/system/libsystem_kernel.dylib
0x0000000003e24000 	/usr/lib/system/libsystem_m.dylib
0x0000000003e24000 	/usr/lib/system/libsystem_malloc.dylib
0x0000000003e24000 	/usr/lib/system/libsystem_network.dylib
0x0000000003e24000 	/usr/lib/system/libsystem_networkextension.dylib
0x0000000003e24000 	/usr/lib/system/libsystem_notify.dylib
0x0000000003e24000 	/usr/lib/system/libsystem_platform.dylib
0x0000000003e24000 	/usr/lib/system/libsystem_pthread.dylib
0x0000000003e24000 	/usr/lib/system/libsystem_sandbox.dylib
0x0000000003e24000 	/usr/lib/system/libsystem_secinit.dylib
0x0000000003e24000 	/usr/lib/system/libsystem_symptoms.dylib
0x0000000003e24000 	/usr/lib/system/libsystem_trace.dylib
0x0000000003e24000 	/usr/lib/system/libunwind.dylib
0x0000000003e24000 	/usr/lib/system/libxpc.dylib
0x0000000003e24000 	/usr/lib/libbsm.0.dylib
0x0000000003e24000 	/usr/lib/system/libkxld.dylib
0x0000000003e24000 	/usr/lib/libcoretls.dylib
0x0000000003e24000 	/usr/lib/libcoretls_cfhelpers.dylib
0x0000000003e24000 	/usr/lib/libOpenScriptingUtil.dylib
0x0000000003e24000 	/usr/lib/libpam.2.dylib
0x0000000003e24000 	/usr/lib/libsqlite3.dylib
0x0000000003e24000 	/usr/lib/libxar.1.dylib
0x0000000003e24000 	/usr/lib/libbz2.1.0.dylib
0x0000000003e24000 	/usr/lib/liblzma.5.dylib
0x0000000003e24000 	/usr/lib/libnetwork.dylib
0x0000000003e24000 	/usr/lib/libpcap.A.dylib
0x0000000003e24000 	/System/Library/Frameworks/CoreServices.framework/Versions/A/Frameworks/FSEvents.framework/Versions/A/FSEvents
0x0000000003e24000 	/System/Library/Frameworks/CoreServices.framework/Versions/A/Frameworks/CarbonCore.framework/Versions/A/CarbonCore
0x0000000003e24000 	/System/Library/Frameworks/CoreServices.framework/Versions/A/Frameworks/Metadata.framework/Versions/A/Metadata
0x0000000003e24000 	/System/Library/Frameworks/CoreServices.framework/Versions/A/Frameworks/OSServices.framework/Versions/A/OSServices
0x0000000003e24000 	/System/Library/Frameworks/CoreServices.framework/Versions/A/Frameworks/SearchKit.framework/Versions/A/SearchKit
0x0000000003e24000 	/System/Library/Frameworks/CoreServices.framework/Versions/A/Frameworks/AE.framework/Versions/A/AE
0x0000000003e24000 	/System/Library/Frameworks/CoreServices.framework/Versions/A/Frameworks/LaunchServices.framework/Versions/A/LaunchServices
0x0000000003e24000 	/System/Library/Frameworks/CoreServices.framework/Versions/A/Frameworks/DictionaryServices.framework/Versions/A/DictionaryServices
0x0000000003e24000 	/System/Library/Frameworks/CoreServices.framework/Versions/A/Frameworks/SharedFileList.framework/Versions/A/SharedFileList
0x0000000003e24000 	/System/Library/Frameworks/NetFS.framework/Versions/A/NetFS
0x0000000003e24000 	/System/Library/PrivateFrameworks/NetAuth.framework/Versions/A/NetAuth
0x0000000003e24000 	/System/Library/PrivateFrameworks/login.framework/Versions/A/Frameworks/loginsupport.framework/Versions/A/loginsupport
0x0000000003e24000 	/System/Library/PrivateFrameworks/TCC.framework/Versions/A/TCC
0x0000000003e24000 	/usr/lib/libmecabra.dylib
0x0000000003e24000 	/System/Library/Frameworks/ApplicationServices.framework/Versions/A/Frameworks/ATS.framework/Versions/A/ATS
0x0000000003e24000 	/System/Library/Frameworks/ApplicationServices.framework/Versions/A/Frameworks/ColorSync.framework/Versions/A/ColorSync
0x0000000003e24000 	/System/Library/Frameworks/ApplicationServices.framework/Versions/A/Frameworks/HIServices.framework/Versions/A/HIServices
0x0000000003e24000 	/System/Library/Frameworks/ApplicationServices.framework/Versions/A/Frameworks/LangAnalysis.framework/Versions/A/LangAnalysis
0x0000000003e24000 	/System/Library/Frameworks/ApplicationServices.framework/Versions/A/Frameworks/PrintCore.framework/Versions/A/PrintCore
0x0000000003e24000 	/System/Library/Frameworks/ApplicationServices.framework/Versions/A/Frameworks/QD.framework/Versions/A/QD
0x0000000003e24000 	/System/Library/Frameworks/ApplicationServices.framework/Versions/A/Frameworks/SpeechSynthesis.framework/Versions/A/SpeechSynthesis
0x0000000003e24000 	/System/Library/Frameworks/Accelerate.framework/Versions/A/Frameworks/vImage.framework/Versions/A/vImage
0x0000000003e24000 	/System/Library/Frameworks/Accelerate.framework/Versions/A/Frameworks/vecLib.framework/Versions/A/vecLib
0x0000000003e24000 	/System/Library/Frameworks/Accelerate.framework/Versions/A/Frameworks/vecLib.framework/Versions/A/libvDSP.dylib
0x0000000003e24000 	/System/Library/Frameworks/Accelerate.framework/Versions/A/Frameworks/vecLib.framework/Versions/A/libBNNS.dylib
0x0000000003e24000 	/System/Library/Frameworks/Accelerate.framework/Versions/A/Frameworks/vecLib.framework/Versions/A/libQuadrature.dylib
0x0000000003e24000 	/System/Library/Frameworks/Accelerate.framework/Versions/A/Frameworks/vecLib.framework/Versions/A/libvMisc.dylib
0x0000000003e24000 	/System/Library/Frameworks/Accelerate.framework/Versions/A/Frameworks/vecLib.framework/Versions/A/libLAPACK.dylib
0x0000000003e24000 	/System/Library/Frameworks/Accelerate.framework/Versions/A/Frameworks/vecLib.framework/Versions/A/libBLAS.dylib
0x0000000003e24000 	/System/Library/Frameworks/Accelerate.framework/Versions/A/Frameworks/vecLib.framework/Versions/A/libLinearAlgebra.dylib
0x0000000003e24000 	/System/Library/Frameworks/Accelerate.framework/Versions/A/Frameworks/vecLib.framework/Versions/A/libSparseBLAS.dylib
0x0000000003e24000 	/System/Library/Frameworks/ApplicationServices.framework/Versions/A/Frameworks/ATS.framework/Versions/A/Resources/libFontParser.dylib
0x0000000003e24000 	/System/Library/Frameworks/ApplicationServices.framework/Versions/A/Frameworks/ATS.framework/Versions/A/Resources/libFontRegistry.dylib
0x0000000003e24000 	/System/Library/Frameworks/ImageIO.framework/Versions/A/Resources/libJPEG.dylib
0x0000000003e24000 	/System/Library/Frameworks/ImageIO.framework/Versions/A/Resources/libTIFF.dylib
0x0000000003e24000 	/System/Library/Frameworks/ImageIO.framework/Versions/A/Resources/libPng.dylib
0x0000000003e24000 	/System/Library/Frameworks/ImageIO.framework/Versions/A/Resources/libGIF.dylib
0x0000000003e24000 	/System/Library/Frameworks/ImageIO.framework/Versions/A/Resources/libJP2.dylib
0x0000000003e24000 	/System/Library/Frameworks/ImageIO.framework/Versions/A/Resources/libRadiance.dylib
0x0000000003e24000 	/usr/lib/libcompression.dylib
0x0000000003e24000 	/System/Library/PrivateFrameworks/AppleJPEG.framework/Versions/A/AppleJPEG
0x0000000003e24000 	/usr/lib/libcups.2.dylib
0x0000000003e24000 	/System/Library/Frameworks/Kerberos.framework/Versions/A/Kerberos
0x0000000003e24000 	/System/Library/Frameworks/GSS.framework/Versions/A/GSS
0x0000000003e24000 	/usr/lib/libresolv.9.dylib
0x0000000003e24000 	/usr/lib/libiconv.2.dylib
0x0000000003e24000 	/System/Library/PrivateFrameworks/Heimdal.framework/Versions/A/Heimdal
0x0000000003e24000 	/usr/lib/libheimdal-asn1.dylib
0x0000000003e24000 	/System/Library/Frameworks/OpenDirectory.framework/Versions/A/OpenDirectory
0x0000000003e24000 	/System/Library/PrivateFrameworks/CommonAuth.framework/Versions/A/CommonAuth
0x0000000003e24000 	/System/Library/Frameworks/OpenDirectory.framework/Versions/A/Frameworks/CFOpenDirectory.framework/Versions/A/CFOpenDirectory
0x0000000003e24000 	/System/Library/Frameworks/SecurityFoundation.framework/Versions/A/SecurityFoundation
0x0000000003e24000 	/System/Library/PrivateFrameworks/LanguageModeling.framework/Versions/A/LanguageModeling
0x0000000003e24000 	/usr/lib/libmarisa.dylib
0x0000000003e24000 	/usr/lib/libChineseTokenizer.dylib
0x0000000003e24000 	/usr/lib/libcmph.dylib
0x0000000003e24000 	/System/Library/PrivateFrameworks/CoreEmoji.framework/Versions/A/CoreEmoji
0x0000000003e24000 	/System/Library/Frameworks/ServiceManagement.framework/Versions/A/ServiceManagement
0x0000000003e24000 	/usr/lib/libxslt.1.dylib
0x0000000003e24000 	/System/Library/Frameworks/Carbon.framework/Versions/A/Frameworks/Ink.framework/Versions/A/Ink
0x0000000003e24000 	/System/Library/PrivateFrameworks/TextureIO.framework/Versions/A/TextureIO
0x0000000003e24000 	/System/Library/Frameworks/Metal.framework/Versions/A/Metal
0x0000000003e24000 	/usr/lib/libate.dylib
0x0000000003e24000 	/System/Library/PrivateFrameworks/GPUCompiler.framework/libmetal_timestamp.dylib
0x0000000003e24000 	/System/Library/Frameworks/OpenGL.framework/Versions/A/Libraries/libCoreFSCache.dylib
0x0000000003e24000 	/System/Library/PrivateFrameworks/IOAccelerator.framework/Versions/A/IOAccelerator
0x0000000003e24000 	/System/Library/Frameworks/CoreVideo.framework/Versions/A/CoreVideo
0x0000000003e24000 	/usr/lib/libFosl_dynamic.dylib
0x0000000003e24000 	/System/Library/PrivateFrameworks/MetalPerformanceShaders.framework/Versions/A/MetalPerformanceShaders
0x0000000003e24000 	/System/Library/PrivateFrameworks/FaceCore.framework/Versions/A/FaceCore
0x0000000003e24000 	/System/Library/Frameworks/OpenCL.framework/Versions/A/OpenCL
0x0000000003e24000 	/System/Library/Frameworks/OpenGL.framework/Versions/A/Libraries/libGLU.dylib
0x0000000003e24000 	/System/Library/Frameworks/OpenGL.framework/Versions/A/Libraries/libGFXShared.dylib
0x0000000003e24000 	/System/Library/Frameworks/OpenGL.framework/Versions/A/Libraries/libGL.dylib
0x0000000003e24000 	/System/Library/Frameworks/OpenGL.framework/Versions/A/Libraries/libGLImage.dylib
0x0000000003e24000 	/System/Library/Frameworks/OpenGL.framework/Versions/A/Libraries/libCVMSPluginSupport.dylib
0x0000000003e24000 	/System/Library/Frameworks/OpenGL.framework/Versions/A/Libraries/libCoreVMClient.dylib
0x0000000003e24000 	/System/Library/PrivateFrameworks/CrashReporterSupport.framework/Versions/A/CrashReporterSupport
0x0000000003e24000 	/System/Library/PrivateFrameworks/Sharing.framework/Versions/A/Sharing
0x0000000003e24000 	/System/Library/PrivateFrameworks/IconServices.framework/Versions/A/IconServices
0x0000000003e24000 	/System/Library/PrivateFrameworks/ProtocolBuffer.framework/Versions/A/ProtocolBuffer
0x0000000003e24000 	/System/Library/PrivateFrameworks/Apple80211.framework/Versions/A/Apple80211
0x0000000003e24000 	/System/Library/Frameworks/CoreWLAN.framework/Versions/A/CoreWLAN
0x0000000003e24000 	/System/Library/PrivateFrameworks/CoreUtils.framework/Versions/A/CoreUtils
0x0000000003e24000 	/System/Library/Frameworks/IOBluetooth.framework/Versions/A/IOBluetooth
0x0000000003e24000 	/System/Library/PrivateFrameworks/CoreWiFi.framework/Versions/A/CoreWiFi
0x0000000003e24000 	/System/Library/Frameworks/CoreBluetooth.framework/Versions/A/CoreBluetooth
0x0000000003e24000 	/System/Library/Frameworks/CoreDisplay.framework/Versions/A/CoreDisplay
0x0000000003e24000 	/System/Library/PrivateFrameworks/IOPresentment.framework/Versions/A/IOPresentment
0x0000000003e24000 	/System/Library/PrivateFrameworks/DSExternalDisplay.framework/Versions/A/DSExternalDisplay
0x0000000003e24000 	/System/Library/PrivateFrameworks/DebugSymbols.framework/Versions/A/DebugSymbols
0x0000000003e24000 	/System/Library/PrivateFrameworks/CoreSymbolication.framework/Versions/A/CoreSymbolication
0x0000000003e24000 	/System/Library/PrivateFrameworks/Symbolication.framework/Versions/A/Symbolication
0x0000000003e24000 	/System/Library/PrivateFrameworks/AppleFSCompression.framework/Versions/A/AppleFSCompression
0x0000000003e24000 	/System/Library/PrivateFrameworks/SpeechRecognitionCore.framework/Versions/A/SpeechRecognitionCore
0x0000000003e24000 	/System/Library/PrivateFrameworks/ChunkingLibrary.framework/Versions/A/ChunkingLibrary
0x000000010a7f0000 	/Volumes/LocalDataHD/m/ma/ma777/Desktop/omnetpp-5.2.1-hpc/omnetpp-5.2.1/ide/omnetpp.app/Contents/Eclipse/plugins/org.eclipse.equinox.launcher.cocoa.macosx.x86_64_1.1.550.v20170928-1359/eclipse_1629.so
0x0000000003e24000 	/System/Library/PrivateFrameworks/CoreServicesInternal.framework/Versions/A/CoreServicesInternal
0x000000010ccc6000 	/Library/Java/JavaVirtualMachines/jdk1.8.0_144.jdk/Contents/MacOS/libjli.dylib
0x000000010d29a000 	/Library/Java/JavaVirtualMachines/jdk1.8.0_144.jdk/Contents/Home/jre//lib/server/libjvm.dylib
0x0000000003e24000 	/usr/lib/libstdc++.6.dylib
0x000000010ccd6000 	/Library/Java/JavaVirtualMachines/jdk1.8.0_144.jdk/Contents/Home/jre/lib/libverify.dylib
0x000000010cce4000 	/Library/Java/JavaVirtualMachines/jdk1.8.0_144.jdk/Contents/Home/jre/lib/libjava.dylib
0x000000010cd22000 	/Library/Java/JavaVirtualMachines/jdk1.8.0_144.jdk/Contents/Home/jre/lib/libzip.dylib
0x0000000118800000 	/System/Library/Frameworks/JavaVM.framework/Frameworks/JavaRuntimeSupport.framework/JavaRuntimeSupport
0x000000011881a000 	/System/Library/Frameworks/JavaVM.framework/Versions/A/Frameworks/JavaNativeFoundation.framework/Versions/A/JavaNativeFoundation
0x00000001286bd000 	/System/Library/Frameworks/JavaVM.framework/Versions/A/JavaVM
0x0000000003e24000 	/System/Library/Frameworks/Carbon.framework/Versions/A/Carbon
0x00000001286ca000 	/System/Library/PrivateFrameworks/JavaLaunching.framework/Versions/A/JavaLaunching
0x0000000003e24000 	/System/Library/Frameworks/Carbon.framework/Versions/A/Frameworks/CommonPanels.framework/Versions/A/CommonPanels
0x0000000003e24000 	/System/Library/Frameworks/Carbon.framework/Versions/A/Frameworks/Help.framework/Versions/A/Help
0x0000000003e24000 	/System/Library/Frameworks/Carbon.framework/Versions/A/Frameworks/ImageCapture.framework/Versions/A/ImageCapture
0x0000000003e24000 	/System/Library/Frameworks/Carbon.framework/Versions/A/Frameworks/OpenScripting.framework/Versions/A/OpenScripting
0x0000000003e24000 	/System/Library/Frameworks/Carbon.framework/Versions/A/Frameworks/Print.framework/Versions/A/Print
0x0000000003e24000 	/System/Library/Frameworks/Carbon.framework/Versions/A/Frameworks/SecurityHI.framework/Versions/A/SecurityHI
0x0000000003e24000 	/System/Library/CoreServices/RawCamera.bundle/Contents/MacOS/RawCamera
0x0000000003e24000 	/System/Library/Frameworks/Accelerate.framework/Versions/A/Frameworks/vImage.framework/Versions/A/Libraries/libCGInterfaces.dylib
0x0000000003e24000 	/System/Library/Frameworks/ApplicationServices.framework/Versions/A/Frameworks/ATS.framework/Versions/A/Resources/libTrueTypeScaler.dylib
0x000000012ab7f000 	/System/Library/Frameworks/OpenGL.framework/Resources/GLEngine.bundle/GLEngine
0x0000000003e24000 	/System/Library/Frameworks/OpenGL.framework/Versions/A/Libraries/libGLProgrammability.dylib
0x0000000003e24000 	/System/Library/Extensions/GeForceGLDriver.bundle/Contents/MacOS/GeForceGLDriver
0x0000000003e24000 	/System/Library/Extensions/GeForceGLDriver.bundle/Contents/MacOS/libclh.dylib
0x0000000003e24000 	/System/Library/PrivateFrameworks/GPUSupport.framework/Versions/A/Libraries/libGPUSupportMercury.dylib
0x000000012ad68000 	/System/Library/Frameworks/OpenGL.framework/Resources//GLRendererFloat.bundle/GLRendererFloat
0x0000000003e24000 	/System/Library/Frameworks/OpenCL.framework/Versions/A/Libraries/libcldcpuengine.dylib
0x0000000003e24000 	/usr/lib/libcrypto.0.9.8.dylib
0x0000000003e24000 	/System/Library/PrivateFrameworks/TrustEvaluationAgent.framework/Versions/A/TrustEvaluationAgent
0x0000000003e24000 	/System/Library/Extensions/GeForceMTLDriver.bundle/Contents/MacOS/GeForceMTLDriver
0x000000012f14c000 	/Library/Java/JavaVirtualMachines/jdk1.8.0_144.jdk/Contents/Home/jre/lib/libnet.dylib
0x000000012f28a000 	/Library/Java/JavaVirtualMachines/jdk1.8.0_144.jdk/Contents/Home/jre/lib/libnio.dylib
0x0000000003e24000 	/System/Library/PrivateFrameworks/ViewBridge.framework/Versions/A/ViewBridge
0x0000000003e24000 	/System/Library/PrivateFrameworks/XPCService.framework/Versions/A/XPCService
0x0000000003e24000 	/System/Library/PrivateFrameworks/AppSandbox.framework/Versions/A/AppSandbox
0x0000000003e24000 	/usr/lib/libsandbox.1.dylib
0x0000000003e24000 	/System/Library/PrivateFrameworks/AppContainer.framework/Versions/A/AppContainer
0x0000000003e24000 	/System/Library/PrivateFrameworks/SecCodeWrapper.framework/Versions/A/SecCodeWrapper
0x0000000003e24000 	/usr/lib/libMatch.1.dylib
0x000000012fce4000 	/Volumes/LocalDataHD/m/ma/ma777/Desktop/omnetpp-5.2.1-hpc/omnetpp-5.2.1/ide/omnetpp.app/Contents/Eclipse/configuration/org.eclipse.osgi/305/0/.cp/libswt-cocoa-4758.jnilib
0x0000000003e24000 	/System/Library/Frameworks/WebKit.framework/Versions/A/WebKit
0x0000000003e24000 	/System/Library/Frameworks/JavaScriptCore.framework/Versions/A/JavaScriptCore
0x0000000003e24000 	/System/Library/Frameworks/SecurityInterface.framework/Versions/A/SecurityInterface
0x0000000003e24000 	/System/Library/Frameworks/WebKit.framework/Versions/A/Frameworks/WebKitLegacy.framework/Versions/A/WebKitLegacy
0x0000000003e24000 	/System/Library/Frameworks/WebKit.framework/Versions/A/Frameworks/WebCore.framework/Versions/A/WebCore
0x000000012fd39000 	/Volumes/LocalDataHD/m/ma/ma777/Desktop/omnetpp-5.2.1-hpc/omnetpp-5.2.1/ide/omnetpp.app/Contents/Eclipse/configuration/org.eclipse.osgi/305/0/.cp/libswt-pi-cocoa-4758.jnilib
0x0000000003e24000 	/System/Library/PrivateFrameworks/CloudDocs.framework/Versions/A/CloudDocs
0x0000000003e24000 	/System/Library/Frameworks/CloudKit.framework/Versions/A/CloudKit
0x0000000003e24000 	/System/Library/PrivateFrameworks/MMCS.framework/Versions/A/MMCS
0x0000000003e24000 	/System/Library/Frameworks/CoreLocation.framework/Versions/A/CoreLocation
0x0000000003e24000 	/System/Library/PrivateFrameworks/ProtectedCloudStorage.framework/Versions/A/ProtectedCloudStorage
0x0000000003e24000 	/System/Library/PrivateFrameworks/AssetCacheServices.framework/Versions/A/AssetCacheServices
0x0000000003e24000 	/System/Library/PrivateFrameworks/GeoServices.framework/Versions/A/GeoServices
0x000000012a75a000 	/System/Library/PrivateFrameworks/CoreNLP.framework/Versions/A/CoreNLP
0x0000000003e24000 	/System/Library/PrivateFrameworks/DataDetectors.framework/Versions/A/DataDetectors
0x0000000003e24000 	/System/Library/Frameworks/AddressBook.framework/Versions/A/AddressBook
0x0000000003e24000 	/System/Library/Frameworks/Quartz.framework/Versions/A/Quartz
0x0000000003e24000 	/System/Library/PrivateFrameworks/ContactsPersistence.framework/Versions/A/ContactsPersistence
0x0000000003e24000 	/System/Library/PrivateFrameworks/CalendarAgentLink.framework/Versions/A/CalendarAgentLink
0x0000000003e24000 	/System/Library/PrivateFrameworks/ContactsFoundation.framework/Versions/A/ContactsFoundation
0x0000000003e24000 	/System/Library/PrivateFrameworks/vCard.framework/Versions/A/vCard
0x0000000003e24000 	/System/Library/PrivateFrameworks/IntlPreferences.framework/Versions/A/IntlPreferences
0x0000000003e24000 	/System/Library/PrivateFrameworks/ToneLibrary.framework/Versions/A/ToneLibrary
0x0000000003e24000 	/System/Library/PrivateFrameworks/ToneKit.framework/Versions/A/ToneKit
0x0000000003e24000 	/System/Library/PrivateFrameworks/ApplePushService.framework/Versions/A/ApplePushService
0x0000000003e24000 	/System/Library/Frameworks/DirectoryService.framework/Versions/A/DirectoryService
0x0000000003e24000 	/System/Library/PrivateFrameworks/PhoneNumbers.framework/Versions/A/PhoneNumbers
0x0000000003e24000 	/System/Library/Frameworks/LDAP.framework/Versions/A/LDAP
0x0000000003e24000 	/System/Library/Frameworks/Accounts.framework/Versions/A/Accounts
0x0000000003e24000 	/System/Library/PrivateFrameworks/OAuth.framework/Versions/A/OAuth
0x0000000003e24000 	/System/Library/Frameworks/AVFoundation.framework/Versions/A/AVFoundation
0x0000000003e24000 	/System/Library/Frameworks/AVFoundation.framework/Versions/A/Frameworks/AVFAudio.framework/Versions/A/AVFAudio
0x0000000003e24000 	/System/Library/Frameworks/CoreMedia.framework/Versions/A/CoreMedia
0x0000000003e24000 	/System/Library/Frameworks/MediaToolbox.framework/Versions/A/MediaToolbox
0x0000000003e24000 	/System/Library/Frameworks/VideoToolbox.framework/Versions/A/VideoToolbox
0x0000000003e24000 	/System/Library/Frameworks/CoreMediaIO.framework/Versions/A/CoreMediaIO
0x0000000003e24000 	/usr/lib/libspindump.dylib
0x0000000003e24000 	/usr/lib/libdscsym.dylib
0x0000000003e24000 	/System/Library/PrivateFrameworks/CoreAVCHD.framework/Versions/A/CoreAVCHD
0x0000000003e24000 	/System/Library/Frameworks/MediaAccessibility.framework/Versions/A/MediaAccessibility
0x0000000003e24000 	/System/Library/PrivateFrameworks/Mangrove.framework/Versions/A/Mangrove
0x0000000003e24000 	/System/Library/PrivateFrameworks/CoreAUC.framework/Versions/A/CoreAUC
0x0000000003e24000 	/System/Library/PrivateFrameworks/AppleVA.framework/Versions/A/AppleVA
0x0000000003e24000 	/System/Library/PrivateFrameworks/CoreDaemon.framework/Versions/B/CoreDaemon
0x0000000003e24000 	/System/Library/PrivateFrameworks/AppleSRP.framework/Versions/A/AppleSRP
0x0000000003e24000 	/System/Library/Frameworks/Quartz.framework/Versions/A/Frameworks/QuartzComposer.framework/Versions/A/QuartzComposer
0x0000000003e24000 	/System/Library/Frameworks/Quartz.framework/Versions/A/Frameworks/PDFKit.framework/Versions/A/PDFKit
0x0000000003e24000 	/System/Library/Frameworks/Quartz.framework/Versions/A/Frameworks/QuartzFilters.framework/Versions/A/QuartzFilters
0x0000000003e24000 	/System/Library/Frameworks/Quartz.framework/Versions/A/Frameworks/ImageKit.framework/Versions/A/ImageKit
0x0000000003e24000 	/System/Library/Frameworks/Quartz.framework/Versions/A/Frameworks/QuickLookUI.framework/Versions/A/QuickLookUI
0x0000000003e24000 	/System/Library/Frameworks/QTKit.framework/Versions/A/QTKit
0x0000000003e24000 	/System/Library/PrivateFrameworks/AppleSystemInfo.framework/Versions/A/AppleSystemInfo
0x0000000003e24000 	/System/Library/PrivateFrameworks/CoreMediaAuthoring.framework/Versions/A/CoreMediaAuthoring
0x0000000003e24000 	/System/Library/PrivateFrameworks/CorePDF.framework/Versions/A/CorePDF
0x0000000003e24000 	/System/Library/Frameworks/SafariServices.framework/Versions/A/SafariServices
0x0000000003e24000 	/System/Library/Frameworks/QuickLook.framework/Versions/A/QuickLook
0x0000000003e24000 	/System/Library/PrivateFrameworks/MobileKeyBag.framework/Versions/A/MobileKeyBag
0x0000000003e24000 	/System/Library/PrivateFrameworks/QuickLookThumbnailing.framework/Versions/A/QuickLookThumbnailing
0x0000000003e24000 	/System/Library/PrivateFrameworks/DisplayServices.framework/Versions/A/DisplayServices
0x0000000003e24000 	/System/Library/Frameworks/ImageCaptureCore.framework/Versions/A/ImageCaptureCore
0x0000000003e24000 	/usr/lib/libsasl2.2.dylib
0x0000000128ae2000 	/Volumes/LocalDataHD/m/ma/ma777/Desktop/omnetpp-5.2.1-hpc/omnetpp-5.2.1/ide/omnetpp.app/Contents/Eclipse/configuration/org.eclipse.osgi/96/0/.cp/os/macosx/libunixfile_1_0_0.jnilib
0x0000000136cc4000 	/Volumes/LocalDataHD/m/ma/ma777/Desktop/omnetpp-5.2.1-hpc/omnetpp-5.2.1/ide/omnetpp.app/Contents/Eclipse/plugins/org.omnetpp.ide.nativelibs.macosx_5.2.1.171211-da8f6bc/libopplibs.jnilib
0x000000012aabe000 	cl_kernels
0x0000000135c53000 	/System/Library/Frameworks/OpenCL.framework/Versions/A/Libraries/ImageFormats/unorm8_bgra.dylib
0x000000012effd000 	/Library/Java/JavaVirtualMachines/jdk1.8.0_144.jdk/Contents/Home/jre/lib/libsunec.dylib
0x00000001288cb000 	/Library/Java/JavaVirtualMachines/jdk1.8.0_144.jdk/Contents/Home/jre/lib/libmanagement.dylib
0x000000012894e000 	cl_kernels
0x00000001289a0000 	/Volumes/LocalDataHD/m/ma/ma777/Desktop/omnetpp-5.2.1-hpc/omnetpp-5.2.1/ide/omnetpp.app/Contents/Eclipse/configuration/org.eclipse.osgi/64/0/.cp/os/macosx/x86_64/libspawner.jnilib
0x0000000003e24000 	/System/Library/PrivateFrameworks/Shortcut.framework/Versions/A/Shortcut
0x0000000003e24000 	/System/Library/PrivateFrameworks/HelpData.framework/Versions/A/HelpData
0x000000013a5dc000 	/Library/Java/JavaVirtualMachines/jdk1.8.0_144.jdk/Contents/Home/jre/lib/libawt.dylib
0x000000013a938000 	/Library/Java/JavaVirtualMachines/jdk1.8.0_144.jdk/Contents/Home/jre/lib/./libmlib_image.dylib
0x000000013aa04000 	/Library/Java/JavaVirtualMachines/jdk1.8.0_144.jdk/Contents/Home/jre/lib/libawt_lwawt.dylib
0x000000013a0a9000 	/Library/Java/JavaVirtualMachines/jdk1.8.0_144.jdk/Contents/Home/jre/lib/./libosxapp.dylib
0x0000000003e24000 	/System/Library/Frameworks/ExceptionHandling.framework/Versions/A/ExceptionHandling
0x000000013aecd000 	/Library/Java/JavaVirtualMachines/jdk1.8.0_144.jdk/Contents/Home/jre/lib/libfontmanager.dylib
0x00000001682dc000 	/System/Library/Frameworks/ApplicationServices.framework/Frameworks/ATS.framework/Resources/libFontRegistryUI.dylib
0x00000001682e9000 	/System/Library/Frameworks/ApplicationServices.framework/Versions/A/Frameworks/ATS.framework/Versions/A/Resources/ATSHI.dylib
0x000000017f9da000 	/usr/lib/libgermantok.dylib

VM Arguments:
jvm_args: -Dosgi.instance.area.default=/home/m/ma/ma777/Desktop/omnetpp-5.2.1-hpc/omnetpp-5.2.1/bin/../ide/../samples 
java_command: <unknown>
java_class_path (initial): /Volumes/LocalDataHD/m/ma/ma777/Desktop/omnetpp-5.2.1-hpc/omnetpp-5.2.1/ide/omnetpp.app/Contents/MacOS//../Eclipse/plugins/org.eclipse.equinox.launcher_1.4.0.v20161219-1356.jar
Launcher Type: generic

Environment Variables:
PATH=$/home/m/ma/ma777/Desktop/omnetpp-5.2.1-hpc/omnetpp-5.2.1/bin:$/home/m/ma/ma777/Desktop/omnetpp-5.2.1-hpc/omnetpp-5.2.1/tools/macosx/bin:/opt/local/bin:/opt/local/sbin:/home/m/ma/ma777/perl5/perlbrew/bin:/home/m/ma/ma777/perl5/perlbrew/perls/perl-5.16.0/bin:/usr/local/bin:/usr/bin:/bin:/usr/sbin:/sbin:/opt/X11/bin:/usr/local/munki:/Library/Application Support/pinpoint/bin:/opt/puppetlabs/bin:/Library/TeX/texbin:/Applications/Wireshark.app/Contents/MacOS:/home/m/ma/ma777/Desktop/omnetpp-5.2.1-hpc/omnetpp-5.2.1/bin:$/home/m/ma/ma777/Desktop/omnetpp-5.2.1-hpc/omnetpp-5.2.1/tools/macosx/bin:/opt/local/bin:/opt/local/sbin:/home/m/ma/ma777/perl5/perlbrew/bin:/home/m/ma/ma777/perl5/perlbrew/perls/perl-5.16.0/bin:/usr/local/bin:/usr/bin:/bin:/usr/sbin:/sbin:/opt/X11/bin:/usr/local/munki:/Library/Application Support/pinpoint/bin:/opt/puppetlabs/bin:/Library/TeX/texbin:/Applications/Wireshark.app/Contents/MacOS
SHELL=/bin/bash
DISPLAY=/private/tmp/com.apple.launchd.IO9kmMAEBf/org.macosforge.xquartz:0

Signal Handlers:
SIGSEGV: [libjvm.dylib+0x5b26e5], sa_mask[0]=11111111011111110111111111111111, sa_flags=SA_ONSTACK|SA_RESTART|SA_SIGINFO
SIGBUS: [libjvm.dylib+0x5b26e5], sa_mask[0]=11111111011111110111111111111111, sa_flags=SA_RESTART|SA_SIGINFO
SIGFPE: [libjvm.dylib+0x489100], sa_mask[0]=11111111011111110111111111111111, sa_flags=SA_RESTART|SA_SIGINFO
SIGPIPE: [libjvm.dylib+0x489100], sa_mask[0]=11111111011111110111111111111111, sa_flags=SA_RESTART|SA_SIGINFO
SIGXFSZ: [libjvm.dylib+0x489100], sa_mask[0]=11111111011111110111111111111111, sa_flags=SA_RESTART|SA_SIGINFO
SIGILL: [libjvm.dylib+0x489100], sa_mask[0]=11111111011111110111111111111111, sa_flags=SA_RESTART|SA_SIGINFO
SIGUSR1: SIG_DFL, sa_mask[0]=11011111011111100000000111000110, sa_flags=none
SIGUSR2: [libjvm.dylib+0x488c1e], sa_mask[0]=00000000000000000000000000000000, sa_flags=SA_RESTART|SA_SIGINFO
SIGHUP: [libjvm.dylib+0x4871f5], sa_mask[0]=11111111011111110111111111111111, sa_flags=SA_RESTART|SA_SIGINFO
SIGINT: SIG_IGN, sa_mask[0]=00000000000000000000000000000000, sa_flags=none
SIGTERM: [libjvm.dylib+0x4871f5], sa_mask[0]=11111111011111110111111111111111, sa_flags=SA_RESTART|SA_SIGINFO
SIGQUIT: [libjvm.dylib+0x4871f5], sa_mask[0]=11111111011111110111111111111111, sa_flags=SA_RESTART|SA_SIGINFO


---------------  S Y S T E M  ---------------

OS:Bsduname:Darwin 16.7.0 Darwin Kernel Version 16.7.0: Thu Jun 15 17:36:27 PDT 2017; root:xnu-3789.70.16~2/RELEASE_X86_64 x86_64
rlimit: STACK 8192k, CORE 0k, NPROC 709, NOFILE 10240, AS infinity
load average:2.59 1.98 1.95

CPU:total 4 (initial active 4) (4 cores per cpu, 1 threads per core) family 6 model 60 stepping 3, cmov, cx8, fxsr, mmx, sse, sse2, sse3, ssse3, sse4.1, sse4.2, popcnt, avx, avx2, aes, clmul, erms, rtm, lzcnt, tsc, tscinvbit, bmi1, bmi2

Memory: 4k page, physical 16777216k(793724k free)

/proc/meminfo:


vm_info: Java HotSpot(TM) 64-Bit Server VM (25.144-b01) for bsd-amd64 JRE (1.8.0_144-b01), built on Jul 21 2017 22:07:42 by "java_re" with gcc 4.2.1 (Based on Apple Inc. build 5658) (LLVM build 2336.11.00)

time: Mon Jan 22 13:35:18 2018
elapsed time: 148187 seconds (1d 17h 9m 47s)

