#
# A fatal error has been detected by the Java Runtime Environment:
#
#  SIGSEGV (0xb) at pc=0x000000012dcdddf0, pid=22411, tid=0x0000000000000307
#
# JRE version: Java(TM) SE Runtime Environment (8.0_144-b01) (build 1.8.0_144-b01)
# Java VM: Java HotSpot(TM) 64-Bit Server VM (25.144-b01 mixed mode bsd-amd64 compressed oops)
# Problematic frame:
# C  [libopplibs.jnilib+0x17fdf0]  omnetpp::eventlog::SequenceChartFacade::getTimelineCoordinate(omnetpp::eventlog::IEvent*, double, double)+0x240
#
# Failed to write core dump. Core dumps have been disabled. To enable core dumping, try "ulimit -c unlimited" before starting Java again
#
# If you would like to submit a bug report, please visit:
#   http://bugreport.java.com/bugreport/crash.jsp
# The crash happened outside the Java Virtual Machine in native code.
# See problematic frame for where to report the bug.
#

---------------  T H R E A D  ---------------

Current thread (0x00007fa64e045000):  JavaThread "main" [_thread_in_native, id=775, stack(0x00007fff5c8d9000,0x00007fff5d0d9000)]

siginfo: si_signo: 11 (SIGSEGV), si_code: 1 (SEGV_MAPERR), si_addr: 0x0000000000000000

Registers:
RAX=0x00007fff5d0d5fb8, RBX=0x00007fff5d0d5fa8, RCX=0x0000000000000000, RDX=0x0000000000000000
RSP=0x00007fff5d0d5f50, RBP=0x00007fff5d0d6010, RSI=0x00007fa6587d5890, RDI=0x00007fff5d0d5fb8
R8 =0x00007fa65175a8c0, R9 =0x00007fa65110b090, R10=0x00007fa651099130, R11=0x0000000000000246
R12=0x00007fff5d0d5fb8, R13=0x0000000000000000, R14=0x00007fa6517e4030, R15=0x00007fa655a299f0
RIP=0x000000012dcdddf0, EFLAGS=0x0000000000010202, ERR=0x0000000000000004
  TRAPNO=0x000000000000000e

Top of Stack: (sp=0x00007fff5d0d5f50)
0x00007fff5d0d5f50:   0000000000000056 0000000000000056
0x00007fff5d0d5f60:   000000000000005b ffffff8000010cb4
0x00007fff5d0d5f70:   0000000000000007 7fefffffffffffff
0x00007fff5d0d5f80:   ffefffffffffffff 00007fa65b4d5610
0x00007fff5d0d5f90:   0000000000000000 0000000000000000
0x00007fff5d0d5fa0:   000000000011c500 0000000000000251
0x00007fff5d0d5fb0:   0000000000000000 0000000000000000
0x00007fff5d0d5fc0:   0000000000000000 0000000000000000
0x00007fff5d0d5fd0:   0000000000000000 00000000000000b2
0x00007fff5d0d5fe0:   000000012de97f60 00007fa6517e4030
0x00007fff5d0d5ff0:   00007fa65b4d5610 00007fa655a299f0
0x00007fff5d0d6000:   00007fff5d0d606f 00007fa6517e4030
0x00007fff5d0d6010:   00007fff5d0d6050 000000012dcde11a
0x00007fff5d0d6020:   4043dadf8e8998a3 00007fa6517e4030
0x00007fff5d0d6030:   0000000000000000 00007fff5d0d6250
0x00007fff5d0d6040:   00007fff5d0d6110 00007fa64e045000
0x00007fff5d0d6050:   00007fff5d0d60a0 000000012dcde758
0x00007fff5d0d6060:   4043dadf8e8998a3 000000076ebfdf48
0x00007fff5d0d6070:   00007fff5d0d62b8 000000010787bdf1
0x00007fff5d0d6080:   00007fa64e0451f8 0000000000000000
0x00007fff5d0d6090:   00007fff5d0d6110 00007fa64e045000
0x00007fff5d0d60a0:   00007fff5d0d60d0 000000012dbbeb75
0x00007fff5d0d60b0:   000000012dff61a0 00007fa6517e4030
0x00007fff5d0d60c0:   00007fff5d0d6110 00007fa64e045000
0x00007fff5d0d60d0:   00007fff5d0d6120 00000001083e8099
0x00007fff5d0d60e0:   00007fff5d0d62b8 00000006c17a1f80
0x00007fff5d0d60f0:   00007fff5d0d61c0 00000001085ca504
0x00007fff5d0d6100:   000000076ebfdf48 00007fa655a299f0
0x00007fff5d0d6110:   00000006c16d0188 00000001084156e4
0x00007fff5d0d6120:   00007fff5d0d62b8 000000010827892c
0x00007fff5d0d6130:   4091380000000000 00000006c17a1d28
0x00007fff5d0d6140:   00000006c17a1d28 00000006c17a1f80 

Instructions: (pc=0x000000012dcdddf0)
0x000000012dcdddd0:   ff 90 88 00 00 00 49 89 c5 49 8b 07 4c 89 e7 4c
0x000000012dcddde0:   89 fe ff 50 68 f2 41 0f 10 47 18 f2 0f 11 45 80
0x000000012dcdddf0:   49 8b 45 00 48 89 df 4c 89 ee ff 50 68 4c 8d 7d
0x000000012dcdde00:   88 4c 89 ff 48 89 de 4c 89 e2 e8 91 6a 03 00 4c 

Register to memory mapping:

RAX=0x00007fff5d0d5fb8 is pointing into the stack for thread: 0x00007fa64e045000
RBX=0x00007fff5d0d5fa8 is pointing into the stack for thread: 0x00007fa64e045000
RCX=0x0000000000000000 is an unknown value
RDX=0x0000000000000000 is an unknown value
RSP=0x00007fff5d0d5f50 is pointing into the stack for thread: 0x00007fa64e045000
RBP=0x00007fff5d0d6010 is pointing into the stack for thread: 0x00007fa64e045000
RSI=0x00007fa6587d5890 is an unknown value
RDI=0x00007fff5d0d5fb8 is pointing into the stack for thread: 0x00007fa64e045000
R8 =0x00007fa65175a8c0 is an unknown value
R9 =0x00007fa65110b090 is an unknown value
R10=0x00007fa651099130 is an unknown value
R11=0x0000000000000246 is an unknown value
R12=0x00007fff5d0d5fb8 is pointing into the stack for thread: 0x00007fa64e045000
R13=0x0000000000000000 is an unknown value
R14=0x00007fa6517e4030 is an unknown value
R15=0x00007fa655a299f0 is an unknown value


Stack: [0x00007fff5c8d9000,0x00007fff5d0d9000],  sp=0x00007fff5d0d5f50,  free space=8179k
Native frames: (J=compiled Java code, j=interpreted, Vv=VM code, C=native code)
C  [libopplibs.jnilib+0x17fdf0]  omnetpp::eventlog::SequenceChartFacade::getTimelineCoordinate(omnetpp::eventlog::IEvent*, double, double)+0x240
C  [libopplibs.jnilib+0x18011a]  omnetpp::eventlog::SequenceChartFacade::getEventForNonLinearTimelineCoordinate(double, bool&)+0x8a
C  [libopplibs.jnilib+0x180758]  omnetpp::eventlog::SequenceChartFacade::getFirstEventNotBeforeTimelineCoordinate(double)+0x88
C  [libopplibs.jnilib+0x60b75]  Java_org_omnetpp_eventlog_engine_EventLogEngineJNI_SequenceChartFacade_1getFirstEventNotBeforeTimelineCoordinate+0x15
J 10621  org.omnetpp.eventlog.engine.EventLogEngineJNI.SequenceChartFacade_getFirstEventNotBeforeTimelineCoordinate(JLorg/omnetpp/eventlog/engine/SequenceChartFacade;D)J (0 bytes) @ 0x00000001083e8099 [0x00000001083e7fc0+0xd9]
J 10114 C1 org.omnetpp.sequencechart.widgets.SequenceChart.getFirstLastEventPtrForViewportRange(JJ)[J (135 bytes) @ 0x000000010827892c [0x0000000108277920+0x100c]
j  org.omnetpp.sequencechart.widgets.SequenceChart.adjustHorizontalScrollBar()V+24
j  org.omnetpp.sequencechart.widgets.SequenceChart.eventLogChanged()V+66
j  org.omnetpp.sequencechart.widgets.SequenceChart.access$12(Lorg/omnetpp/sequencechart/widgets/SequenceChart;)V+1
j  org.omnetpp.sequencechart.widgets.SequenceChart$13.run()V+4
J 11395 C1 org.eclipse.swt.widgets.RunnableLock.run(Lorg/eclipse/swt/widgets/Display;)V (50 bytes) @ 0x0000000107799bd4 [0x0000000107799a80+0x154]
J 10975 C1 org.eclipse.swt.widgets.Synchronizer.runAsyncMessages(Z)Z (188 bytes) @ 0x0000000107641ac4 [0x0000000107641820+0x2a4]
J 16993 C1 org.eclipse.swt.widgets.Display.readAndDispatch()Z (249 bytes) @ 0x000000010953682c [0x0000000109535b20+0xd0c]
j  org.eclipse.e4.ui.internal.workbench.swt.PartRenderingEngine$5.run()V+564
j  org.eclipse.core.databinding.observable.Realm.runWithDefault(Lorg/eclipse/core/databinding/observable/Realm;Ljava/lang/Runnable;)V+12
j  org.eclipse.e4.ui.internal.workbench.swt.PartRenderingEngine.run(Lorg/eclipse/e4/ui/model/application/MApplicationElement;Lorg/eclipse/e4/core/contexts/IEclipseContext;)Ljava/lang/Object;+57
j  org.eclipse.e4.ui.internal.workbench.E4Workbench.createAndRunUI(Lorg/eclipse/e4/ui/model/application/MApplicationElement;)V+20
j  org.eclipse.ui.internal.Workbench.lambda$3(Lorg/eclipse/swt/widgets/Display;Lorg/eclipse/ui/application/WorkbenchAdvisor;[I)V+451
j  org.eclipse.ui.internal.Workbench$$Lambda$66.run()V+12
j  org.eclipse.core.databinding.observable.Realm.runWithDefault(Lorg/eclipse/core/databinding/observable/Realm;Ljava/lang/Runnable;)V+12
j  org.eclipse.ui.internal.Workbench.createAndRunWorkbench(Lorg/eclipse/swt/widgets/Display;Lorg/eclipse/ui/application/WorkbenchAdvisor;)I+16
j  org.eclipse.ui.PlatformUI.createAndRunWorkbench(Lorg/eclipse/swt/widgets/Display;Lorg/eclipse/ui/application/WorkbenchAdvisor;)I+2
j  org.eclipse.ui.internal.ide.application.IDEApplication.start(Lorg/eclipse/equinox/app/IApplicationContext;)Ljava/lang/Object;+113
j  org.eclipse.equinox.internal.app.EclipseAppHandle.run(Ljava/lang/Object;)Ljava/lang/Object;+135
j  org.eclipse.core.runtime.internal.adaptor.EclipseAppLauncher.runApplication(Ljava/lang/Object;)Ljava/lang/Object;+85
j  org.eclipse.core.runtime.internal.adaptor.EclipseAppLauncher.start(Ljava/lang/Object;)Ljava/lang/Object;+82
j  org.eclipse.core.runtime.adaptor.EclipseStarter.run(Ljava/lang/Object;)Ljava/lang/Object;+105
j  org.eclipse.core.runtime.adaptor.EclipseStarter.run([Ljava/lang/String;Ljava/lang/Runnable;)Ljava/lang/Object;+132
v  ~StubRoutines::call_stub
V  [libjvm.dylib+0x2ee70a]  JavaCalls::call_helper(JavaValue*, methodHandle*, JavaCallArguments*, Thread*)+0x6ae
V  [libjvm.dylib+0x4d3c0c]  Reflection::invoke(instanceKlassHandle, methodHandle, Handle, bool, objArrayHandle, BasicType, objArrayHandle, bool, Thread*)+0xe12
V  [libjvm.dylib+0x4d4140]  Reflection::invoke_method(oopDesc*, Handle, objArrayHandle, Thread*)+0x16c
V  [libjvm.dylib+0x346b0c]  JVM_InvokeMethod+0x166
j  sun.reflect.NativeMethodAccessorImpl.invoke0(Ljava/lang/reflect/Method;Ljava/lang/Object;[Ljava/lang/Object;)Ljava/lang/Object;+0
j  sun.reflect.NativeMethodAccessorImpl.invoke(Ljava/lang/Object;[Ljava/lang/Object;)Ljava/lang/Object;+100
j  sun.reflect.DelegatingMethodAccessorImpl.invoke(Ljava/lang/Object;[Ljava/lang/Object;)Ljava/lang/Object;+6
j  java.lang.reflect.Method.invoke(Ljava/lang/Object;[Ljava/lang/Object;)Ljava/lang/Object;+56
j  org.eclipse.equinox.launcher.Main.invokeFramework([Ljava/lang/String;[Ljava/net/URL;)V+205
j  org.eclipse.equinox.launcher.Main.basicRun([Ljava/lang/String;)V+160
j  org.eclipse.equinox.launcher.Main.run([Ljava/lang/String;)I+4
v  ~StubRoutines::call_stub
V  [libjvm.dylib+0x2ee70a]  JavaCalls::call_helper(JavaValue*, methodHandle*, JavaCallArguments*, Thread*)+0x6ae
V  [libjvm.dylib+0x3258b9]  jni_invoke_nonstatic(JNIEnv_*, JavaValue*, _jobject*, JNICallType, _jmethodID*, JNI_ArgumentPusher*, Thread*)+0x2ec
V  [libjvm.dylib+0x316efe]  jni_CallIntMethod+0x16b
C  [eclipse_1629.so+0x6dc3]  startJavaJNI+0x833
C  [eclipse_1629.so+0x310e]  _run+0x170e
C  [eclipse_1629.so+0x165a]  run+0x19a
C  [omnetpp+0x1959]  original_main+0x559
C  [omnetpp+0x22e5]  main+0x665
C  [libdyld.dylib+0x5235]  start+0x1
C  0x0000000000000003

Java frames: (J=compiled Java code, j=interpreted, Vv=VM code)
J 10621  org.omnetpp.eventlog.engine.EventLogEngineJNI.SequenceChartFacade_getFirstEventNotBeforeTimelineCoordinate(JLorg/omnetpp/eventlog/engine/SequenceChartFacade;D)J (0 bytes) @ 0x00000001083e8015 [0x00000001083e7fc0+0x55]
J 10114 C1 org.omnetpp.sequencechart.widgets.SequenceChart.getFirstLastEventPtrForViewportRange(JJ)[J (135 bytes) @ 0x000000010827892c [0x0000000108277920+0x100c]
j  org.omnetpp.sequencechart.widgets.SequenceChart.adjustHorizontalScrollBar()V+24
j  org.omnetpp.sequencechart.widgets.SequenceChart.eventLogChanged()V+66
j  org.omnetpp.sequencechart.widgets.SequenceChart.access$12(Lorg/omnetpp/sequencechart/widgets/SequenceChart;)V+1
j  org.omnetpp.sequencechart.widgets.SequenceChart$13.run()V+4
J 11395 C1 org.eclipse.swt.widgets.RunnableLock.run(Lorg/eclipse/swt/widgets/Display;)V (50 bytes) @ 0x0000000107799bd4 [0x0000000107799a80+0x154]
J 10975 C1 org.eclipse.swt.widgets.Synchronizer.runAsyncMessages(Z)Z (188 bytes) @ 0x0000000107641ac4 [0x0000000107641820+0x2a4]
J 16993 C1 org.eclipse.swt.widgets.Display.readAndDispatch()Z (249 bytes) @ 0x000000010953682c [0x0000000109535b20+0xd0c]
j  org.eclipse.e4.ui.internal.workbench.swt.PartRenderingEngine$5.run()V+564
j  org.eclipse.core.databinding.observable.Realm.runWithDefault(Lorg/eclipse/core/databinding/observable/Realm;Ljava/lang/Runnable;)V+12
j  org.eclipse.e4.ui.internal.workbench.swt.PartRenderingEngine.run(Lorg/eclipse/e4/ui/model/application/MApplicationElement;Lorg/eclipse/e4/core/contexts/IEclipseContext;)Ljava/lang/Object;+57
j  org.eclipse.e4.ui.internal.workbench.E4Workbench.createAndRunUI(Lorg/eclipse/e4/ui/model/application/MApplicationElement;)V+20
j  org.eclipse.ui.internal.Workbench.lambda$3(Lorg/eclipse/swt/widgets/Display;Lorg/eclipse/ui/application/WorkbenchAdvisor;[I)V+451
j  org.eclipse.ui.internal.Workbench$$Lambda$66.run()V+12
j  org.eclipse.core.databinding.observable.Realm.runWithDefault(Lorg/eclipse/core/databinding/observable/Realm;Ljava/lang/Runnable;)V+12
j  org.eclipse.ui.internal.Workbench.createAndRunWorkbench(Lorg/eclipse/swt/widgets/Display;Lorg/eclipse/ui/application/WorkbenchAdvisor;)I+16
j  org.eclipse.ui.PlatformUI.createAndRunWorkbench(Lorg/eclipse/swt/widgets/Display;Lorg/eclipse/ui/application/WorkbenchAdvisor;)I+2
j  org.eclipse.ui.internal.ide.application.IDEApplication.start(Lorg/eclipse/equinox/app/IApplicationContext;)Ljava/lang/Object;+113
j  org.eclipse.equinox.internal.app.EclipseAppHandle.run(Ljava/lang/Object;)Ljava/lang/Object;+135
j  org.eclipse.core.runtime.internal.adaptor.EclipseAppLauncher.runApplication(Ljava/lang/Object;)Ljava/lang/Object;+85
j  org.eclipse.core.runtime.internal.adaptor.EclipseAppLauncher.start(Ljava/lang/Object;)Ljava/lang/Object;+82
j  org.eclipse.core.runtime.adaptor.EclipseStarter.run(Ljava/lang/Object;)Ljava/lang/Object;+105
j  org.eclipse.core.runtime.adaptor.EclipseStarter.run([Ljava/lang/String;Ljava/lang/Runnable;)Ljava/lang/Object;+132
v  ~StubRoutines::call_stub
j  sun.reflect.NativeMethodAccessorImpl.invoke0(Ljava/lang/reflect/Method;Ljava/lang/Object;[Ljava/lang/Object;)Ljava/lang/Object;+0
j  sun.reflect.NativeMethodAccessorImpl.invoke(Ljava/lang/Object;[Ljava/lang/Object;)Ljava/lang/Object;+100
j  sun.reflect.DelegatingMethodAccessorImpl.invoke(Ljava/lang/Object;[Ljava/lang/Object;)Ljava/lang/Object;+6
j  java.lang.reflect.Method.invoke(Ljava/lang/Object;[Ljava/lang/Object;)Ljava/lang/Object;+56
j  org.eclipse.equinox.launcher.Main.invokeFramework([Ljava/lang/String;[Ljava/net/URL;)V+205
j  org.eclipse.equinox.launcher.Main.basicRun([Ljava/lang/String;)V+160
j  org.eclipse.equinox.launcher.Main.run([Ljava/lang/String;)I+4
v  ~StubRoutines::call_stub

---------------  P R O C E S S  ---------------

Java Threads: ( => current thread )
  0x00007fa64eae4800 JavaThread "Worker-18" [_thread_blocked, id=84107, stack(0x00007000124ab000,0x00007000125ab000)]
  0x00007fa64f491000 JavaThread "Java2D Disposer" daemon [_thread_blocked, id=32331, stack(0x0000700011c93000,0x0000700011d93000)]
  0x00007fa64e9e3800 JavaThread "Java2D Queue Flusher" daemon [_thread_blocked, id=76599, stack(0x0000700011a8d000,0x0000700011b8d000)]
  0x00007fa657550000 JavaThread "Worker-17" [_thread_blocked, id=81411, stack(0x00007000121a2000,0x00007000122a2000)]
  0x00007fa64f65e800 JavaThread "Worker-16" [_thread_blocked, id=80947, stack(0x000070001209f000,0x000070001219f000)]
  0x00007fa6564fd000 JavaThread "process reaper" daemon [_thread_blocked, id=70287, stack(0x0000700010fec000,0x0000700011014000)]
  0x00007fa64da04800 JavaThread "org.eclipse.jface.text.reconciler.MonoReconciler" daemon [_thread_blocked, id=72803, stack(0x000070001198a000,0x0000700011a8a000)]
  0x00007fa6539ea800 JavaThread "Worker-15" [_thread_blocked, id=5407, stack(0x0000700011887000,0x0000700011987000)]
  0x00007fa652710800 JavaThread "Worker-14" [_thread_blocked, id=78615, stack(0x0000700011b90000,0x0000700011c90000)]
  0x00007fa653b12000 JavaThread "Worker-13" [_thread_blocked, id=76931, stack(0x0000700011681000,0x0000700011781000)]
  0x00007fa64f5d5000 JavaThread "org.eclipse.cdt.internal.ui.text.CReconciler" daemon [_thread_blocked, id=72475, stack(0x000070001157e000,0x000070001167e000)]
  0x00007fa65352b000 JavaThread "Worker-9" [_thread_blocked, id=74243, stack(0x0000700011d96000,0x0000700011e96000)]
  0x00007fa64d940000 JavaThread "Worker-3" [_thread_blocked, id=71171, stack(0x0000700011784000,0x0000700011884000)]
  0x00007fa64dd20000 JavaThread "EventAdmin Async Event Dispatcher Thread" daemon [_thread_blocked, id=68107, stack(0x000070001147b000,0x000070001157b000)]
  0x00007fa652e67800 JavaThread "org.eclipse.cdt.internal.ui.text.CReconciler" daemon [_thread_blocked, id=69899, stack(0x0000700011272000,0x0000700011372000)]
  0x00007fa64e67f800 JavaThread "Bundle File Closer" daemon [_thread_blocked, id=65283, stack(0x000070001116f000,0x000070001126f000)]
  0x00007fa64e09e000 JavaThread "EMF Reference Cleaner" daemon [_thread_blocked, id=62475, stack(0x000070001106c000,0x000070001116c000)]
  0x00007fa64da76000 JavaThread "Worker-JM" [_thread_blocked, id=51975, stack(0x0000700010de3000,0x0000700010ee3000)]
  0x00007fa64e1e2000 JavaThread "SCR Component Actor" daemon [_thread_blocked, id=50947, stack(0x0000700010ce0000,0x0000700010de0000)]
  0x00007fa64eaab000 JavaThread "Framework Event Dispatcher: org.eclipse.osgi.internal.framework.EquinoxEventPublisher@5be067de" daemon [_thread_blocked, id=46339, stack(0x0000700010bdd000,0x0000700010cdd000)]
  0x00007fa64eaaa000 JavaThread "Start Level: Equinox Container: 3674e852-d625-4587-9852-50522e5e2a2a" daemon [_thread_blocked, id=45831, stack(0x0000700010ada000,0x0000700010bda000)]
  0x00007fa64e15e000 JavaThread "Active Thread: Equinox Container: 3674e852-d625-4587-9852-50522e5e2a2a" [_thread_blocked, id=45575, stack(0x00007000109d7000,0x0000700010ad7000)]
  0x00007fa64f03f800 JavaThread "Service Thread" daemon [_thread_blocked, id=27907, stack(0x000070001074e000,0x000070001084e000)]
  0x00007fa64e044000 JavaThread "C1 CompilerThread2" daemon [_thread_blocked, id=27395, stack(0x000070001064b000,0x000070001074b000)]
  0x00007fa64e80d000 JavaThread "C2 CompilerThread1" daemon [_thread_blocked, id=26883, stack(0x0000700010548000,0x0000700010648000)]
  0x00007fa64f02b800 JavaThread "C2 CompilerThread0" daemon [_thread_blocked, id=26371, stack(0x0000700010445000,0x0000700010545000)]
  0x00007fa64f00f000 JavaThread "Signal Dispatcher" daemon [_thread_blocked, id=25859, stack(0x0000700010342000,0x0000700010442000)]
  0x00007fa64d86a000 JavaThread "Finalizer" daemon [_thread_blocked, id=24579, stack(0x000070001023f000,0x000070001033f000)]
  0x00007fa64d867800 JavaThread "Reference Handler" daemon [_thread_blocked, id=24067, stack(0x000070001013c000,0x000070001023c000)]
=>0x00007fa64e045000 JavaThread "main" [_thread_in_native, id=775, stack(0x00007fff5c8d9000,0x00007fff5d0d9000)]

Other Threads:
  0x00007fa64d863000 VMThread [stack: 0x0000700010039000,0x0000700010139000] [id=23555]
  0x00007fa64d839000 WatcherThread [stack: 0x0000700010851000,0x0000700010951000] [id=28419]

VM state:not at safepoint (normal execution)

VM Mutex/Monitor currently owned by a thread: None

Heap:
 PSYoungGen      total 326656K, used 114382K [0x000000076ab00000, 0x0000000783200000, 0x00000007c0000000)
  eden space 263168K, 25% used [0x000000076ab00000,0x000000076ec46a58,0x000000077ac00000)
  from space 63488K, 74% used [0x000000077ec80000,0x0000000781aeceb8,0x0000000782a80000)
  to   space 66048K, 0% used [0x000000077ac00000,0x000000077ac00000,0x000000077ec80000)
 ParOldGen       total 471552K, used 76283K [0x00000006c0000000, 0x00000006dcc80000, 0x000000076ab00000)
  object space 471552K, 16% used [0x00000006c0000000,0x00000006c4a7ec88,0x00000006dcc80000)
 Metaspace       used 98984K, capacity 107206K, committed 107392K, reserved 1142784K
  class space    used 12229K, capacity 14445K, committed 14464K, reserved 1048576K

Card table byte_map: [0x0000000115c02000,0x0000000116403000] byte_map_base: 0x0000000112602000

Marking Bits: (ParMarkBitMap*) 0x000000010618e5d0
 Begin Bits: [0x0000000116959000, 0x000000011a959000)
 End Bits:   [0x000000011a959000, 0x000000011e959000)

Polling page: 0x0000000102d3a000

CodeCache: size=245760Kb used=46791Kb max_used=46938Kb free=198968Kb
 bounds [0x0000000106842000, 0x0000000109682000, 0x0000000115842000]
 total_blobs=14172 nmethods=13271 adapters=809
 compilation: enabled

Compilation events (10 events):
Event: 166.055 Thread 0x00007fa64e044000 17434       3       org.eclipse.swt.dnd.DNDListener::<init> (6 bytes)
Event: 166.055 Thread 0x00007fa64e80d000 17435       4       org.eclipse.egit.ui.internal.clone.GitCloneDropAdapter::hookRecursive (80 bytes)
Event: 166.056 Thread 0x00007fa64e044000 nmethod 17434 0x0000000106be1ed0 code [0x0000000106be2040, 0x0000000106be2270]
Event: 166.057 Thread 0x00007fa64e044000 17436       3       org.eclipse.ui.editors.text.TextFileDocumentProvider::isModifiable (62 bytes)
Event: 166.058 Thread 0x00007fa64e044000 nmethod 17436 0x0000000107d43710 code [0x0000000107d43940, 0x0000000107d446f8]
Event: 166.066 Thread 0x00007fa64e80d000 nmethod 17435 0x000000010741ddd0 code [0x000000010741e000, 0x000000010741ea00]
Event: 166.094 Thread 0x00007fa64e044000 17437       3       org.eclipse.swt.custom.StyledText::getLineHeight (118 bytes)
Event: 166.095 Thread 0x00007fa64e044000 nmethod 17437 0x000000010944bc50 code [0x000000010944bf00, 0x000000010944d098]
Event: 166.098 Thread 0x00007fa64f02b800 17438       4       org.eclipse.jface.text.ListLineTracker::getLineInformation (129 bytes)
Event: 166.102 Thread 0x00007fa64f02b800 nmethod 17438 0x0000000106ae4310 code [0x0000000106ae44c0, 0x0000000106ae48b8]

GC Heap History (10 events):
Event: 140.084 GC heap before
{Heap before GC invocations=22 (full 4):
 PSYoungGen      total 242176K, used 200844K [0x000000076ab00000, 0x000000077e800000, 0x00000007c0000000)
  eden space 187392K, 100% used [0x000000076ab00000,0x0000000776200000,0x0000000776200000)
  from space 54784K, 24% used [0x0000000776200000,0x0000000776f23370,0x0000000779780000)
  to   space 54784K, 0% used [0x000000077b280000,0x000000077b280000,0x000000077e800000)
 ParOldGen       total 471552K, used 76251K [0x00000006c0000000, 0x00000006dcc80000, 0x000000076ab00000)
  object space 471552K, 16% used [0x00000006c0000000,0x00000006c4a76c88,0x00000006dcc80000)
 Metaspace       used 91811K, capacity 99550K, committed 99712K, reserved 1136640K
  class space    used 11312K, capacity 13404K, committed 13440K, reserved 1048576K
Event: 140.122 GC heap after
Heap after GC invocations=22 (full 4):
 PSYoungGen      total 268288K, used 39526K [0x000000076ab00000, 0x000000077ed00000, 0x00000007c0000000)
  eden space 213504K, 0% used [0x000000076ab00000,0x000000076ab00000,0x0000000777b80000)
  from space 54784K, 72% used [0x000000077b280000,0x000000077d919a38,0x000000077e800000)
  to   space 56320K, 0% used [0x0000000777b80000,0x0000000777b80000,0x000000077b280000)
 ParOldGen       total 471552K, used 76259K [0x00000006c0000000, 0x00000006dcc80000, 0x000000076ab00000)
  object space 471552K, 16% used [0x00000006c0000000,0x00000006c4a78c88,0x00000006dcc80000)
 Metaspace       used 91811K, capacity 99550K, committed 99712K, reserved 1136640K
  class space    used 11312K, capacity 13404K, committed 13440K, reserved 1048576K
}
Event: 144.991 GC heap before
{Heap before GC invocations=23 (full 4):
 PSYoungGen      total 268288K, used 253030K [0x000000076ab00000, 0x000000077ed00000, 0x00000007c0000000)
  eden space 213504K, 100% used [0x000000076ab00000,0x0000000777b80000,0x0000000777b80000)
  from space 54784K, 72% used [0x000000077b280000,0x000000077d919a38,0x000000077e800000)
  to   space 56320K, 0% used [0x0000000777b80000,0x0000000777b80000,0x000000077b280000)
 ParOldGen       total 471552K, used 76259K [0x00000006c0000000, 0x00000006dcc80000, 0x000000076ab00000)
  object space 471552K, 16% used [0x00000006c0000000,0x00000006c4a78c88,0x00000006dcc80000)
 Metaspace       used 94489K, capacity 102422K, committed 102528K, reserved 1138688K
  class space    used 11726K, capacity 13929K, committed 13952K, reserved 1048576K
Event: 145.014 GC heap after
Heap after GC invocations=23 (full 4):
 PSYoungGen      total 269824K, used 42585K [0x000000076ab00000, 0x0000000780b80000, 0x00000007c0000000)
  eden space 213504K, 0% used [0x000000076ab00000,0x000000076ab00000,0x0000000777b80000)
  from space 56320K, 75% used [0x0000000777b80000,0x000000077a516490,0x000000077b280000)
  to   space 58880K, 0% used [0x000000077d200000,0x000000077d200000,0x0000000780b80000)
 ParOldGen       total 471552K, used 76267K [0x00000006c0000000, 0x00000006dcc80000, 0x000000076ab00000)
  object space 471552K, 16% used [0x00000006c0000000,0x00000006c4a7ac88,0x00000006dcc80000)
 Metaspace       used 94489K, capacity 102422K, committed 102528K, reserved 1138688K
  class space    used 11726K, capacity 13929K, committed 13952K, reserved 1048576K
}
Event: 150.274 GC heap before
{Heap before GC invocations=24 (full 4):
 PSYoungGen      total 269824K, used 256089K [0x000000076ab00000, 0x0000000780b80000, 0x00000007c0000000)
  eden space 213504K, 100% used [0x000000076ab00000,0x0000000777b80000,0x0000000777b80000)
  from space 56320K, 75% used [0x0000000777b80000,0x000000077a516490,0x000000077b280000)
  to   space 58880K, 0% used [0x000000077d200000,0x000000077d200000,0x0000000780b80000)
 ParOldGen       total 471552K, used 76267K [0x00000006c0000000, 0x00000006dcc80000, 0x000000076ab00000)
  object space 471552K, 16% used [0x00000006c0000000,0x00000006c4a7ac88,0x00000006dcc80000)
 Metaspace       used 95230K, capacity 103482K, committed 103680K, reserved 1138688K
  class space    used 11817K, capacity 14041K, committed 14080K, reserved 1048576K
Event: 150.306 GC heap after
Heap after GC invocations=24 (full 4):
 PSYoungGen      total 299008K, used 41035K [0x000000076ab00000, 0x0000000780b80000, 0x00000007c0000000)
  eden space 240128K, 0% used [0x000000076ab00000,0x000000076ab00000,0x0000000779580000)
  from space 58880K, 69% used [0x000000077d200000,0x000000077fa12c40,0x0000000780b80000)
  to   space 60416K, 0% used [0x0000000779580000,0x0000000779580000,0x000000077d080000)
 ParOldGen       total 471552K, used 76275K [0x00000006c0000000, 0x00000006dcc80000, 0x000000076ab00000)
  object space 471552K, 16% used [0x00000006c0000000,0x00000006c4a7cc88,0x00000006dcc80000)
 Metaspace       used 95230K, capacity 103482K, committed 103680K, reserved 1138688K
  class space    used 11817K, capacity 14041K, committed 14080K, reserved 1048576K
}
Event: 157.060 GC heap before
{Heap before GC invocations=25 (full 4):
 PSYoungGen      total 299008K, used 281018K [0x000000076ab00000, 0x0000000780b80000, 0x00000007c0000000)
  eden space 240128K, 99% used [0x000000076ab00000,0x000000077955be70,0x0000000779580000)
  from space 58880K, 69% used [0x000000077d200000,0x000000077fa12c40,0x0000000780b80000)
  to   space 60416K, 0% used [0x0000000779580000,0x0000000779580000,0x000000077d080000)
 ParOldGen       total 471552K, used 76275K [0x00000006c0000000, 0x00000006dcc80000, 0x000000076ab00000)
  object space 471552K, 16% used [0x00000006c0000000,0x00000006c4a7cc88,0x00000006dcc80000)
 Metaspace       used 98784K, capacity 107142K, committed 107392K, reserved 1142784K
  class space    used 12226K, capacity 14445K, committed 14464K, reserved 1048576K
Event: 157.082 GC heap after
Heap after GC invocations=25 (full 4):
 PSYoungGen      total 300544K, used 47930K [0x000000076ab00000, 0x0000000782a80000, 0x00000007c0000000)
  eden space 240128K, 0% used [0x000000076ab00000,0x000000076ab00000,0x0000000779580000)
  from space 60416K, 79% used [0x0000000779580000,0x000000077c44eab8,0x000000077d080000)
  to   space 63488K, 0% used [0x000000077ec80000,0x000000077ec80000,0x0000000782a80000)
 ParOldGen       total 471552K, used 76283K [0x00000006c0000000, 0x00000006dcc80000, 0x000000076ab00000)
  object space 471552K, 16% used [0x00000006c0000000,0x00000006c4a7ec88,0x00000006dcc80000)
 Metaspace       used 98784K, capacity 107142K, committed 107392K, reserved 1142784K
  class space    used 12226K, capacity 14445K, committed 14464K, reserved 1048576K
}
Event: 158.915 GC heap before
{Heap before GC invocations=26 (full 4):
 PSYoungGen      total 300544K, used 286954K [0x000000076ab00000, 0x0000000782a80000, 0x00000007c0000000)
  eden space 240128K, 99% used [0x000000076ab00000,0x000000077946bf00,0x0000000779580000)
  from space 60416K, 79% used [0x0000000779580000,0x000000077c44eab8,0x000000077d080000)
  to   space 63488K, 0% used [0x000000077ec80000,0x000000077ec80000,0x0000000782a80000)
 ParOldGen       total 471552K, used 76283K [0x00000006c0000000, 0x00000006dcc80000, 0x000000076ab00000)
  object space 471552K, 16% used [0x00000006c0000000,0x00000006c4a7ec88,0x00000006dcc80000)
 Metaspace       used 98812K, capacity 107142K, committed 107392K, reserved 1142784K
  class space    used 12226K, capacity 14445K, committed 14464K, reserved 1048576K
Event: 158.945 GC heap after
Heap after GC invocations=26 (full 4):
 PSYoungGen      total 326656K, used 47539K [0x000000076ab00000, 0x0000000783200000, 0x00000007c0000000)
  eden space 263168K, 0% used [0x000000076ab00000,0x000000076ab00000,0x000000077ac00000)
  from space 63488K, 74% used [0x000000077ec80000,0x0000000781aeceb8,0x0000000782a80000)
  to   space 66048K, 0% used [0x000000077ac00000,0x000000077ac00000,0x000000077ec80000)
 ParOldGen       total 471552K, used 76283K [0x00000006c0000000, 0x00000006dcc80000, 0x000000076ab00000)
  object space 471552K, 16% used [0x00000006c0000000,0x00000006c4a7ec88,0x00000006dcc80000)
 Metaspace       used 98812K, capacity 107142K, committed 107392K, reserved 1142784K
  class space    used 12226K, capacity 14445K, committed 14464K, reserved 1048576K
}

Deoptimization events (10 events):
Event: 159.246 Thread 0x00007fa64d940000 Uncommon trap: reason=bimorphic action=maybe_recompile pc=0x0000000109326a44 method=org.eclipse.core.internal.resources.Resource$1.visitElement(Lorg/eclipse/core/internal/watson/ElementTree;Lorg/eclipse/core/internal/watson/IPathRequestor;Ljava/lang/Objec
Event: 159.246 Thread 0x00007fa64d940000 Uncommon trap: reason=bimorphic action=maybe_recompile pc=0x0000000109326a44 method=org.eclipse.core.internal.resources.Resource$1.visitElement(Lorg/eclipse/core/internal/watson/ElementTree;Lorg/eclipse/core/internal/watson/IPathRequestor;Ljava/lang/Objec
Event: 159.246 Thread 0x00007fa64d940000 Uncommon trap: reason=bimorphic action=maybe_recompile pc=0x0000000109326a44 method=org.eclipse.core.internal.resources.Resource$1.visitElement(Lorg/eclipse/core/internal/watson/ElementTree;Lorg/eclipse/core/internal/watson/IPathRequestor;Ljava/lang/Objec
Event: 159.247 Thread 0x00007fa64d940000 Uncommon trap: reason=bimorphic action=maybe_recompile pc=0x0000000109326a44 method=org.eclipse.core.internal.resources.Resource$1.visitElement(Lorg/eclipse/core/internal/watson/ElementTree;Lorg/eclipse/core/internal/watson/IPathRequestor;Ljava/lang/Objec
Event: 159.247 Thread 0x00007fa64e045000 Uncommon trap: reason=unstable_if action=reinterpret pc=0x0000000108f410b4 method=org.eclipse.core.internal.resources.ProjectPreferences.silentLoad()V @ 25
Event: 159.258 Thread 0x00007fa64f65e800 Uncommon trap: reason=unstable_if action=reinterpret pc=0x00000001092343c0 method=org.eclipse.debug.internal.ui.views.console.ProcessConsole$StreamListener.streamAppended(Ljava/lang/String;Lorg/eclipse/debug/core/model/IStreamMonitor;)V @ 12
Event: 159.273 Thread 0x00007fa64f65e800 Uncommon trap: reason=unstable_if action=reinterpret pc=0x000000010913ecec method=org.eclipse.ui.console.IOConsoleOutputStream.notifyParitioner(Ljava/lang/String;)V @ 13
Event: 159.274 Thread 0x00007fa64e045000 Uncommon trap: reason=class_check action=maybe_recompile pc=0x00000001094480b0 method=org.eclipse.jface.text.AbstractLineTracker.getLineLength(I)I @ 9
Event: 159.354 Thread 0x00007fa64e045000 Uncommon trap: reason=class_check action=maybe_recompile pc=0x0000000107892b44 method=org.eclipse.jface.text.AbstractLineTracker.getLineLength(I)I @ 9
Event: 166.054 Thread 0x00007fa64e045000 Uncommon trap: reason=unstable_if action=reinterpret pc=0x0000000109429960 method=org.eclipse.jface.text.TreeLineTracker.updateLength(Lorg/eclipse/jface/text/TreeLineTracker$Node;I)V @ 23

Internal exceptions (10 events):
Event: 159.263 Thread 0x00007fa6539ea800 Exception <a 'sun/nio/fs/UnixException'> (0x000000076dc12868) thrown at [/Users/java_re/workspace/8-2-build-macosx-x86_64/jdk8u144/9417/hotspot/src/share/vm/prims/jni.cpp, line 709]
Event: 159.264 Thread 0x00007fa6539ea800 Exception <a 'sun/nio/fs/UnixException'> (0x000000076dcc2328) thrown at [/Users/java_re/workspace/8-2-build-macosx-x86_64/jdk8u144/9417/hotspot/src/share/vm/prims/jni.cpp, line 709]
Event: 159.264 Thread 0x00007fa6539ea800 Exception <a 'sun/nio/fs/UnixException'> (0x000000076dcc2b20) thrown at [/Users/java_re/workspace/8-2-build-macosx-x86_64/jdk8u144/9417/hotspot/src/share/vm/prims/jni.cpp, line 709]
Event: 159.448 Thread 0x00007fa652710800 Exception <a 'sun/nio/fs/UnixException'> (0x000000076bfca5e0) thrown at [/Users/java_re/workspace/8-2-build-macosx-x86_64/jdk8u144/9417/hotspot/src/share/vm/prims/jni.cpp, line 709]
Event: 159.478 Thread 0x00007fa652710800 Exception <a 'sun/nio/fs/UnixException'> (0x000000076e45e830) thrown at [/Users/java_re/workspace/8-2-build-macosx-x86_64/jdk8u144/9417/hotspot/src/share/vm/prims/jni.cpp, line 709]
Event: 159.479 Thread 0x00007fa652710800 Exception <a 'sun/nio/fs/UnixException'> (0x000000076e4b26c8) thrown at [/Users/java_re/workspace/8-2-build-macosx-x86_64/jdk8u144/9417/hotspot/src/share/vm/prims/jni.cpp, line 709]
Event: 159.482 Thread 0x00007fa652710800 Exception <a 'sun/nio/fs/UnixException'> (0x000000076e566c50) thrown at [/Users/java_re/workspace/8-2-build-macosx-x86_64/jdk8u144/9417/hotspot/src/share/vm/prims/jni.cpp, line 709]
Event: 159.483 Thread 0x00007fa652710800 Exception <a 'sun/nio/fs/UnixException'> (0x000000076e5b9ac0) thrown at [/Users/java_re/workspace/8-2-build-macosx-x86_64/jdk8u144/9417/hotspot/src/share/vm/prims/jni.cpp, line 709]
Event: 163.125 Thread 0x00007fa64e045000 Exception <a 'java/lang/RuntimeException': File changed: '/Volumes/LocalDataHD/m/ma/ma777/Desktop/omnetpp-5.2.1-hpc/omnetpp-5.2.1/samples/inet-myprojects/raptorqimplementation/results/General-#0.elog' has been appended> (0x000000076e8546d0) thrown at [/Us
Event: 166.044 Thread 0x00007fa64dfd2800 Exception <a 'java/lang/InterruptedException'> (0x000000076eb38a18) thrown at [/Users/java_re/workspace/8-2-build-macosx-x86_64/jdk8u144/9417/hotspot/src/share/vm/runtime/objectMonitor.cpp, line 1684]

Events (10 events):
Event: 166.044 Executing VM operation: RevokeBias
Event: 166.044 Executing VM operation: RevokeBias done
Event: 166.054 Thread 0x00007fa64e045000 Uncommon trap: trap_request=0xffffff65 fr.pc=0x0000000109429960
Event: 166.054 Thread 0x00007fa64e045000 DEOPT PACKING pc=0x0000000109429960 sp=0x00007fff5d0d5ed0
Event: 166.054 Thread 0x00007fa64e045000 DEOPT UNPACKING pc=0x0000000106847229 sp=0x00007fff5d0d5eb8 mode 2
Event: 166.057 Thread 0x00007fa64e044000 flushing nmethod 0x00000001090611d0
Event: 166.058 Thread 0x00007fa64e044000 flushing nmethod 0x000000010937d510
Event: 166.059 Thread 0x00007fa64e044000 flushing nmethod 0x00000001093be190
Event: 166.059 Thread 0x00007fa64e044000 flushing nmethod 0x000000010944b350
Event: 166.059 Thread 0x00007fa64e044000 flushing nmethod 0x00000001094fe0d0


Dynamic libraries:
0x000000002bfde000 	/System/Library/Frameworks/Cocoa.framework/Versions/A/Cocoa
0x000000002bfde000 	/usr/lib/libSystem.B.dylib
0x000000002bfde000 	/System/Library/Frameworks/AppKit.framework/Versions/C/AppKit
0x000000002bfde000 	/System/Library/Frameworks/ApplicationServices.framework/Versions/A/ApplicationServices
0x000000002bfde000 	/System/Library/Frameworks/CoreFoundation.framework/Versions/A/CoreFoundation
0x000000002bfde000 	/System/Library/Frameworks/CoreServices.framework/Versions/A/CoreServices
0x000000002bfde000 	/System/Library/Frameworks/Foundation.framework/Versions/C/Foundation
0x000000002bfde000 	/usr/lib/libobjc.A.dylib
0x000000002bfde000 	/System/Library/Frameworks/CoreData.framework/Versions/A/CoreData
0x000000002bfde000 	/System/Library/PrivateFrameworks/RemoteViewServices.framework/Versions/A/RemoteViewServices
0x000000002bfde000 	/System/Library/PrivateFrameworks/UIFoundation.framework/Versions/A/UIFoundation
0x000000002bfde000 	/System/Library/PrivateFrameworks/DFRFoundation.framework/Versions/A/DFRFoundation
0x000000002bfde000 	/usr/lib/libenergytrace.dylib
0x000000002bfde000 	/System/Library/PrivateFrameworks/SkyLight.framework/Versions/A/SkyLight
0x000000002bfde000 	/System/Library/Frameworks/CoreGraphics.framework/Versions/A/CoreGraphics
0x000000002bfde000 	/usr/lib/libScreenReader.dylib
0x000000002bfde000 	/System/Library/Frameworks/Accelerate.framework/Versions/A/Accelerate
0x000000002bfde000 	/System/Library/Frameworks/IOSurface.framework/Versions/A/IOSurface
0x000000002bfde000 	/System/Library/Frameworks/AudioToolbox.framework/Versions/A/AudioToolbox
0x000000002bfde000 	/System/Library/Frameworks/AudioUnit.framework/Versions/A/AudioUnit
0x000000002bfde000 	/System/Library/PrivateFrameworks/DataDetectorsCore.framework/Versions/A/DataDetectorsCore
0x000000002bfde000 	/System/Library/PrivateFrameworks/DesktopServicesPriv.framework/Versions/A/DesktopServicesPriv
0x000000002bfde000 	/System/Library/Frameworks/Carbon.framework/Versions/A/Frameworks/HIToolbox.framework/Versions/A/HIToolbox
0x000000002bfde000 	/usr/lib/libicucore.A.dylib
0x000000002bfde000 	/usr/lib/libz.1.dylib
0x000000002bfde000 	/System/Library/Frameworks/QuartzCore.framework/Versions/A/QuartzCore
0x000000002bfde000 	/System/Library/Frameworks/Security.framework/Versions/A/Security
0x000000002bfde000 	/System/Library/Frameworks/Carbon.framework/Versions/A/Frameworks/SpeechRecognition.framework/Versions/A/SpeechRecognition
0x000000002bfde000 	/usr/lib/libauto.dylib
0x000000002bfde000 	/usr/lib/libxml2.2.dylib
0x000000002bfde000 	/System/Library/PrivateFrameworks/CoreUI.framework/Versions/A/CoreUI
0x000000002bfde000 	/System/Library/Frameworks/CoreAudio.framework/Versions/A/CoreAudio
0x000000002bfde000 	/System/Library/Frameworks/DiskArbitration.framework/Versions/A/DiskArbitration
0x000000002bfde000 	/usr/lib/liblangid.dylib
0x000000002bfde000 	/System/Library/PrivateFrameworks/MultitouchSupport.framework/Versions/A/MultitouchSupport
0x000000002bfde000 	/System/Library/Frameworks/IOKit.framework/Versions/A/IOKit
0x000000002bfde000 	/usr/lib/libDiagnosticMessagesClient.dylib
0x000000002bfde000 	/System/Library/PrivateFrameworks/PerformanceAnalysis.framework/Versions/A/PerformanceAnalysis
0x000000002bfde000 	/System/Library/PrivateFrameworks/GenerationalStorage.framework/Versions/A/GenerationalStorage
0x000000002bfde000 	/System/Library/Frameworks/OpenGL.framework/Versions/A/OpenGL
0x000000002bfde000 	/System/Library/Frameworks/CoreImage.framework/Versions/A/CoreImage
0x000000002bfde000 	/System/Library/Frameworks/CoreText.framework/Versions/A/CoreText
0x000000002bfde000 	/System/Library/Frameworks/ImageIO.framework/Versions/A/ImageIO
0x000000002bfde000 	/System/Library/PrivateFrameworks/Backup.framework/Versions/A/Backup
0x000000002bfde000 	/usr/lib/libarchive.2.dylib
0x000000002bfde000 	/System/Library/Frameworks/CFNetwork.framework/Versions/A/CFNetwork
0x000000002bfde000 	/System/Library/Frameworks/SystemConfiguration.framework/Versions/A/SystemConfiguration
0x000000002bfde000 	/usr/lib/libCRFSuite.dylib
0x000000002bfde000 	/usr/lib/libc++.1.dylib
0x000000002bfde000 	/usr/lib/libc++abi.dylib
0x000000002bfde000 	/usr/lib/system/libcache.dylib
0x000000002bfde000 	/usr/lib/system/libcommonCrypto.dylib
0x000000002bfde000 	/usr/lib/system/libcompiler_rt.dylib
0x000000002bfde000 	/usr/lib/system/libcopyfile.dylib
0x000000002bfde000 	/usr/lib/system/libcorecrypto.dylib
0x000000002bfde000 	/usr/lib/system/libdispatch.dylib
0x000000002bfde000 	/usr/lib/system/libdyld.dylib
0x000000002bfde000 	/usr/lib/system/libkeymgr.dylib
0x000000002bfde000 	/usr/lib/system/liblaunch.dylib
0x000000002bfde000 	/usr/lib/system/libmacho.dylib
0x000000002bfde000 	/usr/lib/system/libquarantine.dylib
0x000000002bfde000 	/usr/lib/system/libremovefile.dylib
0x000000002bfde000 	/usr/lib/system/libsystem_asl.dylib
0x000000002bfde000 	/usr/lib/system/libsystem_blocks.dylib
0x000000002bfde000 	/usr/lib/system/libsystem_c.dylib
0x000000002bfde000 	/usr/lib/system/libsystem_configuration.dylib
0x000000002bfde000 	/usr/lib/system/libsystem_coreservices.dylib
0x000000002bfde000 	/usr/lib/system/libsystem_coretls.dylib
0x000000002bfde000 	/usr/lib/system/libsystem_dnssd.dylib
0x000000002bfde000 	/usr/lib/system/libsystem_info.dylib
0x000000002bfde000 	/usr/lib/system/libsystem_kernel.dylib
0x000000002bfde000 	/usr/lib/system/libsystem_m.dylib
0x000000002bfde000 	/usr/lib/system/libsystem_malloc.dylib
0x000000002bfde000 	/usr/lib/system/libsystem_network.dylib
0x000000002bfde000 	/usr/lib/system/libsystem_networkextension.dylib
0x000000002bfde000 	/usr/lib/system/libsystem_notify.dylib
0x000000002bfde000 	/usr/lib/system/libsystem_platform.dylib
0x000000002bfde000 	/usr/lib/system/libsystem_pthread.dylib
0x000000002bfde000 	/usr/lib/system/libsystem_sandbox.dylib
0x000000002bfde000 	/usr/lib/system/libsystem_secinit.dylib
0x000000002bfde000 	/usr/lib/system/libsystem_symptoms.dylib
0x000000002bfde000 	/usr/lib/system/libsystem_trace.dylib
0x000000002bfde000 	/usr/lib/system/libunwind.dylib
0x000000002bfde000 	/usr/lib/system/libxpc.dylib
0x000000002bfde000 	/usr/lib/libbsm.0.dylib
0x000000002bfde000 	/usr/lib/system/libkxld.dylib
0x000000002bfde000 	/usr/lib/libcoretls.dylib
0x000000002bfde000 	/usr/lib/libcoretls_cfhelpers.dylib
0x000000002bfde000 	/usr/lib/libOpenScriptingUtil.dylib
0x000000002bfde000 	/usr/lib/libpam.2.dylib
0x000000002bfde000 	/usr/lib/libsqlite3.dylib
0x000000002bfde000 	/usr/lib/libxar.1.dylib
0x000000002bfde000 	/usr/lib/libbz2.1.0.dylib
0x000000002bfde000 	/usr/lib/liblzma.5.dylib
0x000000002bfde000 	/usr/lib/libnetwork.dylib
0x000000002bfde000 	/usr/lib/libpcap.A.dylib
0x000000002bfde000 	/System/Library/Frameworks/CoreServices.framework/Versions/A/Frameworks/FSEvents.framework/Versions/A/FSEvents
0x000000002bfde000 	/System/Library/Frameworks/CoreServices.framework/Versions/A/Frameworks/CarbonCore.framework/Versions/A/CarbonCore
0x000000002bfde000 	/System/Library/Frameworks/CoreServices.framework/Versions/A/Frameworks/Metadata.framework/Versions/A/Metadata
0x000000002bfde000 	/System/Library/Frameworks/CoreServices.framework/Versions/A/Frameworks/OSServices.framework/Versions/A/OSServices
0x000000002bfde000 	/System/Library/Frameworks/CoreServices.framework/Versions/A/Frameworks/SearchKit.framework/Versions/A/SearchKit
0x000000002bfde000 	/System/Library/Frameworks/CoreServices.framework/Versions/A/Frameworks/AE.framework/Versions/A/AE
0x000000002bfde000 	/System/Library/Frameworks/CoreServices.framework/Versions/A/Frameworks/LaunchServices.framework/Versions/A/LaunchServices
0x000000002bfde000 	/System/Library/Frameworks/CoreServices.framework/Versions/A/Frameworks/DictionaryServices.framework/Versions/A/DictionaryServices
0x000000002bfde000 	/System/Library/Frameworks/CoreServices.framework/Versions/A/Frameworks/SharedFileList.framework/Versions/A/SharedFileList
0x000000002bfde000 	/System/Library/Frameworks/NetFS.framework/Versions/A/NetFS
0x000000002bfde000 	/System/Library/PrivateFrameworks/NetAuth.framework/Versions/A/NetAuth
0x000000002bfde000 	/System/Library/PrivateFrameworks/login.framework/Versions/A/Frameworks/loginsupport.framework/Versions/A/loginsupport
0x000000002bfde000 	/System/Library/PrivateFrameworks/TCC.framework/Versions/A/TCC
0x000000002bfde000 	/usr/lib/libmecabra.dylib
0x000000002bfde000 	/System/Library/Frameworks/ApplicationServices.framework/Versions/A/Frameworks/ATS.framework/Versions/A/ATS
0x000000002bfde000 	/System/Library/Frameworks/ApplicationServices.framework/Versions/A/Frameworks/ColorSync.framework/Versions/A/ColorSync
0x000000002bfde000 	/System/Library/Frameworks/ApplicationServices.framework/Versions/A/Frameworks/HIServices.framework/Versions/A/HIServices
0x000000002bfde000 	/System/Library/Frameworks/ApplicationServices.framework/Versions/A/Frameworks/LangAnalysis.framework/Versions/A/LangAnalysis
0x000000002bfde000 	/System/Library/Frameworks/ApplicationServices.framework/Versions/A/Frameworks/PrintCore.framework/Versions/A/PrintCore
0x000000002bfde000 	/System/Library/Frameworks/ApplicationServices.framework/Versions/A/Frameworks/QD.framework/Versions/A/QD
0x000000002bfde000 	/System/Library/Frameworks/ApplicationServices.framework/Versions/A/Frameworks/SpeechSynthesis.framework/Versions/A/SpeechSynthesis
0x000000002bfde000 	/System/Library/Frameworks/Accelerate.framework/Versions/A/Frameworks/vImage.framework/Versions/A/vImage
0x000000002bfde000 	/System/Library/Frameworks/Accelerate.framework/Versions/A/Frameworks/vecLib.framework/Versions/A/vecLib
0x000000002bfde000 	/System/Library/Frameworks/Accelerate.framework/Versions/A/Frameworks/vecLib.framework/Versions/A/libvDSP.dylib
0x000000002bfde000 	/System/Library/Frameworks/Accelerate.framework/Versions/A/Frameworks/vecLib.framework/Versions/A/libBNNS.dylib
0x000000002bfde000 	/System/Library/Frameworks/Accelerate.framework/Versions/A/Frameworks/vecLib.framework/Versions/A/libQuadrature.dylib
0x000000002bfde000 	/System/Library/Frameworks/Accelerate.framework/Versions/A/Frameworks/vecLib.framework/Versions/A/libvMisc.dylib
0x000000002bfde000 	/System/Library/Frameworks/Accelerate.framework/Versions/A/Frameworks/vecLib.framework/Versions/A/libLAPACK.dylib
0x000000002bfde000 	/System/Library/Frameworks/Accelerate.framework/Versions/A/Frameworks/vecLib.framework/Versions/A/libBLAS.dylib
0x000000002bfde000 	/System/Library/Frameworks/Accelerate.framework/Versions/A/Frameworks/vecLib.framework/Versions/A/libLinearAlgebra.dylib
0x000000002bfde000 	/System/Library/Frameworks/Accelerate.framework/Versions/A/Frameworks/vecLib.framework/Versions/A/libSparseBLAS.dylib
0x000000002bfde000 	/System/Library/Frameworks/ApplicationServices.framework/Versions/A/Frameworks/ATS.framework/Versions/A/Resources/libFontParser.dylib
0x000000002bfde000 	/System/Library/Frameworks/ApplicationServices.framework/Versions/A/Frameworks/ATS.framework/Versions/A/Resources/libFontRegistry.dylib
0x000000002bfde000 	/System/Library/Frameworks/ImageIO.framework/Versions/A/Resources/libJPEG.dylib
0x000000002bfde000 	/System/Library/Frameworks/ImageIO.framework/Versions/A/Resources/libTIFF.dylib
0x000000002bfde000 	/System/Library/Frameworks/ImageIO.framework/Versions/A/Resources/libPng.dylib
0x000000002bfde000 	/System/Library/Frameworks/ImageIO.framework/Versions/A/Resources/libGIF.dylib
0x000000002bfde000 	/System/Library/Frameworks/ImageIO.framework/Versions/A/Resources/libJP2.dylib
0x000000002bfde000 	/System/Library/Frameworks/ImageIO.framework/Versions/A/Resources/libRadiance.dylib
0x000000002bfde000 	/usr/lib/libcompression.dylib
0x000000002bfde000 	/System/Library/PrivateFrameworks/AppleJPEG.framework/Versions/A/AppleJPEG
0x000000002bfde000 	/usr/lib/libcups.2.dylib
0x000000002bfde000 	/System/Library/Frameworks/Kerberos.framework/Versions/A/Kerberos
0x000000002bfde000 	/System/Library/Frameworks/GSS.framework/Versions/A/GSS
0x000000002bfde000 	/usr/lib/libresolv.9.dylib
0x000000002bfde000 	/usr/lib/libiconv.2.dylib
0x000000002bfde000 	/System/Library/PrivateFrameworks/Heimdal.framework/Versions/A/Heimdal
0x000000002bfde000 	/usr/lib/libheimdal-asn1.dylib
0x000000002bfde000 	/System/Library/Frameworks/OpenDirectory.framework/Versions/A/OpenDirectory
0x000000002bfde000 	/System/Library/PrivateFrameworks/CommonAuth.framework/Versions/A/CommonAuth
0x000000002bfde000 	/System/Library/Frameworks/OpenDirectory.framework/Versions/A/Frameworks/CFOpenDirectory.framework/Versions/A/CFOpenDirectory
0x000000002bfde000 	/System/Library/Frameworks/SecurityFoundation.framework/Versions/A/SecurityFoundation
0x000000002bfde000 	/System/Library/PrivateFrameworks/LanguageModeling.framework/Versions/A/LanguageModeling
0x000000002bfde000 	/usr/lib/libmarisa.dylib
0x000000002bfde000 	/usr/lib/libChineseTokenizer.dylib
0x000000002bfde000 	/usr/lib/libcmph.dylib
0x000000002bfde000 	/System/Library/PrivateFrameworks/CoreEmoji.framework/Versions/A/CoreEmoji
0x000000002bfde000 	/System/Library/Frameworks/ServiceManagement.framework/Versions/A/ServiceManagement
0x000000002bfde000 	/usr/lib/libxslt.1.dylib
0x000000002bfde000 	/System/Library/Frameworks/Carbon.framework/Versions/A/Frameworks/Ink.framework/Versions/A/Ink
0x000000002bfde000 	/System/Library/PrivateFrameworks/TextureIO.framework/Versions/A/TextureIO
0x000000002bfde000 	/System/Library/Frameworks/Metal.framework/Versions/A/Metal
0x000000002bfde000 	/usr/lib/libate.dylib
0x000000002bfde000 	/System/Library/PrivateFrameworks/GPUCompiler.framework/libmetal_timestamp.dylib
0x000000002bfde000 	/System/Library/Frameworks/OpenGL.framework/Versions/A/Libraries/libCoreFSCache.dylib
0x000000002bfde000 	/System/Library/PrivateFrameworks/IOAccelerator.framework/Versions/A/IOAccelerator
0x000000002bfde000 	/System/Library/Frameworks/CoreVideo.framework/Versions/A/CoreVideo
0x000000002bfde000 	/usr/lib/libFosl_dynamic.dylib
0x000000002bfde000 	/System/Library/PrivateFrameworks/MetalPerformanceShaders.framework/Versions/A/MetalPerformanceShaders
0x000000002bfde000 	/System/Library/PrivateFrameworks/FaceCore.framework/Versions/A/FaceCore
0x000000002bfde000 	/System/Library/Frameworks/OpenCL.framework/Versions/A/OpenCL
0x000000002bfde000 	/System/Library/Frameworks/OpenGL.framework/Versions/A/Libraries/libGLU.dylib
0x000000002bfde000 	/System/Library/Frameworks/OpenGL.framework/Versions/A/Libraries/libGFXShared.dylib
0x000000002bfde000 	/System/Library/Frameworks/OpenGL.framework/Versions/A/Libraries/libGL.dylib
0x000000002bfde000 	/System/Library/Frameworks/OpenGL.framework/Versions/A/Libraries/libGLImage.dylib
0x000000002bfde000 	/System/Library/Frameworks/OpenGL.framework/Versions/A/Libraries/libCVMSPluginSupport.dylib
0x000000002bfde000 	/System/Library/Frameworks/OpenGL.framework/Versions/A/Libraries/libCoreVMClient.dylib
0x000000002bfde000 	/System/Library/PrivateFrameworks/CrashReporterSupport.framework/Versions/A/CrashReporterSupport
0x000000002bfde000 	/System/Library/PrivateFrameworks/Sharing.framework/Versions/A/Sharing
0x000000002bfde000 	/System/Library/PrivateFrameworks/IconServices.framework/Versions/A/IconServices
0x000000002bfde000 	/System/Library/PrivateFrameworks/ProtocolBuffer.framework/Versions/A/ProtocolBuffer
0x000000002bfde000 	/System/Library/PrivateFrameworks/Apple80211.framework/Versions/A/Apple80211
0x000000002bfde000 	/System/Library/Frameworks/CoreWLAN.framework/Versions/A/CoreWLAN
0x000000002bfde000 	/System/Library/PrivateFrameworks/CoreUtils.framework/Versions/A/CoreUtils
0x000000002bfde000 	/System/Library/Frameworks/IOBluetooth.framework/Versions/A/IOBluetooth
0x000000002bfde000 	/System/Library/PrivateFrameworks/CoreWiFi.framework/Versions/A/CoreWiFi
0x000000002bfde000 	/System/Library/Frameworks/CoreBluetooth.framework/Versions/A/CoreBluetooth
0x000000002bfde000 	/System/Library/Frameworks/CoreDisplay.framework/Versions/A/CoreDisplay
0x000000002bfde000 	/System/Library/PrivateFrameworks/IOPresentment.framework/Versions/A/IOPresentment
0x000000002bfde000 	/System/Library/PrivateFrameworks/DSExternalDisplay.framework/Versions/A/DSExternalDisplay
0x000000002bfde000 	/System/Library/PrivateFrameworks/DebugSymbols.framework/Versions/A/DebugSymbols
0x000000002bfde000 	/System/Library/PrivateFrameworks/CoreSymbolication.framework/Versions/A/CoreSymbolication
0x000000002bfde000 	/System/Library/PrivateFrameworks/Symbolication.framework/Versions/A/Symbolication
0x000000002bfde000 	/System/Library/PrivateFrameworks/AppleFSCompression.framework/Versions/A/AppleFSCompression
0x000000002bfde000 	/System/Library/PrivateFrameworks/SpeechRecognitionCore.framework/Versions/A/SpeechRecognitionCore
0x000000002bfde000 	/System/Library/PrivateFrameworks/ChunkingLibrary.framework/Versions/A/ChunkingLibrary
0x0000000102caa000 	/Volumes/LocalDataHD/m/ma/ma777/Desktop/omnetpp-5.2.1-hpc/omnetpp-5.2.1/ide/omnetpp.app/Contents/Eclipse/plugins/org.eclipse.equinox.launcher.cocoa.macosx.x86_64_1.1.550.v20170928-1359/eclipse_1629.so
0x000000002bfde000 	/System/Library/PrivateFrameworks/CoreServicesInternal.framework/Versions/A/CoreServicesInternal
0x0000000102ce7000 	/Library/Java/JavaVirtualMachines/jdk1.8.0_144.jdk/Contents/MacOS/libjli.dylib
0x000000010589b000 	/Library/Java/JavaVirtualMachines/jdk1.8.0_144.jdk/Contents/Home/jre//lib/server/libjvm.dylib
0x000000002bfde000 	/usr/lib/libstdc++.6.dylib
0x0000000102cf7000 	/Library/Java/JavaVirtualMachines/jdk1.8.0_144.jdk/Contents/Home/jre/lib/libverify.dylib
0x0000000102d05000 	/Library/Java/JavaVirtualMachines/jdk1.8.0_144.jdk/Contents/Home/jre/lib/libjava.dylib
0x0000000102d43000 	/Library/Java/JavaVirtualMachines/jdk1.8.0_144.jdk/Contents/Home/jre/lib/libzip.dylib
0x0000000102de5000 	/System/Library/Frameworks/JavaVM.framework/Frameworks/JavaRuntimeSupport.framework/JavaRuntimeSupport
0x000000010538e000 	/System/Library/Frameworks/JavaVM.framework/Versions/A/Frameworks/JavaNativeFoundation.framework/Versions/A/JavaNativeFoundation
0x0000000120af0000 	/System/Library/Frameworks/JavaVM.framework/Versions/A/JavaVM
0x000000002bfde000 	/System/Library/Frameworks/Carbon.framework/Versions/A/Carbon
0x0000000120afd000 	/System/Library/PrivateFrameworks/JavaLaunching.framework/Versions/A/JavaLaunching
0x000000002bfde000 	/System/Library/Frameworks/Carbon.framework/Versions/A/Frameworks/CommonPanels.framework/Versions/A/CommonPanels
0x000000002bfde000 	/System/Library/Frameworks/Carbon.framework/Versions/A/Frameworks/Help.framework/Versions/A/Help
0x000000002bfde000 	/System/Library/Frameworks/Carbon.framework/Versions/A/Frameworks/ImageCapture.framework/Versions/A/ImageCapture
0x000000002bfde000 	/System/Library/Frameworks/Carbon.framework/Versions/A/Frameworks/OpenScripting.framework/Versions/A/OpenScripting
0x000000002bfde000 	/System/Library/Frameworks/Carbon.framework/Versions/A/Frameworks/Print.framework/Versions/A/Print
0x000000002bfde000 	/System/Library/Frameworks/Carbon.framework/Versions/A/Frameworks/SecurityHI.framework/Versions/A/SecurityHI
0x000000002bfde000 	/System/Library/CoreServices/RawCamera.bundle/Contents/MacOS/RawCamera
0x000000002bfde000 	/System/Library/Frameworks/Accelerate.framework/Versions/A/Frameworks/vImage.framework/Versions/A/Libraries/libCGInterfaces.dylib
0x000000002bfde000 	/System/Library/Frameworks/ApplicationServices.framework/Versions/A/Frameworks/ATS.framework/Versions/A/Resources/libTrueTypeScaler.dylib
0x0000000123074000 	/System/Library/Frameworks/OpenGL.framework/Resources/GLEngine.bundle/GLEngine
0x000000002bfde000 	/System/Library/Frameworks/OpenGL.framework/Versions/A/Libraries/libGLProgrammability.dylib
0x000000002bfde000 	/System/Library/Extensions/GeForceGLDriver.bundle/Contents/MacOS/GeForceGLDriver
0x000000002bfde000 	/System/Library/Extensions/GeForceGLDriver.bundle/Contents/MacOS/libclh.dylib
0x000000002bfde000 	/System/Library/PrivateFrameworks/GPUSupport.framework/Versions/A/Libraries/libGPUSupportMercury.dylib
0x000000012325d000 	/System/Library/Frameworks/OpenGL.framework/Resources//GLRendererFloat.bundle/GLRendererFloat
0x000000002bfde000 	/System/Library/Frameworks/OpenCL.framework/Versions/A/Libraries/libcldcpuengine.dylib
0x000000002bfde000 	/usr/lib/libcrypto.0.9.8.dylib
0x000000002bfde000 	/System/Library/PrivateFrameworks/TrustEvaluationAgent.framework/Versions/A/TrustEvaluationAgent
0x000000002bfde000 	/System/Library/Extensions/GeForceMTLDriver.bundle/Contents/MacOS/GeForceMTLDriver
0x0000000127618000 	/Library/Java/JavaVirtualMachines/jdk1.8.0_144.jdk/Contents/Home/jre/lib/libnet.dylib
0x000000012782d000 	/Library/Java/JavaVirtualMachines/jdk1.8.0_144.jdk/Contents/Home/jre/lib/libnio.dylib
0x000000002bfde000 	/System/Library/PrivateFrameworks/ViewBridge.framework/Versions/A/ViewBridge
0x000000002bfde000 	/System/Library/PrivateFrameworks/XPCService.framework/Versions/A/XPCService
0x000000002bfde000 	/System/Library/PrivateFrameworks/AppSandbox.framework/Versions/A/AppSandbox
0x000000002bfde000 	/usr/lib/libsandbox.1.dylib
0x000000002bfde000 	/System/Library/PrivateFrameworks/AppContainer.framework/Versions/A/AppContainer
0x000000002bfde000 	/System/Library/PrivateFrameworks/SecCodeWrapper.framework/Versions/A/SecCodeWrapper
0x000000002bfde000 	/usr/lib/libMatch.1.dylib
0x000000012818f000 	/Volumes/LocalDataHD/m/ma/ma777/Desktop/omnetpp-5.2.1-hpc/omnetpp-5.2.1/ide/omnetpp.app/Contents/Eclipse/configuration/org.eclipse.osgi/305/0/.cp/libswt-cocoa-4758.jnilib
0x000000002bfde000 	/System/Library/Frameworks/WebKit.framework/Versions/A/WebKit
0x000000002bfde000 	/System/Library/Frameworks/JavaScriptCore.framework/Versions/A/JavaScriptCore
0x000000002bfde000 	/System/Library/Frameworks/SecurityInterface.framework/Versions/A/SecurityInterface
0x000000002bfde000 	/System/Library/Frameworks/WebKit.framework/Versions/A/Frameworks/WebKitLegacy.framework/Versions/A/WebKitLegacy
0x000000002bfde000 	/System/Library/Frameworks/WebKit.framework/Versions/A/Frameworks/WebCore.framework/Versions/A/WebCore
0x00000001281e4000 	/Volumes/LocalDataHD/m/ma/ma777/Desktop/omnetpp-5.2.1-hpc/omnetpp-5.2.1/ide/omnetpp.app/Contents/Eclipse/configuration/org.eclipse.osgi/305/0/.cp/libswt-pi-cocoa-4758.jnilib
0x000000002bfde000 	/System/Library/PrivateFrameworks/CloudDocs.framework/Versions/A/CloudDocs
0x000000002bfde000 	/System/Library/Frameworks/CloudKit.framework/Versions/A/CloudKit
0x000000002bfde000 	/System/Library/PrivateFrameworks/MMCS.framework/Versions/A/MMCS
0x000000002bfde000 	/System/Library/Frameworks/CoreLocation.framework/Versions/A/CoreLocation
0x000000002bfde000 	/System/Library/PrivateFrameworks/ProtectedCloudStorage.framework/Versions/A/ProtectedCloudStorage
0x000000002bfde000 	/System/Library/PrivateFrameworks/AssetCacheServices.framework/Versions/A/AssetCacheServices
0x000000002bfde000 	/System/Library/PrivateFrameworks/GeoServices.framework/Versions/A/GeoServices
0x0000000122c99000 	/System/Library/PrivateFrameworks/CoreNLP.framework/Versions/A/CoreNLP
0x0000000120c28000 	/Volumes/LocalDataHD/m/ma/ma777/Desktop/omnetpp-5.2.1-hpc/omnetpp-5.2.1/ide/omnetpp.app/Contents/Eclipse/configuration/org.eclipse.osgi/96/0/.cp/os/macosx/libunixfile_1_0_0.jnilib
0x000000012db5e000 	/Volumes/LocalDataHD/m/ma/ma777/Desktop/omnetpp-5.2.1-hpc/omnetpp-5.2.1/ide/omnetpp.app/Contents/Eclipse/plugins/org.omnetpp.ide.nativelibs.macosx_5.2.1.171211-da8f6bc/libopplibs.jnilib
0x0000000128aaf000 	/Library/Java/JavaVirtualMachines/jdk1.8.0_144.jdk/Contents/Home/jre/lib/libawt.dylib
0x000000012b048000 	/Library/Java/JavaVirtualMachines/jdk1.8.0_144.jdk/Contents/Home/jre/lib/./libmlib_image.dylib
0x000000012b114000 	/Library/Java/JavaVirtualMachines/jdk1.8.0_144.jdk/Contents/Home/jre/lib/libawt_lwawt.dylib
0x0000000120fdf000 	/Library/Java/JavaVirtualMachines/jdk1.8.0_144.jdk/Contents/Home/jre/lib/./libosxapp.dylib
0x000000002bfde000 	/System/Library/Frameworks/ExceptionHandling.framework/Versions/A/ExceptionHandling
0x0000000122ef2000 	cl_kernels
0x000000012ca4c000 	/System/Library/Frameworks/OpenCL.framework/Versions/A/Libraries/ImageFormats/unorm8_bgra.dylib
0x0000000122e06000 	/Library/Java/JavaVirtualMachines/jdk1.8.0_144.jdk/Contents/Home/jre/lib/libsunec.dylib
0x0000000120ddb000 	/Library/Java/JavaVirtualMachines/jdk1.8.0_144.jdk/Contents/Home/jre/lib/libmanagement.dylib
0x000000002bfde000 	/System/Library/PrivateFrameworks/Shortcut.framework/Versions/A/Shortcut
0x000000002bfde000 	/System/Library/PrivateFrameworks/HelpData.framework/Versions/A/HelpData
0x000000002bfde000 	/System/Library/PrivateFrameworks/DataDetectors.framework/Versions/A/DataDetectors
0x000000002bfde000 	/System/Library/Frameworks/AddressBook.framework/Versions/A/AddressBook
0x000000002bfde000 	/System/Library/Frameworks/Quartz.framework/Versions/A/Quartz
0x000000002bfde000 	/System/Library/PrivateFrameworks/ContactsPersistence.framework/Versions/A/ContactsPersistence
0x000000002bfde000 	/System/Library/PrivateFrameworks/CalendarAgentLink.framework/Versions/A/CalendarAgentLink
0x000000002bfde000 	/System/Library/PrivateFrameworks/ContactsFoundation.framework/Versions/A/ContactsFoundation
0x000000002bfde000 	/System/Library/PrivateFrameworks/vCard.framework/Versions/A/vCard
0x000000002bfde000 	/System/Library/PrivateFrameworks/IntlPreferences.framework/Versions/A/IntlPreferences
0x000000002bfde000 	/System/Library/PrivateFrameworks/ToneLibrary.framework/Versions/A/ToneLibrary
0x000000002bfde000 	/System/Library/PrivateFrameworks/ToneKit.framework/Versions/A/ToneKit
0x000000002bfde000 	/System/Library/PrivateFrameworks/ApplePushService.framework/Versions/A/ApplePushService
0x000000002bfde000 	/System/Library/Frameworks/DirectoryService.framework/Versions/A/DirectoryService
0x000000002bfde000 	/System/Library/PrivateFrameworks/PhoneNumbers.framework/Versions/A/PhoneNumbers
0x000000002bfde000 	/System/Library/Frameworks/LDAP.framework/Versions/A/LDAP
0x000000002bfde000 	/System/Library/Frameworks/Accounts.framework/Versions/A/Accounts
0x000000002bfde000 	/System/Library/PrivateFrameworks/OAuth.framework/Versions/A/OAuth
0x000000002bfde000 	/System/Library/Frameworks/AVFoundation.framework/Versions/A/AVFoundation
0x000000002bfde000 	/System/Library/Frameworks/AVFoundation.framework/Versions/A/Frameworks/AVFAudio.framework/Versions/A/AVFAudio
0x000000002bfde000 	/System/Library/Frameworks/CoreMedia.framework/Versions/A/CoreMedia
0x000000002bfde000 	/System/Library/Frameworks/MediaToolbox.framework/Versions/A/MediaToolbox
0x000000002bfde000 	/System/Library/Frameworks/VideoToolbox.framework/Versions/A/VideoToolbox
0x000000002bfde000 	/System/Library/Frameworks/CoreMediaIO.framework/Versions/A/CoreMediaIO
0x000000002bfde000 	/usr/lib/libspindump.dylib
0x000000002bfde000 	/usr/lib/libdscsym.dylib
0x000000002bfde000 	/System/Library/PrivateFrameworks/CoreAVCHD.framework/Versions/A/CoreAVCHD
0x000000002bfde000 	/System/Library/Frameworks/MediaAccessibility.framework/Versions/A/MediaAccessibility
0x000000002bfde000 	/System/Library/PrivateFrameworks/Mangrove.framework/Versions/A/Mangrove
0x000000002bfde000 	/System/Library/PrivateFrameworks/CoreAUC.framework/Versions/A/CoreAUC
0x000000002bfde000 	/System/Library/PrivateFrameworks/AppleVA.framework/Versions/A/AppleVA
0x000000002bfde000 	/System/Library/PrivateFrameworks/CoreDaemon.framework/Versions/B/CoreDaemon
0x000000002bfde000 	/System/Library/PrivateFrameworks/AppleSRP.framework/Versions/A/AppleSRP
0x000000002bfde000 	/System/Library/Frameworks/Quartz.framework/Versions/A/Frameworks/QuartzComposer.framework/Versions/A/QuartzComposer
0x000000002bfde000 	/System/Library/Frameworks/Quartz.framework/Versions/A/Frameworks/PDFKit.framework/Versions/A/PDFKit
0x000000002bfde000 	/System/Library/Frameworks/Quartz.framework/Versions/A/Frameworks/QuartzFilters.framework/Versions/A/QuartzFilters
0x000000002bfde000 	/System/Library/Frameworks/Quartz.framework/Versions/A/Frameworks/ImageKit.framework/Versions/A/ImageKit
0x000000002bfde000 	/System/Library/Frameworks/Quartz.framework/Versions/A/Frameworks/QuickLookUI.framework/Versions/A/QuickLookUI
0x000000002bfde000 	/System/Library/Frameworks/QTKit.framework/Versions/A/QTKit
0x000000002bfde000 	/System/Library/PrivateFrameworks/AppleSystemInfo.framework/Versions/A/AppleSystemInfo
0x000000002bfde000 	/System/Library/PrivateFrameworks/CoreMediaAuthoring.framework/Versions/A/CoreMediaAuthoring
0x000000002bfde000 	/System/Library/PrivateFrameworks/CorePDF.framework/Versions/A/CorePDF
0x000000002bfde000 	/System/Library/Frameworks/SafariServices.framework/Versions/A/SafariServices
0x000000002bfde000 	/System/Library/Frameworks/QuickLook.framework/Versions/A/QuickLook
0x000000002bfde000 	/System/Library/PrivateFrameworks/MobileKeyBag.framework/Versions/A/MobileKeyBag
0x000000002bfde000 	/System/Library/PrivateFrameworks/QuickLookThumbnailing.framework/Versions/A/QuickLookThumbnailing
0x000000002bfde000 	/System/Library/PrivateFrameworks/DisplayServices.framework/Versions/A/DisplayServices
0x000000002bfde000 	/System/Library/Frameworks/ImageCaptureCore.framework/Versions/A/ImageCaptureCore
0x000000002bfde000 	/usr/lib/libsasl2.2.dylib
0x0000000122e52000 	cl_kernels
0x0000000122eac000 	/Volumes/LocalDataHD/m/ma/ma777/Desktop/omnetpp-5.2.1-hpc/omnetpp-5.2.1/ide/omnetpp.app/Contents/Eclipse/configuration/org.eclipse.osgi/64/0/.cp/os/macosx/x86_64/libspawner.jnilib
0x000000012b234000 	/Library/Java/JavaVirtualMachines/jdk1.8.0_144.jdk/Contents/Home/jre/lib/libfontmanager.dylib
0x000000015e19d000 	/System/Library/Frameworks/ApplicationServices.framework/Frameworks/ATS.framework/Resources/libFontRegistryUI.dylib
0x000000012f5fa000 	/System/Library/Frameworks/ApplicationServices.framework/Versions/A/Frameworks/ATS.framework/Versions/A/Resources/ATSHI.dylib

VM Arguments:
jvm_args: -Dosgi.instance.area.default=/home/m/ma/ma777/Desktop/omnetpp-5.2.1-hpc/omnetpp-5.2.1/bin/../ide/../samples 
java_command: <unknown>
java_class_path (initial): /Volumes/LocalDataHD/m/ma/ma777/Desktop/omnetpp-5.2.1-hpc/omnetpp-5.2.1/ide/omnetpp.app/Contents/MacOS//../Eclipse/plugins/org.eclipse.equinox.launcher_1.4.0.v20161219-1356.jar
Launcher Type: generic

Environment Variables:
PATH=/home/m/ma/ma777/Desktop/omnetpp-5.2.1-hpc/omnetpp-5.2.1/bin:/home/m/ma/ma777/Desktop/omnetpp-5.2.1-hpc/omnetpp-5.2.1/tools/macosx/bin:$/home/m/ma/ma777/Desktop/omnetpp-5.2.1-hpc/omnetpp-5.2.1/bin:$/home/m/ma/ma777/Desktop/omnetpp-5.2.1-hpc/omnetpp-5.2.1/tools/macosx/bin:/opt/local/bin:/opt/local/sbin:/home/m/ma/ma777/perl5/perlbrew/bin:/home/m/ma/ma777/perl5/perlbrew/perls/perl-5.16.0/bin:/usr/local/bin:/usr/bin:/bin:/usr/sbin:/sbin:/opt/X11/bin:/usr/local/munki:/Library/Application Support/pinpoint/bin:/opt/puppetlabs/bin:/Library/TeX/texbin:/Applications/Wireshark.app/Contents/MacOS:/home/m/ma/ma777/Desktop/omnetpp-5.2.1-hpc/omnetpp-5.2.1/bin:$/home/m/ma/ma777/Desktop/omnetpp-5.2.1-hpc/omnetpp-5.2.1/tools/macosx/bin:/opt/local/bin:/opt/local/sbin:/home/m/ma/ma777/perl5/perlbrew/bin:/home/m/ma/ma777/perl5/perlbrew/perls/perl-5.16.0/bin:/usr/local/bin:/usr/bin:/bin:/usr/sbin:/sbin:/opt/X11/bin:/usr/local/munki:/Library/Application Support/pinpoint/bin:/opt/puppetlabs/bin:/Library/TeX/texbin:/Applications/Wireshark.app/Contents/MacOS
SHELL=/bin/bash
DISPLAY=/private/tmp/com.apple.launchd.l8JSgil7eF/org.macosforge.xquartz:0

Signal Handlers:
SIGSEGV: [libjvm.dylib+0x5b26e5], sa_mask[0]=11111111011111110111111111111111, sa_flags=SA_ONSTACK|SA_RESTART|SA_SIGINFO
SIGBUS: [libjvm.dylib+0x5b26e5], sa_mask[0]=11111111011111110111111111111111, sa_flags=SA_RESTART|SA_SIGINFO
SIGFPE: [libjvm.dylib+0x489100], sa_mask[0]=11111111011111110111111111111111, sa_flags=SA_RESTART|SA_SIGINFO
SIGPIPE: [libjvm.dylib+0x489100], sa_mask[0]=11111111011111110111111111111111, sa_flags=SA_RESTART|SA_SIGINFO
SIGXFSZ: [libjvm.dylib+0x489100], sa_mask[0]=11111111011111110111111111111111, sa_flags=SA_RESTART|SA_SIGINFO
SIGILL: [libjvm.dylib+0x489100], sa_mask[0]=11111111011111110111111111111111, sa_flags=SA_RESTART|SA_SIGINFO
SIGUSR1: SIG_DFL, sa_mask[0]=11011111011111100000000111000110, sa_flags=none
SIGUSR2: [libjvm.dylib+0x488c1e], sa_mask[0]=00000000000000000000000000000000, sa_flags=SA_RESTART|SA_SIGINFO
SIGHUP: [libjvm.dylib+0x4871f5], sa_mask[0]=11111111011111110111111111111111, sa_flags=SA_RESTART|SA_SIGINFO
SIGINT: SIG_IGN, sa_mask[0]=00000000000000000000000000000000, sa_flags=none
SIGTERM: [libjvm.dylib+0x4871f5], sa_mask[0]=11111111011111110111111111111111, sa_flags=SA_RESTART|SA_SIGINFO
SIGQUIT: [libjvm.dylib+0x4871f5], sa_mask[0]=11111111011111110111111111111111, sa_flags=SA_RESTART|SA_SIGINFO


---------------  S Y S T E M  ---------------

OS:Bsduname:Darwin 16.7.0 Darwin Kernel Version 16.7.0: Thu Jun 15 17:36:27 PDT 2017; root:xnu-3789.70.16~2/RELEASE_X86_64 x86_64
rlimit: STACK 8192k, CORE 0k, NPROC 709, NOFILE 10240, AS infinity
load average:2.03 2.03 2.14

CPU:total 4 (initial active 4) (4 cores per cpu, 1 threads per core) family 6 model 60 stepping 3, cmov, cx8, fxsr, mmx, sse, sse2, sse3, ssse3, sse4.1, sse4.2, popcnt, avx, avx2, aes, clmul, erms, rtm, lzcnt, tsc, tscinvbit, bmi1, bmi2

Memory: 4k page, physical 16777216k(2647964k free)

/proc/meminfo:


vm_info: Java HotSpot(TM) 64-Bit Server VM (25.144-b01) for bsd-amd64 JRE (1.8.0_144-b01), built on Jul 21 2017 22:07:42 by "java_re" with gcc 4.2.1 (Based on Apple Inc. build 5658) (LLVM build 2336.11.00)

time: Wed Jan 31 20:34:36 2018
elapsed time: 166 seconds (0d 0h 2m 46s)

